2024-01-30 17:36:41.118 [info] Log level: Info
2024-01-30 17:36:41.118 [info] Validating found git in: "git"
2024-01-30 17:36:41.118 [info] Using git "2.30.2" from "git"
2024-01-30 17:36:41.118 [info] > git rev-parse --show-toplevel [2ms]
2024-01-30 17:36:41.118 [info] fatal: not a git repository (or any parent up to mount point /)
Stopping at filesystem boundary (GIT_DISCOVERY_ACROSS_FILESYSTEM not set).
2024-01-30 17:36:41.118 [info] > git rev-parse --show-toplevel [1ms]
2024-01-30 17:36:41.118 [info] fatal: not a git repository (or any parent up to mount point /)
Stopping at filesystem boundary (GIT_DISCOVERY_ACROSS_FILESYSTEM not set).
2024-01-30 17:36:41.118 [info] > git rev-parse --show-toplevel [2ms]
2024-01-30 17:36:41.118 [info] fatal: not a git repository (or any parent up to mount point /)
Stopping at filesystem boundary (GIT_DISCOVERY_ACROSS_FILESYSTEM not set).
2024-01-30 17:36:41.118 [info] > git rev-parse --show-toplevel [2ms]
2024-01-30 17:36:41.118 [info] fatal: not a git repository (or any parent up to mount point /)
Stopping at filesystem boundary (GIT_DISCOVERY_ACROSS_FILESYSTEM not set).
2024-01-30 17:37:02.816 [info] > git rev-parse --show-toplevel [3ms]
2024-01-30 17:37:02.816 [info] fatal: not a git repository (or any parent up to mount point /)
Stopping at filesystem boundary (GIT_DISCOVERY_ACROSS_FILESYSTEM not set).
2024-01-30 18:04:13.729 [info] > git rev-parse --show-toplevel [6ms]
2024-01-30 18:04:13.729 [info] fatal: not a git repository (or any parent up to mount point /)
Stopping at filesystem boundary (GIT_DISCOVERY_ACROSS_FILESYSTEM not set).
2024-01-30 18:20:10.670 [info] > git rev-parse --show-toplevel [6ms]
2024-01-30 18:20:10.670 [info] fatal: not a git repository (or any parent up to mount point /)
Stopping at filesystem boundary (GIT_DISCOVERY_ACROSS_FILESYSTEM not set).
2024-01-30 18:20:16.062 [info] > git rev-parse --show-toplevel [2ms]
2024-01-30 18:20:16.062 [info] fatal: not a git repository (or any parent up to mount point /)
Stopping at filesystem boundary (GIT_DISCOVERY_ACROSS_FILESYSTEM not set).
