2024-05-06 12:15:17.225 [info] Extension host with pid 1157 started
2024-05-06 12:15:17.276 [info] Lock '/home/yellaboyinapavanteja/.codeoss/data/User/workspaceStorage/481a26cd/vscode.lock': Lock acquired.
2024-05-06 12:15:17.436 [info] ExtensionService#_doActivateExtension vscode.emmet, startup: false, activationEvent: 'onLanguage'
2024-05-06 12:15:17.609 [info] ExtensionService#_doActivateExtension vscode.git-base, startup: true, activationEvent: '*', root cause: vscode.git
2024-05-06 12:15:17.755 [info] ExtensionService#_doActivateExtension vscode.git, startup: true, activationEvent: '*'
2024-05-06 12:15:17.756 [info] ExtensionService#_doActivateExtension vscode.github, startup: true, activationEvent: '*'
2024-05-06 12:15:18.327 [info] ExtensionService#_doActivateExtension hashicorp.terraform, startup: true, activationEvent: 'workspaceContains:**/*.tf,**/*.tfvars'
2024-05-06 12:15:18.486 [warning] [Decorations] CAPPING events from decorations provider vscode.git 1141
2024-05-06 12:15:18.580 [warning] [Decorations] CAPPING events from decorations provider vscode.git 1141
2024-05-06 12:15:18.895 [info] ExtensionService#_doActivateExtension vscode.github-authentication, startup: false, activationEvent: 'onAuthenticationRequest:github'
2024-05-06 12:15:19.270 [info] Eager extensions activated
2024-05-06 12:15:19.271 [info] ExtensionService#_doActivateExtension EditorConfig.EditorConfig, startup: false, activationEvent: 'onStartupFinished'
2024-05-06 12:15:19.271 [info] ExtensionService#_doActivateExtension google.cloud-shell, startup: false, activationEvent: 'onStartupFinished'
2024-05-06 12:15:19.272 [info] ExtensionService#_doActivateExtension googlecloudtools.cloudcode, startup: false, activationEvent: 'onStartupFinished'
2024-05-06 12:15:19.273 [info] ExtensionService#_doActivateExtension vscode.debug-auto-launch, startup: false, activationEvent: 'onStartupFinished'
2024-05-06 12:15:19.274 [info] ExtensionService#_doActivateExtension vscode.merge-conflict, startup: false, activationEvent: 'onStartupFinished'
2024-05-06 12:15:21.949 [warning] [Decorations] CAPPING events from decorations provider vscode.git 1142
2024-05-06 12:15:22.742 [info] ExtensionService#_doActivateExtension vscode.json-language-features, startup: false, activationEvent: 'onLanguage:jsonc'
2024-05-06 12:15:22.743 [info] ExtensionService#_doActivateExtension vscode.typescript-language-features, startup: false, activationEvent: 'onLanguage:jsonc'
2024-05-06 12:15:28.521 [warning] [Decorations] CAPPING events from decorations provider vscode.git 1149
2024-05-06 12:15:38.597 [warning] [Decorations] CAPPING events from decorations provider vscode.git 1149
2024-05-06 12:15:43.719 [warning] [Decorations] CAPPING events from decorations provider vscode.git 1159
2024-05-06 12:15:48.834 [warning] [Decorations] CAPPING events from decorations provider vscode.git 1159
2024-05-06 12:15:56.247 [warning] [Decorations] CAPPING events from decorations provider vscode.git 1159
2024-05-06 12:16:01.349 [warning] [Decorations] CAPPING events from decorations provider vscode.git 1159
2024-05-06 12:16:06.461 [warning] [Decorations] CAPPING events from decorations provider vscode.git 1159
2024-05-06 12:16:11.569 [warning] [Decorations] CAPPING events from decorations provider vscode.git 1159
2024-05-06 12:16:16.675 [warning] [Decorations] CAPPING events from decorations provider vscode.git 1200
2024-05-06 12:16:17.994 [error] Error: spawn git ENOENT
    at Process.ChildProcess._handle.onexit (node:internal/child_process:283:19)
    at onErrorNT (node:internal/child_process:476:16)
    at processTicksAndRejections (node:internal/process/task_queues:82:21)
2024-05-06 12:16:17.994 [error] Error: spawn git ENOENT
    at Process.ChildProcess._handle.onexit (node:internal/child_process:283:19)
    at onErrorNT (node:internal/child_process:476:16)
    at processTicksAndRejections (node:internal/process/task_queues:82:21)
2024-05-06 12:16:17.994 [error] Error: spawn git ENOENT
    at Process.ChildProcess._handle.onexit (node:internal/child_process:283:19)
    at onErrorNT (node:internal/child_process:476:16)
    at processTicksAndRejections (node:internal/process/task_queues:82:21)
2024-05-06 12:16:17.994 [error] Error: spawn git ENOENT
    at Process.ChildProcess._handle.onexit (node:internal/child_process:283:19)
    at onErrorNT (node:internal/child_process:476:16)
    at processTicksAndRejections (node:internal/process/task_queues:82:21)
2024-05-06 12:16:17.994 [error] Error: spawn git ENOENT
    at Process.ChildProcess._handle.onexit (node:internal/child_process:283:19)
    at onErrorNT (node:internal/child_process:476:16)
    at processTicksAndRejections (node:internal/process/task_queues:82:21)
2024-05-06 12:16:17.994 [error] Error: spawn git ENOENT
    at Process.ChildProcess._handle.onexit (node:internal/child_process:283:19)
    at onErrorNT (node:internal/child_process:476:16)
    at processTicksAndRejections (node:internal/process/task_queues:82:21)
2024-05-06 12:16:19.000 [error] Error: spawn git ENOENT
    at Process.ChildProcess._handle.onexit (node:internal/child_process:283:19)
    at onErrorNT (node:internal/child_process:476:16)
    at processTicksAndRejections (node:internal/process/task_queues:82:21)
2024-05-06 12:16:19.001 [error] Error: spawn git ENOENT
    at Process.ChildProcess._handle.onexit (node:internal/child_process:283:19)
    at onErrorNT (node:internal/child_process:476:16)
    at processTicksAndRejections (node:internal/process/task_queues:82:21)
2024-05-06 12:16:19.001 [error] Error: spawn git ENOENT
    at Process.ChildProcess._handle.onexit (node:internal/child_process:283:19)
    at onErrorNT (node:internal/child_process:476:16)
    at processTicksAndRejections (node:internal/process/task_queues:82:21)
2024-05-06 12:16:19.004 [error] {"message":"Git error","stdout":"","stderr":"fatal: Pathspec '/home/yellaboyinapavanteja/Terraform-modules/google_container_cluster' is in submodule 'Terraform-modules'\n","exitCode":128,"gitErrorCode":"IsInSubmodule"}
2024-05-06 12:16:19.004 [error] {"message":"Git error","stdout":"","stderr":"fatal: Pathspec '/home/yellaboyinapavanteja/Terraform-modules/google_container_cluster' is in submodule 'Terraform-modules'\n","exitCode":128,"gitErrorCode":"IsInSubmodule"}
2024-05-06 12:16:19.004 [error] {"message":"Git error","stdout":"","stderr":"fatal: Pathspec '/home/yellaboyinapavanteja/Terraform-modules/google_container_cluster' is in submodule 'Terraform-modules'\n","exitCode":128,"gitErrorCode":"IsInSubmodule"}
2024-05-06 12:16:19.004 [error] {"message":"Git error","stdout":"","stderr":"fatal: Pathspec '/home/yellaboyinapavanteja/Terraform-modules/google_container_cluster' is in submodule 'Terraform-modules'\n","exitCode":128,"gitErrorCode":"IsInSubmodule"}
2024-05-06 12:16:19.004 [error] {"message":"Git error","stdout":"","stderr":"fatal: Pathspec '/home/yellaboyinapavanteja/Terraform-modules/google_container_cluster' is in submodule 'Terraform-modules'\n","exitCode":128,"gitErrorCode":"IsInSubmodule"}
2024-05-06 12:16:19.004 [error] {"message":"Git error","stdout":"","stderr":"fatal: Pathspec '/home/yellaboyinapavanteja/Terraform-modules/google_container_cluster' is in submodule 'Terraform-modules'\n","exitCode":128,"gitErrorCode":"IsInSubmodule"}
2024-05-06 12:16:19.004 [error] {"message":"Git error","stdout":"","stderr":"fatal: Pathspec '/home/yellaboyinapavanteja/Terraform-modules/google_container_cluster' is in submodule 'Terraform-modules'\n","exitCode":128,"gitErrorCode":"IsInSubmodule"}
2024-05-06 12:16:19.004 [error] {"message":"Git error","stdout":"","stderr":"fatal: Pathspec '/home/yellaboyinapavanteja/Terraform-modules/google_container_cluster' is in submodule 'Terraform-modules'\n","exitCode":128,"gitErrorCode":"IsInSubmodule"}
2024-05-06 12:16:19.004 [error] {"message":"Git error","stdout":"","stderr":"fatal: Pathspec '/home/yellaboyinapavanteja/Terraform-modules/google_container_cluster' is in submodule 'Terraform-modules'\n","exitCode":128,"gitErrorCode":"IsInSubmodule"}
2024-05-06 12:16:19.004 [error] {"message":"Git error","stdout":"","stderr":"fatal: Pathspec '/home/yellaboyinapavanteja/Terraform-modules/google_container_cluster' is in submodule 'Terraform-modules'\n","exitCode":128,"gitErrorCode":"IsInSubmodule"}
2024-05-06 12:16:19.004 [error] {"message":"Git error","stdout":"","stderr":"fatal: Pathspec '/home/yellaboyinapavanteja/Terraform-modules/google_container_cluster' is in submodule 'Terraform-modules'\n","exitCode":128,"gitErrorCode":"IsInSubmodule"}
2024-05-06 12:16:19.004 [error] {"message":"Git error","stdout":"","stderr":"fatal: Pathspec '/home/yellaboyinapavanteja/Terraform-modules/google_container_cluster' is in submodule 'Terraform-modules'\n","exitCode":128,"gitErrorCode":"IsInSubmodule"}
2024-05-06 12:16:19.004 [error] {"message":"Git error","stdout":"","stderr":"fatal: Pathspec '/home/yellaboyinapavanteja/Terraform-modules/google_container_cluster' is in submodule 'Terraform-modules'\n","exitCode":128,"gitErrorCode":"IsInSubmodule"}
2024-05-06 12:16:20.004 [error] {"message":"Git error","stdout":"","stderr":"fatal: Pathspec '/home/yellaboyinapavanteja/Terraform-modules/google_container_cluster' is in submodule 'Terraform-modules'\n","exitCode":128,"gitErrorCode":"IsInSubmodule"}
2024-05-06 12:16:20.005 [error] {"message":"Git error","stdout":"","stderr":"fatal: Pathspec '/home/yellaboyinapavanteja/Terraform-modules/google_container_cluster' is in submodule 'Terraform-modules'\n","exitCode":128,"gitErrorCode":"IsInSubmodule"}
2024-05-06 12:16:20.005 [error] {"message":"Git error","stdout":"","stderr":"fatal: Pathspec '/home/yellaboyinapavanteja/Terraform-modules/google_container_cluster' is in submodule 'Terraform-modules'\n","exitCode":128,"gitErrorCode":"IsInSubmodule"}
2024-05-06 12:16:20.005 [error] {"message":"Git error","stdout":"","stderr":"fatal: Pathspec '/home/yellaboyinapavanteja/Terraform-modules/google_container_cluster' is in submodule 'Terraform-modules'\n","exitCode":128,"gitErrorCode":"IsInSubmodule"}
2024-05-06 12:16:20.005 [error] {"message":"Git error","stdout":"","stderr":"fatal: Pathspec '/home/yellaboyinapavanteja/Terraform-modules/google_container_cluster' is in submodule 'Terraform-modules'\n","exitCode":128,"gitErrorCode":"IsInSubmodule"}
2024-05-06 12:16:20.005 [error] {"message":"Git error","stdout":"","stderr":"fatal: Pathspec '/home/yellaboyinapavanteja/Terraform-modules/google_container_cluster' is in submodule 'Terraform-modules'\n","exitCode":128,"gitErrorCode":"IsInSubmodule"}
2024-05-06 12:16:20.006 [error] {"message":"Git error","stdout":"","stderr":"fatal: Pathspec '/home/yellaboyinapavanteja/Terraform-modules/google_container_cluster' is in submodule 'Terraform-modules'\n","exitCode":128,"gitErrorCode":"IsInSubmodule"}
2024-05-06 12:16:20.006 [error] {"message":"Git error","stdout":"","stderr":"fatal: Pathspec '/home/yellaboyinapavanteja/Terraform-modules/google_container_cluster' is in submodule 'Terraform-modules'\n","exitCode":128,"gitErrorCode":"IsInSubmodule"}
2024-05-06 12:16:20.006 [error] {"message":"Git error","stdout":"","stderr":"fatal: Pathspec '/home/yellaboyinapavanteja/Terraform-modules/google_container_cluster' is in submodule 'Terraform-modules'\n","exitCode":128,"gitErrorCode":"IsInSubmodule"}
2024-05-06 12:16:20.006 [error] {"message":"Git error","stdout":"","stderr":"fatal: Pathspec '/home/yellaboyinapavanteja/Terraform-modules/google_container_cluster' is in submodule 'Terraform-modules'\n","exitCode":128,"gitErrorCode":"IsInSubmodule"}
2024-05-06 12:16:20.007 [error] {"message":"Git error","stdout":"","stderr":"fatal: Pathspec '/home/yellaboyinapavanteja/Terraform-modules/google_container_cluster' is in submodule 'Terraform-modules'\n","exitCode":128,"gitErrorCode":"IsInSubmodule"}
2024-05-06 12:16:20.007 [error] {"message":"Git error","stdout":"","stderr":"fatal: Pathspec '/home/yellaboyinapavanteja/Terraform-modules/google_container_cluster' is in submodule 'Terraform-modules'\n","exitCode":128,"gitErrorCode":"IsInSubmodule"}
2024-05-06 12:16:20.007 [error] {"message":"Git error","stdout":"","stderr":"fatal: Pathspec '/home/yellaboyinapavanteja/Terraform-modules/google_container_cluster' is in submodule 'Terraform-modules'\n","exitCode":128,"gitErrorCode":"IsInSubmodule"}
