Initializing document watcher...
Document watcher initialized
rogers/google_logging_project_sink/main.tf: {}
rogers/google_logging_project_sink/output.tf: {}
rogers/google_monitoring_alert_policy.1/main.tf: {}
rogers/google_monitoring_alert_policy/lz-monitoring_alert_policy/input-json-file/monitoring.tfvars: {}
rogers/google_monitoring_alert_policy/lz-monitoring_alert_policy/input-json-file/monitoring.tfvars: {}
rogers/google_monitoring_alert_policy/lz-monitoring_alert_policy/input-json-file/monitoring.tfvars: {}
rogers/google_logging_project_sink/lz-logging_project_sink/input-json-file/logging_project_sink.tfvars: {}
rogers/google_logging_project_sink/lz-logging_project_sink/template/logging_project_sink.tf: {}
rogers/google_monitoring_alert_policy/lz-monitoring_alert_policy/input-json-file/monitoring.tfvars: {}
rogers/google_monitoring_alert_policy/lz-monitoring_alert_policy/template/monitoring.tf: {}
rogers/google_monitoring_alert_policy/lz-monitoring_alert_policy/template/monitoring.tf: {}
rogers/google_monitoring_alert_policy/lz-monitoring_alert_policy/template/monitoring.tf: {}
rogers/google_monitoring_alert_policy/lz-monitoring_alert_policy/template/monitoring.tf: {}
rogers/google_monitoring_alert_policy/lz-monitoring_alert_policy/template/monitoring.tf: {}
rogers/google_monitoring_alert_policy/lz-monitoring_alert_policy/template/monitoring.tf: {}
rogers/google_monitoring_alert_policy/lz-monitoring_alert_policy/template/variable.tf: {}
rogers/google_monitoring_alert_policy/lz-monitoring_alert_policy/template/provider.tf: {}
rogers/google_monitoring_alert_policy/lz-monitoring_alert_policy/template/monitoring.tf: {}
rogers/google_monitoring_alert_policy/lz-monitoring_alert_policy/template/output.tf: {}
rogers/google_monitoring_alert_policy/lz-monitoring_alert_policy/template/provider.tf: {}
rogers/google_monitoring_alert_policy/lz-monitoring_alert_policy/template/output.tf: {}
rogers/google_monitoring_alert_policy/lz-monitoring_alert_policy/template/backend.tf: {}
rogers/google_monitoring_alert_policy/lz-monitoring_alert_policy/template/output.tf: {}
rogers/google_monitoring_alert_policy/lz-monitoring_alert_policy/input-json-file/monitoring.tfvars: {}
rogers/google_monitoring_alert_policy/lz-monitoring_alert_policy/template/backend.tf: {}
rogers/google_monitoring_alert_policy/lz-monitoring_alert_policy/template/monitoring.tf: {}
rogers/google_monitoring_alert_policy/lz-monitoring_alert_policy/template/output.tf: {}
rogers/google_monitoring_alert_policy/lz-monitoring_alert_policy/template/provider.tf: {}
rogers/google_monitoring_alert_policy/lz-monitoring_alert_policy/template/variable.tf: {}
rogers/google_monitoring_alert_policy/lz-monitoring_alert_policy/template/variable.tf: {}
rogers/google_monitoring_alert_policy/lz-monitoring_alert_policy/template/variable.tf: {}
rogers/google_monitoring_alert_policy/lz-monitoring_alert_policy/input-json-file/monitoring.tfvars: {}
rogers/google_monitoring_alert_policy/lz-monitoring_alert_policy/input-json-file/monitoring.tfvars: {}
rogers/google_monitoring_alert_policy/lz-monitoring_alert_policy/input-json-file/monitoring.tfvars: {}
rogers/google_monitoring_alert_policy/lz-monitoring_alert_policy/template/backend.tf: {}
rogers/google_monitoring_alert_policy/lz-monitoring_alert_policy/template/monitoring.tf: {}
rogers/google_logging_project_sink/lz-logging_project_sink/input-json-file/logging_project_sink.tfvars: {}
rogers/google_logging_project_sink/lz-logging_project_sink/input-json-file/logging_project_sink.tfvars: {}
rogers/google_logging_project_sink/lz-logging_project_sink/input-json-file/logging_project_sink.tfvars: {}
