2024-05-29 04:11:38.080 [info] Log level: Info
2024-05-29 04:11:38.080 [info] Validating found git in: "git"
2024-05-29 04:11:38.080 [info] Using git "2.34.1" from "git"
2024-05-29 04:11:38.080 [info] > git rev-parse --show-toplevel [21ms]
2024-05-29 04:11:38.080 [info] > git rev-parse --git-dir --git-common-dir [1ms]
2024-05-29 04:11:38.080 [info] Open repository: /home/yellaboyinapavanteja
2024-05-29 04:11:38.080 [info] > git config --get commit.template [8ms]
2024-05-29 04:11:38.080 [info] > git rev-parse --show-toplevel [5ms]
2024-05-29 04:11:38.081 [info] > git rev-parse --show-toplevel [2ms]
2024-05-29 04:11:38.088 [info] > git rev-parse --show-toplevel [2ms]
2024-05-29 04:11:38.096 [info] > git rev-parse --show-toplevel [1ms]
2024-05-29 04:11:38.102 [info] > git for-each-ref --format=%(refname)%00%(upstream:short)%00%(objectname)%00%(upstream:track)%00%(upstream:remotename)%00%(upstream:remoteref) refs/heads/pavan2704 refs/remotes/pavan2704 [32ms]
2024-05-29 04:11:38.111 [info] > git rev-parse --show-toplevel [10ms]
2024-05-29 04:11:38.119 [info] > git rev-parse --show-toplevel [1ms]
2024-05-29 04:11:38.126 [info] > git rev-parse --show-toplevel [2ms]
2024-05-29 04:11:38.133 [info] > git rev-parse --show-toplevel [1ms]
2024-05-29 04:11:38.140 [info] > git rev-parse --show-toplevel [1ms]
2024-05-29 04:11:38.148 [info] > git rev-parse --show-toplevel [1ms]
2024-05-29 04:11:38.175 [info] > git rev-parse --show-toplevel [22ms]
2024-05-29 04:11:38.184 [info] > git status -z -uall [75ms]
2024-05-29 04:11:38.257 [info] > git rev-parse --git-dir --git-common-dir [76ms]
2024-05-29 04:11:38.262 [info] Open repository: /home/yellaboyinapavanteja/slz-terraform-modules
2024-05-29 04:11:38.276 [info] > git config --get commit.template [21ms]
2024-05-29 04:11:38.277 [info] > git config --get commit.template [8ms]
2024-05-29 04:11:38.283 [info] > git rev-parse --show-toplevel [8ms]
2024-05-29 04:11:38.295 [info] > git for-each-ref --format=%(refname)%00%(upstream:short)%00%(objectname)%00%(upstream:track)%00%(upstream:remotename)%00%(upstream:remoteref) refs/heads/pavan2704 refs/remotes/pavan2704 [13ms]
2024-05-29 04:11:38.609 [info] > git status -z -uall [307ms]
2024-05-29 04:11:38.633 [info] > git rev-parse --git-dir --git-common-dir [339ms]
2024-05-29 04:11:38.637 [info] Open repository: /home/yellaboyinapavanteja/slz-terraform-templates
2024-05-29 04:11:38.638 [info] > git for-each-ref --format=%(refname)%00%(upstream:short)%00%(objectname)%00%(upstream:track)%00%(upstream:remotename)%00%(upstream:remoteref) refs/heads/master refs/remotes/master [350ms]
2024-05-29 04:11:38.667 [info] > git config --get commit.template [10ms]
2024-05-29 04:11:38.678 [info] > git status -z -uall [33ms]
2024-05-29 04:11:38.699 [info] > git config --get commit.template [8ms]
2024-05-29 04:11:38.700 [info] > git for-each-ref --format=%(refname)%00%(upstream:short)%00%(objectname)%00%(upstream:track)%00%(upstream:remotename)%00%(upstream:remoteref) refs/heads/master refs/remotes/master [1ms]
2024-05-29 04:11:38.710 [info] > git for-each-ref --format=%(refname)%00%(upstream:short)%00%(objectname)%00%(upstream:track)%00%(upstream:remotename)%00%(upstream:remoteref) refs/heads/master refs/remotes/master [35ms]
2024-05-29 04:11:39.098 [info] > git status -z -uall [390ms]
2024-05-29 04:11:39.098 [info] > git status -z -uall [380ms]
2024-05-29 04:11:39.140 [info] > git check-ignore -v -z --stdin [25ms]
2024-05-29 04:11:39.141 [info] > git check-ignore -v -z --stdin [19ms]
2024-05-29 04:11:39.142 [info] > git config --get commit.template [12ms]
2024-05-29 04:11:39.151 [info] > git for-each-ref --format=%(refname)%00%(upstream:short)%00%(objectname)%00%(upstream:track)%00%(upstream:remotename)%00%(upstream:remoteref) refs/heads/master refs/remotes/master [2ms]
2024-05-29 04:11:39.162 [info] > git status -z -uall [4ms]
2024-05-29 04:11:39.902 [info] > git check-ignore -v -z --stdin [18ms]
2024-05-29 04:11:39.903 [info] > git check-ignore -v -z --stdin [11ms]
2024-05-29 04:11:39.903 [info] > git check-ignore -v -z --stdin [3ms]
