2024-01-25 08:59:52.994 [info] Extension host with pid 1232 started
2024-01-25 08:59:53.055 [info] Lock '/home/yellaboyinapavanteja/.codeoss/data/User/workspaceStorage/aaba6bd/vscode.lock': Lock acquired.
2024-01-25 08:59:53.276 [info] ExtensionService#_doActivateExtension vscode.git-base, startup: true, activationEvent: '*', root cause: vscode.git
2024-01-25 08:59:53.723 [info] ExtensionService#_doActivateExtension vscode.git, startup: true, activationEvent: '*'
2024-01-25 08:59:53.723 [info] ExtensionService#_doActivateExtension vscode.github, startup: true, activationEvent: '*'
2024-01-25 08:59:54.421 [info] ExtensionService#_doActivateExtension hashicorp.terraform, startup: true, activationEvent: 'workspaceContains:**/*.tf,**/*.tfvars'
2024-01-25 08:59:54.516 [info] ExtensionService#_doActivateExtension vscode.github-authentication, startup: false, activationEvent: 'onAuthenticationRequest:github'
2024-01-25 08:59:55.006 [info] Eager extensions activated
2024-01-25 08:59:55.006 [info] ExtensionService#_doActivateExtension EditorConfig.EditorConfig, startup: false, activationEvent: 'onStartupFinished'
2024-01-25 08:59:55.007 [info] ExtensionService#_doActivateExtension google.cloud-shell, startup: false, activationEvent: 'onStartupFinished'
2024-01-25 08:59:55.007 [info] ExtensionService#_doActivateExtension googlecloudtools.cloudcode, startup: false, activationEvent: 'onStartupFinished'
2024-01-25 08:59:55.008 [info] ExtensionService#_doActivateExtension vscode.debug-auto-launch, startup: false, activationEvent: 'onStartupFinished'
2024-01-25 08:59:55.008 [info] ExtensionService#_doActivateExtension vscode.merge-conflict, startup: false, activationEvent: 'onStartupFinished'
2024-01-25 08:59:56.703 [info] ExtensionService#_doActivateExtension vscode.json-language-features, startup: false, activationEvent: 'onLanguage:jsonc'
2024-01-25 08:59:56.703 [info] ExtensionService#_doActivateExtension vscode.typescript-language-features, startup: false, activationEvent: 'onLanguage:jsonc'
2024-01-25 08:59:56.703 [info] ExtensionService#_doActivateExtension vscode.emmet, startup: false, activationEvent: 'onLanguage'
2024-01-25 09:00:45.321 [error] [hashicorp.terraform] provider FAILED
2024-01-25 09:00:45.323 [error] Error: variable.tf (5,24): position outside of "variable" body
	at /google/devshell/editor/code-oss-for-cloud-shell/extensions/hashicorp.terraform-2.26.1@linux/out/extension.js:1:387132
	at re (/google/devshell/editor/code-oss-for-cloud-shell/extensions/hashicorp.terraform-2.26.1@linux/out/extension.js:1:387426)
	at /google/devshell/editor/code-oss-for-cloud-shell/extensions/hashicorp.terraform-2.26.1@linux/out/extension.js:1:382210
	at Immediate.<anonymous> (/google/devshell/editor/code-oss-for-cloud-shell/extensions/hashicorp.terraform-2.26.1@linux/out/extension.js:1:382230)
	at process.processImmediate (node:internal/timers:476:21)
2024-01-25 09:01:30.076 [error] [hashicorp.terraform] provider FAILED
2024-01-25 09:01:30.077 [error] Error: variable.tf (6,3): position outside of any attribute name, value or block
	at /google/devshell/editor/code-oss-for-cloud-shell/extensions/hashicorp.terraform-2.26.1@linux/out/extension.js:1:387132
	at re (/google/devshell/editor/code-oss-for-cloud-shell/extensions/hashicorp.terraform-2.26.1@linux/out/extension.js:1:387426)
	at /google/devshell/editor/code-oss-for-cloud-shell/extensions/hashicorp.terraform-2.26.1@linux/out/extension.js:1:382210
	at Immediate.<anonymous> (/google/devshell/editor/code-oss-for-cloud-shell/extensions/hashicorp.terraform-2.26.1@linux/out/extension.js:1:382230)
	at process.processImmediate (node:internal/timers:476:21)
2024-01-25 09:15:28.102 [error] [hashicorp.terraform] provider FAILED
2024-01-25 09:15:28.102 [error] Error: bucket.tf (4,18): position outside of any attribute name, value or block
	at /google/devshell/editor/code-oss-for-cloud-shell/extensions/hashicorp.terraform-2.26.1@linux/out/extension.js:1:387132
	at re (/google/devshell/editor/code-oss-for-cloud-shell/extensions/hashicorp.terraform-2.26.1@linux/out/extension.js:1:387426)
	at /google/devshell/editor/code-oss-for-cloud-shell/extensions/hashicorp.terraform-2.26.1@linux/out/extension.js:1:382210
	at Immediate.<anonymous> (/google/devshell/editor/code-oss-for-cloud-shell/extensions/hashicorp.terraform-2.26.1@linux/out/extension.js:1:382230)
	at process.processImmediate (node:internal/timers:476:21)
2024-01-25 09:19:55.064 [error] [hashicorp.terraform] provider FAILED
2024-01-25 09:19:55.064 [error] Error: bucket.tf (2,25): position outside of any attribute name, value or block
	at /google/devshell/editor/code-oss-for-cloud-shell/extensions/hashicorp.terraform-2.26.1@linux/out/extension.js:1:387132
	at re (/google/devshell/editor/code-oss-for-cloud-shell/extensions/hashicorp.terraform-2.26.1@linux/out/extension.js:1:387426)
	at /google/devshell/editor/code-oss-for-cloud-shell/extensions/hashicorp.terraform-2.26.1@linux/out/extension.js:1:382210
	at Immediate.<anonymous> (/google/devshell/editor/code-oss-for-cloud-shell/extensions/hashicorp.terraform-2.26.1@linux/out/extension.js:1:382230)
	at process.processImmediate (node:internal/timers:476:21)
2024-01-25 09:19:56.546 [error] [hashicorp.terraform] provider FAILED
2024-01-25 09:19:56.547 [error] Error: bucket.tf (3,26): position outside of any attribute name, value or block
	at /google/devshell/editor/code-oss-for-cloud-shell/extensions/hashicorp.terraform-2.26.1@linux/out/extension.js:1:387132
	at re (/google/devshell/editor/code-oss-for-cloud-shell/extensions/hashicorp.terraform-2.26.1@linux/out/extension.js:1:387426)
	at /google/devshell/editor/code-oss-for-cloud-shell/extensions/hashicorp.terraform-2.26.1@linux/out/extension.js:1:382210
	at Immediate.<anonymous> (/google/devshell/editor/code-oss-for-cloud-shell/extensions/hashicorp.terraform-2.26.1@linux/out/extension.js:1:382230)
	at process.processImmediate (node:internal/timers:476:21)
