2024-04-17 04:24:15.813 [info] Log level: Info
2024-04-17 04:24:15.813 [info] Validating found git in: "git"
2024-04-17 04:24:15.813 [info] Using git "2.30.2" from "git"
2024-04-17 04:24:15.813 [info] > git rev-parse --show-toplevel [6ms]
2024-04-17 04:24:15.813 [info] > git rev-parse --git-dir --git-common-dir [2ms]
2024-04-17 04:24:15.813 [info] Open repository: /home/yellaboyinapavanteja/rogers-1
2024-04-17 04:24:15.813 [info] > git config --get commit.template [8ms]
2024-04-17 04:24:15.813 [info] > git rev-parse --show-toplevel [3ms]
2024-04-17 04:24:15.813 [info] > git rev-parse --show-toplevel [1ms]
2024-04-17 04:24:15.813 [info] > git rev-parse --show-toplevel [2ms]
2024-04-17 04:24:15.813 [info] > git rev-parse --show-toplevel [2ms]
2024-04-17 04:24:15.813 [info] > git rev-parse --show-toplevel [2ms]
2024-04-17 04:24:15.813 [info] > git for-each-ref --format=%(refname)%00%(upstream:short)%00%(objectname)%00%(upstream:track)%00%(upstream:remotename)%00%(upstream:remoteref) refs/heads/master refs/remotes/master [44ms]
2024-04-17 04:24:15.813 [info] > git status -z -uall [26ms]
2024-04-17 04:24:15.813 [info] > git config --get commit.template [6ms]
2024-04-17 04:24:15.813 [info] > git for-each-ref --format=%(refname)%00%(upstream:short)%00%(objectname)%00%(upstream:track)%00%(upstream:remotename)%00%(upstream:remoteref) refs/heads/master refs/remotes/master [2ms]
2024-04-17 04:24:15.813 [info] > git status -z -uall [3ms]
2024-04-17 04:24:16.650 [info] > git check-ignore -v -z --stdin [9ms]
2024-04-17 04:24:39.899 [info] > git check-ignore -v -z --stdin [2ms]
2024-04-17 04:24:41.733 [info] > git ls-files --stage -- /home/yellaboyinapavanteja/rogers-1/google_monitoring_alert_policy/main.tf [3ms]
2024-04-17 04:24:41.845 [info] > git show --textconv :google_monitoring_alert_policy/main.tf [139ms]
2024-04-17 04:24:41.846 [info] > git cat-file -s 4a1553092c0d20e5f77b1f188e3f8c5e547b44bb [94ms]
2024-04-17 04:24:47.399 [info] > git check-ignore -v -z --stdin [2ms]
2024-04-17 04:24:49.632 [info] > git check-ignore -v -z --stdin [1ms]
2024-04-17 04:24:50.641 [info] > git show --textconv :google_logging_project_sink/main.tf [17ms]
2024-04-17 04:24:50.643 [info] > git ls-files --stage -- /home/yellaboyinapavanteja/rogers-1/google_logging_project_sink/main.tf [3ms]
2024-04-17 04:24:50.659 [info] > git cat-file -s c0cfc6919e11522f307427963c67069276c9a0ef [2ms]
2024-04-17 04:24:51.372 [info] > git check-ignore -v -z --stdin [2ms]
2024-04-17 04:24:52.633 [info] > git check-ignore -v -z --stdin [2ms]
2024-04-17 04:24:53.461 [info] > git show --textconv :google_logging_project_sink/lz-logging_project_sink/input-json-file/logging_project_sink.tfvars [22ms]
2024-04-17 04:24:53.464 [info] > git ls-files --stage -- /home/yellaboyinapavanteja/rogers-1/google_logging_project_sink/lz-logging_project_sink/input-json-file/logging_project_sink.tfvars [3ms]
2024-04-17 04:24:53.480 [info] > git cat-file -s f49344f502dbbf88dc0104d979a4575e65d047d9 [2ms]
