2024-05-06 12:15:18.226 [info] Log level: Info
2024-05-06 12:15:18.226 [info] Validating found git in: "git"
2024-05-06 12:15:18.226 [info] Using git "2.34.1" from "git"
2024-05-06 12:15:18.241 [info] > git rev-parse --show-toplevel [67ms]
2024-05-06 12:15:18.249 [info] > git rev-parse --git-dir --git-common-dir [2ms]
2024-05-06 12:15:18.263 [info] Open repository: /home/yellaboyinapavanteja
2024-05-06 12:15:18.280 [info] > git config --get commit.template [7ms]
2024-05-06 12:15:18.282 [info] > git rev-parse --show-toplevel [3ms]
2024-05-06 12:15:18.296 [info] > git for-each-ref --format=%(refname)%00%(upstream:short)%00%(objectname)%00%(upstream:track)%00%(upstream:remotename)%00%(upstream:remoteref) refs/heads/pavan2704 refs/remotes/pavan2704 [7ms]
2024-05-06 12:15:18.307 [info] > git rev-parse --show-toplevel [13ms]
2024-05-06 12:15:18.319 [info] > git rev-parse --show-toplevel [5ms]
2024-05-06 12:15:18.440 [info] > git rev-parse --show-toplevel [114ms]
2024-05-06 12:15:18.451 [info] > git status -z -uall [146ms]
2024-05-06 12:15:18.505 [info] > git rev-parse --show-toplevel [56ms]
2024-05-06 12:15:18.513 [info] > git config --get commit.template [8ms]
2024-05-06 12:15:18.514 [info] > git rev-parse --show-toplevel [2ms]
2024-05-06 12:15:18.528 [info] > git for-each-ref --format=%(refname)%00%(upstream:short)%00%(objectname)%00%(upstream:track)%00%(upstream:remotename)%00%(upstream:remoteref) refs/heads/pavan2704 refs/remotes/pavan2704 [7ms]
2024-05-06 12:15:18.536 [info] > git rev-parse --show-toplevel [10ms]
2024-05-06 12:15:18.545 [info] > git rev-parse --show-toplevel [2ms]
2024-05-06 12:15:18.553 [info] > git status -z -uall [18ms]
2024-05-06 12:15:18.594 [info] > git rev-parse --show-toplevel [43ms]
2024-05-06 12:15:18.602 [info] > git rev-parse --show-toplevel [1ms]
2024-05-06 12:15:18.611 [info] > git rev-parse --show-toplevel [1ms]
2024-05-06 12:15:18.623 [info] > git rev-parse --git-dir --git-common-dir [5ms]
2024-05-06 12:15:18.628 [info] Open repository: /home/yellaboyinapavanteja/Terraform-modules
2024-05-06 12:15:18.646 [info] > git config --get commit.template [9ms]
2024-05-06 12:15:18.655 [info] > git for-each-ref --format=%(refname)%00%(upstream:short)%00%(objectname)%00%(upstream:track)%00%(upstream:remotename)%00%(upstream:remoteref) refs/heads/main refs/remotes/main [2ms]
2024-05-06 12:15:18.962 [info] > git status -z -uall [300ms]
2024-05-06 12:15:18.966 [info] > git rev-parse --show-toplevel [323ms]
2024-05-06 12:15:19.016 [info] > git rev-parse --git-dir --git-common-dir [20ms]
2024-05-06 12:15:19.020 [info] Open repository: /home/yellaboyinapavanteja/rogers
2024-05-06 12:15:19.021 [info] > git config --get commit.template [32ms]
2024-05-06 12:15:19.044 [info] > git config --get commit.template [15ms]
2024-05-06 12:15:19.045 [info] > git rev-parse --show-toplevel [10ms]
2024-05-06 12:15:19.061 [info] > git for-each-ref --format=%(refname)%00%(upstream:short)%00%(objectname)%00%(upstream:track)%00%(upstream:remotename)%00%(upstream:remoteref) refs/heads/main refs/remotes/main [18ms]
2024-05-06 12:15:19.070 [info] > git rev-parse --git-dir --git-common-dir [10ms]
2024-05-06 12:15:19.075 [info] Open repository: /home/yellaboyinapavanteja/rogers-1
2024-05-06 12:15:19.094 [info] > git status -z -uall [25ms]
2024-05-06 12:15:19.099 [info] > git rev-parse --show-toplevel [8ms]
2024-05-06 12:15:19.100 [info] > git config --get commit.template [16ms]
2024-05-06 12:15:19.115 [info] > git rev-parse --git-dir --git-common-dir [8ms]
2024-05-06 12:15:19.119 [info] Open repository: /home/yellaboyinapavanteja/slz-terraform-modules
2024-05-06 12:15:19.137 [info] > git for-each-ref --format=%(refname)%00%(upstream:short)%00%(objectname)%00%(upstream:track)%00%(upstream:remotename)%00%(upstream:remoteref) refs/heads/master refs/remotes/master [85ms]
2024-05-06 12:15:19.147 [info] > git rev-parse --show-toplevel [11ms]
2024-05-06 12:15:19.148 [info] > git config --get commit.template [18ms]
2024-05-06 12:15:19.167 [info] > git status -z -uall [22ms]
2024-05-06 12:15:19.168 [info] > git rev-parse --git-dir --git-common-dir [12ms]
2024-05-06 12:15:19.174 [info] Open repository: /home/yellaboyinapavanteja/slz-terraform-templates
2024-05-06 12:15:19.196 [info] > git for-each-ref --format=%(refname)%00%(upstream:short)%00%(objectname)%00%(upstream:track)%00%(upstream:remotename)%00%(upstream:remoteref) refs/heads/master refs/remotes/master [82ms]
2024-05-06 12:15:19.228 [info] > git status -z -uall [24ms]
2024-05-06 12:15:19.230 [info] > git rev-parse --show-toplevel [35ms]
2024-05-06 12:15:19.231 [info] > git config --get commit.template [45ms]
2024-05-06 12:15:19.231 [info] > git for-each-ref --format=%(refname)%00%(upstream:short)%00%(objectname)%00%(upstream:track)%00%(upstream:remotename)%00%(upstream:remoteref) refs/heads/master refs/remotes/master [67ms]
2024-05-06 12:15:21.506 [info] > git config --get commit.template [2279ms]
2024-05-06 12:15:21.632 [info] > git status -z -uall [2392ms]
2024-05-06 12:15:21.632 [info] > git check-ignore -v -z --stdin [99ms]
2024-05-06 12:15:21.633 [info] > git check-ignore -v -z --stdin [87ms]
2024-05-06 12:15:21.635 [info] > git rev-parse --git-dir --git-common-dir [2384ms]
2024-05-06 12:15:21.638 [info] Open repository: /home/yellaboyinapavanteja/storage
2024-05-06 12:15:21.708 [info] > git config --get commit.template [113ms]
2024-05-06 12:15:21.708 [info] > git config --get commit.template [128ms]
2024-05-06 12:15:21.709 [info] > git for-each-ref --format=%(refname)%00%(upstream:short)%00%(objectname)%00%(upstream:track)%00%(upstream:remotename)%00%(upstream:remoteref) refs/heads/master refs/remotes/master [144ms]
2024-05-06 12:15:21.729 [info] > git config --get commit.template [23ms]
2024-05-06 12:15:21.729 [info] > git rev-parse --show-toplevel [39ms]
2024-05-06 12:15:21.731 [info] > git config --get commit.template [54ms]
2024-05-06 12:15:21.731 [info] > git for-each-ref --format=%(refname)%00%(upstream:short)%00%(objectname)%00%(upstream:track)%00%(upstream:remotename)%00%(upstream:remoteref) refs/heads/master refs/remotes/master [72ms]
2024-05-06 12:15:21.787 [info] > git status -z -uall [63ms]
2024-05-06 12:15:21.787 [info] > git status -z -uall [40ms]
2024-05-06 12:15:21.855 [info] > git for-each-ref --format=%(refname)%00%(upstream:short)%00%(objectname)%00%(upstream:track)%00%(upstream:remotename)%00%(upstream:remoteref) refs/heads/pavan2704 refs/remotes/pavan2704 [70ms]
2024-05-06 12:15:21.870 [info] > git for-each-ref --format=%(refname)%00%(upstream:short)%00%(objectname)%00%(upstream:track)%00%(upstream:remotename)%00%(upstream:remoteref) refs/heads/master refs/remotes/master [103ms]
2024-05-06 12:15:21.903 [info] > git status -z -uall [34ms]
2024-05-06 12:15:21.903 [info] > git status -z -uall [17ms]
2024-05-06 12:15:21.957 [info] > git config --get commit.template [105ms]
2024-05-06 12:15:21.957 [info] > git for-each-ref --format=%(refname)%00%(upstream:short)%00%(objectname)%00%(upstream:track)%00%(upstream:remotename)%00%(upstream:remoteref) refs/heads/master refs/remotes/master [120ms]
2024-05-06 12:15:21.973 [info] > git for-each-ref --format=%(refname)%00%(upstream:short)%00%(objectname)%00%(upstream:track)%00%(upstream:remotename)%00%(upstream:remoteref) refs/heads/master refs/remotes/master [155ms]
2024-05-06 12:15:22.134 [info] > git status -z -uall [162ms]
2024-05-06 12:15:22.135 [info] > git status -z -uall [136ms]
2024-05-06 12:15:22.484 [info] > git check-ignore -v -z --stdin [128ms]
2024-05-06 12:15:22.485 [info] > git check-ignore -v -z --stdin [114ms]
2024-05-06 12:15:22.485 [info] > git check-ignore -v -z --stdin [99ms]
2024-05-06 12:15:22.486 [info] > git check-ignore -v -z --stdin [86ms]
2024-05-06 12:15:22.486 [info] > git check-ignore -v -z --stdin [71ms]
2024-05-06 12:15:22.486 [info] > git check-ignore -v -z --stdin [56ms]
2024-05-06 12:15:22.494 [info] > git config --get commit.template [27ms]
2024-05-06 12:15:22.494 [info] > git for-each-ref --format=%(refname)%00%(upstream:short)%00%(objectname)%00%(upstream:track)%00%(upstream:remotename)%00%(upstream:remoteref) refs/heads/master refs/remotes/master [43ms]
2024-05-06 12:15:22.532 [info] > git status -z -uall [20ms]
2024-05-06 12:15:22.533 [info] > git for-each-ref --format=%(refname)%00%(upstream:short)%00%(objectname)%00%(upstream:track)%00%(upstream:remotename)%00%(upstream:remoteref) refs/heads/master refs/remotes/master [4ms]
2024-05-06 12:15:22.551 [info] > git status -z -uall [4ms]
2024-05-06 12:15:23.120 [info] > git check-ignore -v -z --stdin [112ms]
2024-05-06 12:15:23.121 [info] > git check-ignore -v -z --stdin [96ms]
2024-05-06 12:15:23.121 [info] > git check-ignore -v -z --stdin [80ms]
2024-05-06 12:15:23.122 [info] > git check-ignore -v -z --stdin [58ms]
2024-05-06 12:15:23.122 [info] > git check-ignore -v -z --stdin [40ms]
2024-05-06 12:15:23.122 [info] > git check-ignore -v -z --stdin [25ms]
2024-05-06 12:15:23.123 [info] > git check-ignore -v -z --stdin [11ms]
2024-05-06 12:15:28.346 [info] > git config --get commit.template [19ms]
2024-05-06 12:15:28.381 [info] > git for-each-ref --format=%(refname)%00%(upstream:short)%00%(objectname)%00%(upstream:track)%00%(upstream:remotename)%00%(upstream:remoteref) refs/heads/pavan2704 refs/remotes/pavan2704 [5ms]
2024-05-06 12:15:28.483 [info] > git status -z -uall [56ms]
2024-05-06 12:15:31.873 [info] > git show --textconv :app.yaml [26ms]
2024-05-06 12:15:31.875 [info] > git ls-files --stage -- /home/yellaboyinapavanteja/app.yaml [4ms]
2024-05-06 12:15:31.900 [info] > git cat-file -s e69de29bb2d1d6434b8b29ae775ad8c2e48c5391 [2ms]
2024-05-06 12:15:38.515 [info] > git config --get commit.template [2ms]
2024-05-06 12:15:38.538 [info] > git for-each-ref --format=%(refname)%00%(upstream:short)%00%(objectname)%00%(upstream:track)%00%(upstream:remotename)%00%(upstream:remoteref) refs/heads/pavan2704 refs/remotes/pavan2704 [2ms]
2024-05-06 12:15:38.575 [info] > git status -z -uall [16ms]
2024-05-06 12:15:42.856 [info] > git check-ignore -v -z --stdin [2ms]
2024-05-06 12:15:43.663 [info] > git config --get commit.template [24ms]
2024-05-06 12:15:43.664 [info] > git for-each-ref --format=%(refname)%00%(upstream:short)%00%(objectname)%00%(upstream:track)%00%(upstream:remotename)%00%(upstream:remoteref) refs/heads/pavan2704 refs/remotes/pavan2704 [2ms]
2024-05-06 12:15:43.701 [info] > git status -z -uall [17ms]
2024-05-06 12:15:46.404 [info] > git check-ignore -v -z --stdin [1ms]
2024-05-06 12:15:48.770 [info] > git config --get commit.template [23ms]
2024-05-06 12:15:48.771 [info] > git for-each-ref --format=%(refname)%00%(upstream:short)%00%(objectname)%00%(upstream:track)%00%(upstream:remotename)%00%(upstream:remoteref) refs/heads/pavan2704 refs/remotes/pavan2704 [2ms]
2024-05-06 12:15:48.810 [info] > git status -z -uall [15ms]
2024-05-06 12:15:49.843 [info] > git check-ignore -v -z --stdin [1ms]
2024-05-06 12:15:56.170 [info] > git config --get commit.template [6ms]
2024-05-06 12:15:56.194 [info] > git for-each-ref --format=%(refname)%00%(upstream:short)%00%(objectname)%00%(upstream:track)%00%(upstream:remotename)%00%(upstream:remoteref) refs/heads/pavan2704 refs/remotes/pavan2704 [1ms]
2024-05-06 12:15:56.230 [info] > git status -z -uall [16ms]
2024-05-06 12:15:59.189 [info] > git check-ignore -v -z --stdin [1ms]
2024-05-06 12:16:01.295 [info] > git config --get commit.template [22ms]
2024-05-06 12:16:01.296 [info] > git for-each-ref --format=%(refname)%00%(upstream:short)%00%(objectname)%00%(upstream:track)%00%(upstream:remotename)%00%(upstream:remoteref) refs/heads/pavan2704 refs/remotes/pavan2704 [2ms]
2024-05-06 12:16:01.332 [info] > git status -z -uall [15ms]
2024-05-06 12:16:02.110 [info] > git check-ignore -v -z --stdin [4ms]
2024-05-06 12:16:06.402 [info] > git config --get commit.template [23ms]
2024-05-06 12:16:06.402 [info] > git for-each-ref --format=%(refname)%00%(upstream:short)%00%(objectname)%00%(upstream:track)%00%(upstream:remotename)%00%(upstream:remoteref) refs/heads/pavan2704 refs/remotes/pavan2704 [2ms]
2024-05-06 12:16:06.440 [info] > git status -z -uall [15ms]
2024-05-06 12:16:11.514 [info] > git config --get commit.template [25ms]
2024-05-06 12:16:11.516 [info] > git for-each-ref --format=%(refname)%00%(upstream:short)%00%(objectname)%00%(upstream:track)%00%(upstream:remotename)%00%(upstream:remoteref) refs/heads/pavan2704 refs/remotes/pavan2704 [3ms]
2024-05-06 12:16:11.552 [info] > git status -z -uall [15ms]
2024-05-06 12:16:16.620 [info] > git config --get commit.template [24ms]
2024-05-06 12:16:16.621 [info] > git for-each-ref --format=%(refname)%00%(upstream:short)%00%(objectname)%00%(upstream:track)%00%(upstream:remotename)%00%(upstream:remoteref) refs/heads/pavan2704 refs/remotes/pavan2704 [3ms]
2024-05-06 12:16:16.653 [info] > git status -z -uall [10ms]
2024-05-06 12:16:16.761 [warning] ENOENT: no such file or directory, open '/home/yellaboyinapavanteja/rogers/.git/HEAD'
2024-05-06 12:16:16.805 [warning] getRemotes() - ENOENT: no such file or directory, open '/home/yellaboyinapavanteja/rogers/.git/config'
2024-05-06 12:16:17.027 [warning] ENOENT: no such file or directory, open '/home/yellaboyinapavanteja/rogers/.git/HEAD'
2024-05-06 12:16:17.074 [warning] getRemotes() - ENOENT: no such file or directory, open '/home/yellaboyinapavanteja/rogers/.git/config'
2024-05-06 12:16:17.156 [warning] ENOENT: no such file or directory, open '/home/yellaboyinapavanteja/rogers-1/.git/HEAD'
2024-05-06 12:16:17.199 [warning] getRemotes() - ENOENT: no such file or directory, open '/home/yellaboyinapavanteja/rogers-1/.git/config'
2024-05-06 12:16:17.245 [warning] ENOENT: no such file or directory, open '/home/yellaboyinapavanteja/rogers-1/.git/HEAD'
2024-05-06 12:16:17.298 [warning] getRemotes() - ENOENT: no such file or directory, open '/home/yellaboyinapavanteja/rogers-1/.git/config'
2024-05-06 12:16:17.561 [warning] ENOENT: no such file or directory, open '/home/yellaboyinapavanteja/storage/.git/HEAD'
2024-05-06 12:16:17.611 [warning] getRemotes() - ENOENT: no such file or directory, open '/home/yellaboyinapavanteja/storage/.git/config'
2024-05-06 12:16:17.664 [warning] ENOENT: no such file or directory, open '/home/yellaboyinapavanteja/storage/.git/HEAD'
2024-05-06 12:16:17.707 [warning] getRemotes() - ENOENT: no such file or directory, open '/home/yellaboyinapavanteja/storage/.git/config'
2024-05-06 12:16:18.000 [info] > git check-ignore -v -z --stdin [113ms]
2024-05-06 12:16:18.001 [info] > git check-ignore -v -z --stdin [79ms]
2024-05-06 12:16:18.001 [info] > git check-ignore -v -z --stdin [53ms]
2024-05-06 12:16:18.140 [warning] ENOENT: no such file or directory, open '/home/yellaboyinapavanteja/Terraform-modules/.git/HEAD'
2024-05-06 12:16:18.183 [warning] getRemotes() - ENOENT: no such file or directory, open '/home/yellaboyinapavanteja/Terraform-modules/.git/config'
2024-05-06 12:16:18.229 [warning] ENOENT: no such file or directory, open '/home/yellaboyinapavanteja/Terraform-modules/.git/HEAD'
2024-05-06 12:16:18.283 [warning] getRemotes() - ENOENT: no such file or directory, open '/home/yellaboyinapavanteja/Terraform-modules/.git/config'
2024-05-06 12:16:19.002 [info] > git check-ignore -v -z --stdin [51ms]
2024-05-06 12:16:19.003 [info] > git check-ignore -v -z --stdin [29ms]
2024-05-06 12:16:19.003 [info] > git check-ignore -v -z --stdin [6ms]
