Initializing document watcher...
Document watcher initialized
storage/lz-storage_bucket/input.-json-file/template/main.tf: {}
storage/template/main.tf: {}
storage/template/variable.tf: {}
storage/template/output.tf: {}
storage/template/backend.tf: {}
storage/provider.tf: {}
storage/template/backend.tf: {}
storage/template/backend.tf: {}
storage/template/backend.tf: Using EditorConfig core...
storage/template/backend.tf: Using EditorConfig core...
storage/template/backend.tf: Using EditorConfig core...
storage/template/backend.tf: Using EditorConfig core...
storage/template/backend.tf: {}
storage/template/backend.tf: {}
storage/template/main.tf: {}
storage/template/main.tf: Using EditorConfig core...
storage/template/main.tf: {}
storage/template/variable.tf: {}
storage/template/variable.tf: Using EditorConfig core...
storage/template/variable.tf: {}
storage/template/output.tf: {}
storage/template/output.tf: Using EditorConfig core...
storage/provider.tf: {}
storage/provider.tf: {}
storage/provider.tf: Using EditorConfig core...
storage/template/variable.tf: {}
storage/template/output.tf: {}
storage/template/main.tf: {}
storage/template/variable.tf: {}
storage/template/backend.tf: {}
storage/template/main.tf: {}
storage/template/storage_bucket.tf: {}
storage/lz-storage_bucket/input.-json-file/storage_bucket.tfvars: {}
storage/input.-json-file/storage_bucket.tfvars: {}
storage/lz-storage_bucket/input.-json-file/storage_bucket.tfvars: {}
storage/lz-storage_bucket/input.-json-file/storage_bucket.tfvars: {}
storage/lz-storage_bucket/template/storage_bucket.tf: {}
storage/lz-storage_bucket/template/storage_bucket.tf: {}
storage/lz-storage_bucket/template/storage_bucket.tf: Using EditorConfig core...
storage/lz-storage_bucket/template/storage_bucket.tf: Using EditorConfig core...
storage/lz-storage_bucket/template/storage_bucket.tf: Using EditorConfig core...
storage/lz-storage_bucket/template/storage_bucket.tf: Using EditorConfig core...
storage/lz-storage_bucket/template/storage_bucket.tf: Using EditorConfig core...
storage/lz-storage_bucket/template/variable.tf: {}
storage/lz-storage_bucket/template/storage_bucket.tf: {}
storage/lz-storage_bucket/template/storage_bucket.tf: Using EditorConfig core...
storage/lz-storage_bucket/template/storage_bucket.tf: Using EditorConfig core...
storage/lz-storage_bucket/template/storage_bucket.tf: Using EditorConfig core...
storage/lz-storage_bucket/template/storage_bucket.tf: Using EditorConfig core...
storage/lz-storage_bucket/template/storage_bucket.tf: Using EditorConfig core...
storage/lz-storage_bucket/template/storage_bucket.tf: Using EditorConfig core...
storage/lz-storage_bucket/template/storage_bucket.tf: Using EditorConfig core...
storage/lz-storage_bucket/template/storage_bucket.tf: Using EditorConfig core...
storage/lz-storage_bucket/template/storage_bucket.tf: Using EditorConfig core...
storage/lz-storage_bucket/template/storage_bucket.tf: Using EditorConfig core...
storage/lz-storage_bucket/template/storage_bucket.tf: Using EditorConfig core...
storage/lz-storage_bucket/template/storage_bucket.tf: Using EditorConfig core...
storage/lz-storage_bucket/template/storage_bucket.tf: Using EditorConfig core...
storage/lz-storage_bucket/template/storage_bucket.tf: Using EditorConfig core...
storage/lz-storage_bucket/template/storage_bucket.tf: Using EditorConfig core...
storage/lz-storage_bucket/template/variable.tf: {}
storage/lz-storage_bucket/template/storage_bucket.tf: {}
storage/lz-storage_bucket/template/variable.tf: {}
storage/lz-storage_bucket/template/storage_bucket.tf: {}
storage/lz-storage_bucket/template/variable.tf: {}
storage/lz-storage_bucket/template/provider.tf: {}
storage/lz-storage_bucket/template/storage_bucket.tf: {}
storage/lz-storage_bucket/template/provider.tf: {}
storage/lz-storage_bucket/template/output.tf: {}
storage/lz-storage_bucket/template/backend.tf: {}
storage/lz-storage_bucket/template/variable.tf: {}
storage/lz-storage_bucket/template/storage_bucket.tf: {}
storage/lz-storage_bucket/template/provider.tf: {}
storage/lz-storage_bucket/template/output.tf: {}
storage/lz-storage_bucket/template/output.tf: Using EditorConfig core...
storage/lz-storage_bucket/input.-json-file/storage_bucket.tfvars: {}
storage/lz-storage_bucket/input.-json-file/storage_bucket.tfvars: {}
storage/lz-storage_bucket/input.-json-file/storage_bucket.tfvars: Using EditorConfig core...
storage/lz-storage_bucket/input.-json-file/storage_bucket.tfvars: {}
storage/lz-storage_bucket/input.-json-file/storage_bucket.tfvars: {}
storage/lz-storage_bucket/input.-json-file/storage_bucket.tfvars: {}
storage/lz-storage_bucket/input.-json-file/storage_bucket.tfvars: Using EditorConfig core...
storage/lz-storage_bucket/input.-json-file/storage_bucket.tfvars: Using EditorConfig core...
storage/lz-storage_bucket/input.-json-file/storage_bucket.tfvars: Using EditorConfig core...
storage/lz-storage_bucket/input.-json-file/storage_bucket.tfvars: Using EditorConfig core...
storage/lz-storage_bucket/input.-json-file/storage_bucket.tfvars: Using EditorConfig core...
storage/lz-storage_bucket/input.-json-file/storage_bucket.tfvars: Using EditorConfig core...
storage/lz-storage_bucket/input.-json-file/storage_bucket.tfvars: Using EditorConfig core...
storage/lz-storage_bucket/input.-json-file/storage_bucket.tfvars: Using EditorConfig core...
storage/lz-storage_bucket/input.-json-file/storage_bucket.tfvars: Using EditorConfig core...
storage/lz-storage_bucket/input.-json-file/storage_bucket.tfvars: Using EditorConfig core...
storage/lz-storage_bucket/input.-json-file/storage_bucket.tfvars: Using EditorConfig core...
storage/lz-storage_bucket/input.-json-file/storage_bucket.tfvars: Using EditorConfig core...
storage/lz-storage_bucket/input.-json-file/storage_bucket.tfvars: Using EditorConfig core...
storage/lz-storage_bucket/input.-json-file/storage_bucket.tfvars: Using EditorConfig core...
storage/lz-storage_bucket/input.-json-file/storage_bucket.tfvars: Using EditorConfig core...
storage/lz-storage_bucket/template/backend.tf: {}
storage/lz-storage_bucket/template/output.tf: {}
storage/lz-storage_bucket/template/provider.tf: {}
storage/lz-storage_bucket/template/storage_bucket.tf: {}
storage/lz-storage_bucket/template/variable.tf: {}
storage/lz-storage_bucket/input.-json-file/storage_bucket.tfvars: {}
storage/lz-storage_bucket/input.-json-file/storage_bucket.tfvars: {}
storage/lz-storage_bucket/input.-json-file/storage_bucket.tfvars: {}
storage/lz-storage_bucket/apply.sh: {}
storage/lz-storage_bucket/apply.sh: Using EditorConfig core...
storage/lz-storage_bucket/apply.sh: Using EditorConfig core...
storage/lz-storage_bucket/apply.sh: Using EditorConfig core...
storage/lz-storage_bucket/apply.sh: Using EditorConfig core...
storage/lz-storage_bucket/apply.sh: Using EditorConfig core...
storage/lz-storage_bucket/apply.sh: Using EditorConfig core...
storage/lz-storage_bucket/apply.sh: Using EditorConfig core...
storage/lz-storage_bucket/apply.sh: Using EditorConfig core...
storage/lz-storage_bucket/apply.sh: Using EditorConfig core...
storage/lz-storage_bucket/apply.sh: Using EditorConfig core...
storage/lz-storage_bucket/apply.sh: Using EditorConfig core...
storage/lz-storage_bucket/apply.sh: Using EditorConfig core...
storage/lz-storage_bucket/apply.sh: Using EditorConfig core...
storage/lz-storage_bucket/apply.sh: {}
storage/lz-storage_bucket/apply.sh: Using EditorConfig core...
storage/lz-storage_bucket/apply.sh: {}
storage/lz-storage_bucket/input.-json-file/storage_bucket.tfvars: {}
storage/lz-storage_bucket/template/storage_bucket.tf: {}
storage/lz-storage_bucket/template/backend.tf: {}
storage/lz-storage_bucket/template/output.tf: {}
storage/lz-storage_bucket/template/provider.tf: {}
storage/lz-storage_bucket/template/storage_bucket.tf: {}
storage/lz-storage_bucket/template/variable.tf: {}
No more open editors.
No more open editors.
storage/lz-storage_bucket/apply.sh: {}
storage/lz-storage_bucket/apply.sh: {}
storage/lz-storage_bucket/apply.sh: {}
storage/lz-storage_bucket/apply.sh: {}
storage/lz-storage_bucket/plan-file/storage_bucket-tf-plan.json: {}
storage/lz-storage_bucket/apply.sh: {}
storage/lz-storage_bucket/apply.sh: {}
storage/lz-storage_bucket/apply.sh: {}
storage/lz-storage_bucket/apply.sh: {}
storage/lz-storage_bucket/apply.sh: Using EditorConfig core...
storage/lz-storage_bucket/apply.sh: Using EditorConfig core...
storage/lz-storage_bucket/apply.sh: {}
storage/lz-storage_bucket/apply.sh: {}
No more open editors.
storage/lz-storage_bucket/destroy.sh: {}
storage/lz-storage_bucket/destroy.sh: {}
storage/lz-storage_bucket/destroy.sh: {}
storage/lz-storage_bucket/destroy.sh: Using EditorConfig core...
storage/lz-storage_bucket/apply.sh: {}
storage/lz-storage_bucket/destroy.sh: {}
storage/lz-storage_bucket/destroy.sh: Using EditorConfig core...
storage/lz-storage_bucket/destroy.sh: Using EditorConfig core...
storage/lz-storage_bucket/destroy.sh: Using EditorConfig core...
storage/lz-storage_bucket/destroy.sh: Using EditorConfig core...
storage/lz-storage_bucket/template/backend.tf: {}
storage/lz-storage_bucket/destroy.sh: {}
storage/lz-storage_bucket/destroy.sh: {}
storage/lz-storage_bucket/destroy.sh: {}
storage/lz-storage_bucket/destroy.sh: {}
storage/lz-storage_bucket/input.-json-file/storage_bucket.tfvars: {}
storage/lz-storage_bucket/input.-json-file/storage_bucket.tfvars: {}
storage/lz-storage_bucket/template/backend.tf: {}
storage/lz-storage_bucket/template/backend.tf: {}
storage/lz-storage_bucket/template/backend.tf: {}
storage/lz-storage_bucket/template/backend.tf: {}
storage/lz-storage_bucket/template/output.tf: {}
storage/lz-storage_bucket/template/provider.tf: {}
storage/lz-storage_bucket/template/storage_bucket.tf: {}
storage/lz-storage_bucket/template/variable.tf: {}
storage/lz-storage_bucket/template/storage_bucket.tf: {}
storage/lz-storage_bucket/template/storage_bucket.tf: {}
storage/lz-storage_bucket/template/storage_bucket.tf: {}
storage/lz-storage_bucket/template/storage_bucket.tf: {}
storage/lz-storage_bucket/template/storage_bucket.tf: {}
storage/lz-storage_bucket/template/storage_bucket.tf: Using EditorConfig core...
storage/lz-storage_bucket/template/storage_bucket.tf: Using EditorConfig core...
storage/lz-storage_bucket/template/storage_bucket.tf: {}
storage/lz-storage_bucket/template/storage_bucket.tf: {}
storage/lz-storage_bucket/template/storage_bucket.tf: {}
storage/lz-storage_bucket/template/storage_bucket.tf: {}
storage/lz-storage_bucket/template/storage_bucket.tf: {}
storage/lz-storage_bucket/template/storage_bucket.tf: Using EditorConfig core...
storage/lz-storage_bucket/template/storage_bucket.tf: Using EditorConfig core...
storage/lz-storage_bucket/template/storage_bucket.tf: {}
storage/lz-storage_bucket/template/storage_bucket.tf: {}
storage/lz-storage_bucket/template/storage_bucket.tf: {}
storage/lz-storage_bucket/template/variable.tf: {}
storage/lz-storage_bucket/template/storage_bucket.tf: {}
storage/lz-storage_bucket/template/provider.tf: {}
storage/lz-storage_bucket/template/output.tf: {}
storage/lz-storage_bucket/template/provider.tf: {}
storage/lz-storage_bucket/template/backend.tf: {}
storage/lz-storage_bucket/input.-json-file/storage_bucket.tfvars: {}
storage/lz-storage_bucket/input.-json-file/storage_bucket.tfvars: Using EditorConfig core...
storage/lz-storage_bucket/input.-json-file/storage_bucket.tfvars: Using EditorConfig core...
storage/lz-storage_bucket/apply.sh: {}
storage/lz-storage_bucket/apply.sh: {}
storage/lz-storage_bucket/apply.sh: Using EditorConfig core...
storage/lz-storage_bucket/apply.sh: Using EditorConfig core...
storage/lz-storage_bucket/template/variable.tf: {}
storage/lz-storage_bucket/template/storage_bucket.tf: {}
storage/lz-storage_bucket/template/variable.tf: {}
storage/lz-storage_bucket/template/storage_bucket.tf: {}
storage/lz-storage_bucket/template/provider.tf: {}
storage/lz-storage_bucket/template/output.tf: {}
storage/lz-storage_bucket/template/backend.tf: {}
storage/lz-storage_bucket/input.-json-file/storage_bucket.tfvars: {}
storage/lz-storage_bucket/template/provider.tf: {}
storage/lz-storage_bucket/input.-json-file/storage_bucket.tfvars: {}
storage/lz-storage_bucket/template/storage_bucket.tf: {}
storage/lz-storage_bucket/input.-json-file/storage_bucket.tfvars: {}
storage/lz-storage_bucket/input.-json-file/storage_bucket.tfvars: Using EditorConfig core...
storage/lz-storage_bucket/input.-json-file/storage_bucket.tfvars: Using EditorConfig core...
storage/lz-storage_bucket/input.-json-file/storage_bucket.tfvars: Using EditorConfig core...
storage/lz-storage_bucket/input.-json-file/storage_bucket.tfvars: Using EditorConfig core...
storage/lz-storage_bucket/input.-json-file/storage_bucket.tfvars: Using EditorConfig core...
storage/lz-storage_bucket/input.-json-file/storage_bucket.tfvars: Using EditorConfig core...
storage/lz-storage_bucket/template/variable.tf: {}
storage/lz-storage_bucket/template/storage_bucket.tf: {}
storage/lz-storage_bucket/template/provider.tf: {}
storage/lz-storage_bucket/apply.sh: {}
storage/lz-storage_bucket/apply.sh: {}
storage/lz-storage_bucket/apply.sh: {}
storage/lz-storage_bucket/apply.sh: {}
storage/lz-storage_bucket/apply.sh: Using EditorConfig core...
storage/lz-storage_bucket/apply.sh: Using EditorConfig core...
storage/lz-storage_bucket/template/storage_bucket.tf: {}
storage/lz-storage_bucket/template/storage_bucket.tf: {}
storage/lz-storage_bucket/apply.sh: {}
storage/lz-storage_bucket/destroy.sh: {}
storage/lz-storage_bucket/destroy.sh: Using EditorConfig core...
storage/lz-storage_bucket/apply.sh: {}
storage/lz-storage_bucket/apply.sh: {}
storage/lz-storage_bucket/apply.sh: {}
storage/lz-storage_bucket/apply.sh: {}
storage/lz-storage_bucket/apply.sh: {}
storage/lz-storage_bucket/apply.sh: {}
storage/lz-storage_bucket/apply.sh: {}
storage/lz-storage_bucket/apply.sh: {}
storage/lz-storage_bucket/apply.sh: {}
storage/lz-storage_bucket/apply.sh: {}
storage/lz-storage_bucket/apply.sh: {}
storage/lz-storage_bucket/input.-json-file/storage_bucket.tfvars: {}
storage/lz-storage_bucket/template/backend.tf: {}
storage/lz-storage_bucket/template/output.tf: {}
storage/lz-storage_bucket/template/backend.tf: {}
storage/lz-storage_bucket/template/output.tf: {}
storage/lz-storage_bucket/template/provider.tf: {}
storage/lz-storage_bucket/template/storage_bucket.tf: {}
storage/lz-storage_bucket/template/variable.tf: {}
storage/lz-storage_bucket/apply.sh: {}
storage/lz-storage_bucket/destroy.sh: {}
storage/lz-storage_bucket/destroy.sh: {}
storage/lz-storage_bucket/destroy.sh: {}
storage/lz-storage_bucket/destroy.sh: {}
