Initializing document watcher...
Document watcher initialized
yellaboyinapavanteja/google_compute_network_endpoint/main.tf: {}
yellaboyinapavanteja/google_compute_network_endpoint/output.tf: {}
yellaboyinapavanteja/google_compute_network_endpoint/version.tf: {}
yellaboyinapavanteja/google_compute_network_endpoint/variables.tf: {}
yellaboyinapavanteja/google_compute_network_endpoint/variables.tf: {}
yellaboyinapavanteja/google_compute_network_endpoint/variables.tf: {}
yellaboyinapavanteja/google_compute_network_endpoint/variables.tf: {}
yellaboyinapavanteja/google_compute_network_endpoint/variables.tf: {}
yellaboyinapavanteja/google_compute_network_endpoint/variables.tf: {}
yellaboyinapavanteja/rogers-1/google_monitoring_alert_policy/main.tf: {}
yellaboyinapavanteja/rogers-1/google_monitoring_alert_policy/main.tf: {}
yellaboyinapavanteja/rogers-1/google_monitoring_alert_policy/main.tf: {}
yellaboyinapavanteja/rogers/google_monitoring_alert_policy.1/main.tf: {}
yellaboyinapavanteja/rogers/google_monitoring_alert_policy.1/main.tf: Using EditorConfig core...
yellaboyinapavanteja/rogers/google_monitoring_alert_policy.1/main.tf: Using EditorConfig core...
yellaboyinapavanteja/rogers/google_monitoring_alert_policy.1/main.tf: Using EditorConfig core...
yellaboyinapavanteja/rogers-1/google_logging_project_sink/main.tf: {}
yellaboyinapavanteja/rogers-1/google_monitoring_alert_policy/main.tf: {}
yellaboyinapavanteja/rogers-1/google_monitoring_alert_policy.1/main.tf: {}
No more open editors.
No more open editors.
No more open editors.
