2024-05-13 10:09:58.651 [info] Log level: Info
2024-05-13 10:09:58.651 [info] Validating found git in: "git"
2024-05-13 10:09:58.651 [info] Using git "2.34.1" from "git"
2024-05-13 10:09:58.651 [info] > git rev-parse --show-toplevel [28ms]
2024-05-13 10:09:58.651 [info] > git rev-parse --git-dir --git-common-dir [2ms]
2024-05-13 10:09:58.651 [info] Open repository: /home/yellaboyinapavanteja
2024-05-13 10:09:58.651 [info] > git rev-parse --show-toplevel [17ms]
2024-05-13 10:09:58.651 [info] > git config --get commit.template [25ms]
2024-05-13 10:09:58.651 [info] > git rev-parse --show-toplevel [20ms]
2024-05-13 10:09:58.651 [info] > git for-each-ref --format=%(refname)%00%(upstream:short)%00%(objectname)%00%(upstream:track)%00%(upstream:remotename)%00%(upstream:remoteref) refs/heads/pavan2704 refs/remotes/pavan2704 [2263ms]
2024-05-13 10:09:58.651 [info] > git rev-parse --show-toplevel [41ms]
2024-05-13 10:09:58.654 [info] > git rev-parse --show-toplevel [4ms]
2024-05-13 10:09:58.677 [info] > git rev-parse --show-toplevel [3ms]
2024-05-13 10:09:58.699 [info] > git status -z -uall [75ms]
2024-05-13 10:09:58.925 [info] > git rev-parse --show-toplevel [229ms]
2024-05-13 10:09:59.517 [info] > git config --get commit.template [711ms]
2024-05-13 10:09:59.553 [info] > git rev-parse --show-toplevel [335ms]
2024-05-13 10:09:59.587 [info] > git check-ignore -v -z --stdin [47ms]
2024-05-13 10:09:59.590 [info] > git rev-parse --show-toplevel [4ms]
2024-05-13 10:09:59.591 [info] > git for-each-ref --format=%(refname)%00%(upstream:short)%00%(objectname)%00%(upstream:track)%00%(upstream:remotename)%00%(upstream:remoteref) refs/heads/pavan2704 refs/remotes/pavan2704 [20ms]
2024-05-13 10:09:59.630 [info] > git status -z -uall [22ms]
2024-05-13 10:09:59.631 [info] > git rev-parse --show-toplevel [6ms]
2024-05-13 10:09:59.705 [info] > git rev-parse --show-toplevel [5ms]
2024-05-13 10:09:59.724 [info] > git rev-parse --show-toplevel [4ms]
2024-05-13 10:09:59.993 [info] > git rev-parse --git-dir --git-common-dir [251ms]
2024-05-13 10:09:59.997 [info] Open repository: /home/yellaboyinapavanteja/slz-terraform-modules
2024-05-13 10:10:00.053 [info] > git config --get commit.template [20ms]
2024-05-13 10:10:00.054 [info] > git rev-parse --show-toplevel [6ms]
2024-05-13 10:10:00.087 [info] > git rev-parse --git-dir --git-common-dir [3ms]
2024-05-13 10:10:00.091 [info] Open repository: /home/yellaboyinapavanteja/slz-terraform-templates
2024-05-13 10:10:00.111 [info] > git config --get commit.template [3ms]
2024-05-13 10:10:00.112 [info] > git for-each-ref --format=%(refname)%00%(upstream:short)%00%(objectname)%00%(upstream:track)%00%(upstream:remotename)%00%(upstream:remoteref) refs/heads/master refs/remotes/master [43ms]
2024-05-13 10:10:00.163 [info] > git status -z -uall [37ms]
2024-05-13 10:10:00.187 [info] > git for-each-ref --format=%(refname)%00%(upstream:short)%00%(objectname)%00%(upstream:track)%00%(upstream:remotename)%00%(upstream:remoteref) refs/heads/master refs/remotes/master [45ms]
2024-05-13 10:10:00.204 [info] > git config --get commit.template [19ms]
2024-05-13 10:10:00.221 [info] > git status -z -uall [19ms]
2024-05-13 10:10:00.242 [info] > git for-each-ref --format=%(refname)%00%(upstream:short)%00%(objectname)%00%(upstream:track)%00%(upstream:remotename)%00%(upstream:remoteref) refs/heads/master refs/remotes/master [23ms]
2024-05-13 10:10:00.258 [info] > git config --get commit.template [17ms]
2024-05-13 10:10:00.278 [info] > git status -z -uall [21ms]
2024-05-13 10:10:00.278 [info] > git for-each-ref --format=%(refname)%00%(upstream:short)%00%(objectname)%00%(upstream:track)%00%(upstream:remotename)%00%(upstream:remoteref) refs/heads/master refs/remotes/master [3ms]
2024-05-13 10:10:00.298 [info] > git status -z -uall [6ms]
2024-05-13 10:10:01.462 [info] > git check-ignore -v -z --stdin [48ms]
2024-05-13 10:10:01.463 [info] > git check-ignore -v -z --stdin [32ms]
2024-05-13 10:10:01.464 [info] > git check-ignore -v -z --stdin [12ms]
