2024-03-12 05:44:16.899 [info] Extension host with pid 1209 started
2024-03-12 05:44:16.971 [info] Lock '/home/yellaboyinapavanteja/.codeoss/data/User/workspaceStorage/13688939/vscode.lock': Lock acquired.
2024-03-12 05:44:17.057 [info] ExtensionService#_doActivateExtension vscode.git-base, startup: true, activationEvent: '*', root cause: vscode.git
2024-03-12 05:44:17.297 [info] ExtensionService#_doActivateExtension vscode.git, startup: true, activationEvent: '*'
2024-03-12 05:44:17.297 [info] ExtensionService#_doActivateExtension vscode.github, startup: true, activationEvent: '*'
2024-03-12 05:44:17.863 [info] Eager extensions activated
2024-03-12 05:44:17.863 [info] ExtensionService#_doActivateExtension EditorConfig.EditorConfig, startup: false, activationEvent: 'onStartupFinished'
2024-03-12 05:44:17.864 [info] ExtensionService#_doActivateExtension google.cloud-shell, startup: false, activationEvent: 'onStartupFinished'
2024-03-12 05:44:17.864 [info] ExtensionService#_doActivateExtension googlecloudtools.cloudcode, startup: false, activationEvent: 'onStartupFinished'
2024-03-12 05:44:17.864 [info] ExtensionService#_doActivateExtension vscode.debug-auto-launch, startup: false, activationEvent: 'onStartupFinished'
2024-03-12 05:44:17.865 [info] ExtensionService#_doActivateExtension vscode.merge-conflict, startup: false, activationEvent: 'onStartupFinished'
2024-03-12 05:44:19.731 [info] ExtensionService#_doActivateExtension vscode.json-language-features, startup: false, activationEvent: 'onLanguage:jsonc'
2024-03-12 05:44:19.732 [info] ExtensionService#_doActivateExtension vscode.typescript-language-features, startup: false, activationEvent: 'onLanguage:jsonc'
2024-03-12 05:44:19.732 [info] ExtensionService#_doActivateExtension vscode.emmet, startup: false, activationEvent: 'onLanguage'
2024-03-12 05:45:38.511 [info] ExtensionService#_doActivateExtension hashicorp.terraform, startup: false, activationEvent: 'onLanguage:terraform'
2024-03-12 05:49:10.724 [error] [hashicorp.terraform] provider FAILED
2024-03-12 05:49:10.725 [error] Error: variable.tf (6,20): position outside of "variable" body
	at /google/devshell/editor/code-oss-for-cloud-shell/extensions/hashicorp.terraform-2.26.1@linux/out/extension.js:1:387132
	at re (/google/devshell/editor/code-oss-for-cloud-shell/extensions/hashicorp.terraform-2.26.1@linux/out/extension.js:1:387426)
	at /google/devshell/editor/code-oss-for-cloud-shell/extensions/hashicorp.terraform-2.26.1@linux/out/extension.js:1:382210
	at Immediate.<anonymous> (/google/devshell/editor/code-oss-for-cloud-shell/extensions/hashicorp.terraform-2.26.1@linux/out/extension.js:1:382230)
	at process.processImmediate (node:internal/timers:476:21)
2024-03-12 05:49:25.320 [error] [hashicorp.terraform] provider FAILED
2024-03-12 05:49:25.320 [error] Error: variable.tf (6,20): position outside of "variable" body
	at /google/devshell/editor/code-oss-for-cloud-shell/extensions/hashicorp.terraform-2.26.1@linux/out/extension.js:1:387132
	at re (/google/devshell/editor/code-oss-for-cloud-shell/extensions/hashicorp.terraform-2.26.1@linux/out/extension.js:1:387426)
	at /google/devshell/editor/code-oss-for-cloud-shell/extensions/hashicorp.terraform-2.26.1@linux/out/extension.js:1:382210
	at Immediate.<anonymous> (/google/devshell/editor/code-oss-for-cloud-shell/extensions/hashicorp.terraform-2.26.1@linux/out/extension.js:1:382230)
	at process.processImmediate (node:internal/timers:476:21)
2024-03-12 05:49:27.901 [error] [hashicorp.terraform] provider FAILED
2024-03-12 05:49:27.901 [error] Error: backend.tf (2,19): position outside of "backend" body
	at /google/devshell/editor/code-oss-for-cloud-shell/extensions/hashicorp.terraform-2.26.1@linux/out/extension.js:1:387132
	at re (/google/devshell/editor/code-oss-for-cloud-shell/extensions/hashicorp.terraform-2.26.1@linux/out/extension.js:1:387426)
	at /google/devshell/editor/code-oss-for-cloud-shell/extensions/hashicorp.terraform-2.26.1@linux/out/extension.js:1:382210
	at Immediate.<anonymous> (/google/devshell/editor/code-oss-for-cloud-shell/extensions/hashicorp.terraform-2.26.1@linux/out/extension.js:1:382230)
	at process.processImmediate (node:internal/timers:476:21)
2024-03-12 05:51:50.871 [error] [hashicorp.terraform] provider FAILED
2024-03-12 05:51:50.872 [error] Error: storage_bucket.tf (13,3): unknown attribute "folder_id"
	at /google/devshell/editor/code-oss-for-cloud-shell/extensions/hashicorp.terraform-2.26.1@linux/out/extension.js:1:387132
	at re (/google/devshell/editor/code-oss-for-cloud-shell/extensions/hashicorp.terraform-2.26.1@linux/out/extension.js:1:387426)
	at /google/devshell/editor/code-oss-for-cloud-shell/extensions/hashicorp.terraform-2.26.1@linux/out/extension.js:1:382210
	at Immediate.<anonymous> (/google/devshell/editor/code-oss-for-cloud-shell/extensions/hashicorp.terraform-2.26.1@linux/out/extension.js:1:382230)
	at process.processImmediate (node:internal/timers:476:21)
2024-03-12 05:51:54.147 [error] [hashicorp.terraform] provider FAILED
2024-03-12 05:51:54.147 [error] Error: storage_bucket.tf (15,7): unknown attribute "members"
	at /google/devshell/editor/code-oss-for-cloud-shell/extensions/hashicorp.terraform-2.26.1@linux/out/extension.js:1:387132
	at re (/google/devshell/editor/code-oss-for-cloud-shell/extensions/hashicorp.terraform-2.26.1@linux/out/extension.js:1:387426)
	at /google/devshell/editor/code-oss-for-cloud-shell/extensions/hashicorp.terraform-2.26.1@linux/out/extension.js:1:382210
	at Immediate.<anonymous> (/google/devshell/editor/code-oss-for-cloud-shell/extensions/hashicorp.terraform-2.26.1@linux/out/extension.js:1:382230)
	at process.processImmediate (node:internal/timers:476:21)
2024-03-12 05:52:08.175 [error] [hashicorp.terraform] provider FAILED
2024-03-12 05:52:08.175 [error] Error: storage_bucket.tf (15,13): unknown attribute "members"
	at /google/devshell/editor/code-oss-for-cloud-shell/extensions/hashicorp.terraform-2.26.1@linux/out/extension.js:1:387132
	at re (/google/devshell/editor/code-oss-for-cloud-shell/extensions/hashicorp.terraform-2.26.1@linux/out/extension.js:1:387426)
	at /google/devshell/editor/code-oss-for-cloud-shell/extensions/hashicorp.terraform-2.26.1@linux/out/extension.js:1:382210
	at Immediate.<anonymous> (/google/devshell/editor/code-oss-for-cloud-shell/extensions/hashicorp.terraform-2.26.1@linux/out/extension.js:1:382230)
	at process.processImmediate (node:internal/timers:476:21)
2024-03-12 05:52:08.449 [error] [hashicorp.terraform] provider FAILED
2024-03-12 05:52:08.449 [error] Error: storage_bucket.tf (15,12): unknown attribute "members"
	at /google/devshell/editor/code-oss-for-cloud-shell/extensions/hashicorp.terraform-2.26.1@linux/out/extension.js:1:387132
	at re (/google/devshell/editor/code-oss-for-cloud-shell/extensions/hashicorp.terraform-2.26.1@linux/out/extension.js:1:387426)
	at /google/devshell/editor/code-oss-for-cloud-shell/extensions/hashicorp.terraform-2.26.1@linux/out/extension.js:1:382210
	at Immediate.<anonymous> (/google/devshell/editor/code-oss-for-cloud-shell/extensions/hashicorp.terraform-2.26.1@linux/out/extension.js:1:382230)
	at process.processImmediate (node:internal/timers:476:21)
2024-03-12 05:52:09.040 [error] [hashicorp.terraform] provider FAILED
2024-03-12 05:52:09.041 [error] Error: storage_bucket.tf (14,12): unknown attribute "role"
	at /google/devshell/editor/code-oss-for-cloud-shell/extensions/hashicorp.terraform-2.26.1@linux/out/extension.js:1:387132
	at re (/google/devshell/editor/code-oss-for-cloud-shell/extensions/hashicorp.terraform-2.26.1@linux/out/extension.js:1:387426)
	at /google/devshell/editor/code-oss-for-cloud-shell/extensions/hashicorp.terraform-2.26.1@linux/out/extension.js:1:382210
	at Immediate.<anonymous> (/google/devshell/editor/code-oss-for-cloud-shell/extensions/hashicorp.terraform-2.26.1@linux/out/extension.js:1:382230)
	at process.processImmediate (node:internal/timers:476:21)
2024-03-12 05:52:18.404 [error] [hashicorp.terraform] provider FAILED
2024-03-12 05:52:18.405 [error] Error: storage_bucket.tf (2,2): position outside of any attribute name, value or block
	at /google/devshell/editor/code-oss-for-cloud-shell/extensions/hashicorp.terraform-2.26.1@linux/out/extension.js:1:387132
	at re (/google/devshell/editor/code-oss-for-cloud-shell/extensions/hashicorp.terraform-2.26.1@linux/out/extension.js:1:387426)
	at /google/devshell/editor/code-oss-for-cloud-shell/extensions/hashicorp.terraform-2.26.1@linux/out/extension.js:1:382210
	at Immediate.<anonymous> (/google/devshell/editor/code-oss-for-cloud-shell/extensions/hashicorp.terraform-2.26.1@linux/out/extension.js:1:382230)
	at process.processImmediate (node:internal/timers:476:21)
2024-03-12 05:52:18.862 [error] [hashicorp.terraform] provider FAILED
2024-03-12 05:52:18.862 [error] Error: storage_bucket.tf (2,1): position outside of any attribute name, value or block
	at /google/devshell/editor/code-oss-for-cloud-shell/extensions/hashicorp.terraform-2.26.1@linux/out/extension.js:1:387132
	at re (/google/devshell/editor/code-oss-for-cloud-shell/extensions/hashicorp.terraform-2.26.1@linux/out/extension.js:1:387426)
	at /google/devshell/editor/code-oss-for-cloud-shell/extensions/hashicorp.terraform-2.26.1@linux/out/extension.js:1:382210
	at Immediate.<anonymous> (/google/devshell/editor/code-oss-for-cloud-shell/extensions/hashicorp.terraform-2.26.1@linux/out/extension.js:1:382230)
	at process.processImmediate (node:internal/timers:476:21)
2024-03-12 05:52:23.660 [error] [hashicorp.terraform] provider FAILED
2024-03-12 05:52:23.660 [error] Error: no reference origin found
	at /google/devshell/editor/code-oss-for-cloud-shell/extensions/hashicorp.terraform-2.26.1@linux/out/extension.js:1:387132
	at re (/google/devshell/editor/code-oss-for-cloud-shell/extensions/hashicorp.terraform-2.26.1@linux/out/extension.js:1:387426)
	at /google/devshell/editor/code-oss-for-cloud-shell/extensions/hashicorp.terraform-2.26.1@linux/out/extension.js:1:382210
	at Immediate.<anonymous> (/google/devshell/editor/code-oss-for-cloud-shell/extensions/hashicorp.terraform-2.26.1@linux/out/extension.js:1:382230)
	at process.processImmediate (node:internal/timers:476:21)
2024-03-12 05:52:24.187 [error] [hashicorp.terraform] provider FAILED
2024-03-12 05:52:24.188 [error] Error: storage_bucket.tf (13,3): unknown attribute "folder_id"
	at /google/devshell/editor/code-oss-for-cloud-shell/extensions/hashicorp.terraform-2.26.1@linux/out/extension.js:1:387132
	at re (/google/devshell/editor/code-oss-for-cloud-shell/extensions/hashicorp.terraform-2.26.1@linux/out/extension.js:1:387426)
	at /google/devshell/editor/code-oss-for-cloud-shell/extensions/hashicorp.terraform-2.26.1@linux/out/extension.js:1:382210
	at Immediate.<anonymous> (/google/devshell/editor/code-oss-for-cloud-shell/extensions/hashicorp.terraform-2.26.1@linux/out/extension.js:1:382230)
	at process.processImmediate (node:internal/timers:476:21)
2024-03-12 05:52:24.877 [error] [hashicorp.terraform] provider FAILED
2024-03-12 05:52:24.877 [error] Error: storage_bucket.tf (13,2): position outside of any attribute name, value or block
	at /google/devshell/editor/code-oss-for-cloud-shell/extensions/hashicorp.terraform-2.26.1@linux/out/extension.js:1:387132
	at re (/google/devshell/editor/code-oss-for-cloud-shell/extensions/hashicorp.terraform-2.26.1@linux/out/extension.js:1:387426)
	at /google/devshell/editor/code-oss-for-cloud-shell/extensions/hashicorp.terraform-2.26.1@linux/out/extension.js:1:382210
	at Immediate.<anonymous> (/google/devshell/editor/code-oss-for-cloud-shell/extensions/hashicorp.terraform-2.26.1@linux/out/extension.js:1:382230)
	at process.processImmediate (node:internal/timers:476:21)
2024-03-12 05:52:47.013 [error] [hashicorp.terraform] provider FAILED
2024-03-12 05:52:47.013 [error] Error: storage_bucket.tf (13,17): unknown attribute "name"
	at /google/devshell/editor/code-oss-for-cloud-shell/extensions/hashicorp.terraform-2.26.1@linux/out/extension.js:1:387132
	at re (/google/devshell/editor/code-oss-for-cloud-shell/extensions/hashicorp.terraform-2.26.1@linux/out/extension.js:1:387426)
	at /google/devshell/editor/code-oss-for-cloud-shell/extensions/hashicorp.terraform-2.26.1@linux/out/extension.js:1:382210
	at Immediate.<anonymous> (/google/devshell/editor/code-oss-for-cloud-shell/extensions/hashicorp.terraform-2.26.1@linux/out/extension.js:1:382230)
	at process.processImmediate (node:internal/timers:476:21)
2024-03-12 05:52:47.462 [error] [hashicorp.terraform] provider FAILED
2024-03-12 05:52:47.462 [error] Error: storage_bucket.tf (13,15): unknown attribute "name"
	at /google/devshell/editor/code-oss-for-cloud-shell/extensions/hashicorp.terraform-2.26.1@linux/out/extension.js:1:387132
	at re (/google/devshell/editor/code-oss-for-cloud-shell/extensions/hashicorp.terraform-2.26.1@linux/out/extension.js:1:387426)
	at /google/devshell/editor/code-oss-for-cloud-shell/extensions/hashicorp.terraform-2.26.1@linux/out/extension.js:1:382210
	at Immediate.<anonymous> (/google/devshell/editor/code-oss-for-cloud-shell/extensions/hashicorp.terraform-2.26.1@linux/out/extension.js:1:382230)
	at process.processImmediate (node:internal/timers:476:21)
2024-03-12 05:52:47.776 [error] [hashicorp.terraform] provider FAILED
2024-03-12 05:52:47.776 [error] Error: storage_bucket.tf (13,18): unknown attribute "name"
	at /google/devshell/editor/code-oss-for-cloud-shell/extensions/hashicorp.terraform-2.26.1@linux/out/extension.js:1:387132
	at re (/google/devshell/editor/code-oss-for-cloud-shell/extensions/hashicorp.terraform-2.26.1@linux/out/extension.js:1:387426)
	at /google/devshell/editor/code-oss-for-cloud-shell/extensions/hashicorp.terraform-2.26.1@linux/out/extension.js:1:382210
	at Immediate.<anonymous> (/google/devshell/editor/code-oss-for-cloud-shell/extensions/hashicorp.terraform-2.26.1@linux/out/extension.js:1:382230)
	at process.processImmediate (node:internal/timers:476:21)
2024-03-12 05:52:59.593 [error] [hashicorp.terraform] provider FAILED
2024-03-12 05:52:59.593 [error] Error: storage_bucket.tf (13,18): unknown attribute "name"
	at /google/devshell/editor/code-oss-for-cloud-shell/extensions/hashicorp.terraform-2.26.1@linux/out/extension.js:1:387132
	at re (/google/devshell/editor/code-oss-for-cloud-shell/extensions/hashicorp.terraform-2.26.1@linux/out/extension.js:1:387426)
	at /google/devshell/editor/code-oss-for-cloud-shell/extensions/hashicorp.terraform-2.26.1@linux/out/extension.js:1:382210
	at Immediate.<anonymous> (/google/devshell/editor/code-oss-for-cloud-shell/extensions/hashicorp.terraform-2.26.1@linux/out/extension.js:1:382230)
	at process.processImmediate (node:internal/timers:476:21)
2024-03-12 05:53:00.166 [error] [hashicorp.terraform] provider FAILED
2024-03-12 05:53:00.166 [error] Error: storage_bucket.tf (15,23): unknown attribute "storage_class"
	at /google/devshell/editor/code-oss-for-cloud-shell/extensions/hashicorp.terraform-2.26.1@linux/out/extension.js:1:387132
	at re (/google/devshell/editor/code-oss-for-cloud-shell/extensions/hashicorp.terraform-2.26.1@linux/out/extension.js:1:387426)
	at /google/devshell/editor/code-oss-for-cloud-shell/extensions/hashicorp.terraform-2.26.1@linux/out/extension.js:1:382210
	at Immediate.<anonymous> (/google/devshell/editor/code-oss-for-cloud-shell/extensions/hashicorp.terraform-2.26.1@linux/out/extension.js:1:382230)
	at process.processImmediate (node:internal/timers:476:21)
2024-03-12 05:53:11.835 [error] [hashicorp.terraform] provider FAILED
2024-03-12 05:53:11.835 [error] Error: storage_bucket.tf (15,23): unknown attribute "storage_class"
	at /google/devshell/editor/code-oss-for-cloud-shell/extensions/hashicorp.terraform-2.26.1@linux/out/extension.js:1:387132
	at re (/google/devshell/editor/code-oss-for-cloud-shell/extensions/hashicorp.terraform-2.26.1@linux/out/extension.js:1:387426)
	at /google/devshell/editor/code-oss-for-cloud-shell/extensions/hashicorp.terraform-2.26.1@linux/out/extension.js:1:382210
	at Immediate.<anonymous> (/google/devshell/editor/code-oss-for-cloud-shell/extensions/hashicorp.terraform-2.26.1@linux/out/extension.js:1:382230)
	at process.processImmediate (node:internal/timers:476:21)
2024-03-12 05:53:12.465 [error] [hashicorp.terraform] provider FAILED
2024-03-12 05:53:12.465 [error] Error: storage_bucket.tf (14,17): unknown attribute "location"
	at /google/devshell/editor/code-oss-for-cloud-shell/extensions/hashicorp.terraform-2.26.1@linux/out/extension.js:1:387132
	at re (/google/devshell/editor/code-oss-for-cloud-shell/extensions/hashicorp.terraform-2.26.1@linux/out/extension.js:1:387426)
	at /google/devshell/editor/code-oss-for-cloud-shell/extensions/hashicorp.terraform-2.26.1@linux/out/extension.js:1:382210
	at Immediate.<anonymous> (/google/devshell/editor/code-oss-for-cloud-shell/extensions/hashicorp.terraform-2.26.1@linux/out/extension.js:1:382230)
	at process.processImmediate (node:internal/timers:476:21)
2024-03-12 05:53:13.290 [error] [hashicorp.terraform] provider FAILED
2024-03-12 05:53:13.291 [error] Error: storage_bucket.tf (14,22): unknown attribute "location"
	at /google/devshell/editor/code-oss-for-cloud-shell/extensions/hashicorp.terraform-2.26.1@linux/out/extension.js:1:387132
	at re (/google/devshell/editor/code-oss-for-cloud-shell/extensions/hashicorp.terraform-2.26.1@linux/out/extension.js:1:387426)
	at /google/devshell/editor/code-oss-for-cloud-shell/extensions/hashicorp.terraform-2.26.1@linux/out/extension.js:1:382210
	at Immediate.<anonymous> (/google/devshell/editor/code-oss-for-cloud-shell/extensions/hashicorp.terraform-2.26.1@linux/out/extension.js:1:382230)
	at process.processImmediate (node:internal/timers:476:21)
2024-03-12 05:53:15.652 [error] [hashicorp.terraform] provider FAILED
2024-03-12 05:53:15.653 [error] Error: storage_bucket.tf (13,15): unknown attribute "name"
	at /google/devshell/editor/code-oss-for-cloud-shell/extensions/hashicorp.terraform-2.26.1@linux/out/extension.js:1:387132
	at re (/google/devshell/editor/code-oss-for-cloud-shell/extensions/hashicorp.terraform-2.26.1@linux/out/extension.js:1:387426)
	at /google/devshell/editor/code-oss-for-cloud-shell/extensions/hashicorp.terraform-2.26.1@linux/out/extension.js:1:382210
	at Immediate.<anonymous> (/google/devshell/editor/code-oss-for-cloud-shell/extensions/hashicorp.terraform-2.26.1@linux/out/extension.js:1:382230)
	at process.processImmediate (node:internal/timers:476:21)
2024-03-12 05:53:17.426 [error] [hashicorp.terraform] provider FAILED
2024-03-12 05:53:17.426 [error] Error: storage_bucket.tf (13,25): unknown attribute "name"
	at /google/devshell/editor/code-oss-for-cloud-shell/extensions/hashicorp.terraform-2.26.1@linux/out/extension.js:1:387132
	at re (/google/devshell/editor/code-oss-for-cloud-shell/extensions/hashicorp.terraform-2.26.1@linux/out/extension.js:1:387426)
	at /google/devshell/editor/code-oss-for-cloud-shell/extensions/hashicorp.terraform-2.26.1@linux/out/extension.js:1:382210
	at Immediate.<anonymous> (/google/devshell/editor/code-oss-for-cloud-shell/extensions/hashicorp.terraform-2.26.1@linux/out/extension.js:1:382230)
	at process.processImmediate (node:internal/timers:476:21)
2024-03-12 05:53:17.863 [error] [hashicorp.terraform] provider FAILED
2024-03-12 05:53:17.863 [error] Error: no reference origin found
	at /google/devshell/editor/code-oss-for-cloud-shell/extensions/hashicorp.terraform-2.26.1@linux/out/extension.js:1:387132
	at re (/google/devshell/editor/code-oss-for-cloud-shell/extensions/hashicorp.terraform-2.26.1@linux/out/extension.js:1:387426)
	at /google/devshell/editor/code-oss-for-cloud-shell/extensions/hashicorp.terraform-2.26.1@linux/out/extension.js:1:382210
	at Immediate.<anonymous> (/google/devshell/editor/code-oss-for-cloud-shell/extensions/hashicorp.terraform-2.26.1@linux/out/extension.js:1:382230)
	at process.processImmediate (node:internal/timers:476:21)
2024-03-12 05:53:18.634 [error] [hashicorp.terraform] provider FAILED
2024-03-12 05:53:18.634 [error] Error: storage_bucket.tf (14,14): unknown attribute "location"
	at /google/devshell/editor/code-oss-for-cloud-shell/extensions/hashicorp.terraform-2.26.1@linux/out/extension.js:1:387132
	at re (/google/devshell/editor/code-oss-for-cloud-shell/extensions/hashicorp.terraform-2.26.1@linux/out/extension.js:1:387426)
	at /google/devshell/editor/code-oss-for-cloud-shell/extensions/hashicorp.terraform-2.26.1@linux/out/extension.js:1:382210
	at Immediate.<anonymous> (/google/devshell/editor/code-oss-for-cloud-shell/extensions/hashicorp.terraform-2.26.1@linux/out/extension.js:1:382230)
	at process.processImmediate (node:internal/timers:476:21)
2024-03-12 05:53:19.619 [error] [hashicorp.terraform] provider FAILED
2024-03-12 05:53:19.619 [error] Error: storage_bucket.tf (14,14): unknown attribute "location"
	at /google/devshell/editor/code-oss-for-cloud-shell/extensions/hashicorp.terraform-2.26.1@linux/out/extension.js:1:387132
	at re (/google/devshell/editor/code-oss-for-cloud-shell/extensions/hashicorp.terraform-2.26.1@linux/out/extension.js:1:387426)
	at /google/devshell/editor/code-oss-for-cloud-shell/extensions/hashicorp.terraform-2.26.1@linux/out/extension.js:1:382210
	at Immediate.<anonymous> (/google/devshell/editor/code-oss-for-cloud-shell/extensions/hashicorp.terraform-2.26.1@linux/out/extension.js:1:382230)
	at process.processImmediate (node:internal/timers:476:21)
2024-03-12 05:53:19.857 [error] [hashicorp.terraform] provider FAILED
2024-03-12 05:53:19.857 [error] Error: storage_bucket.tf (14,14): unknown attribute "location"
	at /google/devshell/editor/code-oss-for-cloud-shell/extensions/hashicorp.terraform-2.26.1@linux/out/extension.js:1:387132
	at re (/google/devshell/editor/code-oss-for-cloud-shell/extensions/hashicorp.terraform-2.26.1@linux/out/extension.js:1:387426)
	at /google/devshell/editor/code-oss-for-cloud-shell/extensions/hashicorp.terraform-2.26.1@linux/out/extension.js:1:382210
	at Immediate.<anonymous> (/google/devshell/editor/code-oss-for-cloud-shell/extensions/hashicorp.terraform-2.26.1@linux/out/extension.js:1:382230)
	at process.processImmediate (node:internal/timers:476:21)
2024-03-12 05:53:20.316 [error] [hashicorp.terraform] provider FAILED
2024-03-12 05:53:20.317 [error] Error: no reference origin found
	at /google/devshell/editor/code-oss-for-cloud-shell/extensions/hashicorp.terraform-2.26.1@linux/out/extension.js:1:387132
	at re (/google/devshell/editor/code-oss-for-cloud-shell/extensions/hashicorp.terraform-2.26.1@linux/out/extension.js:1:387426)
	at /google/devshell/editor/code-oss-for-cloud-shell/extensions/hashicorp.terraform-2.26.1@linux/out/extension.js:1:382210
	at Immediate.<anonymous> (/google/devshell/editor/code-oss-for-cloud-shell/extensions/hashicorp.terraform-2.26.1@linux/out/extension.js:1:382230)
	at process.processImmediate (node:internal/timers:476:21)
2024-03-12 05:53:20.707 [error] [hashicorp.terraform] provider FAILED
2024-03-12 05:53:20.707 [error] Error: storage_bucket.tf (15,19): unknown attribute "storage_class"
	at /google/devshell/editor/code-oss-for-cloud-shell/extensions/hashicorp.terraform-2.26.1@linux/out/extension.js:1:387132
	at re (/google/devshell/editor/code-oss-for-cloud-shell/extensions/hashicorp.terraform-2.26.1@linux/out/extension.js:1:387426)
	at /google/devshell/editor/code-oss-for-cloud-shell/extensions/hashicorp.terraform-2.26.1@linux/out/extension.js:1:382210
	at Immediate.<anonymous> (/google/devshell/editor/code-oss-for-cloud-shell/extensions/hashicorp.terraform-2.26.1@linux/out/extension.js:1:382230)
	at process.processImmediate (node:internal/timers:476:21)
2024-03-12 05:53:21.084 [error] [hashicorp.terraform] provider FAILED
2024-03-12 05:53:21.084 [error] Error: storage_bucket.tf (15,21): unknown attribute "storage_class"
	at /google/devshell/editor/code-oss-for-cloud-shell/extensions/hashicorp.terraform-2.26.1@linux/out/extension.js:1:387132
	at re (/google/devshell/editor/code-oss-for-cloud-shell/extensions/hashicorp.terraform-2.26.1@linux/out/extension.js:1:387426)
	at /google/devshell/editor/code-oss-for-cloud-shell/extensions/hashicorp.terraform-2.26.1@linux/out/extension.js:1:382210
	at Immediate.<anonymous> (/google/devshell/editor/code-oss-for-cloud-shell/extensions/hashicorp.terraform-2.26.1@linux/out/extension.js:1:382230)
	at process.processImmediate (node:internal/timers:476:21)
2024-03-12 05:53:21.497 [error] [hashicorp.terraform] provider FAILED
2024-03-12 05:53:21.498 [error] Error: storage_bucket.tf (15,22): unknown attribute "storage_class"
	at /google/devshell/editor/code-oss-for-cloud-shell/extensions/hashicorp.terraform-2.26.1@linux/out/extension.js:1:387132
	at re (/google/devshell/editor/code-oss-for-cloud-shell/extensions/hashicorp.terraform-2.26.1@linux/out/extension.js:1:387426)
	at /google/devshell/editor/code-oss-for-cloud-shell/extensions/hashicorp.terraform-2.26.1@linux/out/extension.js:1:382210
	at Immediate.<anonymous> (/google/devshell/editor/code-oss-for-cloud-shell/extensions/hashicorp.terraform-2.26.1@linux/out/extension.js:1:382230)
	at process.processImmediate (node:internal/timers:476:21)
2024-03-12 05:53:22.925 [error] [hashicorp.terraform] provider FAILED
2024-03-12 05:53:22.925 [error] Error: no reference origin found
	at /google/devshell/editor/code-oss-for-cloud-shell/extensions/hashicorp.terraform-2.26.1@linux/out/extension.js:1:387132
	at re (/google/devshell/editor/code-oss-for-cloud-shell/extensions/hashicorp.terraform-2.26.1@linux/out/extension.js:1:387426)
	at /google/devshell/editor/code-oss-for-cloud-shell/extensions/hashicorp.terraform-2.26.1@linux/out/extension.js:1:382210
	at Immediate.<anonymous> (/google/devshell/editor/code-oss-for-cloud-shell/extensions/hashicorp.terraform-2.26.1@linux/out/extension.js:1:382230)
	at process.processImmediate (node:internal/timers:476:21)
2024-03-12 05:53:22.997 [error] [hashicorp.terraform] provider FAILED
2024-03-12 05:53:22.997 [error] Error: storage_bucket.tf (15,19): unknown attribute "storage_class"
	at /google/devshell/editor/code-oss-for-cloud-shell/extensions/hashicorp.terraform-2.26.1@linux/out/extension.js:1:387132
	at re (/google/devshell/editor/code-oss-for-cloud-shell/extensions/hashicorp.terraform-2.26.1@linux/out/extension.js:1:387426)
	at /google/devshell/editor/code-oss-for-cloud-shell/extensions/hashicorp.terraform-2.26.1@linux/out/extension.js:1:382210
	at Immediate.<anonymous> (/google/devshell/editor/code-oss-for-cloud-shell/extensions/hashicorp.terraform-2.26.1@linux/out/extension.js:1:382230)
	at process.processImmediate (node:internal/timers:476:21)
2024-03-12 05:53:24.443 [error] [hashicorp.terraform] provider FAILED
2024-03-12 05:53:24.444 [error] Error: storage_bucket.tf (16,20): unknown attribute "force_destroy"
	at /google/devshell/editor/code-oss-for-cloud-shell/extensions/hashicorp.terraform-2.26.1@linux/out/extension.js:1:387132
	at re (/google/devshell/editor/code-oss-for-cloud-shell/extensions/hashicorp.terraform-2.26.1@linux/out/extension.js:1:387426)
	at /google/devshell/editor/code-oss-for-cloud-shell/extensions/hashicorp.terraform-2.26.1@linux/out/extension.js:1:382210
	at Immediate.<anonymous> (/google/devshell/editor/code-oss-for-cloud-shell/extensions/hashicorp.terraform-2.26.1@linux/out/extension.js:1:382230)
	at process.processImmediate (node:internal/timers:476:21)
2024-03-12 05:53:24.657 [error] [hashicorp.terraform] provider FAILED
2024-03-12 05:53:24.657 [error] Error: storage_bucket.tf (16,21): unknown attribute "force_destroy"
	at /google/devshell/editor/code-oss-for-cloud-shell/extensions/hashicorp.terraform-2.26.1@linux/out/extension.js:1:387132
	at re (/google/devshell/editor/code-oss-for-cloud-shell/extensions/hashicorp.terraform-2.26.1@linux/out/extension.js:1:387426)
	at /google/devshell/editor/code-oss-for-cloud-shell/extensions/hashicorp.terraform-2.26.1@linux/out/extension.js:1:382210
	at Immediate.<anonymous> (/google/devshell/editor/code-oss-for-cloud-shell/extensions/hashicorp.terraform-2.26.1@linux/out/extension.js:1:382230)
	at process.processImmediate (node:internal/timers:476:21)
2024-03-12 05:53:25.940 [error] [hashicorp.terraform] provider FAILED
2024-03-12 05:53:25.940 [error] Error: no reference origin found
	at /google/devshell/editor/code-oss-for-cloud-shell/extensions/hashicorp.terraform-2.26.1@linux/out/extension.js:1:387132
	at re (/google/devshell/editor/code-oss-for-cloud-shell/extensions/hashicorp.terraform-2.26.1@linux/out/extension.js:1:387426)
	at /google/devshell/editor/code-oss-for-cloud-shell/extensions/hashicorp.terraform-2.26.1@linux/out/extension.js:1:382210
	at Immediate.<anonymous> (/google/devshell/editor/code-oss-for-cloud-shell/extensions/hashicorp.terraform-2.26.1@linux/out/extension.js:1:382230)
	at process.processImmediate (node:internal/timers:476:21)
2024-03-12 05:53:26.021 [error] [hashicorp.terraform] provider FAILED
2024-03-12 05:53:26.021 [error] Error: storage_bucket.tf (16,18): unknown attribute "force_destroy"
	at /google/devshell/editor/code-oss-for-cloud-shell/extensions/hashicorp.terraform-2.26.1@linux/out/extension.js:1:387132
	at re (/google/devshell/editor/code-oss-for-cloud-shell/extensions/hashicorp.terraform-2.26.1@linux/out/extension.js:1:387426)
	at /google/devshell/editor/code-oss-for-cloud-shell/extensions/hashicorp.terraform-2.26.1@linux/out/extension.js:1:382210
	at Immediate.<anonymous> (/google/devshell/editor/code-oss-for-cloud-shell/extensions/hashicorp.terraform-2.26.1@linux/out/extension.js:1:382230)
	at process.processImmediate (node:internal/timers:476:21)
2024-03-12 05:53:28.690 [error] [hashicorp.terraform] provider FAILED
2024-03-12 05:53:28.690 [error] Error: storage_bucket.tf (14,3): unknown attribute "location"
	at /google/devshell/editor/code-oss-for-cloud-shell/extensions/hashicorp.terraform-2.26.1@linux/out/extension.js:1:387132
	at re (/google/devshell/editor/code-oss-for-cloud-shell/extensions/hashicorp.terraform-2.26.1@linux/out/extension.js:1:387426)
	at /google/devshell/editor/code-oss-for-cloud-shell/extensions/hashicorp.terraform-2.26.1@linux/out/extension.js:1:382210
	at Immediate.<anonymous> (/google/devshell/editor/code-oss-for-cloud-shell/extensions/hashicorp.terraform-2.26.1@linux/out/extension.js:1:382230)
	at process.processImmediate (node:internal/timers:476:21)
2024-03-12 05:53:28.922 [error] [hashicorp.terraform] provider FAILED
2024-03-12 05:53:28.922 [error] Error: storage_bucket.tf (14,2): position outside of any attribute name, value or block
	at /google/devshell/editor/code-oss-for-cloud-shell/extensions/hashicorp.terraform-2.26.1@linux/out/extension.js:1:387132
	at re (/google/devshell/editor/code-oss-for-cloud-shell/extensions/hashicorp.terraform-2.26.1@linux/out/extension.js:1:387426)
	at /google/devshell/editor/code-oss-for-cloud-shell/extensions/hashicorp.terraform-2.26.1@linux/out/extension.js:1:382210
	at Immediate.<anonymous> (/google/devshell/editor/code-oss-for-cloud-shell/extensions/hashicorp.terraform-2.26.1@linux/out/extension.js:1:382230)
	at process.processImmediate (node:internal/timers:476:21)
2024-03-12 05:53:30.763 [error] [hashicorp.terraform] provider FAILED
2024-03-12 05:53:30.763 [error] Error: storage_bucket.tf (13,3): position outside of any attribute name, value or block
	at /google/devshell/editor/code-oss-for-cloud-shell/extensions/hashicorp.terraform-2.26.1@linux/out/extension.js:1:387132
	at re (/google/devshell/editor/code-oss-for-cloud-shell/extensions/hashicorp.terraform-2.26.1@linux/out/extension.js:1:387426)
	at /google/devshell/editor/code-oss-for-cloud-shell/extensions/hashicorp.terraform-2.26.1@linux/out/extension.js:1:382210
	at Immediate.<anonymous> (/google/devshell/editor/code-oss-for-cloud-shell/extensions/hashicorp.terraform-2.26.1@linux/out/extension.js:1:382230)
	at process.processImmediate (node:internal/timers:476:21)
2024-03-12 05:53:31.126 [error] [hashicorp.terraform] provider FAILED
2024-03-12 05:53:31.126 [error] Error: storage_bucket.tf (13,2): position outside of any attribute name, value or block
	at /google/devshell/editor/code-oss-for-cloud-shell/extensions/hashicorp.terraform-2.26.1@linux/out/extension.js:1:387132
	at re (/google/devshell/editor/code-oss-for-cloud-shell/extensions/hashicorp.terraform-2.26.1@linux/out/extension.js:1:387426)
	at /google/devshell/editor/code-oss-for-cloud-shell/extensions/hashicorp.terraform-2.26.1@linux/out/extension.js:1:382210
	at Immediate.<anonymous> (/google/devshell/editor/code-oss-for-cloud-shell/extensions/hashicorp.terraform-2.26.1@linux/out/extension.js:1:382230)
	at process.processImmediate (node:internal/timers:476:21)
2024-03-12 05:53:31.456 [error] [hashicorp.terraform] provider FAILED
2024-03-12 05:53:31.456 [error] Error: storage_bucket.tf (13,3): position outside of any attribute name, value or block
	at /google/devshell/editor/code-oss-for-cloud-shell/extensions/hashicorp.terraform-2.26.1@linux/out/extension.js:1:387132
	at re (/google/devshell/editor/code-oss-for-cloud-shell/extensions/hashicorp.terraform-2.26.1@linux/out/extension.js:1:387426)
	at /google/devshell/editor/code-oss-for-cloud-shell/extensions/hashicorp.terraform-2.26.1@linux/out/extension.js:1:382210
	at Immediate.<anonymous> (/google/devshell/editor/code-oss-for-cloud-shell/extensions/hashicorp.terraform-2.26.1@linux/out/extension.js:1:382230)
	at process.processImmediate (node:internal/timers:476:21)
2024-03-12 05:53:33.070 [error] [hashicorp.terraform] provider FAILED
2024-03-12 05:53:33.070 [error] Error: storage_bucket.tf (16,3): unknown attribute "force_destroy"
	at /google/devshell/editor/code-oss-for-cloud-shell/extensions/hashicorp.terraform-2.26.1@linux/out/extension.js:1:387132
	at re (/google/devshell/editor/code-oss-for-cloud-shell/extensions/hashicorp.terraform-2.26.1@linux/out/extension.js:1:387426)
	at /google/devshell/editor/code-oss-for-cloud-shell/extensions/hashicorp.terraform-2.26.1@linux/out/extension.js:1:382210
	at Immediate.<anonymous> (/google/devshell/editor/code-oss-for-cloud-shell/extensions/hashicorp.terraform-2.26.1@linux/out/extension.js:1:382230)
	at process.processImmediate (node:internal/timers:476:21)
2024-03-12 05:53:34.763 [error] [hashicorp.terraform] provider FAILED
2024-03-12 05:53:34.764 [error] Error: storage_bucket.tf (15,1): position outside of any attribute name, value or block
	at /google/devshell/editor/code-oss-for-cloud-shell/extensions/hashicorp.terraform-2.26.1@linux/out/extension.js:1:387132
	at re (/google/devshell/editor/code-oss-for-cloud-shell/extensions/hashicorp.terraform-2.26.1@linux/out/extension.js:1:387426)
	at /google/devshell/editor/code-oss-for-cloud-shell/extensions/hashicorp.terraform-2.26.1@linux/out/extension.js:1:382210
	at Immediate.<anonymous> (/google/devshell/editor/code-oss-for-cloud-shell/extensions/hashicorp.terraform-2.26.1@linux/out/extension.js:1:382230)
	at process.processImmediate (node:internal/timers:476:21)
2024-03-12 05:53:36.035 [error] [hashicorp.terraform] provider FAILED
2024-03-12 05:53:36.035 [error] Error: storage_bucket.tf (16,4): unknown attribute "force_destroy"
	at /google/devshell/editor/code-oss-for-cloud-shell/extensions/hashicorp.terraform-2.26.1@linux/out/extension.js:1:387132
	at re (/google/devshell/editor/code-oss-for-cloud-shell/extensions/hashicorp.terraform-2.26.1@linux/out/extension.js:1:387426)
	at /google/devshell/editor/code-oss-for-cloud-shell/extensions/hashicorp.terraform-2.26.1@linux/out/extension.js:1:382210
	at Immediate.<anonymous> (/google/devshell/editor/code-oss-for-cloud-shell/extensions/hashicorp.terraform-2.26.1@linux/out/extension.js:1:382230)
	at process.processImmediate (node:internal/timers:476:21)
2024-03-12 05:53:36.353 [error] [hashicorp.terraform] provider FAILED
2024-03-12 05:53:36.353 [error] Error: storage_bucket.tf (16,3): unknown attribute "force_destroy"
	at /google/devshell/editor/code-oss-for-cloud-shell/extensions/hashicorp.terraform-2.26.1@linux/out/extension.js:1:387132
	at re (/google/devshell/editor/code-oss-for-cloud-shell/extensions/hashicorp.terraform-2.26.1@linux/out/extension.js:1:387426)
	at /google/devshell/editor/code-oss-for-cloud-shell/extensions/hashicorp.terraform-2.26.1@linux/out/extension.js:1:382210
	at Immediate.<anonymous> (/google/devshell/editor/code-oss-for-cloud-shell/extensions/hashicorp.terraform-2.26.1@linux/out/extension.js:1:382230)
	at process.processImmediate (node:internal/timers:476:21)
2024-03-12 05:53:37.671 [error] [hashicorp.terraform] provider FAILED
2024-03-12 05:53:37.671 [error] Error: storage_bucket.tf (14,4): unknown attribute "location"
	at /google/devshell/editor/code-oss-for-cloud-shell/extensions/hashicorp.terraform-2.26.1@linux/out/extension.js:1:387132
	at re (/google/devshell/editor/code-oss-for-cloud-shell/extensions/hashicorp.terraform-2.26.1@linux/out/extension.js:1:387426)
	at /google/devshell/editor/code-oss-for-cloud-shell/extensions/hashicorp.terraform-2.26.1@linux/out/extension.js:1:382210
	at Immediate.<anonymous> (/google/devshell/editor/code-oss-for-cloud-shell/extensions/hashicorp.terraform-2.26.1@linux/out/extension.js:1:382230)
	at process.processImmediate (node:internal/timers:476:21)
2024-03-12 05:53:37.859 [error] [hashicorp.terraform] provider FAILED
2024-03-12 05:53:37.859 [error] Error: storage_bucket.tf (14,3): position outside of any attribute name, value or block
	at /google/devshell/editor/code-oss-for-cloud-shell/extensions/hashicorp.terraform-2.26.1@linux/out/extension.js:1:387132
	at re (/google/devshell/editor/code-oss-for-cloud-shell/extensions/hashicorp.terraform-2.26.1@linux/out/extension.js:1:387426)
	at /google/devshell/editor/code-oss-for-cloud-shell/extensions/hashicorp.terraform-2.26.1@linux/out/extension.js:1:382210
	at Immediate.<anonymous> (/google/devshell/editor/code-oss-for-cloud-shell/extensions/hashicorp.terraform-2.26.1@linux/out/extension.js:1:382230)
	at process.processImmediate (node:internal/timers:476:21)
2024-03-12 05:53:38.364 [error] [hashicorp.terraform] provider FAILED
2024-03-12 05:53:38.364 [error] Error: storage_bucket.tf (15,4): unknown attribute "storage_class"
	at /google/devshell/editor/code-oss-for-cloud-shell/extensions/hashicorp.terraform-2.26.1@linux/out/extension.js:1:387132
	at re (/google/devshell/editor/code-oss-for-cloud-shell/extensions/hashicorp.terraform-2.26.1@linux/out/extension.js:1:387426)
	at /google/devshell/editor/code-oss-for-cloud-shell/extensions/hashicorp.terraform-2.26.1@linux/out/extension.js:1:382210
	at Immediate.<anonymous> (/google/devshell/editor/code-oss-for-cloud-shell/extensions/hashicorp.terraform-2.26.1@linux/out/extension.js:1:382230)
	at process.processImmediate (node:internal/timers:476:21)
2024-03-12 05:54:07.360 [error] [hashicorp.terraform] provider FAILED
2024-03-12 05:54:07.360 [error] Error: storage_bucket.tf (3,2): position outside of any attribute name, value or block
	at /google/devshell/editor/code-oss-for-cloud-shell/extensions/hashicorp.terraform-2.26.1@linux/out/extension.js:1:387132
	at re (/google/devshell/editor/code-oss-for-cloud-shell/extensions/hashicorp.terraform-2.26.1@linux/out/extension.js:1:387426)
	at /google/devshell/editor/code-oss-for-cloud-shell/extensions/hashicorp.terraform-2.26.1@linux/out/extension.js:1:382210
	at Immediate.<anonymous> (/google/devshell/editor/code-oss-for-cloud-shell/extensions/hashicorp.terraform-2.26.1@linux/out/extension.js:1:382230)
	at process.processImmediate (node:internal/timers:476:21)
2024-03-12 05:54:23.363 [error] [hashicorp.terraform] provider FAILED
2024-03-12 05:54:23.363 [error] Error: storage_bucket.tf (7,27): unknown attribute "storage_class"
	at /google/devshell/editor/code-oss-for-cloud-shell/extensions/hashicorp.terraform-2.26.1@linux/out/extension.js:1:387132
	at re (/google/devshell/editor/code-oss-for-cloud-shell/extensions/hashicorp.terraform-2.26.1@linux/out/extension.js:1:387426)
	at /google/devshell/editor/code-oss-for-cloud-shell/extensions/hashicorp.terraform-2.26.1@linux/out/extension.js:1:382210
	at Immediate.<anonymous> (/google/devshell/editor/code-oss-for-cloud-shell/extensions/hashicorp.terraform-2.26.1@linux/out/extension.js:1:382230)
	at process.processImmediate (node:internal/timers:476:21)
2024-03-12 05:54:45.404 [error] [hashicorp.terraform] provider FAILED
2024-03-12 05:54:45.404 [error] Error: storage_bucket.tf (6,27): unknown attribute "location"
	at /google/devshell/editor/code-oss-for-cloud-shell/extensions/hashicorp.terraform-2.26.1@linux/out/extension.js:1:387132
	at re (/google/devshell/editor/code-oss-for-cloud-shell/extensions/hashicorp.terraform-2.26.1@linux/out/extension.js:1:387426)
	at /google/devshell/editor/code-oss-for-cloud-shell/extensions/hashicorp.terraform-2.26.1@linux/out/extension.js:1:382210
	at Immediate.<anonymous> (/google/devshell/editor/code-oss-for-cloud-shell/extensions/hashicorp.terraform-2.26.1@linux/out/extension.js:1:382230)
	at process.processImmediate (node:internal/timers:476:21)
2024-03-12 05:54:45.980 [error] [hashicorp.terraform] provider FAILED
2024-03-12 05:54:45.980 [error] Error: storage_bucket.tf (6,30): unknown attribute "location"
	at /google/devshell/editor/code-oss-for-cloud-shell/extensions/hashicorp.terraform-2.26.1@linux/out/extension.js:1:387132
	at re (/google/devshell/editor/code-oss-for-cloud-shell/extensions/hashicorp.terraform-2.26.1@linux/out/extension.js:1:387426)
	at /google/devshell/editor/code-oss-for-cloud-shell/extensions/hashicorp.terraform-2.26.1@linux/out/extension.js:1:382210
	at Immediate.<anonymous> (/google/devshell/editor/code-oss-for-cloud-shell/extensions/hashicorp.terraform-2.26.1@linux/out/extension.js:1:382230)
	at process.processImmediate (node:internal/timers:476:21)
2024-03-12 05:55:39.704 [error] [hashicorp.terraform] provider FAILED
2024-03-12 05:55:39.704 [error] Error: storage_bucket.tfvars (4,1): unknown attribute "force_destroy"
	at /google/devshell/editor/code-oss-for-cloud-shell/extensions/hashicorp.terraform-2.26.1@linux/out/extension.js:1:387132
	at re (/google/devshell/editor/code-oss-for-cloud-shell/extensions/hashicorp.terraform-2.26.1@linux/out/extension.js:1:387426)
	at /google/devshell/editor/code-oss-for-cloud-shell/extensions/hashicorp.terraform-2.26.1@linux/out/extension.js:1:382210
	at Immediate.<anonymous> (/google/devshell/editor/code-oss-for-cloud-shell/extensions/hashicorp.terraform-2.26.1@linux/out/extension.js:1:382230)
	at process.processImmediate (node:internal/timers:476:21)
2024-03-12 05:55:43.087 [error] [hashicorp.terraform] provider FAILED
2024-03-12 05:55:43.088 [error] Error: storage_bucket.tfvars (6,5): unknown attribute "folder_iam_binding"
	at /google/devshell/editor/code-oss-for-cloud-shell/extensions/hashicorp.terraform-2.26.1@linux/out/extension.js:1:387132
	at re (/google/devshell/editor/code-oss-for-cloud-shell/extensions/hashicorp.terraform-2.26.1@linux/out/extension.js:1:387426)
	at /google/devshell/editor/code-oss-for-cloud-shell/extensions/hashicorp.terraform-2.26.1@linux/out/extension.js:1:382210
	at Immediate.<anonymous> (/google/devshell/editor/code-oss-for-cloud-shell/extensions/hashicorp.terraform-2.26.1@linux/out/extension.js:1:382230)
	at process.processImmediate (node:internal/timers:476:21)
2024-03-12 05:55:44.331 [error] [hashicorp.terraform] provider FAILED
2024-03-12 05:55:44.331 [error] Error: storage_bucket.tfvars (10,7): unknown attribute "folder_iam_binding"
	at /google/devshell/editor/code-oss-for-cloud-shell/extensions/hashicorp.terraform-2.26.1@linux/out/extension.js:1:387132
	at re (/google/devshell/editor/code-oss-for-cloud-shell/extensions/hashicorp.terraform-2.26.1@linux/out/extension.js:1:387426)
	at /google/devshell/editor/code-oss-for-cloud-shell/extensions/hashicorp.terraform-2.26.1@linux/out/extension.js:1:382210
	at Immediate.<anonymous> (/google/devshell/editor/code-oss-for-cloud-shell/extensions/hashicorp.terraform-2.26.1@linux/out/extension.js:1:382230)
	at process.processImmediate (node:internal/timers:476:21)
2024-03-12 05:55:44.331 [error] [hashicorp.terraform] provider FAILED
2024-03-12 05:55:44.331 [error] Error: no reference origin found
	at /google/devshell/editor/code-oss-for-cloud-shell/extensions/hashicorp.terraform-2.26.1@linux/out/extension.js:1:387132
	at re (/google/devshell/editor/code-oss-for-cloud-shell/extensions/hashicorp.terraform-2.26.1@linux/out/extension.js:1:387426)
	at /google/devshell/editor/code-oss-for-cloud-shell/extensions/hashicorp.terraform-2.26.1@linux/out/extension.js:1:382210
	at Immediate.<anonymous> (/google/devshell/editor/code-oss-for-cloud-shell/extensions/hashicorp.terraform-2.26.1@linux/out/extension.js:1:382230)
	at process.processImmediate (node:internal/timers:476:21)
2024-03-12 05:55:46.471 [error] [hashicorp.terraform] provider FAILED
2024-03-12 05:55:46.472 [error] Error: storage_bucket.tfvars (8,2): unknown attribute "folder_iam_binding"
	at /google/devshell/editor/code-oss-for-cloud-shell/extensions/hashicorp.terraform-2.26.1@linux/out/extension.js:1:387132
	at re (/google/devshell/editor/code-oss-for-cloud-shell/extensions/hashicorp.terraform-2.26.1@linux/out/extension.js:1:387426)
	at /google/devshell/editor/code-oss-for-cloud-shell/extensions/hashicorp.terraform-2.26.1@linux/out/extension.js:1:382210
	at Immediate.<anonymous> (/google/devshell/editor/code-oss-for-cloud-shell/extensions/hashicorp.terraform-2.26.1@linux/out/extension.js:1:382230)
	at process.processImmediate (node:internal/timers:476:21)
2024-03-12 05:55:47.270 [error] [hashicorp.terraform] provider FAILED
2024-03-12 05:55:47.270 [error] Error: storage_bucket.tfvars (7,2): unknown attribute "folder_iam_binding"
	at /google/devshell/editor/code-oss-for-cloud-shell/extensions/hashicorp.terraform-2.26.1@linux/out/extension.js:1:387132
	at re (/google/devshell/editor/code-oss-for-cloud-shell/extensions/hashicorp.terraform-2.26.1@linux/out/extension.js:1:387426)
	at /google/devshell/editor/code-oss-for-cloud-shell/extensions/hashicorp.terraform-2.26.1@linux/out/extension.js:1:382210
	at Immediate.<anonymous> (/google/devshell/editor/code-oss-for-cloud-shell/extensions/hashicorp.terraform-2.26.1@linux/out/extension.js:1:382230)
	at process.processImmediate (node:internal/timers:476:21)
2024-03-12 05:55:50.836 [error] [hashicorp.terraform] provider FAILED
2024-03-12 05:55:50.836 [error] Error: storage_bucket.tfvars (9,32): unknown attribute "folder_iam_binding"
	at /google/devshell/editor/code-oss-for-cloud-shell/extensions/hashicorp.terraform-2.26.1@linux/out/extension.js:1:387132
	at re (/google/devshell/editor/code-oss-for-cloud-shell/extensions/hashicorp.terraform-2.26.1@linux/out/extension.js:1:387426)
	at /google/devshell/editor/code-oss-for-cloud-shell/extensions/hashicorp.terraform-2.26.1@linux/out/extension.js:1:382210
	at Immediate.<anonymous> (/google/devshell/editor/code-oss-for-cloud-shell/extensions/hashicorp.terraform-2.26.1@linux/out/extension.js:1:382230)
	at process.processImmediate (node:internal/timers:476:21)
2024-03-12 05:55:59.134 [error] [hashicorp.terraform] provider FAILED
2024-03-12 05:55:59.135 [error] Error: storage_bucket.tfvars (7,1): unknown attribute "folder_iam_binding"
	at /google/devshell/editor/code-oss-for-cloud-shell/extensions/hashicorp.terraform-2.26.1@linux/out/extension.js:1:387132
	at re (/google/devshell/editor/code-oss-for-cloud-shell/extensions/hashicorp.terraform-2.26.1@linux/out/extension.js:1:387426)
	at /google/devshell/editor/code-oss-for-cloud-shell/extensions/hashicorp.terraform-2.26.1@linux/out/extension.js:1:382210
	at Immediate.<anonymous> (/google/devshell/editor/code-oss-for-cloud-shell/extensions/hashicorp.terraform-2.26.1@linux/out/extension.js:1:382230)
	at process.processImmediate (node:internal/timers:476:21)
2024-03-12 05:55:59.650 [error] [hashicorp.terraform] provider FAILED
2024-03-12 05:55:59.650 [error] Error: storage_bucket.tfvars (9,17): unknown attribute "folder_iam_binding"
	at /google/devshell/editor/code-oss-for-cloud-shell/extensions/hashicorp.terraform-2.26.1@linux/out/extension.js:1:387132
	at re (/google/devshell/editor/code-oss-for-cloud-shell/extensions/hashicorp.terraform-2.26.1@linux/out/extension.js:1:387426)
	at /google/devshell/editor/code-oss-for-cloud-shell/extensions/hashicorp.terraform-2.26.1@linux/out/extension.js:1:382210
	at Immediate.<anonymous> (/google/devshell/editor/code-oss-for-cloud-shell/extensions/hashicorp.terraform-2.26.1@linux/out/extension.js:1:382230)
	at process.processImmediate (node:internal/timers:476:21)
2024-03-12 05:56:01.225 [error] [hashicorp.terraform] provider FAILED
2024-03-12 05:56:01.225 [error] Error: storage_bucket.tfvars (9,10): unknown attribute "folder_iam_binding"
	at /google/devshell/editor/code-oss-for-cloud-shell/extensions/hashicorp.terraform-2.26.1@linux/out/extension.js:1:387132
	at re (/google/devshell/editor/code-oss-for-cloud-shell/extensions/hashicorp.terraform-2.26.1@linux/out/extension.js:1:387426)
	at /google/devshell/editor/code-oss-for-cloud-shell/extensions/hashicorp.terraform-2.26.1@linux/out/extension.js:1:382210
	at Immediate.<anonymous> (/google/devshell/editor/code-oss-for-cloud-shell/extensions/hashicorp.terraform-2.26.1@linux/out/extension.js:1:382230)
	at process.processImmediate (node:internal/timers:476:21)
2024-03-12 05:56:03.507 [error] [hashicorp.terraform] provider FAILED
2024-03-12 05:56:03.508 [error] Error: storage_bucket.tfvars (8,1): unknown attribute "folder_iam_binding"
	at /google/devshell/editor/code-oss-for-cloud-shell/extensions/hashicorp.terraform-2.26.1@linux/out/extension.js:1:387132
	at re (/google/devshell/editor/code-oss-for-cloud-shell/extensions/hashicorp.terraform-2.26.1@linux/out/extension.js:1:387426)
	at /google/devshell/editor/code-oss-for-cloud-shell/extensions/hashicorp.terraform-2.26.1@linux/out/extension.js:1:382210
	at Immediate.<anonymous> (/google/devshell/editor/code-oss-for-cloud-shell/extensions/hashicorp.terraform-2.26.1@linux/out/extension.js:1:382230)
	at process.processImmediate (node:internal/timers:476:21)
2024-03-12 05:56:06.974 [error] [hashicorp.terraform] provider FAILED
2024-03-12 05:56:06.974 [error] Error: storage_bucket.tfvars (9,1): unknown attribute "folder_iam_binding"
	at /google/devshell/editor/code-oss-for-cloud-shell/extensions/hashicorp.terraform-2.26.1@linux/out/extension.js:1:387132
	at re (/google/devshell/editor/code-oss-for-cloud-shell/extensions/hashicorp.terraform-2.26.1@linux/out/extension.js:1:387426)
	at /google/devshell/editor/code-oss-for-cloud-shell/extensions/hashicorp.terraform-2.26.1@linux/out/extension.js:1:382210
	at Immediate.<anonymous> (/google/devshell/editor/code-oss-for-cloud-shell/extensions/hashicorp.terraform-2.26.1@linux/out/extension.js:1:382230)
	at process.processImmediate (node:internal/timers:476:21)
2024-03-12 05:56:11.558 [error] [hashicorp.terraform] provider FAILED
2024-03-12 05:56:11.558 [error] Error: storage_bucket.tfvars (9,27): unknown attribute "folder_iam_binding"
	at /google/devshell/editor/code-oss-for-cloud-shell/extensions/hashicorp.terraform-2.26.1@linux/out/extension.js:1:387132
	at re (/google/devshell/editor/code-oss-for-cloud-shell/extensions/hashicorp.terraform-2.26.1@linux/out/extension.js:1:387426)
	at /google/devshell/editor/code-oss-for-cloud-shell/extensions/hashicorp.terraform-2.26.1@linux/out/extension.js:1:382210
	at Immediate.<anonymous> (/google/devshell/editor/code-oss-for-cloud-shell/extensions/hashicorp.terraform-2.26.1@linux/out/extension.js:1:382230)
	at process.processImmediate (node:internal/timers:476:21)
2024-03-12 05:56:16.857 [error] [hashicorp.terraform] provider FAILED
2024-03-12 05:56:16.857 [error] Error: storage_bucket.tfvars (2,1): unknown attribute "folder_iam_binding"
	at /google/devshell/editor/code-oss-for-cloud-shell/extensions/hashicorp.terraform-2.26.1@linux/out/extension.js:1:387132
	at re (/google/devshell/editor/code-oss-for-cloud-shell/extensions/hashicorp.terraform-2.26.1@linux/out/extension.js:1:387426)
	at /google/devshell/editor/code-oss-for-cloud-shell/extensions/hashicorp.terraform-2.26.1@linux/out/extension.js:1:382210
	at Immediate.<anonymous> (/google/devshell/editor/code-oss-for-cloud-shell/extensions/hashicorp.terraform-2.26.1@linux/out/extension.js:1:382230)
	at process.processImmediate (node:internal/timers:476:21)
2024-03-12 05:56:18.272 [error] [hashicorp.terraform] provider FAILED
2024-03-12 05:56:18.272 [error] Error: storage_bucket.tfvars (1,19): unknown attribute "folder_iam_binding"
	at /google/devshell/editor/code-oss-for-cloud-shell/extensions/hashicorp.terraform-2.26.1@linux/out/extension.js:1:387132
	at re (/google/devshell/editor/code-oss-for-cloud-shell/extensions/hashicorp.terraform-2.26.1@linux/out/extension.js:1:387426)
	at /google/devshell/editor/code-oss-for-cloud-shell/extensions/hashicorp.terraform-2.26.1@linux/out/extension.js:1:382210
	at Immediate.<anonymous> (/google/devshell/editor/code-oss-for-cloud-shell/extensions/hashicorp.terraform-2.26.1@linux/out/extension.js:1:382230)
	at process.processImmediate (node:internal/timers:476:21)
2024-03-12 05:56:22.747 [error] [hashicorp.terraform] provider FAILED
2024-03-12 05:56:22.747 [error] Error: storage_bucket.tfvars (2,1): unknown attribute "storag"
	at /google/devshell/editor/code-oss-for-cloud-shell/extensions/hashicorp.terraform-2.26.1@linux/out/extension.js:1:387132
	at re (/google/devshell/editor/code-oss-for-cloud-shell/extensions/hashicorp.terraform-2.26.1@linux/out/extension.js:1:387426)
	at /google/devshell/editor/code-oss-for-cloud-shell/extensions/hashicorp.terraform-2.26.1@linux/out/extension.js:1:382210
	at Immediate.<anonymous> (/google/devshell/editor/code-oss-for-cloud-shell/extensions/hashicorp.terraform-2.26.1@linux/out/extension.js:1:382230)
	at process.processImmediate (node:internal/timers:476:21)
2024-03-12 05:56:29.297 [error] [hashicorp.terraform] provider FAILED
2024-03-12 05:56:29.297 [error] Error: storage_bucket.tfvars (2,1): unknown attribute "storage_bucket"
	at /google/devshell/editor/code-oss-for-cloud-shell/extensions/hashicorp.terraform-2.26.1@linux/out/extension.js:1:387132
	at re (/google/devshell/editor/code-oss-for-cloud-shell/extensions/hashicorp.terraform-2.26.1@linux/out/extension.js:1:387426)
	at /google/devshell/editor/code-oss-for-cloud-shell/extensions/hashicorp.terraform-2.26.1@linux/out/extension.js:1:382210
	at Immediate.<anonymous> (/google/devshell/editor/code-oss-for-cloud-shell/extensions/hashicorp.terraform-2.26.1@linux/out/extension.js:1:382230)
	at process.processImmediate (node:internal/timers:476:21)
2024-03-12 05:56:34.068 [error] [hashicorp.terraform] provider FAILED
2024-03-12 05:56:34.069 [error] Error: storage_bucket.tfvars (6,3): unknown attribute "storage_bucket"
	at /google/devshell/editor/code-oss-for-cloud-shell/extensions/hashicorp.terraform-2.26.1@linux/out/extension.js:1:387132
	at re (/google/devshell/editor/code-oss-for-cloud-shell/extensions/hashicorp.terraform-2.26.1@linux/out/extension.js:1:387426)
	at /google/devshell/editor/code-oss-for-cloud-shell/extensions/hashicorp.terraform-2.26.1@linux/out/extension.js:1:382210
	at Immediate.<anonymous> (/google/devshell/editor/code-oss-for-cloud-shell/extensions/hashicorp.terraform-2.26.1@linux/out/extension.js:1:382230)
	at process.processImmediate (node:internal/timers:476:21)
2024-03-12 05:56:38.084 [error] [hashicorp.terraform] provider FAILED
2024-03-12 05:56:38.085 [error] Error: storage_bucket.tfvars (4,24): unknown attribute "storage_bucket"
	at /google/devshell/editor/code-oss-for-cloud-shell/extensions/hashicorp.terraform-2.26.1@linux/out/extension.js:1:387132
	at re (/google/devshell/editor/code-oss-for-cloud-shell/extensions/hashicorp.terraform-2.26.1@linux/out/extension.js:1:387426)
	at /google/devshell/editor/code-oss-for-cloud-shell/extensions/hashicorp.terraform-2.26.1@linux/out/extension.js:1:382210
	at Immediate.<anonymous> (/google/devshell/editor/code-oss-for-cloud-shell/extensions/hashicorp.terraform-2.26.1@linux/out/extension.js:1:382230)
	at process.processImmediate (node:internal/timers:476:21)
2024-03-12 05:56:38.693 [error] [hashicorp.terraform] provider FAILED
2024-03-12 05:56:38.693 [error] Error: storage_bucket.tfvars (3,36): unknown attribute "storage_bucket"
	at /google/devshell/editor/code-oss-for-cloud-shell/extensions/hashicorp.terraform-2.26.1@linux/out/extension.js:1:387132
	at re (/google/devshell/editor/code-oss-for-cloud-shell/extensions/hashicorp.terraform-2.26.1@linux/out/extension.js:1:387426)
	at /google/devshell/editor/code-oss-for-cloud-shell/extensions/hashicorp.terraform-2.26.1@linux/out/extension.js:1:382210
	at Immediate.<anonymous> (/google/devshell/editor/code-oss-for-cloud-shell/extensions/hashicorp.terraform-2.26.1@linux/out/extension.js:1:382230)
	at process.processImmediate (node:internal/timers:476:21)
2024-03-12 05:56:40.362 [error] [hashicorp.terraform] provider FAILED
2024-03-12 05:56:40.362 [error] Error: storage_bucket.tfvars (5,22): unknown attribute "storage_bucket"
	at /google/devshell/editor/code-oss-for-cloud-shell/extensions/hashicorp.terraform-2.26.1@linux/out/extension.js:1:387132
	at re (/google/devshell/editor/code-oss-for-cloud-shell/extensions/hashicorp.terraform-2.26.1@linux/out/extension.js:1:387426)
	at /google/devshell/editor/code-oss-for-cloud-shell/extensions/hashicorp.terraform-2.26.1@linux/out/extension.js:1:382210
	at Immediate.<anonymous> (/google/devshell/editor/code-oss-for-cloud-shell/extensions/hashicorp.terraform-2.26.1@linux/out/extension.js:1:382230)
	at process.processImmediate (node:internal/timers:476:21)
2024-03-12 05:56:49.325 [error] [hashicorp.terraform] provider FAILED
2024-03-12 05:56:49.325 [error] Error: storage_bucket.tfvars (8,1): unknown attribute "storage_bucket"
	at /google/devshell/editor/code-oss-for-cloud-shell/extensions/hashicorp.terraform-2.26.1@linux/out/extension.js:1:387132
	at re (/google/devshell/editor/code-oss-for-cloud-shell/extensions/hashicorp.terraform-2.26.1@linux/out/extension.js:1:387426)
	at /google/devshell/editor/code-oss-for-cloud-shell/extensions/hashicorp.terraform-2.26.1@linux/out/extension.js:1:382210
	at Immediate.<anonymous> (/google/devshell/editor/code-oss-for-cloud-shell/extensions/hashicorp.terraform-2.26.1@linux/out/extension.js:1:382230)
	at process.processImmediate (node:internal/timers:476:21)
2024-03-12 05:57:10.853 [error] [hashicorp.terraform] provider FAILED
2024-03-12 05:57:10.853 [error] Error: storage_bucket.tfvars (3,12): unknown attribute "storage_bucket"
	at /google/devshell/editor/code-oss-for-cloud-shell/extensions/hashicorp.terraform-2.26.1@linux/out/extension.js:1:387132
	at re (/google/devshell/editor/code-oss-for-cloud-shell/extensions/hashicorp.terraform-2.26.1@linux/out/extension.js:1:387426)
	at /google/devshell/editor/code-oss-for-cloud-shell/extensions/hashicorp.terraform-2.26.1@linux/out/extension.js:1:382210
	at Immediate.<anonymous> (/google/devshell/editor/code-oss-for-cloud-shell/extensions/hashicorp.terraform-2.26.1@linux/out/extension.js:1:382230)
	at process.processImmediate (node:internal/timers:476:21)
2024-03-12 06:09:31.213 [info] ExtensionService#_doActivateExtension vscode.extension-editing, startup: false, activationEvent: 'onLanguage:json'
2024-03-12 06:09:31.215 [info] ExtensionService#_doActivateExtension vscode.npm, startup: false, activationEvent: 'onLanguage:json'
2024-03-12 06:44:14.897 [error] [hashicorp.terraform] provider FAILED
2024-03-12 06:44:14.897 [error] Error: storage_bucket.tf (8,22): unknown attribute "force_destroy"
	at /google/devshell/editor/code-oss-for-cloud-shell/extensions/hashicorp.terraform-2.26.1@linux/out/extension.js:1:387132
	at re (/google/devshell/editor/code-oss-for-cloud-shell/extensions/hashicorp.terraform-2.26.1@linux/out/extension.js:1:387426)
	at /google/devshell/editor/code-oss-for-cloud-shell/extensions/hashicorp.terraform-2.26.1@linux/out/extension.js:1:382210
	at Immediate.<anonymous> (/google/devshell/editor/code-oss-for-cloud-shell/extensions/hashicorp.terraform-2.26.1@linux/out/extension.js:1:382230)
	at process.processImmediate (node:internal/timers:476:21)
2024-03-12 06:44:15.289 [error] [hashicorp.terraform] provider FAILED
2024-03-12 06:44:15.289 [error] Error: storage_bucket.tf (5,21): unknown attribute "name"
	at /google/devshell/editor/code-oss-for-cloud-shell/extensions/hashicorp.terraform-2.26.1@linux/out/extension.js:1:387132
	at re (/google/devshell/editor/code-oss-for-cloud-shell/extensions/hashicorp.terraform-2.26.1@linux/out/extension.js:1:387426)
	at /google/devshell/editor/code-oss-for-cloud-shell/extensions/hashicorp.terraform-2.26.1@linux/out/extension.js:1:382210
	at Immediate.<anonymous> (/google/devshell/editor/code-oss-for-cloud-shell/extensions/hashicorp.terraform-2.26.1@linux/out/extension.js:1:382230)
	at process.processImmediate (node:internal/timers:476:21)
2024-03-12 06:44:19.847 [error] [hashicorp.terraform] provider FAILED
2024-03-12 06:44:19.847 [error] Error: storage_bucket.tf (7,16): unknown attribute "storage_class"
	at /google/devshell/editor/code-oss-for-cloud-shell/extensions/hashicorp.terraform-2.26.1@linux/out/extension.js:1:387132
	at re (/google/devshell/editor/code-oss-for-cloud-shell/extensions/hashicorp.terraform-2.26.1@linux/out/extension.js:1:387426)
	at /google/devshell/editor/code-oss-for-cloud-shell/extensions/hashicorp.terraform-2.26.1@linux/out/extension.js:1:382210
	at Immediate.<anonymous> (/google/devshell/editor/code-oss-for-cloud-shell/extensions/hashicorp.terraform-2.26.1@linux/out/extension.js:1:382230)
	at process.processImmediate (node:internal/timers:476:21)
2024-03-12 06:46:14.111 [error] [hashicorp.terraform] provider FAILED
2024-03-12 06:46:14.111 [error] Error: storage_bucket.tf (5,8): unknown attribute "name"
	at /google/devshell/editor/code-oss-for-cloud-shell/extensions/hashicorp.terraform-2.26.1@linux/out/extension.js:1:387132
	at re (/google/devshell/editor/code-oss-for-cloud-shell/extensions/hashicorp.terraform-2.26.1@linux/out/extension.js:1:387426)
	at /google/devshell/editor/code-oss-for-cloud-shell/extensions/hashicorp.terraform-2.26.1@linux/out/extension.js:1:382210
	at Immediate.<anonymous> (/google/devshell/editor/code-oss-for-cloud-shell/extensions/hashicorp.terraform-2.26.1@linux/out/extension.js:1:382230)
	at process.processImmediate (node:internal/timers:476:21)
2024-03-12 06:50:32.141 [error] [hashicorp.terraform] provider FAILED
2024-03-12 06:50:32.141 [error] Error: no reference origin found
	at /google/devshell/editor/code-oss-for-cloud-shell/extensions/hashicorp.terraform-2.26.1@linux/out/extension.js:1:387132
	at re (/google/devshell/editor/code-oss-for-cloud-shell/extensions/hashicorp.terraform-2.26.1@linux/out/extension.js:1:387426)
	at /google/devshell/editor/code-oss-for-cloud-shell/extensions/hashicorp.terraform-2.26.1@linux/out/extension.js:1:382210
	at Immediate.<anonymous> (/google/devshell/editor/code-oss-for-cloud-shell/extensions/hashicorp.terraform-2.26.1@linux/out/extension.js:1:382230)
	at process.processImmediate (node:internal/timers:476:21)
2024-03-12 06:50:48.811 [error] [hashicorp.terraform] provider FAILED
2024-03-12 06:50:48.812 [error] Error: storage_bucket.tf (6,22): unknown attribute "name"
	at /google/devshell/editor/code-oss-for-cloud-shell/extensions/hashicorp.terraform-2.26.1@linux/out/extension.js:1:387132
	at re (/google/devshell/editor/code-oss-for-cloud-shell/extensions/hashicorp.terraform-2.26.1@linux/out/extension.js:1:387426)
	at /google/devshell/editor/code-oss-for-cloud-shell/extensions/hashicorp.terraform-2.26.1@linux/out/extension.js:1:382210
	at Immediate.<anonymous> (/google/devshell/editor/code-oss-for-cloud-shell/extensions/hashicorp.terraform-2.26.1@linux/out/extension.js:1:382230)
	at process.processImmediate (node:internal/timers:476:21)
2024-03-12 06:50:51.138 [error] [hashicorp.terraform] provider FAILED
2024-03-12 06:50:51.138 [error] Error: storage_bucket.tf (5,40): position outside of any attribute name, value or block
	at /google/devshell/editor/code-oss-for-cloud-shell/extensions/hashicorp.terraform-2.26.1@linux/out/extension.js:1:387132
	at re (/google/devshell/editor/code-oss-for-cloud-shell/extensions/hashicorp.terraform-2.26.1@linux/out/extension.js:1:387426)
	at /google/devshell/editor/code-oss-for-cloud-shell/extensions/hashicorp.terraform-2.26.1@linux/out/extension.js:1:382210
	at Immediate.<anonymous> (/google/devshell/editor/code-oss-for-cloud-shell/extensions/hashicorp.terraform-2.26.1@linux/out/extension.js:1:382230)
	at process.processImmediate (node:internal/timers:476:21)
2024-03-12 06:51:03.819 [error] [hashicorp.terraform] provider FAILED
2024-03-12 06:51:03.819 [error] Error: storage_bucket.tf (6,15): unknown attribute "name"
	at /google/devshell/editor/code-oss-for-cloud-shell/extensions/hashicorp.terraform-2.26.1@linux/out/extension.js:1:387132
	at re (/google/devshell/editor/code-oss-for-cloud-shell/extensions/hashicorp.terraform-2.26.1@linux/out/extension.js:1:387426)
	at /google/devshell/editor/code-oss-for-cloud-shell/extensions/hashicorp.terraform-2.26.1@linux/out/extension.js:1:382210
	at Immediate.<anonymous> (/google/devshell/editor/code-oss-for-cloud-shell/extensions/hashicorp.terraform-2.26.1@linux/out/extension.js:1:382230)
	at process.processImmediate (node:internal/timers:476:21)
2024-03-12 07:16:32.946 [error] [hashicorp.terraform] provider FAILED
2024-03-12 07:16:32.946 [error] Error: storage_bucket.tfvars (3,34): unknown attribute "storage_bucket"
	at /google/devshell/editor/code-oss-for-cloud-shell/extensions/hashicorp.terraform-2.26.1@linux/out/extension.js:1:387132
	at re (/google/devshell/editor/code-oss-for-cloud-shell/extensions/hashicorp.terraform-2.26.1@linux/out/extension.js:1:387426)
	at /google/devshell/editor/code-oss-for-cloud-shell/extensions/hashicorp.terraform-2.26.1@linux/out/extension.js:1:382210
	at Immediate.<anonymous> (/google/devshell/editor/code-oss-for-cloud-shell/extensions/hashicorp.terraform-2.26.1@linux/out/extension.js:1:382230)
	at process.processImmediate (node:internal/timers:476:21)
2024-03-12 07:16:33.338 [error] [hashicorp.terraform] provider FAILED
2024-03-12 07:16:33.339 [error] Error: storage_bucket.tfvars (3,32): unknown attribute "storage_bucket"
	at /google/devshell/editor/code-oss-for-cloud-shell/extensions/hashicorp.terraform-2.26.1@linux/out/extension.js:1:387132
	at re (/google/devshell/editor/code-oss-for-cloud-shell/extensions/hashicorp.terraform-2.26.1@linux/out/extension.js:1:387426)
	at /google/devshell/editor/code-oss-for-cloud-shell/extensions/hashicorp.terraform-2.26.1@linux/out/extension.js:1:382210
	at Immediate.<anonymous> (/google/devshell/editor/code-oss-for-cloud-shell/extensions/hashicorp.terraform-2.26.1@linux/out/extension.js:1:382230)
	at process.processImmediate (node:internal/timers:476:21)
2024-03-12 07:17:26.232 [error] [hashicorp.terraform] provider FAILED
2024-03-12 07:17:26.232 [error] Error: storage_bucket.tfvars (5,14): unknown attribute "storage_bucket"
	at /google/devshell/editor/code-oss-for-cloud-shell/extensions/hashicorp.terraform-2.26.1@linux/out/extension.js:1:387132
	at re (/google/devshell/editor/code-oss-for-cloud-shell/extensions/hashicorp.terraform-2.26.1@linux/out/extension.js:1:387426)
	at /google/devshell/editor/code-oss-for-cloud-shell/extensions/hashicorp.terraform-2.26.1@linux/out/extension.js:1:382210
	at Immediate.<anonymous> (/google/devshell/editor/code-oss-for-cloud-shell/extensions/hashicorp.terraform-2.26.1@linux/out/extension.js:1:382230)
	at process.processImmediate (node:internal/timers:476:21)
2024-03-12 07:17:36.141 [error] [hashicorp.terraform] provider FAILED
2024-03-12 07:17:36.141 [error] Error: storage_bucket.tfvars (4,4): unknown attribute "storage_bucket"
	at /google/devshell/editor/code-oss-for-cloud-shell/extensions/hashicorp.terraform-2.26.1@linux/out/extension.js:1:387132
	at re (/google/devshell/editor/code-oss-for-cloud-shell/extensions/hashicorp.terraform-2.26.1@linux/out/extension.js:1:387426)
	at /google/devshell/editor/code-oss-for-cloud-shell/extensions/hashicorp.terraform-2.26.1@linux/out/extension.js:1:382210
	at Immediate.<anonymous> (/google/devshell/editor/code-oss-for-cloud-shell/extensions/hashicorp.terraform-2.26.1@linux/out/extension.js:1:382230)
	at process.processImmediate (node:internal/timers:476:21)
2024-03-12 07:17:36.271 [error] [hashicorp.terraform] provider FAILED
2024-03-12 07:17:36.271 [error] Error: storage_bucket.tfvars (4,11): unknown attribute "storage_bucket"
	at /google/devshell/editor/code-oss-for-cloud-shell/extensions/hashicorp.terraform-2.26.1@linux/out/extension.js:1:387132
	at re (/google/devshell/editor/code-oss-for-cloud-shell/extensions/hashicorp.terraform-2.26.1@linux/out/extension.js:1:387426)
	at /google/devshell/editor/code-oss-for-cloud-shell/extensions/hashicorp.terraform-2.26.1@linux/out/extension.js:1:382210
	at Immediate.<anonymous> (/google/devshell/editor/code-oss-for-cloud-shell/extensions/hashicorp.terraform-2.26.1@linux/out/extension.js:1:382230)
	at process.processImmediate (node:internal/timers:476:21)
2024-03-12 07:17:58.480 [error] [hashicorp.terraform] provider FAILED
2024-03-12 07:17:58.480 [error] Error: storage_bucket.tfvars (3,10): unknown attribute "storage_bucket"
	at /google/devshell/editor/code-oss-for-cloud-shell/extensions/hashicorp.terraform-2.26.1@linux/out/extension.js:1:387132
	at re (/google/devshell/editor/code-oss-for-cloud-shell/extensions/hashicorp.terraform-2.26.1@linux/out/extension.js:1:387426)
	at /google/devshell/editor/code-oss-for-cloud-shell/extensions/hashicorp.terraform-2.26.1@linux/out/extension.js:1:382210
	at Immediate.<anonymous> (/google/devshell/editor/code-oss-for-cloud-shell/extensions/hashicorp.terraform-2.26.1@linux/out/extension.js:1:382230)
	at process.processImmediate (node:internal/timers:476:21)
2024-03-12 07:17:59.266 [error] [hashicorp.terraform] provider FAILED
2024-03-12 07:17:59.266 [error] Error: storage_bucket.tfvars (3,6): unknown attribute "storage_bucket"
	at /google/devshell/editor/code-oss-for-cloud-shell/extensions/hashicorp.terraform-2.26.1@linux/out/extension.js:1:387132
	at re (/google/devshell/editor/code-oss-for-cloud-shell/extensions/hashicorp.terraform-2.26.1@linux/out/extension.js:1:387426)
	at /google/devshell/editor/code-oss-for-cloud-shell/extensions/hashicorp.terraform-2.26.1@linux/out/extension.js:1:382210
	at Immediate.<anonymous> (/google/devshell/editor/code-oss-for-cloud-shell/extensions/hashicorp.terraform-2.26.1@linux/out/extension.js:1:382230)
	at process.processImmediate (node:internal/timers:476:21)
2024-03-12 07:18:00.174 [error] [hashicorp.terraform] provider FAILED
2024-03-12 07:18:00.174 [error] Error: storage_bucket.tfvars (3,5): unknown attribute "storage_bucket"
	at /google/devshell/editor/code-oss-for-cloud-shell/extensions/hashicorp.terraform-2.26.1@linux/out/extension.js:1:387132
	at re (/google/devshell/editor/code-oss-for-cloud-shell/extensions/hashicorp.terraform-2.26.1@linux/out/extension.js:1:387426)
	at /google/devshell/editor/code-oss-for-cloud-shell/extensions/hashicorp.terraform-2.26.1@linux/out/extension.js:1:382210
	at Immediate.<anonymous> (/google/devshell/editor/code-oss-for-cloud-shell/extensions/hashicorp.terraform-2.26.1@linux/out/extension.js:1:382230)
	at process.processImmediate (node:internal/timers:476:21)
2024-03-12 07:18:00.489 [error] [hashicorp.terraform] provider FAILED
2024-03-12 07:18:00.489 [error] Error: storage_bucket.tfvars (3,7): unknown attribute "storage_bucket"
	at /google/devshell/editor/code-oss-for-cloud-shell/extensions/hashicorp.terraform-2.26.1@linux/out/extension.js:1:387132
	at re (/google/devshell/editor/code-oss-for-cloud-shell/extensions/hashicorp.terraform-2.26.1@linux/out/extension.js:1:387426)
	at /google/devshell/editor/code-oss-for-cloud-shell/extensions/hashicorp.terraform-2.26.1@linux/out/extension.js:1:382210
	at Immediate.<anonymous> (/google/devshell/editor/code-oss-for-cloud-shell/extensions/hashicorp.terraform-2.26.1@linux/out/extension.js:1:382230)
	at process.processImmediate (node:internal/timers:476:21)
2024-03-12 07:18:00.842 [error] [hashicorp.terraform] provider FAILED
2024-03-12 07:18:00.843 [error] Error: storage_bucket.tfvars (3,6): unknown attribute "storage_bucket"
	at /google/devshell/editor/code-oss-for-cloud-shell/extensions/hashicorp.terraform-2.26.1@linux/out/extension.js:1:387132
	at re (/google/devshell/editor/code-oss-for-cloud-shell/extensions/hashicorp.terraform-2.26.1@linux/out/extension.js:1:387426)
	at /google/devshell/editor/code-oss-for-cloud-shell/extensions/hashicorp.terraform-2.26.1@linux/out/extension.js:1:382210
	at Immediate.<anonymous> (/google/devshell/editor/code-oss-for-cloud-shell/extensions/hashicorp.terraform-2.26.1@linux/out/extension.js:1:382230)
	at process.processImmediate (node:internal/timers:476:21)
2024-03-12 07:18:01.580 [error] [hashicorp.terraform] provider FAILED
2024-03-12 07:18:01.580 [error] Error: storage_bucket.tfvars (3,17): unknown attribute "storage_bucket"
	at /google/devshell/editor/code-oss-for-cloud-shell/extensions/hashicorp.terraform-2.26.1@linux/out/extension.js:1:387132
	at re (/google/devshell/editor/code-oss-for-cloud-shell/extensions/hashicorp.terraform-2.26.1@linux/out/extension.js:1:387426)
	at /google/devshell/editor/code-oss-for-cloud-shell/extensions/hashicorp.terraform-2.26.1@linux/out/extension.js:1:382210
	at Immediate.<anonymous> (/google/devshell/editor/code-oss-for-cloud-shell/extensions/hashicorp.terraform-2.26.1@linux/out/extension.js:1:382230)
	at process.processImmediate (node:internal/timers:476:21)
