Initializing document watcher...
Document watcher initialized
Store-main/index.html: {}
Store-main/index.html: {}
Store-main/index.html: {}
Store-main/index.html: {}
Store-main/index.html: {}
Store-main/app.yaml: {}
Store-main/app.yaml: {}
Store-main/app.yaml: {}
Store-main/app.yaml: Using EditorConfig core...
Store-main/app.yaml: Using EditorConfig core...
Store-main/app.yaml: {}
Store-main/app.yaml: Using EditorConfig core...
Store-main/app.yaml: {}
Store-main/app.yaml: Using EditorConfig core...
Store-main/app.yaml: Using EditorConfig core...
Store-main/app.yaml: {}
Store-main/app.yaml: {}
Store-main/app.yaml: Using EditorConfig core...
Store-main/app.yaml: Using EditorConfig core...
Store-main/app.yaml: {}
Store-main/app.yaml: Using EditorConfig core...
Store-main/app.yaml: Using EditorConfig core...
Store-main/app.yaml: Using EditorConfig core...
Store-main/app.yaml: Using EditorConfig core...
Store-main/app.yaml: Using EditorConfig core...
Store-main/app.yaml: Using EditorConfig core...
Store-main/app.yaml: {}
Store-main/app.yaml: Using EditorConfig core...
Store-main/app.yaml: Using EditorConfig core...
Store-main/app.yaml: {}
Store-main/app.yaml: {}
Store-main/app.yaml: Using EditorConfig core...
Store-main/app.yaml: {}
Store-main/app.yaml: Using EditorConfig core...
Store-main/app.yaml: Using EditorConfig core...
Store-main/app.yaml: Using EditorConfig core...
Store-main/app.yaml: Using EditorConfig core...
Store-main/app.yaml: Using EditorConfig core...
Store-main/app.yaml: Using EditorConfig core...
Store-main/app.yaml: Using EditorConfig core...
Store-main/app.yaml: {}
Store-main/app.yaml: Using EditorConfig core...
Store-main/app.yaml: Using EditorConfig core...
Store-main/app.yaml: Using EditorConfig core...
Store-main/app.yaml: Using EditorConfig core...
Store-main/app.yaml: Using EditorConfig core...
Store-main/app.yaml: Using EditorConfig core...
Store-main/app.yaml: Using EditorConfig core...
Store-main/app.yaml: Using EditorConfig core...
Store-main/app.yaml: Using EditorConfig core...
Store-main/app.yaml: {}
Store-main/app.yaml: {}
Store-main/index.html: {}
Store-main/.gcloudignore: {}
