2024-04-22 04:30:08.802 [info] Log level: Info
2024-04-22 04:30:08.802 [info] Validating found git in: "git"
2024-04-22 04:30:08.802 [info] Using git "2.34.1" from "git"
2024-04-22 04:30:08.802 [info] > git rev-parse --show-toplevel [68ms]
2024-04-22 04:30:08.802 [info] > git rev-parse --git-dir --git-common-dir [3ms]
2024-04-22 04:30:08.802 [info] Open repository: /home/yellaboyinapavanteja
2024-04-22 04:30:08.802 [info] > git rev-parse --show-toplevel [12ms]
2024-04-22 04:30:08.802 [info] > git config --get commit.template [24ms]
2024-04-22 04:30:08.802 [info] > git rev-parse --show-toplevel [15ms]
2024-04-22 04:30:08.817 [info] > git rev-parse --show-toplevel [3ms]
2024-04-22 04:30:08.827 [info] > git rev-parse --show-toplevel [1ms]
2024-04-22 04:30:08.836 [info] > git rev-parse --show-toplevel [2ms]
2024-04-22 04:30:08.846 [info] > git rev-parse --show-toplevel [1ms]
2024-04-22 04:30:08.858 [info] > git rev-parse --show-toplevel [4ms]
2024-04-22 04:30:08.868 [info] > git rev-parse --show-toplevel [1ms]
2024-04-22 04:30:08.877 [info] > git rev-parse --show-toplevel [2ms]
2024-04-22 04:30:08.886 [info] > git rev-parse --show-toplevel [1ms]
2024-04-22 04:30:08.915 [info] > git for-each-ref --format=%(refname)%00%(upstream:short)%00%(objectname)%00%(upstream:track)%00%(upstream:remotename)%00%(upstream:remoteref) refs/heads/pavan2704 refs/remotes/pavan2704 [120ms]
2024-04-22 04:30:09.042 [info] > git rev-parse --show-toplevel [147ms]
2024-04-22 04:30:09.052 [info] > git rev-parse --git-dir --git-common-dir [2ms]
2024-04-22 04:30:09.059 [info] Open repository: /home/yellaboyinapavanteja/Terraform-modules
2024-04-22 04:30:09.081 [info] > git config --get commit.template [10ms]
2024-04-22 04:30:09.082 [info] > git rev-parse --show-toplevel [4ms]
2024-04-22 04:30:09.265 [info] > git rev-parse --show-toplevel [166ms]
2024-04-22 04:30:09.275 [info] > git rev-parse --git-dir --git-common-dir [1ms]
2024-04-22 04:30:09.281 [info] Open repository: /home/yellaboyinapavanteja/rogers
2024-04-22 04:30:09.300 [info] > git config --get commit.template [9ms]
2024-04-22 04:30:09.422 [info] > git rev-parse --show-toplevel [124ms]
2024-04-22 04:30:09.433 [info] > git rev-parse --git-dir --git-common-dir [3ms]
2024-04-22 04:30:09.442 [info] Open repository: /home/yellaboyinapavanteja/rogers-1
2024-04-22 04:30:09.464 [info] > git config --get commit.template [10ms]
2024-04-22 04:30:09.582 [info] > git rev-parse --show-toplevel [120ms]
2024-04-22 04:30:09.595 [info] > git rev-parse --git-dir --git-common-dir [2ms]
2024-04-22 04:30:09.603 [info] Open repository: /home/yellaboyinapavanteja/slz-terraform-modules
2024-04-22 04:30:09.630 [info] > git for-each-ref --format=%(refname)%00%(upstream:short)%00%(objectname)%00%(upstream:track)%00%(upstream:remotename)%00%(upstream:remoteref) refs/heads/main refs/remotes/main [539ms]
2024-04-22 04:30:09.644 [info] > git config --get commit.template [27ms]
2024-04-22 04:30:09.775 [info] > git rev-parse --show-toplevel [146ms]
2024-04-22 04:30:09.786 [info] > git rev-parse --git-dir --git-common-dir [2ms]
2024-04-22 04:30:09.793 [info] Open repository: /home/yellaboyinapavanteja/slz-terraform-templates
2024-04-22 04:30:09.813 [info] > git config --get commit.template [9ms]
2024-04-22 04:30:09.968 [info] > git for-each-ref --format=%(refname)%00%(upstream:short)%00%(objectname)%00%(upstream:track)%00%(upstream:remotename)%00%(upstream:remoteref) refs/heads/master refs/remotes/master [658ms]
2024-04-22 04:30:09.988 [info] > git rev-parse --show-toplevel [176ms]
2024-04-22 04:30:09.999 [info] > git rev-parse --git-dir --git-common-dir [2ms]
2024-04-22 04:30:10.005 [info] Open repository: /home/yellaboyinapavanteja/storage
2024-04-22 04:30:10.030 [info] > git config --get commit.template [15ms]
2024-04-22 04:30:10.031 [info] > git rev-parse --show-toplevel [3ms]
2024-04-22 04:30:10.256 [info] > git for-each-ref --format=%(refname)%00%(upstream:short)%00%(objectname)%00%(upstream:track)%00%(upstream:remotename)%00%(upstream:remoteref) refs/heads/master refs/remotes/master [783ms]
2024-04-22 04:30:10.309 [info] > git for-each-ref --format=%(refname)%00%(upstream:short)%00%(objectname)%00%(upstream:track)%00%(upstream:remotename)%00%(upstream:remoteref) refs/heads/master refs/remotes/master [654ms]
2024-04-22 04:30:10.383 [info] > git status -z -uall [407ms]
2024-04-22 04:30:10.423 [info] > git config --get commit.template [14ms]
2024-04-22 04:30:10.424 [info] > git for-each-ref --format=%(refname)%00%(upstream:short)%00%(objectname)%00%(upstream:track)%00%(upstream:remotename)%00%(upstream:remoteref) refs/heads/master refs/remotes/master [2ms]
2024-04-22 04:30:10.441 [info] > git status -z -uall [5ms]
2024-04-22 04:30:10.499 [info] > git status -z -uall [179ms]
2024-04-22 04:30:10.524 [info] > git config --get commit.template [3ms]
2024-04-22 04:30:10.648 [info] > git status -z -uall [383ms]
2024-04-22 04:30:10.648 [info] > git for-each-ref --format=%(refname)%00%(upstream:short)%00%(objectname)%00%(upstream:track)%00%(upstream:remotename)%00%(upstream:remoteref) refs/heads/master refs/remotes/master [115ms]
2024-04-22 04:30:10.657 [info] > git for-each-ref --format=%(refname)%00%(upstream:short)%00%(objectname)%00%(upstream:track)%00%(upstream:remotename)%00%(upstream:remoteref) refs/heads/master refs/remotes/master [615ms]
2024-04-22 04:30:10.667 [info] > git for-each-ref --format=%(refname)%00%(upstream:short)%00%(objectname)%00%(upstream:track)%00%(upstream:remotename)%00%(upstream:remoteref) refs/heads/master refs/remotes/master [844ms]
2024-04-22 04:30:10.779 [info] > git status -z -uall [122ms]
2024-04-22 04:30:10.779 [info] > git status -z -uall [113ms]
2024-04-22 04:30:10.779 [info] > git status -z -uall [104ms]
2024-04-22 04:30:10.779 [info] > git check-ignore -v -z --stdin [82ms]
2024-04-22 04:30:10.781 [info] > git check-ignore -v -z --stdin [74ms]
2024-04-22 04:30:10.782 [info] > git check-ignore -v -z --stdin [66ms]
2024-04-22 04:30:10.782 [info] > git check-ignore -v -z --stdin [54ms]
2024-04-22 04:30:10.783 [info] > git check-ignore -v -z --stdin [44ms]
2024-04-22 04:30:10.783 [info] > git check-ignore -v -z --stdin [33ms]
2024-04-22 04:30:10.784 [info] > git check-ignore -v -z --stdin [22ms]
2024-04-22 04:30:10.827 [info] > git config --get commit.template [51ms]
2024-04-22 04:30:10.829 [info] > git config --get commit.template [13ms]
2024-04-22 04:30:10.839 [info] > git config --get commit.template [13ms]
2024-04-22 04:30:10.860 [info] > git for-each-ref --format=%(refname)%00%(upstream:short)%00%(objectname)%00%(upstream:track)%00%(upstream:remotename)%00%(upstream:remoteref) refs/heads/master refs/remotes/master [12ms]
2024-04-22 04:30:10.870 [info] > git for-each-ref --format=%(refname)%00%(upstream:short)%00%(objectname)%00%(upstream:track)%00%(upstream:remotename)%00%(upstream:remoteref) refs/heads/master refs/remotes/master [33ms]
2024-04-22 04:30:10.886 [info] > git status -z -uall [16ms]
2024-04-22 04:30:10.886 [info] > git status -z -uall [2ms]
2024-04-22 04:30:10.890 [info] > git for-each-ref --format=%(refname)%00%(upstream:short)%00%(objectname)%00%(upstream:track)%00%(upstream:remotename)%00%(upstream:remoteref) refs/heads/master refs/remotes/master [30ms]
2024-04-22 04:30:10.904 [info] > git status -z -uall [6ms]
2024-04-22 04:30:13.333 [info] > git status -z -uall [4409ms]
2024-04-22 04:30:13.362 [info] > git status -z -uall [3714ms]
2024-04-22 04:30:13.809 [info] > git config --get commit.template [329ms]
2024-04-22 04:30:13.809 [info] > git config --get commit.template [348ms]
2024-04-22 04:30:13.868 [info] > git for-each-ref --format=%(refname)%00%(upstream:short)%00%(objectname)%00%(upstream:track)%00%(upstream:remotename)%00%(upstream:remoteref) refs/heads/main refs/remotes/main [16ms]
2024-04-22 04:30:13.890 [info] > git for-each-ref --format=%(refname)%00%(upstream:short)%00%(objectname)%00%(upstream:track)%00%(upstream:remotename)%00%(upstream:remoteref) refs/heads/pavan2704 refs/remotes/pavan2704 [56ms]
2024-04-22 04:30:13.924 [info] > git status -z -uall [35ms]
2024-04-22 04:30:13.950 [info] > git status -z -uall [32ms]
2024-04-22 04:30:19.270 [info] > git check-ignore -v -z --stdin [4ms]
2024-04-22 04:30:20.186 [info] > git check-ignore -v -z --stdin [2ms]
2024-04-22 04:30:45.654 [info] > git config --get commit.template [23ms]
2024-04-22 04:30:45.655 [info] > git for-each-ref --format=%(refname)%00%(upstream:short)%00%(objectname)%00%(upstream:track)%00%(upstream:remotename)%00%(upstream:remoteref) refs/heads/pavan2704 refs/remotes/pavan2704 [3ms]
2024-04-22 04:30:45.692 [info] > git status -z -uall [18ms]
2024-04-22 04:30:50.782 [info] > git config --get commit.template [21ms]
2024-04-22 04:30:50.783 [info] > git for-each-ref --format=%(refname)%00%(upstream:short)%00%(objectname)%00%(upstream:track)%00%(upstream:remotename)%00%(upstream:remoteref) refs/heads/pavan2704 refs/remotes/pavan2704 [2ms]
2024-04-22 04:30:50.820 [info] > git status -z -uall [18ms]
2024-04-22 04:30:55.915 [info] > git config --get commit.template [24ms]
2024-04-22 04:30:55.916 [info] > git for-each-ref --format=%(refname)%00%(upstream:short)%00%(objectname)%00%(upstream:track)%00%(upstream:remotename)%00%(upstream:remoteref) refs/heads/pavan2704 refs/remotes/pavan2704 [4ms]
2024-04-22 04:30:55.953 [info] > git status -z -uall [18ms]
2024-04-22 04:31:01.019 [info] > git config --get commit.template [2ms]
2024-04-22 04:31:01.041 [info] > git for-each-ref --format=%(refname)%00%(upstream:short)%00%(objectname)%00%(upstream:track)%00%(upstream:remotename)%00%(upstream:remoteref) refs/heads/pavan2704 refs/remotes/pavan2704 [2ms]
2024-04-22 04:31:01.082 [info] > git status -z -uall [19ms]
2024-04-22 04:31:04.134 [info] > git check-ignore -v -z --stdin [3ms]
2024-04-22 04:31:32.752 [info] > git check-ignore -v -z --stdin [2ms]
2024-04-22 04:31:37.736 [info] > git config --get commit.template [22ms]
2024-04-22 04:31:37.737 [info] > git for-each-ref --format=%(refname)%00%(upstream:short)%00%(objectname)%00%(upstream:track)%00%(upstream:remotename)%00%(upstream:remoteref) refs/heads/pavan2704 refs/remotes/pavan2704 [3ms]
2024-04-22 04:31:37.775 [info] > git status -z -uall [18ms]
2024-04-22 04:31:39.132 [info] > git check-ignore -v -z --stdin [2ms]
2024-04-22 04:31:41.083 [info] > git check-ignore -v -z --stdin [3ms]
2024-04-22 04:31:42.836 [info] > git config --get commit.template [3ms]
2024-04-22 04:31:42.858 [info] > git for-each-ref --format=%(refname)%00%(upstream:short)%00%(objectname)%00%(upstream:track)%00%(upstream:remotename)%00%(upstream:remoteref) refs/heads/pavan2704 refs/remotes/pavan2704 [3ms]
2024-04-22 04:31:42.897 [info] > git status -z -uall [18ms]
2024-04-22 04:31:43.270 [info] > git show --textconv :google_compute_network_endpoint/main.tf [57ms]
2024-04-22 04:31:43.271 [info] > git ls-files --stage -- /home/yellaboyinapavanteja/google_compute_network_endpoint/main.tf [37ms]
2024-04-22 04:31:43.750 [info] > git show --textconv :google_compute_network_endpoint/output.tf [20ms]
2024-04-22 04:31:43.759 [info] > git ls-files --stage -- /home/yellaboyinapavanteja/google_compute_network_endpoint/output.tf [11ms]
2024-04-22 04:31:44.349 [info] > git show --textconv :google_compute_network_endpoint/version.tf [21ms]
2024-04-22 04:31:44.351 [info] > git ls-files --stage -- /home/yellaboyinapavanteja/google_compute_network_endpoint/version.tf [4ms]
2024-04-22 04:31:44.789 [info] > git show --textconv :google_compute_network_endpoint/variables.tf [23ms]
2024-04-22 04:31:44.790 [info] > git ls-files --stage -- /home/yellaboyinapavanteja/google_compute_network_endpoint/variables.tf [4ms]
2024-04-22 04:35:42.108 [info] > git config --get commit.template [17ms]
2024-04-22 04:35:42.109 [info] > git for-each-ref --format=%(refname)%00%(upstream:short)%00%(objectname)%00%(upstream:track)%00%(upstream:remotename)%00%(upstream:remoteref) refs/heads/pavan2704 refs/remotes/pavan2704 [2ms]
2024-04-22 04:35:42.144 [info] > git status -z -uall [19ms]
2024-04-22 04:35:47.223 [info] > git config --get commit.template [18ms]
2024-04-22 04:35:47.224 [info] > git for-each-ref --format=%(refname)%00%(upstream:short)%00%(objectname)%00%(upstream:track)%00%(upstream:remotename)%00%(upstream:remoteref) refs/heads/pavan2704 refs/remotes/pavan2704 [2ms]
2024-04-22 04:35:47.258 [info] > git status -z -uall [17ms]
2024-04-22 04:35:52.327 [info] > git config --get commit.template [19ms]
2024-04-22 04:35:52.327 [info] > git for-each-ref --format=%(refname)%00%(upstream:short)%00%(objectname)%00%(upstream:track)%00%(upstream:remotename)%00%(upstream:remoteref) refs/heads/pavan2704 refs/remotes/pavan2704 [2ms]
2024-04-22 04:35:52.362 [info] > git status -z -uall [17ms]
2024-04-22 04:36:00.966 [info] > git config --get commit.template [19ms]
2024-04-22 04:36:00.967 [info] > git for-each-ref --format=%(refname)%00%(upstream:short)%00%(objectname)%00%(upstream:track)%00%(upstream:remotename)%00%(upstream:remoteref) refs/heads/pavan2704 refs/remotes/pavan2704 [2ms]
2024-04-22 04:36:01.002 [info] > git status -z -uall [18ms]
2024-04-22 04:36:09.035 [info] > git config --get commit.template [18ms]
2024-04-22 04:36:09.036 [info] > git for-each-ref --format=%(refname)%00%(upstream:short)%00%(objectname)%00%(upstream:track)%00%(upstream:remotename)%00%(upstream:remoteref) refs/heads/pavan2704 refs/remotes/pavan2704 [2ms]
2024-04-22 04:36:09.072 [info] > git status -z -uall [18ms]
2024-04-22 04:36:14.132 [info] > git config --get commit.template [19ms]
2024-04-22 04:36:14.133 [info] > git for-each-ref --format=%(refname)%00%(upstream:short)%00%(objectname)%00%(upstream:track)%00%(upstream:remotename)%00%(upstream:remoteref) refs/heads/pavan2704 refs/remotes/pavan2704 [2ms]
2024-04-22 04:36:14.168 [info] > git status -z -uall [18ms]
2024-04-22 04:36:19.230 [info] > git config --get commit.template [20ms]
2024-04-22 04:36:19.231 [info] > git for-each-ref --format=%(refname)%00%(upstream:short)%00%(objectname)%00%(upstream:track)%00%(upstream:remotename)%00%(upstream:remoteref) refs/heads/pavan2704 refs/remotes/pavan2704 [2ms]
2024-04-22 04:36:19.267 [info] > git status -z -uall [17ms]
2024-04-22 04:36:21.931 [info] > git check-ignore -v -z --stdin [2ms]
2024-04-22 04:36:24.336 [info] > git config --get commit.template [19ms]
2024-04-22 04:36:24.338 [info] > git for-each-ref --format=%(refname)%00%(upstream:short)%00%(objectname)%00%(upstream:track)%00%(upstream:remotename)%00%(upstream:remoteref) refs/heads/pavan2704 refs/remotes/pavan2704 [2ms]
2024-04-22 04:36:24.374 [info] > git status -z -uall [18ms]
2024-04-22 04:36:29.446 [info] > git config --get commit.template [20ms]
2024-04-22 04:36:29.447 [info] > git for-each-ref --format=%(refname)%00%(upstream:short)%00%(objectname)%00%(upstream:track)%00%(upstream:remotename)%00%(upstream:remoteref) refs/heads/pavan2704 refs/remotes/pavan2704 [3ms]
2024-04-22 04:36:29.483 [info] > git status -z -uall [18ms]
2024-04-22 04:36:34.549 [info] > git config --get commit.template [19ms]
2024-04-22 04:36:34.550 [info] > git for-each-ref --format=%(refname)%00%(upstream:short)%00%(objectname)%00%(upstream:track)%00%(upstream:remotename)%00%(upstream:remoteref) refs/heads/pavan2704 refs/remotes/pavan2704 [3ms]
2024-04-22 04:36:34.587 [info] > git status -z -uall [18ms]
2024-04-22 04:36:39.650 [info] > git config --get commit.template [21ms]
2024-04-22 04:36:39.651 [info] > git for-each-ref --format=%(refname)%00%(upstream:short)%00%(objectname)%00%(upstream:track)%00%(upstream:remotename)%00%(upstream:remoteref) refs/heads/pavan2704 refs/remotes/pavan2704 [2ms]
2024-04-22 04:36:39.690 [info] > git status -z -uall [19ms]
2024-04-22 04:36:43.221 [info] > git check-ignore -v -z --stdin [2ms]
2024-04-22 04:36:44.753 [info] > git config --get commit.template [20ms]
2024-04-22 04:36:44.754 [info] > git for-each-ref --format=%(refname)%00%(upstream:short)%00%(objectname)%00%(upstream:track)%00%(upstream:remotename)%00%(upstream:remoteref) refs/heads/pavan2704 refs/remotes/pavan2704 [2ms]
2024-04-22 04:36:44.791 [info] > git status -z -uall [17ms]
2024-04-22 04:36:45.824 [info] > git check-ignore -v -z --stdin [2ms]
2024-04-22 04:36:47.636 [info] > git check-ignore -v -z --stdin [2ms]
2024-04-22 04:36:49.108 [info] > git check-ignore -v -z --stdin [2ms]
2024-04-22 04:36:49.855 [info] > git config --get commit.template [20ms]
2024-04-22 04:36:49.856 [info] > git for-each-ref --format=%(refname)%00%(upstream:short)%00%(objectname)%00%(upstream:track)%00%(upstream:remotename)%00%(upstream:remoteref) refs/heads/pavan2704 refs/remotes/pavan2704 [2ms]
2024-04-22 04:36:49.892 [info] > git status -z -uall [17ms]
2024-04-22 04:36:53.791 [info] > git ls-files --stage -- /home/yellaboyinapavanteja/rogers-1/google_monitoring_alert_policy/main.tf [3ms]
2024-04-22 04:36:53.842 [info] > git cat-file -s 4a1553092c0d20e5f77b1f188e3f8c5e547b44bb [30ms]
2024-04-22 04:36:53.844 [info] > git show --textconv :google_monitoring_alert_policy/main.tf [76ms]
2024-04-22 04:36:54.953 [info] > git config --get commit.template [20ms]
2024-04-22 04:36:54.954 [info] > git for-each-ref --format=%(refname)%00%(upstream:short)%00%(objectname)%00%(upstream:track)%00%(upstream:remotename)%00%(upstream:remoteref) refs/heads/pavan2704 refs/remotes/pavan2704 [2ms]
2024-04-22 04:36:54.990 [info] > git status -z -uall [18ms]
2024-04-22 04:37:00.486 [info] > git config --get commit.template [22ms]
2024-04-22 04:37:00.487 [info] > git for-each-ref --format=%(refname)%00%(upstream:short)%00%(objectname)%00%(upstream:track)%00%(upstream:remotename)%00%(upstream:remoteref) refs/heads/pavan2704 refs/remotes/pavan2704 [3ms]
2024-04-22 04:37:00.524 [info] > git status -z -uall [19ms]
2024-04-22 04:37:05.587 [info] > git config --get commit.template [20ms]
2024-04-22 04:37:05.588 [info] > git for-each-ref --format=%(refname)%00%(upstream:short)%00%(objectname)%00%(upstream:track)%00%(upstream:remotename)%00%(upstream:remoteref) refs/heads/pavan2704 refs/remotes/pavan2704 [2ms]
2024-04-22 04:37:05.625 [info] > git status -z -uall [17ms]
2024-04-22 04:37:10.688 [info] > git config --get commit.template [19ms]
2024-04-22 04:37:10.689 [info] > git for-each-ref --format=%(refname)%00%(upstream:short)%00%(objectname)%00%(upstream:track)%00%(upstream:remotename)%00%(upstream:remoteref) refs/heads/pavan2704 refs/remotes/pavan2704 [2ms]
2024-04-22 04:37:10.726 [info] > git status -z -uall [18ms]
2024-04-22 04:37:15.790 [info] > git config --get commit.template [20ms]
2024-04-22 04:37:15.791 [info] > git for-each-ref --format=%(refname)%00%(upstream:short)%00%(objectname)%00%(upstream:track)%00%(upstream:remotename)%00%(upstream:remoteref) refs/heads/pavan2704 refs/remotes/pavan2704 [2ms]
2024-04-22 04:37:15.828 [info] > git status -z -uall [18ms]
2024-04-22 04:37:20.889 [info] > git config --get commit.template [19ms]
2024-04-22 04:37:20.890 [info] > git for-each-ref --format=%(refname)%00%(upstream:short)%00%(objectname)%00%(upstream:track)%00%(upstream:remotename)%00%(upstream:remoteref) refs/heads/pavan2704 refs/remotes/pavan2704 [2ms]
2024-04-22 04:37:20.926 [info] > git status -z -uall [17ms]
2024-04-22 04:37:25.989 [info] > git config --get commit.template [20ms]
2024-04-22 04:37:26.014 [info] > git for-each-ref --format=%(refname)%00%(upstream:short)%00%(objectname)%00%(upstream:track)%00%(upstream:remotename)%00%(upstream:remoteref) refs/heads/pavan2704 refs/remotes/pavan2704 [25ms]
2024-04-22 04:37:26.050 [info] > git status -z -uall [18ms]
2024-04-22 04:37:31.114 [info] > git config --get commit.template [19ms]
2024-04-22 04:37:31.115 [info] > git for-each-ref --format=%(refname)%00%(upstream:short)%00%(objectname)%00%(upstream:track)%00%(upstream:remotename)%00%(upstream:remoteref) refs/heads/pavan2704 refs/remotes/pavan2704 [2ms]
2024-04-22 04:37:31.180 [info] > git status -z -uall [17ms]
2024-04-22 04:37:36.244 [info] > git config --get commit.template [18ms]
2024-04-22 04:37:36.244 [info] > git for-each-ref --format=%(refname)%00%(upstream:short)%00%(objectname)%00%(upstream:track)%00%(upstream:remotename)%00%(upstream:remoteref) refs/heads/pavan2704 refs/remotes/pavan2704 [1ms]
2024-04-22 04:37:36.300 [info] > git status -z -uall [17ms]
2024-04-22 04:37:41.760 [info] > git config --get commit.template [2ms]
2024-04-22 04:37:41.780 [info] > git for-each-ref --format=%(refname)%00%(upstream:short)%00%(objectname)%00%(upstream:track)%00%(upstream:remotename)%00%(upstream:remoteref) refs/heads/pavan2704 refs/remotes/pavan2704 [2ms]
2024-04-22 04:37:41.815 [info] > git status -z -uall [17ms]
2024-04-22 04:37:46.879 [info] > git config --get commit.template [19ms]
2024-04-22 04:37:46.880 [info] > git for-each-ref --format=%(refname)%00%(upstream:short)%00%(objectname)%00%(upstream:track)%00%(upstream:remotename)%00%(upstream:remoteref) refs/heads/pavan2704 refs/remotes/pavan2704 [2ms]
2024-04-22 04:37:46.920 [info] > git status -z -uall [19ms]
2024-04-22 04:37:51.982 [info] > git config --get commit.template [18ms]
2024-04-22 04:37:51.984 [info] > git for-each-ref --format=%(refname)%00%(upstream:short)%00%(objectname)%00%(upstream:track)%00%(upstream:remotename)%00%(upstream:remoteref) refs/heads/pavan2704 refs/remotes/pavan2704 [2ms]
2024-04-22 04:37:52.019 [info] > git status -z -uall [17ms]
2024-04-22 04:37:57.790 [info] > git config --get commit.template [19ms]
2024-04-22 04:37:57.791 [info] > git for-each-ref --format=%(refname)%00%(upstream:short)%00%(objectname)%00%(upstream:track)%00%(upstream:remotename)%00%(upstream:remoteref) refs/heads/pavan2704 refs/remotes/pavan2704 [2ms]
2024-04-22 04:37:57.828 [info] > git status -z -uall [18ms]
2024-04-22 04:38:02.893 [info] > git config --get commit.template [19ms]
2024-04-22 04:38:02.893 [info] > git for-each-ref --format=%(refname)%00%(upstream:short)%00%(objectname)%00%(upstream:track)%00%(upstream:remotename)%00%(upstream:remoteref) refs/heads/pavan2704 refs/remotes/pavan2704 [2ms]
2024-04-22 04:38:02.929 [info] > git status -z -uall [18ms]
2024-04-22 04:38:07.991 [info] > git config --get commit.template [20ms]
2024-04-22 04:38:07.993 [info] > git for-each-ref --format=%(refname)%00%(upstream:short)%00%(objectname)%00%(upstream:track)%00%(upstream:remotename)%00%(upstream:remoteref) refs/heads/pavan2704 refs/remotes/pavan2704 [3ms]
2024-04-22 04:38:08.030 [info] > git status -z -uall [19ms]
2024-04-22 04:38:08.803 [info] > git check-ignore -v -z --stdin [2ms]
2024-04-22 04:38:13.095 [info] > git config --get commit.template [20ms]
2024-04-22 04:38:13.096 [info] > git for-each-ref --format=%(refname)%00%(upstream:short)%00%(objectname)%00%(upstream:track)%00%(upstream:remotename)%00%(upstream:remoteref) refs/heads/pavan2704 refs/remotes/pavan2704 [2ms]
2024-04-22 04:38:13.131 [info] > git status -z -uall [17ms]
2024-04-22 04:38:18.196 [info] > git config --get commit.template [21ms]
2024-04-22 04:38:18.198 [info] > git for-each-ref --format=%(refname)%00%(upstream:short)%00%(objectname)%00%(upstream:track)%00%(upstream:remotename)%00%(upstream:remoteref) refs/heads/pavan2704 refs/remotes/pavan2704 [2ms]
2024-04-22 04:38:18.235 [info] > git status -z -uall [18ms]
2024-04-22 04:38:18.590 [info] > git check-ignore -v -z --stdin [2ms]
2024-04-22 04:38:20.589 [info] > git check-ignore -v -z --stdin [2ms]
2024-04-22 04:38:23.298 [info] > git config --get commit.template [18ms]
2024-04-22 04:38:23.299 [info] > git for-each-ref --format=%(refname)%00%(upstream:short)%00%(objectname)%00%(upstream:track)%00%(upstream:remotename)%00%(upstream:remoteref) refs/heads/pavan2704 refs/remotes/pavan2704 [2ms]
2024-04-22 04:38:23.361 [info] > git status -z -uall [19ms]
2024-04-22 04:38:24.985 [info] > git check-ignore -v -z --stdin [1ms]
2024-04-22 04:38:27.017 [info] > git ls-files --stage -- /home/yellaboyinapavanteja/rogers/google_monitoring_alert_policy.1/main.tf [9ms]
2024-04-22 04:38:27.038 [info] > git show --textconv :google_monitoring_alert_policy.1/main.tf [49ms]
2024-04-22 04:38:27.039 [info] > git cat-file -s aeb6f71b0c2d2693b2a72fedf63cd1fe71d64b2f [3ms]
2024-04-22 04:38:28.424 [info] > git config --get commit.template [19ms]
2024-04-22 04:38:28.425 [info] > git for-each-ref --format=%(refname)%00%(upstream:short)%00%(objectname)%00%(upstream:track)%00%(upstream:remotename)%00%(upstream:remoteref) refs/heads/pavan2704 refs/remotes/pavan2704 [3ms]
2024-04-22 04:38:28.460 [info] > git status -z -uall [17ms]
2024-04-22 04:38:33.942 [info] > git config --get commit.template [3ms]
2024-04-22 04:38:33.964 [info] > git for-each-ref --format=%(refname)%00%(upstream:short)%00%(objectname)%00%(upstream:track)%00%(upstream:remotename)%00%(upstream:remoteref) refs/heads/pavan2704 refs/remotes/pavan2704 [2ms]
2024-04-22 04:38:34.000 [info] > git status -z -uall [18ms]
2024-04-22 04:38:39.067 [info] > git config --get commit.template [20ms]
2024-04-22 04:38:39.068 [info] > git for-each-ref --format=%(refname)%00%(upstream:short)%00%(objectname)%00%(upstream:track)%00%(upstream:remotename)%00%(upstream:remoteref) refs/heads/pavan2704 refs/remotes/pavan2704 [2ms]
2024-04-22 04:38:39.105 [info] > git status -z -uall [18ms]
2024-04-22 04:38:44.168 [info] > git config --get commit.template [21ms]
2024-04-22 04:38:44.169 [info] > git for-each-ref --format=%(refname)%00%(upstream:short)%00%(objectname)%00%(upstream:track)%00%(upstream:remotename)%00%(upstream:remoteref) refs/heads/pavan2704 refs/remotes/pavan2704 [2ms]
2024-04-22 04:38:44.206 [info] > git status -z -uall [18ms]
2024-04-22 04:38:49.253 [info] > git config --get commit.template [2ms]
2024-04-22 04:38:49.274 [info] > git for-each-ref --format=%(refname)%00%(upstream:short)%00%(objectname)%00%(upstream:track)%00%(upstream:remotename)%00%(upstream:remoteref) refs/heads/pavan2704 refs/remotes/pavan2704 [3ms]
2024-04-22 04:38:49.309 [info] > git status -z -uall [17ms]
2024-04-22 04:38:56.977 [info] > git config --get commit.template [21ms]
2024-04-22 04:38:56.978 [info] > git for-each-ref --format=%(refname)%00%(upstream:short)%00%(objectname)%00%(upstream:track)%00%(upstream:remotename)%00%(upstream:remoteref) refs/heads/pavan2704 refs/remotes/pavan2704 [4ms]
2024-04-22 04:38:57.013 [info] > git status -z -uall [18ms]
2024-04-22 04:39:02.365 [info] > git config --get commit.template [21ms]
2024-04-22 04:39:02.366 [info] > git for-each-ref --format=%(refname)%00%(upstream:short)%00%(objectname)%00%(upstream:track)%00%(upstream:remotename)%00%(upstream:remoteref) refs/heads/master refs/remotes/master [2ms]
2024-04-22 04:39:02.390 [info] > git status -z -uall [5ms]
2024-04-22 04:39:05.977 [info] > git config --get commit.template [20ms]
2024-04-22 04:39:05.978 [info] > git for-each-ref --format=%(refname)%00%(upstream:short)%00%(objectname)%00%(upstream:track)%00%(upstream:remotename)%00%(upstream:remoteref) refs/heads/pavan2704 refs/remotes/pavan2704 [2ms]
2024-04-22 04:39:06.016 [info] > git status -z -uall [19ms]
2024-04-22 04:39:11.072 [info] > git config --get commit.template [3ms]
2024-04-22 04:39:11.094 [info] > git for-each-ref --format=%(refname)%00%(upstream:short)%00%(objectname)%00%(upstream:track)%00%(upstream:remotename)%00%(upstream:remoteref) refs/heads/pavan2704 refs/remotes/pavan2704 [1ms]
2024-04-22 04:39:11.130 [info] > git status -z -uall [18ms]
2024-04-22 04:39:16.204 [info] > git config --get commit.template [24ms]
2024-04-22 04:39:16.207 [info] > git for-each-ref --format=%(refname)%00%(upstream:short)%00%(objectname)%00%(upstream:track)%00%(upstream:remotename)%00%(upstream:remoteref) refs/heads/pavan2704 refs/remotes/pavan2704 [4ms]
2024-04-22 04:39:16.245 [info] > git status -z -uall [17ms]
2024-04-22 04:39:17.036 [info] > git config --get commit.template [20ms]
2024-04-22 04:39:17.037 [info] > git for-each-ref --format=%(refname)%00%(upstream:short)%00%(objectname)%00%(upstream:track)%00%(upstream:remotename)%00%(upstream:remoteref) refs/heads/master refs/remotes/master [2ms]
2024-04-22 04:39:17.061 [info] > git status -z -uall [5ms]
2024-04-22 04:39:21.288 [info] > git config --get commit.template [2ms]
2024-04-22 04:39:21.308 [info] > git for-each-ref --format=%(refname)%00%(upstream:short)%00%(objectname)%00%(upstream:track)%00%(upstream:remotename)%00%(upstream:remoteref) refs/heads/pavan2704 refs/remotes/pavan2704 [2ms]
2024-04-22 04:39:21.348 [info] > git status -z -uall [22ms]
2024-04-22 04:39:22.391 [info] > git config --get commit.template [21ms]
2024-04-22 04:39:22.392 [info] > git for-each-ref --format=%(refname)%00%(upstream:short)%00%(objectname)%00%(upstream:track)%00%(upstream:remotename)%00%(upstream:remoteref) refs/heads/master refs/remotes/master [3ms]
2024-04-22 04:39:22.419 [info] > git status -z -uall [5ms]
2024-04-22 04:39:26.412 [info] > git config --get commit.template [19ms]
2024-04-22 04:39:26.414 [info] > git for-each-ref --format=%(refname)%00%(upstream:short)%00%(objectname)%00%(upstream:track)%00%(upstream:remotename)%00%(upstream:remoteref) refs/heads/pavan2704 refs/remotes/pavan2704 [2ms]
2024-04-22 04:39:26.449 [info] > git status -z -uall [17ms]
2024-04-22 04:39:30.321 [info] > git show --textconv :google_logging_project_sink/main.tf [21ms]
2024-04-22 04:39:30.323 [info] > git ls-files --stage -- /home/yellaboyinapavanteja/rogers-1/google_logging_project_sink/main.tf [3ms]
2024-04-22 04:39:30.344 [info] > git cat-file -s c0cfc6919e11522f307427963c67069276c9a0ef [3ms]
2024-04-22 04:39:31.517 [info] > git config --get commit.template [19ms]
2024-04-22 04:39:31.518 [info] > git for-each-ref --format=%(refname)%00%(upstream:short)%00%(objectname)%00%(upstream:track)%00%(upstream:remotename)%00%(upstream:remoteref) refs/heads/pavan2704 refs/remotes/pavan2704 [2ms]
2024-04-22 04:39:31.554 [info] > git status -z -uall [17ms]
2024-04-22 04:39:33.592 [info] > git show --textconv :google_monitoring_alert_policy/main.tf [22ms]
2024-04-22 04:39:33.594 [info] > git ls-files --stage -- /home/yellaboyinapavanteja/rogers-1/google_monitoring_alert_policy/main.tf [5ms]
2024-04-22 04:39:33.616 [info] > git cat-file -s 4a1553092c0d20e5f77b1f188e3f8c5e547b44bb [2ms]
2024-04-22 04:39:37.043 [info] > git config --get commit.template [20ms]
2024-04-22 04:39:37.044 [info] > git for-each-ref --format=%(refname)%00%(upstream:short)%00%(objectname)%00%(upstream:track)%00%(upstream:remotename)%00%(upstream:remoteref) refs/heads/pavan2704 refs/remotes/pavan2704 [2ms]
2024-04-22 04:39:37.080 [info] > git status -z -uall [17ms]
2024-04-22 04:39:41.379 [info] > git check-ignore -v -z --stdin [2ms]
2024-04-22 04:39:42.159 [info] > git config --get commit.template [24ms]
2024-04-22 04:39:42.160 [info] > git for-each-ref --format=%(refname)%00%(upstream:short)%00%(objectname)%00%(upstream:track)%00%(upstream:remotename)%00%(upstream:remoteref) refs/heads/pavan2704 refs/remotes/pavan2704 [2ms]
2024-04-22 04:39:42.204 [info] > git status -z -uall [21ms]
2024-04-22 04:39:42.525 [info] > git ls-files --stage -- /home/yellaboyinapavanteja/rogers-1/google_monitoring_alert_policy.1/main.tf [3ms]
2024-04-22 04:39:42.546 [info] > git show --textconv :google_monitoring_alert_policy.1/main.tf [41ms]
2024-04-22 04:39:42.549 [info] > git cat-file -s 09b9d013cd8d969e58fb13e1f1126dcc75b8f8bb [6ms]
2024-04-22 04:39:47.268 [info] > git config --get commit.template [18ms]
2024-04-22 04:39:47.269 [info] > git for-each-ref --format=%(refname)%00%(upstream:short)%00%(objectname)%00%(upstream:track)%00%(upstream:remotename)%00%(upstream:remoteref) refs/heads/pavan2704 refs/remotes/pavan2704 [2ms]
2024-04-22 04:39:47.305 [info] > git status -z -uall [18ms]
2024-04-22 04:39:52.376 [info] > git config --get commit.template [24ms]
2024-04-22 04:39:52.378 [info] > git for-each-ref --format=%(refname)%00%(upstream:short)%00%(objectname)%00%(upstream:track)%00%(upstream:remotename)%00%(upstream:remoteref) refs/heads/pavan2704 refs/remotes/pavan2704 [3ms]
2024-04-22 04:39:52.416 [info] > git status -z -uall [19ms]
2024-04-22 04:39:56.692 [info] > git config --get commit.template [21ms]
2024-04-22 04:39:56.693 [info] > git for-each-ref --format=%(refname)%00%(upstream:short)%00%(objectname)%00%(upstream:track)%00%(upstream:remotename)%00%(upstream:remoteref) refs/heads/master refs/remotes/master [2ms]
2024-04-22 04:39:56.716 [info] > git status -z -uall [5ms]
2024-04-22 04:39:57.484 [info] > git config --get commit.template [25ms]
2024-04-22 04:39:57.486 [info] > git for-each-ref --format=%(refname)%00%(upstream:short)%00%(objectname)%00%(upstream:track)%00%(upstream:remotename)%00%(upstream:remoteref) refs/heads/pavan2704 refs/remotes/pavan2704 [4ms]
2024-04-22 04:39:57.535 [info] > git status -z -uall [22ms]
2024-04-22 04:40:02.603 [info] > git config --get commit.template [21ms]
2024-04-22 04:40:02.604 [info] > git for-each-ref --format=%(refname)%00%(upstream:short)%00%(objectname)%00%(upstream:track)%00%(upstream:remotename)%00%(upstream:remoteref) refs/heads/pavan2704 refs/remotes/pavan2704 [2ms]
2024-04-22 04:40:02.646 [info] > git status -z -uall [21ms]
2024-04-22 04:40:07.711 [info] > git config --get commit.template [21ms]
2024-04-22 04:40:07.712 [info] > git for-each-ref --format=%(refname)%00%(upstream:short)%00%(objectname)%00%(upstream:track)%00%(upstream:remotename)%00%(upstream:remoteref) refs/heads/pavan2704 refs/remotes/pavan2704 [2ms]
2024-04-22 04:40:07.749 [info] > git status -z -uall [17ms]
2024-04-22 04:40:12.557 [info] > git config --get commit.template [21ms]
2024-04-22 04:40:12.557 [info] > git for-each-ref --format=%(refname)%00%(upstream:short)%00%(objectname)%00%(upstream:track)%00%(upstream:remotename)%00%(upstream:remoteref) refs/heads/master refs/remotes/master [1ms]
2024-04-22 04:40:12.581 [info] > git status -z -uall [5ms]
2024-04-22 04:40:12.816 [info] > git config --get commit.template [21ms]
2024-04-22 04:40:12.836 [info] > git for-each-ref --format=%(refname)%00%(upstream:short)%00%(objectname)%00%(upstream:track)%00%(upstream:remotename)%00%(upstream:remoteref) refs/heads/pavan2704 refs/remotes/pavan2704 [20ms]
2024-04-22 04:40:12.855 [info] > git check-ignore -v -z --stdin [20ms]
2024-04-22 04:40:12.872 [info] > git status -z -uall [18ms]
2024-04-22 04:40:17.934 [info] > git config --get commit.template [21ms]
2024-04-22 04:40:17.935 [info] > git for-each-ref --format=%(refname)%00%(upstream:short)%00%(objectname)%00%(upstream:track)%00%(upstream:remotename)%00%(upstream:remoteref) refs/heads/pavan2704 refs/remotes/pavan2704 [2ms]
2024-04-22 04:40:17.974 [info] > git status -z -uall [18ms]
2024-04-22 04:40:23.038 [info] > git config --get commit.template [20ms]
2024-04-22 04:40:23.039 [info] > git for-each-ref --format=%(refname)%00%(upstream:short)%00%(objectname)%00%(upstream:track)%00%(upstream:remotename)%00%(upstream:remoteref) refs/heads/pavan2704 refs/remotes/pavan2704 [2ms]
2024-04-22 04:40:23.077 [info] > git status -z -uall [19ms]
2024-04-22 04:40:28.143 [info] > git config --get commit.template [20ms]
2024-04-22 04:40:28.144 [info] > git for-each-ref --format=%(refname)%00%(upstream:short)%00%(objectname)%00%(upstream:track)%00%(upstream:remotename)%00%(upstream:remoteref) refs/heads/pavan2704 refs/remotes/pavan2704 [2ms]
2024-04-22 04:40:28.181 [info] > git status -z -uall [16ms]
2024-04-22 04:40:33.247 [info] > git config --get commit.template [20ms]
2024-04-22 04:40:33.248 [info] > git for-each-ref --format=%(refname)%00%(upstream:short)%00%(objectname)%00%(upstream:track)%00%(upstream:remotename)%00%(upstream:remoteref) refs/heads/pavan2704 refs/remotes/pavan2704 [2ms]
2024-04-22 04:40:33.285 [info] > git status -z -uall [17ms]
2024-04-22 04:40:38.357 [info] > git config --get commit.template [24ms]
2024-04-22 04:40:38.358 [info] > git for-each-ref --format=%(refname)%00%(upstream:short)%00%(objectname)%00%(upstream:track)%00%(upstream:remotename)%00%(upstream:remoteref) refs/heads/pavan2704 refs/remotes/pavan2704 [2ms]
2024-04-22 04:40:38.395 [info] > git status -z -uall [18ms]
2024-04-22 04:40:43.458 [info] > git config --get commit.template [20ms]
2024-04-22 04:40:43.459 [info] > git for-each-ref --format=%(refname)%00%(upstream:short)%00%(objectname)%00%(upstream:track)%00%(upstream:remotename)%00%(upstream:remoteref) refs/heads/pavan2704 refs/remotes/pavan2704 [2ms]
2024-04-22 04:40:43.495 [info] > git status -z -uall [17ms]
2024-04-22 04:40:48.557 [info] > git config --get commit.template [22ms]
2024-04-22 04:40:48.558 [info] > git for-each-ref --format=%(refname)%00%(upstream:short)%00%(objectname)%00%(upstream:track)%00%(upstream:remotename)%00%(upstream:remoteref) refs/heads/pavan2704 refs/remotes/pavan2704 [3ms]
2024-04-22 04:40:48.596 [info] > git status -z -uall [18ms]
2024-04-22 04:40:53.659 [info] > git config --get commit.template [19ms]
2024-04-22 04:40:53.660 [info] > git for-each-ref --format=%(refname)%00%(upstream:short)%00%(objectname)%00%(upstream:track)%00%(upstream:remotename)%00%(upstream:remoteref) refs/heads/pavan2704 refs/remotes/pavan2704 [2ms]
2024-04-22 04:40:53.695 [info] > git status -z -uall [17ms]
2024-04-22 04:40:58.758 [info] > git config --get commit.template [19ms]
2024-04-22 04:40:58.759 [info] > git for-each-ref --format=%(refname)%00%(upstream:short)%00%(objectname)%00%(upstream:track)%00%(upstream:remotename)%00%(upstream:remoteref) refs/heads/pavan2704 refs/remotes/pavan2704 [3ms]
2024-04-22 04:40:58.796 [info] > git status -z -uall [17ms]
2024-04-22 04:41:02.867 [info] > git check-ignore -v -z --stdin [2ms]
2024-04-22 04:41:05.082 [info] > git check-ignore -v -z --stdin [2ms]
2024-04-22 04:41:07.484 [info] > git check-ignore -v -z --stdin [3ms]
2024-04-22 04:41:09.286 [info] > git config --get commit.template [21ms]
2024-04-22 04:41:09.287 [info] > git for-each-ref --format=%(refname)%00%(upstream:short)%00%(objectname)%00%(upstream:track)%00%(upstream:remotename)%00%(upstream:remoteref) refs/heads/pavan2704 refs/remotes/pavan2704 [3ms]
2024-04-22 04:41:09.323 [info] > git status -z -uall [18ms]
2024-04-22 04:41:15.520 [info] > git config --get commit.template [19ms]
2024-04-22 04:41:15.520 [info] > git for-each-ref --format=%(refname)%00%(upstream:short)%00%(objectname)%00%(upstream:track)%00%(upstream:remotename)%00%(upstream:remoteref) refs/heads/pavan2704 refs/remotes/pavan2704 [1ms]
2024-04-22 04:41:15.556 [info] > git status -z -uall [18ms]
2024-04-22 04:41:20.628 [info] > git config --get commit.template [22ms]
2024-04-22 04:41:20.629 [info] > git for-each-ref --format=%(refname)%00%(upstream:short)%00%(objectname)%00%(upstream:track)%00%(upstream:remotename)%00%(upstream:remoteref) refs/heads/pavan2704 refs/remotes/pavan2704 [2ms]
2024-04-22 04:41:20.672 [info] > git status -z -uall [20ms]
2024-04-22 04:41:22.217 [info] > git config --get commit.template [6ms]
2024-04-22 04:41:22.236 [info] > git for-each-ref --format=%(refname)%00%(upstream:short)%00%(objectname)%00%(upstream:track)%00%(upstream:remotename)%00%(upstream:remoteref) refs/heads/master refs/remotes/master [2ms]
2024-04-22 04:41:22.260 [info] > git status -z -uall [5ms]
2024-04-22 04:41:22.404 [info] > git check-ignore -v -z --stdin [2ms]
2024-04-22 04:41:25.735 [info] > git config --get commit.template [19ms]
2024-04-22 04:41:25.737 [info] > git for-each-ref --format=%(refname)%00%(upstream:short)%00%(objectname)%00%(upstream:track)%00%(upstream:remotename)%00%(upstream:remoteref) refs/heads/pavan2704 refs/remotes/pavan2704 [3ms]
2024-04-22 04:41:25.772 [info] > git status -z -uall [18ms]
2024-04-22 04:41:33.192 [info] > git config --get commit.template [20ms]
2024-04-22 04:41:33.193 [info] > git for-each-ref --format=%(refname)%00%(upstream:short)%00%(objectname)%00%(upstream:track)%00%(upstream:remotename)%00%(upstream:remoteref) refs/heads/pavan2704 refs/remotes/pavan2704 [2ms]
2024-04-22 04:41:33.228 [info] > git status -z -uall [17ms]
