2024-05-29 04:58:38.087 [info] Log level: Info
2024-05-29 04:58:38.087 [info] Validating found git in: "git"
2024-05-29 04:58:38.087 [info] Using git "2.34.1" from "git"
2024-05-29 04:58:38.087 [info] > git rev-parse --show-toplevel [24ms]
2024-05-29 04:58:38.087 [info] > git rev-parse --git-dir --git-common-dir [2ms]
2024-05-29 04:58:38.087 [info] Open repository: /home/yellaboyinapavanteja
2024-05-29 04:58:38.087 [info] > git config --get commit.template [10ms]
2024-05-29 04:58:38.087 [info] > git rev-parse --show-toplevel [6ms]
2024-05-29 04:58:38.089 [info] > git rev-parse --show-toplevel [1ms]
2024-05-29 04:58:38.096 [info] > git rev-parse --show-toplevel [2ms]
2024-05-29 04:58:38.103 [info] > git for-each-ref --format=%(refname)%00%(upstream:short)%00%(objectname)%00%(upstream:track)%00%(upstream:remotename)%00%(upstream:remoteref) refs/heads/pavan2704 refs/remotes/pavan2704 [26ms]
2024-05-29 04:58:38.112 [info] > git rev-parse --show-toplevel [10ms]
2024-05-29 04:58:38.119 [info] > git rev-parse --show-toplevel [1ms]
2024-05-29 04:58:38.128 [info] > git rev-parse --show-toplevel [1ms]
2024-05-29 04:58:38.135 [info] > git rev-parse --show-toplevel [2ms]
2024-05-29 04:58:38.143 [info] > git rev-parse --show-toplevel [3ms]
2024-05-29 04:58:38.152 [info] > git rev-parse --show-toplevel [1ms]
2024-05-29 04:58:38.159 [info] > git rev-parse --show-toplevel [2ms]
2024-05-29 04:58:38.180 [info] > git rev-parse --show-toplevel [15ms]
2024-05-29 04:58:38.194 [info] > git status -z -uall [83ms]
2024-05-29 04:58:38.266 [info] > git rev-parse --git-dir --git-common-dir [79ms]
2024-05-29 04:58:38.271 [info] Open repository: /home/yellaboyinapavanteja/slz-terraform-modules
2024-05-29 04:58:38.289 [info] > git config --get commit.template [25ms]
2024-05-29 04:58:38.290 [info] > git rev-parse --show-toplevel [5ms]
2024-05-29 04:58:38.291 [info] > git config --get commit.template [11ms]
2024-05-29 04:58:38.643 [info] > git rev-parse --git-dir --git-common-dir [340ms]
2024-05-29 04:58:38.647 [info] Open repository: /home/yellaboyinapavanteja/slz-terraform-templates
2024-05-29 04:58:38.649 [info] > git for-each-ref --format=%(refname)%00%(upstream:short)%00%(objectname)%00%(upstream:track)%00%(upstream:remotename)%00%(upstream:remoteref) refs/heads/pavan2704 refs/remotes/pavan2704 [353ms]
2024-05-29 04:58:38.671 [info] > git for-each-ref --format=%(refname)%00%(upstream:short)%00%(objectname)%00%(upstream:track)%00%(upstream:remotename)%00%(upstream:remoteref) refs/heads/master refs/remotes/master [112ms]
2024-05-29 04:58:38.680 [info] > git status -z -uall [24ms]
2024-05-29 04:58:38.680 [info] > git config --get commit.template [10ms]
2024-05-29 04:58:38.718 [info] > git status -z -uall [40ms]
2024-05-29 04:58:38.746 [info] > git config --get commit.template [8ms]
2024-05-29 04:58:38.748 [info] > git for-each-ref --format=%(refname)%00%(upstream:short)%00%(objectname)%00%(upstream:track)%00%(upstream:remotename)%00%(upstream:remoteref) refs/heads/master refs/remotes/master [2ms]
2024-05-29 04:58:38.757 [info] > git for-each-ref --format=%(refname)%00%(upstream:short)%00%(objectname)%00%(upstream:track)%00%(upstream:remotename)%00%(upstream:remoteref) refs/heads/master refs/remotes/master [27ms]
2024-05-29 04:58:38.765 [info] > git status -z -uall [9ms]
2024-05-29 04:58:38.771 [info] > git status -z -uall [7ms]
2024-05-29 04:58:38.996 [info] > git config --get commit.template [213ms]
2024-05-29 04:58:39.019 [info] > git check-ignore -v -z --stdin [14ms]
2024-05-29 04:58:39.020 [info] > git check-ignore -v -z --stdin [6ms]
2024-05-29 04:58:39.022 [info] > git for-each-ref --format=%(refname)%00%(upstream:short)%00%(objectname)%00%(upstream:track)%00%(upstream:remotename)%00%(upstream:remoteref) refs/heads/master refs/remotes/master [26ms]
2024-05-29 04:58:39.034 [info] > git status -z -uall [4ms]
2024-05-29 04:58:41.564 [info] > git check-ignore -v -z --stdin [17ms]
2024-05-29 04:58:41.565 [info] > git check-ignore -v -z --stdin [10ms]
2024-05-29 04:58:41.565 [info] > git check-ignore -v -z --stdin [2ms]
2024-05-29 04:59:09.923 [info] > git config --get commit.template [17ms]
2024-05-29 04:59:09.923 [info] > git for-each-ref --format=%(refname)%00%(upstream:short)%00%(objectname)%00%(upstream:track)%00%(upstream:remotename)%00%(upstream:remoteref) refs/heads/pavan2704 refs/remotes/pavan2704 [2ms]
2024-05-29 04:59:09.949 [info] > git status -z -uall [10ms]
2024-05-29 04:59:15.033 [info] > git config --get commit.template [17ms]
2024-05-29 04:59:15.034 [info] > git for-each-ref --format=%(refname)%00%(upstream:short)%00%(objectname)%00%(upstream:track)%00%(upstream:remotename)%00%(upstream:remoteref) refs/heads/pavan2704 refs/remotes/pavan2704 [2ms]
2024-05-29 04:59:15.062 [info] > git status -z -uall [10ms]
2024-05-29 04:59:15.134 [info] > git check-ignore -v -z --stdin [2ms]
2024-05-29 04:59:20.121 [info] > git config --get commit.template [17ms]
2024-05-29 04:59:20.122 [info] > git for-each-ref --format=%(refname)%00%(upstream:short)%00%(objectname)%00%(upstream:track)%00%(upstream:remotename)%00%(upstream:remoteref) refs/heads/pavan2704 refs/remotes/pavan2704 [2ms]
2024-05-29 04:59:20.151 [info] > git status -z -uall [13ms]
2024-05-29 04:59:25.220 [info] > git config --get commit.template [18ms]
2024-05-29 04:59:25.221 [info] > git for-each-ref --format=%(refname)%00%(upstream:short)%00%(objectname)%00%(upstream:track)%00%(upstream:remotename)%00%(upstream:remoteref) refs/heads/pavan2704 refs/remotes/pavan2704 [1ms]
2024-05-29 04:59:25.255 [info] > git status -z -uall [10ms]
2024-05-29 04:59:30.229 [info] > git check-ignore -v -z --stdin [2ms]
2024-05-29 04:59:30.348 [info] > git show --textconv :google_data_loss_prevention_job_trigger/main.tf [22ms]
2024-05-29 04:59:30.350 [info] > git config --get commit.template [43ms]
2024-05-29 04:59:30.367 [info] > git ls-files --stage -- /home/yellaboyinapavanteja/google_data_loss_prevention_job_trigger/main.tf [25ms]
2024-05-29 04:59:30.369 [info] > git for-each-ref --format=%(refname)%00%(upstream:short)%00%(objectname)%00%(upstream:track)%00%(upstream:remotename)%00%(upstream:remoteref) refs/heads/pavan2704 refs/remotes/pavan2704 [3ms]
2024-05-29 04:59:30.399 [info] > git status -z -uall [13ms]
2024-05-29 04:59:35.467 [info] > git config --get commit.template [16ms]
2024-05-29 04:59:35.468 [info] > git for-each-ref --format=%(refname)%00%(upstream:short)%00%(objectname)%00%(upstream:track)%00%(upstream:remotename)%00%(upstream:remoteref) refs/heads/pavan2704 refs/remotes/pavan2704 [2ms]
2024-05-29 04:59:35.492 [info] > git status -z -uall [9ms]
2024-05-29 05:06:04.132 [info] > git config --get commit.template [14ms]
2024-05-29 05:06:04.133 [info] > git for-each-ref --format=%(refname)%00%(upstream:short)%00%(objectname)%00%(upstream:track)%00%(upstream:remotename)%00%(upstream:remoteref) refs/heads/pavan2704 refs/remotes/pavan2704 [3ms]
2024-05-29 05:06:04.156 [info] > git status -z -uall [9ms]
2024-05-29 05:07:04.121 [info] > git config --get commit.template [15ms]
2024-05-29 05:07:04.121 [info] > git for-each-ref --format=%(refname)%00%(upstream:short)%00%(objectname)%00%(upstream:track)%00%(upstream:remotename)%00%(upstream:remoteref) refs/heads/pavan2704 refs/remotes/pavan2704 [2ms]
2024-05-29 05:07:04.144 [info] > git status -z -uall [10ms]
2024-05-29 05:08:39.247 [info] > git config --get commit.template [15ms]
2024-05-29 05:08:39.248 [info] > git for-each-ref --format=%(refname)%00%(upstream:short)%00%(objectname)%00%(upstream:track)%00%(upstream:remotename)%00%(upstream:remoteref) refs/heads/pavan2704 refs/remotes/pavan2704 [2ms]
2024-05-29 05:08:39.275 [info] > git status -z -uall [13ms]
2024-05-29 05:08:58.746 [info] > git config --get commit.template [15ms]
2024-05-29 05:08:58.747 [info] > git for-each-ref --format=%(refname)%00%(upstream:short)%00%(objectname)%00%(upstream:track)%00%(upstream:remotename)%00%(upstream:remoteref) refs/heads/pavan2704 refs/remotes/pavan2704 [2ms]
2024-05-29 05:08:58.772 [info] > git status -z -uall [10ms]
2024-05-29 05:09:03.844 [info] > git config --get commit.template [16ms]
2024-05-29 05:09:03.846 [info] > git for-each-ref --format=%(refname)%00%(upstream:short)%00%(objectname)%00%(upstream:track)%00%(upstream:remotename)%00%(upstream:remoteref) refs/heads/pavan2704 refs/remotes/pavan2704 [3ms]
2024-05-29 05:09:03.870 [info] > git status -z -uall [10ms]
2024-05-29 05:09:08.932 [info] > git config --get commit.template [16ms]
2024-05-29 05:09:08.932 [info] > git for-each-ref --format=%(refname)%00%(upstream:short)%00%(objectname)%00%(upstream:track)%00%(upstream:remotename)%00%(upstream:remoteref) refs/heads/pavan2704 refs/remotes/pavan2704 [2ms]
2024-05-29 05:09:08.956 [info] > git status -z -uall [10ms]
2024-05-29 05:09:14.012 [info] > git config --get commit.template [16ms]
2024-05-29 05:09:14.013 [info] > git for-each-ref --format=%(refname)%00%(upstream:short)%00%(objectname)%00%(upstream:track)%00%(upstream:remotename)%00%(upstream:remoteref) refs/heads/pavan2704 refs/remotes/pavan2704 [1ms]
2024-05-29 05:09:14.050 [info] > git status -z -uall [10ms]
2024-05-29 05:11:22.957 [info] > git config --get commit.template [16ms]
2024-05-29 05:11:22.958 [info] > git for-each-ref --format=%(refname)%00%(upstream:short)%00%(objectname)%00%(upstream:track)%00%(upstream:remotename)%00%(upstream:remoteref) refs/heads/pavan2704 refs/remotes/pavan2704 [2ms]
2024-05-29 05:11:22.982 [info] > git status -z -uall [10ms]
2024-05-29 05:11:28.049 [info] > git config --get commit.template [16ms]
2024-05-29 05:11:28.050 [info] > git for-each-ref --format=%(refname)%00%(upstream:short)%00%(objectname)%00%(upstream:track)%00%(upstream:remotename)%00%(upstream:remoteref) refs/heads/pavan2704 refs/remotes/pavan2704 [2ms]
2024-05-29 05:11:28.076 [info] > git status -z -uall [11ms]
2024-05-29 05:11:34.879 [info] > git config --get commit.template [5ms]
2024-05-29 05:11:34.896 [info] > git for-each-ref --format=%(refname)%00%(upstream:short)%00%(objectname)%00%(upstream:track)%00%(upstream:remotename)%00%(upstream:remoteref) refs/heads/pavan2704 refs/remotes/pavan2704 [2ms]
2024-05-29 05:11:34.920 [info] > git status -z -uall [9ms]
2024-05-29 05:11:39.976 [info] > git config --get commit.template [17ms]
2024-05-29 05:11:39.977 [info] > git for-each-ref --format=%(refname)%00%(upstream:short)%00%(objectname)%00%(upstream:track)%00%(upstream:remotename)%00%(upstream:remoteref) refs/heads/pavan2704 refs/remotes/pavan2704 [2ms]
2024-05-29 05:11:40.002 [info] > git status -z -uall [10ms]
2024-05-29 05:11:45.042 [info] > git config --get commit.template [1ms]
2024-05-29 05:11:45.058 [info] > git for-each-ref --format=%(refname)%00%(upstream:short)%00%(objectname)%00%(upstream:track)%00%(upstream:remotename)%00%(upstream:remoteref) refs/heads/pavan2704 refs/remotes/pavan2704 [1ms]
2024-05-29 05:11:45.083 [info] > git status -z -uall [10ms]
2024-05-29 05:11:50.137 [info] > git config --get commit.template [15ms]
2024-05-29 05:11:50.137 [info] > git for-each-ref --format=%(refname)%00%(upstream:short)%00%(objectname)%00%(upstream:track)%00%(upstream:remotename)%00%(upstream:remoteref) refs/heads/pavan2704 refs/remotes/pavan2704 [1ms]
2024-05-29 05:11:50.163 [info] > git status -z -uall [9ms]
2024-05-29 05:11:55.218 [info] > git config --get commit.template [16ms]
2024-05-29 05:11:55.219 [info] > git for-each-ref --format=%(refname)%00%(upstream:short)%00%(objectname)%00%(upstream:track)%00%(upstream:remotename)%00%(upstream:remoteref) refs/heads/pavan2704 refs/remotes/pavan2704 [2ms]
2024-05-29 05:11:55.245 [info] > git status -z -uall [9ms]
2024-05-29 05:12:00.495 [info] > git config --get commit.template [16ms]
2024-05-29 05:12:00.496 [info] > git for-each-ref --format=%(refname)%00%(upstream:short)%00%(objectname)%00%(upstream:track)%00%(upstream:remotename)%00%(upstream:remoteref) refs/heads/pavan2704 refs/remotes/pavan2704 [2ms]
2024-05-29 05:12:00.520 [info] > git status -z -uall [9ms]
2024-05-29 05:12:09.977 [info] > git config --get commit.template [1ms]
2024-05-29 05:12:09.994 [info] > git for-each-ref --format=%(refname)%00%(upstream:short)%00%(objectname)%00%(upstream:track)%00%(upstream:remotename)%00%(upstream:remoteref) refs/heads/pavan2704 refs/remotes/pavan2704 [1ms]
2024-05-29 05:12:10.019 [info] > git status -z -uall [9ms]
2024-05-29 05:12:18.621 [info] > git config --get commit.template [16ms]
2024-05-29 05:12:18.621 [info] > git for-each-ref --format=%(refname)%00%(upstream:short)%00%(objectname)%00%(upstream:track)%00%(upstream:remotename)%00%(upstream:remoteref) refs/heads/pavan2704 refs/remotes/pavan2704 [2ms]
2024-05-29 05:12:18.645 [info] > git status -z -uall [9ms]
2024-05-29 05:12:23.701 [info] > git config --get commit.template [16ms]
2024-05-29 05:12:23.702 [info] > git for-each-ref --format=%(refname)%00%(upstream:short)%00%(objectname)%00%(upstream:track)%00%(upstream:remotename)%00%(upstream:remoteref) refs/heads/pavan2704 refs/remotes/pavan2704 [3ms]
2024-05-29 05:12:23.727 [info] > git status -z -uall [10ms]
2024-05-29 05:19:08.898 [info] > git config --get commit.template [14ms]
2024-05-29 05:19:08.899 [info] > git for-each-ref --format=%(refname)%00%(upstream:short)%00%(objectname)%00%(upstream:track)%00%(upstream:remotename)%00%(upstream:remoteref) refs/heads/pavan2704 refs/remotes/pavan2704 [1ms]
2024-05-29 05:19:08.923 [info] > git status -z -uall [10ms]
2024-05-29 05:19:13.992 [info] > git config --get commit.template [14ms]
2024-05-29 05:19:13.993 [info] > git for-each-ref --format=%(refname)%00%(upstream:short)%00%(objectname)%00%(upstream:track)%00%(upstream:remotename)%00%(upstream:remoteref) refs/heads/pavan2704 refs/remotes/pavan2704 [3ms]
2024-05-29 05:19:14.017 [info] > git status -z -uall [10ms]
2024-05-29 05:19:25.563 [info] > git config --get commit.template [1ms]
2024-05-29 05:19:25.580 [info] > git for-each-ref --format=%(refname)%00%(upstream:short)%00%(objectname)%00%(upstream:track)%00%(upstream:remotename)%00%(upstream:remoteref) refs/heads/pavan2704 refs/remotes/pavan2704 [2ms]
2024-05-29 05:19:25.604 [info] > git status -z -uall [9ms]
2024-05-29 05:19:30.666 [info] > git config --get commit.template [16ms]
2024-05-29 05:19:30.667 [info] > git for-each-ref --format=%(refname)%00%(upstream:short)%00%(objectname)%00%(upstream:track)%00%(upstream:remotename)%00%(upstream:remoteref) refs/heads/pavan2704 refs/remotes/pavan2704 [2ms]
2024-05-29 05:19:30.691 [info] > git status -z -uall [9ms]
2024-05-29 05:21:45.593 [info] > git for-each-ref --format=%(refname)%00%(upstream:short)%00%(objectname)%00%(upstream:track)%00%(upstream:remotename)%00%(upstream:remoteref) refs/heads/pavan2704 refs/remotes/pavan2704 [2ms]
2024-05-29 05:21:45.593 [info] > git config --get commit.template [17ms]
2024-05-29 05:21:45.616 [info] > git status -z -uall [9ms]
2024-05-29 05:21:50.690 [info] > git config --get commit.template [17ms]
2024-05-29 05:21:50.691 [info] > git for-each-ref --format=%(refname)%00%(upstream:short)%00%(objectname)%00%(upstream:track)%00%(upstream:remotename)%00%(upstream:remoteref) refs/heads/pavan2704 refs/remotes/pavan2704 [2ms]
2024-05-29 05:21:50.718 [info] > git status -z -uall [11ms]
2024-05-29 05:21:59.729 [info] > git config --get commit.template [2ms]
2024-05-29 05:21:59.745 [info] > git for-each-ref --format=%(refname)%00%(upstream:short)%00%(objectname)%00%(upstream:track)%00%(upstream:remotename)%00%(upstream:remoteref) refs/heads/pavan2704 refs/remotes/pavan2704 [2ms]
2024-05-29 05:21:59.770 [info] > git status -z -uall [10ms]
2024-05-29 05:22:07.884 [info] > git config --get commit.template [15ms]
2024-05-29 05:22:07.885 [info] > git for-each-ref --format=%(refname)%00%(upstream:short)%00%(objectname)%00%(upstream:track)%00%(upstream:remotename)%00%(upstream:remoteref) refs/heads/pavan2704 refs/remotes/pavan2704 [2ms]
2024-05-29 05:22:07.909 [info] > git status -z -uall [10ms]
2024-05-29 05:22:12.956 [info] > git config --get commit.template [2ms]
2024-05-29 05:22:12.973 [info] > git for-each-ref --format=%(refname)%00%(upstream:short)%00%(objectname)%00%(upstream:track)%00%(upstream:remotename)%00%(upstream:remoteref) refs/heads/pavan2704 refs/remotes/pavan2704 [2ms]
2024-05-29 05:22:12.997 [info] > git status -z -uall [10ms]
2024-05-29 05:22:21.698 [info] > git config --get commit.template [16ms]
2024-05-29 05:22:21.699 [info] > git for-each-ref --format=%(refname)%00%(upstream:short)%00%(objectname)%00%(upstream:track)%00%(upstream:remotename)%00%(upstream:remoteref) refs/heads/pavan2704 refs/remotes/pavan2704 [2ms]
2024-05-29 05:22:21.723 [info] > git status -z -uall [10ms]
2024-05-29 05:22:35.980 [info] > git config --get commit.template [16ms]
2024-05-29 05:22:35.981 [info] > git for-each-ref --format=%(refname)%00%(upstream:short)%00%(objectname)%00%(upstream:track)%00%(upstream:remotename)%00%(upstream:remoteref) refs/heads/pavan2704 refs/remotes/pavan2704 [2ms]
2024-05-29 05:22:36.006 [info] > git status -z -uall [10ms]
2024-05-29 05:22:41.070 [info] > git config --get commit.template [16ms]
2024-05-29 05:22:41.071 [info] > git for-each-ref --format=%(refname)%00%(upstream:short)%00%(objectname)%00%(upstream:track)%00%(upstream:remotename)%00%(upstream:remoteref) refs/heads/pavan2704 refs/remotes/pavan2704 [2ms]
2024-05-29 05:22:41.097 [info] > git status -z -uall [12ms]
2024-05-29 05:22:46.155 [info] > git config --get commit.template [16ms]
2024-05-29 05:22:46.156 [info] > git for-each-ref --format=%(refname)%00%(upstream:short)%00%(objectname)%00%(upstream:track)%00%(upstream:remotename)%00%(upstream:remoteref) refs/heads/pavan2704 refs/remotes/pavan2704 [2ms]
2024-05-29 05:22:46.182 [info] > git status -z -uall [9ms]
2024-05-29 05:22:51.241 [info] > git config --get commit.template [17ms]
2024-05-29 05:22:51.241 [info] > git for-each-ref --format=%(refname)%00%(upstream:short)%00%(objectname)%00%(upstream:track)%00%(upstream:remotename)%00%(upstream:remoteref) refs/heads/pavan2704 refs/remotes/pavan2704 [1ms]
2024-05-29 05:22:51.281 [info] > git status -z -uall [10ms]
2024-05-29 05:24:59.211 [info] > git config --get commit.template [16ms]
2024-05-29 05:24:59.212 [info] > git for-each-ref --format=%(refname)%00%(upstream:short)%00%(objectname)%00%(upstream:track)%00%(upstream:remotename)%00%(upstream:remoteref) refs/heads/pavan2704 refs/remotes/pavan2704 [2ms]
2024-05-29 05:24:59.236 [info] > git status -z -uall [10ms]
2024-05-29 05:25:04.307 [info] > git config --get commit.template [16ms]
2024-05-29 05:25:04.308 [info] > git for-each-ref --format=%(refname)%00%(upstream:short)%00%(objectname)%00%(upstream:track)%00%(upstream:remotename)%00%(upstream:remoteref) refs/heads/pavan2704 refs/remotes/pavan2704 [2ms]
2024-05-29 05:25:04.332 [info] > git status -z -uall [10ms]
2024-05-29 05:25:27.745 [info] > git config --get commit.template [17ms]
2024-05-29 05:25:27.746 [info] > git for-each-ref --format=%(refname)%00%(upstream:short)%00%(objectname)%00%(upstream:track)%00%(upstream:remotename)%00%(upstream:remoteref) refs/heads/pavan2704 refs/remotes/pavan2704 [3ms]
2024-05-29 05:25:27.770 [info] > git status -z -uall [10ms]
2024-05-29 05:25:32.822 [info] > git config --get commit.template [15ms]
2024-05-29 05:25:32.823 [info] > git for-each-ref --format=%(refname)%00%(upstream:short)%00%(objectname)%00%(upstream:track)%00%(upstream:remotename)%00%(upstream:remoteref) refs/heads/pavan2704 refs/remotes/pavan2704 [2ms]
2024-05-29 05:25:32.848 [info] > git status -z -uall [10ms]
2024-05-29 05:25:37.909 [info] > git config --get commit.template [16ms]
2024-05-29 05:25:37.910 [info] > git for-each-ref --format=%(refname)%00%(upstream:short)%00%(objectname)%00%(upstream:track)%00%(upstream:remotename)%00%(upstream:remoteref) refs/heads/pavan2704 refs/remotes/pavan2704 [2ms]
2024-05-29 05:25:37.937 [info] > git status -z -uall [12ms]
2024-05-29 05:25:42.990 [info] > git config --get commit.template [16ms]
2024-05-29 05:25:42.991 [info] > git for-each-ref --format=%(refname)%00%(upstream:short)%00%(objectname)%00%(upstream:track)%00%(upstream:remotename)%00%(upstream:remoteref) refs/heads/pavan2704 refs/remotes/pavan2704 [2ms]
2024-05-29 05:25:43.016 [info] > git status -z -uall [10ms]
2024-05-29 05:26:19.003 [info] > git config --get commit.template [17ms]
2024-05-29 05:26:19.004 [info] > git for-each-ref --format=%(refname)%00%(upstream:short)%00%(objectname)%00%(upstream:track)%00%(upstream:remotename)%00%(upstream:remoteref) refs/heads/pavan2704 refs/remotes/pavan2704 [2ms]
2024-05-29 05:26:19.031 [info] > git status -z -uall [11ms]
2024-05-29 05:26:24.074 [info] > git config --get commit.template [2ms]
2024-05-29 05:26:24.090 [info] > git for-each-ref --format=%(refname)%00%(upstream:short)%00%(objectname)%00%(upstream:track)%00%(upstream:remotename)%00%(upstream:remoteref) refs/heads/pavan2704 refs/remotes/pavan2704 [2ms]
2024-05-29 05:26:24.114 [info] > git status -z -uall [9ms]
2024-05-29 05:26:31.699 [info] > git config --get commit.template [16ms]
2024-05-29 05:26:31.700 [info] > git for-each-ref --format=%(refname)%00%(upstream:short)%00%(objectname)%00%(upstream:track)%00%(upstream:remotename)%00%(upstream:remoteref) refs/heads/pavan2704 refs/remotes/pavan2704 [2ms]
2024-05-29 05:26:31.727 [info] > git status -z -uall [9ms]
2024-05-29 05:26:36.797 [info] > git config --get commit.template [15ms]
2024-05-29 05:26:36.798 [info] > git for-each-ref --format=%(refname)%00%(upstream:short)%00%(objectname)%00%(upstream:track)%00%(upstream:remotename)%00%(upstream:remoteref) refs/heads/pavan2704 refs/remotes/pavan2704 [2ms]
2024-05-29 05:26:36.824 [info] > git status -z -uall [10ms]
2024-05-29 05:26:41.885 [info] > git config --get commit.template [18ms]
2024-05-29 05:26:41.886 [info] > git for-each-ref --format=%(refname)%00%(upstream:short)%00%(objectname)%00%(upstream:track)%00%(upstream:remotename)%00%(upstream:remoteref) refs/heads/pavan2704 refs/remotes/pavan2704 [2ms]
2024-05-29 05:26:41.913 [info] > git status -z -uall [11ms]
2024-05-29 05:26:46.971 [info] > git config --get commit.template [17ms]
2024-05-29 05:26:46.972 [info] > git for-each-ref --format=%(refname)%00%(upstream:short)%00%(objectname)%00%(upstream:track)%00%(upstream:remotename)%00%(upstream:remoteref) refs/heads/pavan2704 refs/remotes/pavan2704 [1ms]
2024-05-29 05:26:47.004 [info] > git status -z -uall [17ms]
2024-05-29 05:26:53.185 [info] > git config --get commit.template [18ms]
2024-05-29 05:26:53.186 [info] > git for-each-ref --format=%(refname)%00%(upstream:short)%00%(objectname)%00%(upstream:track)%00%(upstream:remotename)%00%(upstream:remoteref) refs/heads/pavan2704 refs/remotes/pavan2704 [2ms]
2024-05-29 05:26:53.211 [info] > git status -z -uall [10ms]
2024-05-29 05:26:58.267 [info] > git config --get commit.template [17ms]
2024-05-29 05:26:58.267 [info] > git for-each-ref --format=%(refname)%00%(upstream:short)%00%(objectname)%00%(upstream:track)%00%(upstream:remotename)%00%(upstream:remoteref) refs/heads/pavan2704 refs/remotes/pavan2704 [2ms]
2024-05-29 05:26:58.292 [info] > git status -z -uall [10ms]
2024-05-29 05:27:03.348 [info] > git config --get commit.template [17ms]
2024-05-29 05:27:03.349 [info] > git for-each-ref --format=%(refname)%00%(upstream:short)%00%(objectname)%00%(upstream:track)%00%(upstream:remotename)%00%(upstream:remoteref) refs/heads/pavan2704 refs/remotes/pavan2704 [2ms]
2024-05-29 05:27:03.374 [info] > git status -z -uall [10ms]
2024-05-29 05:27:08.434 [info] > git config --get commit.template [17ms]
2024-05-29 05:27:08.435 [info] > git for-each-ref --format=%(refname)%00%(upstream:short)%00%(objectname)%00%(upstream:track)%00%(upstream:remotename)%00%(upstream:remoteref) refs/heads/pavan2704 refs/remotes/pavan2704 [2ms]
2024-05-29 05:27:08.460 [info] > git status -z -uall [9ms]
2024-05-29 05:27:13.499 [info] > git config --get commit.template [2ms]
2024-05-29 05:27:13.518 [info] > git for-each-ref --format=%(refname)%00%(upstream:short)%00%(objectname)%00%(upstream:track)%00%(upstream:remotename)%00%(upstream:remoteref) refs/heads/pavan2704 refs/remotes/pavan2704 [1ms]
2024-05-29 05:27:13.544 [info] > git status -z -uall [10ms]
2024-05-29 05:27:18.602 [info] > git config --get commit.template [17ms]
2024-05-29 05:27:18.604 [info] > git for-each-ref --format=%(refname)%00%(upstream:short)%00%(objectname)%00%(upstream:track)%00%(upstream:remotename)%00%(upstream:remoteref) refs/heads/pavan2704 refs/remotes/pavan2704 [2ms]
2024-05-29 05:27:18.629 [info] > git status -z -uall [10ms]
2024-05-29 05:27:23.682 [info] > git config --get commit.template [16ms]
2024-05-29 05:27:23.683 [info] > git for-each-ref --format=%(refname)%00%(upstream:short)%00%(objectname)%00%(upstream:track)%00%(upstream:remotename)%00%(upstream:remoteref) refs/heads/pavan2704 refs/remotes/pavan2704 [2ms]
2024-05-29 05:27:23.709 [info] > git status -z -uall [9ms]
2024-05-29 05:27:28.762 [info] > git config --get commit.template [18ms]
2024-05-29 05:27:28.763 [info] > git for-each-ref --format=%(refname)%00%(upstream:short)%00%(objectname)%00%(upstream:track)%00%(upstream:remotename)%00%(upstream:remoteref) refs/heads/pavan2704 refs/remotes/pavan2704 [2ms]
2024-05-29 05:27:28.788 [info] > git status -z -uall [9ms]
2024-05-29 05:27:33.851 [info] > git config --get commit.template [17ms]
2024-05-29 05:27:33.852 [info] > git for-each-ref --format=%(refname)%00%(upstream:short)%00%(objectname)%00%(upstream:track)%00%(upstream:remotename)%00%(upstream:remoteref) refs/heads/pavan2704 refs/remotes/pavan2704 [2ms]
2024-05-29 05:27:33.878 [info] > git status -z -uall [9ms]
2024-05-29 05:27:38.935 [info] > git config --get commit.template [16ms]
2024-05-29 05:27:38.936 [info] > git for-each-ref --format=%(refname)%00%(upstream:short)%00%(objectname)%00%(upstream:track)%00%(upstream:remotename)%00%(upstream:remoteref) refs/heads/pavan2704 refs/remotes/pavan2704 [2ms]
2024-05-29 05:27:38.961 [info] > git status -z -uall [10ms]
2024-05-29 05:27:44.016 [info] > git config --get commit.template [17ms]
2024-05-29 05:27:44.017 [info] > git for-each-ref --format=%(refname)%00%(upstream:short)%00%(objectname)%00%(upstream:track)%00%(upstream:remotename)%00%(upstream:remoteref) refs/heads/pavan2704 refs/remotes/pavan2704 [1ms]
2024-05-29 05:27:44.044 [info] > git status -z -uall [10ms]
2024-05-29 05:27:50.538 [info] > git config --get commit.template [16ms]
2024-05-29 05:27:50.539 [info] > git for-each-ref --format=%(refname)%00%(upstream:short)%00%(objectname)%00%(upstream:track)%00%(upstream:remotename)%00%(upstream:remoteref) refs/heads/pavan2704 refs/remotes/pavan2704 [2ms]
2024-05-29 05:27:50.565 [info] > git status -z -uall [10ms]
2024-05-29 05:28:35.091 [info] > git config --get commit.template [18ms]
2024-05-29 05:28:35.091 [info] > git for-each-ref --format=%(refname)%00%(upstream:short)%00%(objectname)%00%(upstream:track)%00%(upstream:remotename)%00%(upstream:remoteref) refs/heads/pavan2704 refs/remotes/pavan2704 [1ms]
2024-05-29 05:28:35.120 [info] > git status -z -uall [12ms]
2024-05-29 05:30:46.490 [info] > git config --get commit.template [16ms]
2024-05-29 05:30:46.491 [info] > git for-each-ref --format=%(refname)%00%(upstream:short)%00%(objectname)%00%(upstream:track)%00%(upstream:remotename)%00%(upstream:remoteref) refs/heads/pavan2704 refs/remotes/pavan2704 [2ms]
2024-05-29 05:30:46.517 [info] > git status -z -uall [10ms]
2024-05-29 05:31:31.122 [info] > git config --get commit.template [3ms]
2024-05-29 05:31:31.140 [info] > git for-each-ref --format=%(refname)%00%(upstream:short)%00%(objectname)%00%(upstream:track)%00%(upstream:remotename)%00%(upstream:remoteref) refs/heads/pavan2704 refs/remotes/pavan2704 [2ms]
2024-05-29 05:31:31.166 [info] > git status -z -uall [11ms]
2024-05-29 05:31:36.241 [info] > git config --get commit.template [16ms]
2024-05-29 05:31:36.242 [info] > git for-each-ref --format=%(refname)%00%(upstream:short)%00%(objectname)%00%(upstream:track)%00%(upstream:remotename)%00%(upstream:remoteref) refs/heads/pavan2704 refs/remotes/pavan2704 [2ms]
2024-05-29 05:31:36.269 [info] > git status -z -uall [10ms]
2024-05-29 05:31:43.774 [info] > git config --get commit.template [17ms]
2024-05-29 05:31:43.775 [info] > git for-each-ref --format=%(refname)%00%(upstream:short)%00%(objectname)%00%(upstream:track)%00%(upstream:remotename)%00%(upstream:remoteref) refs/heads/pavan2704 refs/remotes/pavan2704 [2ms]
2024-05-29 05:31:43.801 [info] > git status -z -uall [10ms]
2024-05-29 05:31:48.858 [info] > git config --get commit.template [17ms]
2024-05-29 05:31:48.859 [info] > git for-each-ref --format=%(refname)%00%(upstream:short)%00%(objectname)%00%(upstream:track)%00%(upstream:remotename)%00%(upstream:remoteref) refs/heads/pavan2704 refs/remotes/pavan2704 [1ms]
2024-05-29 05:31:48.885 [info] > git status -z -uall [10ms]
2024-05-29 05:31:54.778 [info] > git config --get commit.template [16ms]
2024-05-29 05:31:54.778 [info] > git for-each-ref --format=%(refname)%00%(upstream:short)%00%(objectname)%00%(upstream:track)%00%(upstream:remotename)%00%(upstream:remoteref) refs/heads/pavan2704 refs/remotes/pavan2704 [1ms]
2024-05-29 05:31:54.804 [info] > git status -z -uall [9ms]
2024-05-29 05:31:59.864 [info] > git config --get commit.template [17ms]
2024-05-29 05:31:59.865 [info] > git for-each-ref --format=%(refname)%00%(upstream:short)%00%(objectname)%00%(upstream:track)%00%(upstream:remotename)%00%(upstream:remoteref) refs/heads/pavan2704 refs/remotes/pavan2704 [2ms]
2024-05-29 05:31:59.891 [info] > git status -z -uall [10ms]
2024-05-29 05:32:04.946 [info] > git config --get commit.template [16ms]
2024-05-29 05:32:04.947 [info] > git for-each-ref --format=%(refname)%00%(upstream:short)%00%(objectname)%00%(upstream:track)%00%(upstream:remotename)%00%(upstream:remoteref) refs/heads/pavan2704 refs/remotes/pavan2704 [2ms]
2024-05-29 05:32:04.972 [info] > git status -z -uall [10ms]
2024-05-29 05:32:21.790 [info] > git config --get commit.template [17ms]
2024-05-29 05:32:21.791 [info] > git for-each-ref --format=%(refname)%00%(upstream:short)%00%(objectname)%00%(upstream:track)%00%(upstream:remotename)%00%(upstream:remoteref) refs/heads/pavan2704 refs/remotes/pavan2704 [1ms]
2024-05-29 05:32:21.816 [info] > git status -z -uall [9ms]
2024-05-29 05:32:46.448 [info] > git config --get commit.template [18ms]
2024-05-29 05:32:46.450 [info] > git for-each-ref --format=%(refname)%00%(upstream:short)%00%(objectname)%00%(upstream:track)%00%(upstream:remotename)%00%(upstream:remoteref) refs/heads/pavan2704 refs/remotes/pavan2704 [3ms]
2024-05-29 05:32:46.476 [info] > git status -z -uall [10ms]
2024-05-29 05:32:51.534 [info] > git config --get commit.template [15ms]
2024-05-29 05:32:51.535 [info] > git for-each-ref --format=%(refname)%00%(upstream:short)%00%(objectname)%00%(upstream:track)%00%(upstream:remotename)%00%(upstream:remoteref) refs/heads/pavan2704 refs/remotes/pavan2704 [4ms]
2024-05-29 05:32:51.570 [info] > git status -z -uall [20ms]
2024-05-29 05:32:56.817 [info] > git config --get commit.template [16ms]
2024-05-29 05:32:56.818 [info] > git for-each-ref --format=%(refname)%00%(upstream:short)%00%(objectname)%00%(upstream:track)%00%(upstream:remotename)%00%(upstream:remoteref) refs/heads/pavan2704 refs/remotes/pavan2704 [2ms]
2024-05-29 05:32:56.844 [info] > git status -z -uall [10ms]
2024-05-29 05:33:02.342 [info] > git config --get commit.template [16ms]
2024-05-29 05:33:02.342 [info] > git for-each-ref --format=%(refname)%00%(upstream:short)%00%(objectname)%00%(upstream:track)%00%(upstream:remotename)%00%(upstream:remoteref) refs/heads/pavan2704 refs/remotes/pavan2704 [1ms]
2024-05-29 05:33:02.368 [info] > git status -z -uall [10ms]
2024-05-29 05:33:11.876 [info] > git config --get commit.template [17ms]
2024-05-29 05:33:11.877 [info] > git for-each-ref --format=%(refname)%00%(upstream:short)%00%(objectname)%00%(upstream:track)%00%(upstream:remotename)%00%(upstream:remoteref) refs/heads/pavan2704 refs/remotes/pavan2704 [2ms]
2024-05-29 05:33:11.903 [info] > git status -z -uall [10ms]
2024-05-29 05:33:16.962 [info] > git config --get commit.template [18ms]
2024-05-29 05:33:16.962 [info] > git for-each-ref --format=%(refname)%00%(upstream:short)%00%(objectname)%00%(upstream:track)%00%(upstream:remotename)%00%(upstream:remoteref) refs/heads/pavan2704 refs/remotes/pavan2704 [1ms]
2024-05-29 05:33:16.988 [info] > git status -z -uall [9ms]
2024-05-29 05:33:24.087 [info] > git config --get commit.template [16ms]
2024-05-29 05:33:24.088 [info] > git for-each-ref --format=%(refname)%00%(upstream:short)%00%(objectname)%00%(upstream:track)%00%(upstream:remotename)%00%(upstream:remoteref) refs/heads/pavan2704 refs/remotes/pavan2704 [1ms]
2024-05-29 05:33:24.113 [info] > git status -z -uall [9ms]
2024-05-29 05:33:29.180 [info] > git config --get commit.template [19ms]
2024-05-29 05:33:29.182 [info] > git for-each-ref --format=%(refname)%00%(upstream:short)%00%(objectname)%00%(upstream:track)%00%(upstream:remotename)%00%(upstream:remoteref) refs/heads/pavan2704 refs/remotes/pavan2704 [2ms]
2024-05-29 05:33:29.211 [info] > git status -z -uall [13ms]
2024-05-29 05:33:41.289 [info] > git config --get commit.template [19ms]
2024-05-29 05:33:41.290 [info] > git for-each-ref --format=%(refname)%00%(upstream:short)%00%(objectname)%00%(upstream:track)%00%(upstream:remotename)%00%(upstream:remoteref) refs/heads/pavan2704 refs/remotes/pavan2704 [2ms]
2024-05-29 05:33:41.316 [info] > git status -z -uall [10ms]
2024-05-29 05:33:46.364 [info] > git config --get commit.template [6ms]
2024-05-29 05:33:46.383 [info] > git for-each-ref --format=%(refname)%00%(upstream:short)%00%(objectname)%00%(upstream:track)%00%(upstream:remotename)%00%(upstream:remoteref) refs/heads/pavan2704 refs/remotes/pavan2704 [2ms]
2024-05-29 05:33:46.410 [info] > git status -z -uall [11ms]
2024-05-29 05:34:04.232 [info] > git config --get commit.template [17ms]
2024-05-29 05:34:04.232 [info] > git for-each-ref --format=%(refname)%00%(upstream:short)%00%(objectname)%00%(upstream:track)%00%(upstream:remotename)%00%(upstream:remoteref) refs/heads/pavan2704 refs/remotes/pavan2704 [1ms]
2024-05-29 05:34:04.257 [info] > git status -z -uall [9ms]
2024-05-29 05:34:12.998 [info] > git config --get commit.template [16ms]
2024-05-29 05:34:12.999 [info] > git for-each-ref --format=%(refname)%00%(upstream:short)%00%(objectname)%00%(upstream:track)%00%(upstream:remotename)%00%(upstream:remoteref) refs/heads/pavan2704 refs/remotes/pavan2704 [1ms]
2024-05-29 05:34:13.024 [info] > git status -z -uall [10ms]
2024-05-29 05:34:18.092 [info] > git config --get commit.template [17ms]
2024-05-29 05:34:18.093 [info] > git for-each-ref --format=%(refname)%00%(upstream:short)%00%(objectname)%00%(upstream:track)%00%(upstream:remotename)%00%(upstream:remoteref) refs/heads/pavan2704 refs/remotes/pavan2704 [3ms]
2024-05-29 05:34:18.117 [info] > git status -z -uall [10ms]
2024-05-29 05:35:15.122 [info] > git config --get commit.template [16ms]
2024-05-29 05:35:15.123 [info] > git for-each-ref --format=%(refname)%00%(upstream:short)%00%(objectname)%00%(upstream:track)%00%(upstream:remotename)%00%(upstream:remoteref) refs/heads/pavan2704 refs/remotes/pavan2704 [3ms]
2024-05-29 05:35:15.147 [info] > git status -z -uall [10ms]
2024-05-29 05:35:20.216 [info] > git config --get commit.template [16ms]
2024-05-29 05:35:20.217 [info] > git for-each-ref --format=%(refname)%00%(upstream:short)%00%(objectname)%00%(upstream:track)%00%(upstream:remotename)%00%(upstream:remoteref) refs/heads/pavan2704 refs/remotes/pavan2704 [2ms]
2024-05-29 05:35:20.242 [info] > git status -z -uall [9ms]
2024-05-29 05:35:35.019 [info] > git config --get commit.template [16ms]
2024-05-29 05:35:35.020 [info] > git for-each-ref --format=%(refname)%00%(upstream:short)%00%(objectname)%00%(upstream:track)%00%(upstream:remotename)%00%(upstream:remoteref) refs/heads/pavan2704 refs/remotes/pavan2704 [2ms]
2024-05-29 05:35:35.044 [info] > git status -z -uall [10ms]
2024-05-29 05:35:40.099 [info] > git config --get commit.template [16ms]
2024-05-29 05:35:40.100 [info] > git for-each-ref --format=%(refname)%00%(upstream:short)%00%(objectname)%00%(upstream:track)%00%(upstream:remotename)%00%(upstream:remoteref) refs/heads/pavan2704 refs/remotes/pavan2704 [2ms]
2024-05-29 05:35:40.124 [info] > git status -z -uall [9ms]
2024-05-29 05:35:55.422 [info] > git config --get commit.template [16ms]
2024-05-29 05:35:55.423 [info] > git for-each-ref --format=%(refname)%00%(upstream:short)%00%(objectname)%00%(upstream:track)%00%(upstream:remotename)%00%(upstream:remoteref) refs/heads/pavan2704 refs/remotes/pavan2704 [2ms]
2024-05-29 05:35:55.447 [info] > git status -z -uall [9ms]
2024-05-29 05:36:00.517 [info] > git config --get commit.template [16ms]
2024-05-29 05:36:00.517 [info] > git for-each-ref --format=%(refname)%00%(upstream:short)%00%(objectname)%00%(upstream:track)%00%(upstream:remotename)%00%(upstream:remoteref) refs/heads/pavan2704 refs/remotes/pavan2704 [1ms]
2024-05-29 05:36:00.541 [info] > git status -z -uall [10ms]
2024-05-29 05:36:05.605 [info] > git config --get commit.template [16ms]
2024-05-29 05:36:05.605 [info] > git for-each-ref --format=%(refname)%00%(upstream:short)%00%(objectname)%00%(upstream:track)%00%(upstream:remotename)%00%(upstream:remoteref) refs/heads/pavan2704 refs/remotes/pavan2704 [1ms]
2024-05-29 05:36:05.631 [info] > git status -z -uall [8ms]
2024-05-29 05:36:15.135 [info] > git config --get commit.template [16ms]
2024-05-29 05:36:15.137 [info] > git for-each-ref --format=%(refname)%00%(upstream:short)%00%(objectname)%00%(upstream:track)%00%(upstream:remotename)%00%(upstream:remoteref) refs/heads/pavan2704 refs/remotes/pavan2704 [2ms]
2024-05-29 05:36:15.163 [info] > git status -z -uall [10ms]
2024-05-29 05:36:20.225 [info] > git for-each-ref --format=%(refname)%00%(upstream:short)%00%(objectname)%00%(upstream:track)%00%(upstream:remotename)%00%(upstream:remoteref) refs/heads/pavan2704 refs/remotes/pavan2704 [6ms]
2024-05-29 05:36:20.225 [info] > git config --get commit.template [24ms]
2024-05-29 05:36:20.254 [info] > git status -z -uall [10ms]
2024-05-29 05:36:25.312 [info] > git config --get commit.template [18ms]
2024-05-29 05:36:25.313 [info] > git for-each-ref --format=%(refname)%00%(upstream:short)%00%(objectname)%00%(upstream:track)%00%(upstream:remotename)%00%(upstream:remoteref) refs/heads/pavan2704 refs/remotes/pavan2704 [2ms]
2024-05-29 05:36:25.340 [info] > git status -z -uall [11ms]
2024-05-29 05:36:31.148 [info] > git config --get commit.template [18ms]
2024-05-29 05:36:31.149 [info] > git for-each-ref --format=%(refname)%00%(upstream:short)%00%(objectname)%00%(upstream:track)%00%(upstream:remotename)%00%(upstream:remoteref) refs/heads/pavan2704 refs/remotes/pavan2704 [3ms]
2024-05-29 05:36:31.175 [info] > git status -z -uall [10ms]
2024-05-29 05:36:36.230 [info] > git config --get commit.template [18ms]
2024-05-29 05:36:36.231 [info] > git for-each-ref --format=%(refname)%00%(upstream:short)%00%(objectname)%00%(upstream:track)%00%(upstream:remotename)%00%(upstream:remoteref) refs/heads/pavan2704 refs/remotes/pavan2704 [2ms]
2024-05-29 05:36:36.259 [info] > git status -z -uall [10ms]
2024-05-29 05:36:41.320 [info] > git config --get commit.template [17ms]
2024-05-29 05:36:41.320 [info] > git for-each-ref --format=%(refname)%00%(upstream:short)%00%(objectname)%00%(upstream:track)%00%(upstream:remotename)%00%(upstream:remoteref) refs/heads/pavan2704 refs/remotes/pavan2704 [1ms]
2024-05-29 05:36:41.346 [info] > git status -z -uall [10ms]
2024-05-29 05:36:49.158 [info] > git config --get commit.template [16ms]
2024-05-29 05:36:49.158 [info] > git for-each-ref --format=%(refname)%00%(upstream:short)%00%(objectname)%00%(upstream:track)%00%(upstream:remotename)%00%(upstream:remoteref) refs/heads/pavan2704 refs/remotes/pavan2704 [1ms]
2024-05-29 05:36:49.183 [info] > git status -z -uall [10ms]
2024-05-29 05:36:55.145 [info] > git config --get commit.template [2ms]
2024-05-29 05:36:55.163 [info] > git for-each-ref --format=%(refname)%00%(upstream:short)%00%(objectname)%00%(upstream:track)%00%(upstream:remotename)%00%(upstream:remoteref) refs/heads/pavan2704 refs/remotes/pavan2704 [2ms]
2024-05-29 05:36:55.189 [info] > git status -z -uall [10ms]
2024-05-29 05:37:00.251 [info] > git config --get commit.template [18ms]
2024-05-29 05:37:00.252 [info] > git for-each-ref --format=%(refname)%00%(upstream:short)%00%(objectname)%00%(upstream:track)%00%(upstream:remotename)%00%(upstream:remoteref) refs/heads/pavan2704 refs/remotes/pavan2704 [2ms]
2024-05-29 05:37:00.278 [info] > git status -z -uall [10ms]
2024-05-29 05:37:05.317 [info] > git config --get commit.template [2ms]
2024-05-29 05:37:05.335 [info] > git for-each-ref --format=%(refname)%00%(upstream:short)%00%(objectname)%00%(upstream:track)%00%(upstream:remotename)%00%(upstream:remoteref) refs/heads/pavan2704 refs/remotes/pavan2704 [2ms]
2024-05-29 05:37:05.362 [info] > git status -z -uall [11ms]
2024-05-29 05:37:10.434 [info] > git config --get commit.template [24ms]
2024-05-29 05:37:10.435 [info] > git for-each-ref --format=%(refname)%00%(upstream:short)%00%(objectname)%00%(upstream:track)%00%(upstream:remotename)%00%(upstream:remoteref) refs/heads/pavan2704 refs/remotes/pavan2704 [2ms]
2024-05-29 05:37:10.471 [info] > git status -z -uall [13ms]
2024-05-29 05:37:15.526 [info] > git config --get commit.template [17ms]
2024-05-29 05:37:15.527 [info] > git for-each-ref --format=%(refname)%00%(upstream:short)%00%(objectname)%00%(upstream:track)%00%(upstream:remotename)%00%(upstream:remoteref) refs/heads/pavan2704 refs/remotes/pavan2704 [2ms]
2024-05-29 05:37:15.553 [info] > git status -z -uall [10ms]
2024-05-29 05:37:20.606 [info] > git config --get commit.template [16ms]
2024-05-29 05:37:20.607 [info] > git for-each-ref --format=%(refname)%00%(upstream:short)%00%(objectname)%00%(upstream:track)%00%(upstream:remotename)%00%(upstream:remoteref) refs/heads/pavan2704 refs/remotes/pavan2704 [1ms]
2024-05-29 05:37:20.631 [info] > git status -z -uall [10ms]
2024-05-29 05:37:25.677 [info] > git config --get commit.template [2ms]
2024-05-29 05:37:25.695 [info] > git for-each-ref --format=%(refname)%00%(upstream:short)%00%(objectname)%00%(upstream:track)%00%(upstream:remotename)%00%(upstream:remoteref) refs/heads/pavan2704 refs/remotes/pavan2704 [2ms]
2024-05-29 05:37:25.722 [info] > git status -z -uall [10ms]
2024-05-29 05:37:30.777 [info] > git config --get commit.template [17ms]
2024-05-29 05:37:30.777 [info] > git for-each-ref --format=%(refname)%00%(upstream:short)%00%(objectname)%00%(upstream:track)%00%(upstream:remotename)%00%(upstream:remoteref) refs/heads/pavan2704 refs/remotes/pavan2704 [1ms]
2024-05-29 05:37:30.804 [info] > git status -z -uall [11ms]
2024-05-29 05:37:35.859 [info] > git config --get commit.template [17ms]
2024-05-29 05:37:35.860 [info] > git for-each-ref --format=%(refname)%00%(upstream:short)%00%(objectname)%00%(upstream:track)%00%(upstream:remotename)%00%(upstream:remoteref) refs/heads/pavan2704 refs/remotes/pavan2704 [2ms]
2024-05-29 05:37:35.886 [info] > git status -z -uall [9ms]
2024-05-29 05:37:42.395 [info] > git config --get commit.template [18ms]
2024-05-29 05:37:42.396 [info] > git for-each-ref --format=%(refname)%00%(upstream:short)%00%(objectname)%00%(upstream:track)%00%(upstream:remotename)%00%(upstream:remoteref) refs/heads/pavan2704 refs/remotes/pavan2704 [2ms]
2024-05-29 05:37:42.421 [info] > git status -z -uall [9ms]
2024-05-29 05:37:47.475 [info] > git config --get commit.template [17ms]
2024-05-29 05:37:47.476 [info] > git for-each-ref --format=%(refname)%00%(upstream:short)%00%(objectname)%00%(upstream:track)%00%(upstream:remotename)%00%(upstream:remoteref) refs/heads/pavan2704 refs/remotes/pavan2704 [1ms]
2024-05-29 05:37:47.502 [info] > git status -z -uall [9ms]
2024-05-29 05:37:52.558 [info] > git config --get commit.template [17ms]
2024-05-29 05:37:52.559 [info] > git for-each-ref --format=%(refname)%00%(upstream:short)%00%(objectname)%00%(upstream:track)%00%(upstream:remotename)%00%(upstream:remoteref) refs/heads/pavan2704 refs/remotes/pavan2704 [2ms]
2024-05-29 05:37:52.587 [info] > git status -z -uall [11ms]
2024-05-29 05:37:57.643 [info] > git config --get commit.template [17ms]
2024-05-29 05:37:57.644 [info] > git for-each-ref --format=%(refname)%00%(upstream:short)%00%(objectname)%00%(upstream:track)%00%(upstream:remotename)%00%(upstream:remoteref) refs/heads/pavan2704 refs/remotes/pavan2704 [1ms]
2024-05-29 05:37:57.671 [info] > git status -z -uall [10ms]
2024-05-29 05:38:07.394 [info] > git config --get commit.template [2ms]
2024-05-29 05:38:07.412 [info] > git for-each-ref --format=%(refname)%00%(upstream:short)%00%(objectname)%00%(upstream:track)%00%(upstream:remotename)%00%(upstream:remoteref) refs/heads/pavan2704 refs/remotes/pavan2704 [2ms]
2024-05-29 05:38:07.438 [info] > git status -z -uall [9ms]
2024-05-29 05:38:12.492 [info] > git config --get commit.template [16ms]
2024-05-29 05:38:12.493 [info] > git for-each-ref --format=%(refname)%00%(upstream:short)%00%(objectname)%00%(upstream:track)%00%(upstream:remotename)%00%(upstream:remoteref) refs/heads/pavan2704 refs/remotes/pavan2704 [2ms]
2024-05-29 05:38:12.517 [info] > git status -z -uall [10ms]
2024-05-29 05:38:17.578 [info] > git config --get commit.template [16ms]
2024-05-29 05:38:17.579 [info] > git for-each-ref --format=%(refname)%00%(upstream:short)%00%(objectname)%00%(upstream:track)%00%(upstream:remotename)%00%(upstream:remoteref) refs/heads/pavan2704 refs/remotes/pavan2704 [2ms]
2024-05-29 05:38:17.604 [info] > git status -z -uall [10ms]
2024-05-29 05:38:22.662 [info] > git config --get commit.template [16ms]
2024-05-29 05:38:22.663 [info] > git for-each-ref --format=%(refname)%00%(upstream:short)%00%(objectname)%00%(upstream:track)%00%(upstream:remotename)%00%(upstream:remoteref) refs/heads/pavan2704 refs/remotes/pavan2704 [2ms]
2024-05-29 05:38:22.687 [info] > git status -z -uall [9ms]
2024-05-29 05:38:59.795 [info] > git config --get commit.template [17ms]
2024-05-29 05:38:59.796 [info] > git for-each-ref --format=%(refname)%00%(upstream:short)%00%(objectname)%00%(upstream:track)%00%(upstream:remotename)%00%(upstream:remoteref) refs/heads/pavan2704 refs/remotes/pavan2704 [2ms]
2024-05-29 05:38:59.822 [info] > git status -z -uall [10ms]
2024-05-29 05:39:04.879 [info] > git config --get commit.template [17ms]
2024-05-29 05:39:04.880 [info] > git for-each-ref --format=%(refname)%00%(upstream:short)%00%(objectname)%00%(upstream:track)%00%(upstream:remotename)%00%(upstream:remoteref) refs/heads/pavan2704 refs/remotes/pavan2704 [2ms]
2024-05-29 05:39:04.905 [info] > git status -z -uall [10ms]
2024-05-29 05:39:09.967 [info] > git config --get commit.template [17ms]
2024-05-29 05:39:09.968 [info] > git for-each-ref --format=%(refname)%00%(upstream:short)%00%(objectname)%00%(upstream:track)%00%(upstream:remotename)%00%(upstream:remoteref) refs/heads/pavan2704 refs/remotes/pavan2704 [2ms]
2024-05-29 05:39:09.994 [info] > git status -z -uall [11ms]
2024-05-29 05:39:16.492 [info] > git config --get commit.template [17ms]
2024-05-29 05:39:16.493 [info] > git for-each-ref --format=%(refname)%00%(upstream:short)%00%(objectname)%00%(upstream:track)%00%(upstream:remotename)%00%(upstream:remoteref) refs/heads/pavan2704 refs/remotes/pavan2704 [2ms]
2024-05-29 05:39:16.518 [info] > git status -z -uall [10ms]
2024-05-29 05:39:22.479 [info] > git config --get commit.template [2ms]
2024-05-29 05:39:22.496 [info] > git for-each-ref --format=%(refname)%00%(upstream:short)%00%(objectname)%00%(upstream:track)%00%(upstream:remotename)%00%(upstream:remoteref) refs/heads/pavan2704 refs/remotes/pavan2704 [2ms]
2024-05-29 05:39:22.523 [info] > git status -z -uall [11ms]
2024-05-29 05:39:54.503 [info] > git config --get commit.template [18ms]
2024-05-29 05:39:54.504 [info] > git for-each-ref --format=%(refname)%00%(upstream:short)%00%(objectname)%00%(upstream:track)%00%(upstream:remotename)%00%(upstream:remoteref) refs/heads/pavan2704 refs/remotes/pavan2704 [2ms]
2024-05-29 05:39:54.531 [info] > git status -z -uall [10ms]
2024-05-29 05:40:17.955 [info] > git config --get commit.template [17ms]
2024-05-29 05:40:17.956 [info] > git for-each-ref --format=%(refname)%00%(upstream:short)%00%(objectname)%00%(upstream:track)%00%(upstream:remotename)%00%(upstream:remoteref) refs/heads/pavan2704 refs/remotes/pavan2704 [2ms]
2024-05-29 05:40:17.981 [info] > git status -z -uall [9ms]
2024-05-29 05:40:35.701 [info] > git config --get commit.template [16ms]
2024-05-29 05:40:35.702 [info] > git for-each-ref --format=%(refname)%00%(upstream:short)%00%(objectname)%00%(upstream:track)%00%(upstream:remotename)%00%(upstream:remoteref) refs/heads/pavan2704 refs/remotes/pavan2704 [1ms]
2024-05-29 05:40:35.726 [info] > git status -z -uall [10ms]
2024-05-29 05:40:40.799 [info] > git config --get commit.template [16ms]
2024-05-29 05:40:40.800 [info] > git for-each-ref --format=%(refname)%00%(upstream:short)%00%(objectname)%00%(upstream:track)%00%(upstream:remotename)%00%(upstream:remoteref) refs/heads/pavan2704 refs/remotes/pavan2704 [2ms]
2024-05-29 05:40:40.826 [info] > git status -z -uall [11ms]
2024-05-29 05:40:45.887 [info] > git config --get commit.template [17ms]
2024-05-29 05:40:45.888 [info] > git for-each-ref --format=%(refname)%00%(upstream:short)%00%(objectname)%00%(upstream:track)%00%(upstream:remotename)%00%(upstream:remoteref) refs/heads/pavan2704 refs/remotes/pavan2704 [1ms]
2024-05-29 05:40:45.914 [info] > git status -z -uall [9ms]
2024-05-29 05:40:50.967 [info] > git config --get commit.template [16ms]
2024-05-29 05:40:50.968 [info] > git for-each-ref --format=%(refname)%00%(upstream:short)%00%(objectname)%00%(upstream:track)%00%(upstream:remotename)%00%(upstream:remoteref) refs/heads/pavan2704 refs/remotes/pavan2704 [2ms]
2024-05-29 05:40:50.993 [info] > git status -z -uall [10ms]
2024-05-29 05:40:56.057 [info] > git config --get commit.template [20ms]
2024-05-29 05:40:56.058 [info] > git for-each-ref --format=%(refname)%00%(upstream:short)%00%(objectname)%00%(upstream:track)%00%(upstream:remotename)%00%(upstream:remoteref) refs/heads/pavan2704 refs/remotes/pavan2704 [2ms]
2024-05-29 05:40:56.087 [info] > git status -z -uall [11ms]
2024-05-29 05:41:19.546 [info] > git config --get commit.template [16ms]
2024-05-29 05:41:19.547 [info] > git for-each-ref --format=%(refname)%00%(upstream:short)%00%(objectname)%00%(upstream:track)%00%(upstream:remotename)%00%(upstream:remoteref) refs/heads/pavan2704 refs/remotes/pavan2704 [2ms]
2024-05-29 05:41:19.574 [info] > git status -z -uall [10ms]
2024-05-29 05:41:24.629 [info] > git config --get commit.template [17ms]
2024-05-29 05:41:24.630 [info] > git for-each-ref --format=%(refname)%00%(upstream:short)%00%(objectname)%00%(upstream:track)%00%(upstream:remotename)%00%(upstream:remoteref) refs/heads/pavan2704 refs/remotes/pavan2704 [2ms]
2024-05-29 05:41:24.654 [info] > git status -z -uall [10ms]
2024-05-29 05:41:41.633 [info] > git config --get commit.template [2ms]
2024-05-29 05:41:41.650 [info] > git for-each-ref --format=%(refname)%00%(upstream:short)%00%(objectname)%00%(upstream:track)%00%(upstream:remotename)%00%(upstream:remoteref) refs/heads/pavan2704 refs/remotes/pavan2704 [2ms]
2024-05-29 05:41:41.675 [info] > git status -z -uall [9ms]
2024-05-29 05:41:46.733 [info] > git config --get commit.template [17ms]
2024-05-29 05:41:46.734 [info] > git for-each-ref --format=%(refname)%00%(upstream:short)%00%(objectname)%00%(upstream:track)%00%(upstream:remotename)%00%(upstream:remoteref) refs/heads/pavan2704 refs/remotes/pavan2704 [2ms]
2024-05-29 05:41:46.760 [info] > git status -z -uall [10ms]
2024-05-29 05:41:57.652 [info] > git config --get commit.template [19ms]
2024-05-29 05:41:57.653 [info] > git for-each-ref --format=%(refname)%00%(upstream:short)%00%(objectname)%00%(upstream:track)%00%(upstream:remotename)%00%(upstream:remoteref) refs/heads/pavan2704 refs/remotes/pavan2704 [2ms]
2024-05-29 05:41:57.678 [info] > git status -z -uall [10ms]
2024-05-29 05:42:02.735 [info] > git config --get commit.template [19ms]
2024-05-29 05:42:02.736 [info] > git for-each-ref --format=%(refname)%00%(upstream:short)%00%(objectname)%00%(upstream:track)%00%(upstream:remotename)%00%(upstream:remoteref) refs/heads/pavan2704 refs/remotes/pavan2704 [2ms]
2024-05-29 05:42:02.764 [info] > git status -z -uall [11ms]
2024-05-29 05:42:29.215 [info] > git config --get commit.template [18ms]
2024-05-29 05:42:29.216 [info] > git for-each-ref --format=%(refname)%00%(upstream:short)%00%(objectname)%00%(upstream:track)%00%(upstream:remotename)%00%(upstream:remoteref) refs/heads/pavan2704 refs/remotes/pavan2704 [2ms]
2024-05-29 05:42:29.242 [info] > git status -z -uall [10ms]
2024-05-29 05:42:50.127 [info] > git config --get commit.template [15ms]
2024-05-29 05:42:50.128 [info] > git for-each-ref --format=%(refname)%00%(upstream:short)%00%(objectname)%00%(upstream:track)%00%(upstream:remotename)%00%(upstream:remoteref) refs/heads/pavan2704 refs/remotes/pavan2704 [2ms]
2024-05-29 05:42:50.155 [info] > git status -z -uall [13ms]
2024-05-29 05:42:55.223 [info] > git config --get commit.template [16ms]
2024-05-29 05:42:55.223 [info] > git for-each-ref --format=%(refname)%00%(upstream:short)%00%(objectname)%00%(upstream:track)%00%(upstream:remotename)%00%(upstream:remoteref) refs/heads/pavan2704 refs/remotes/pavan2704 [1ms]
2024-05-29 05:42:55.250 [info] > git status -z -uall [12ms]
2024-05-29 05:43:52.279 [info] > git config --get commit.template [17ms]
2024-05-29 05:43:52.280 [info] > git for-each-ref --format=%(refname)%00%(upstream:short)%00%(objectname)%00%(upstream:track)%00%(upstream:remotename)%00%(upstream:remoteref) refs/heads/pavan2704 refs/remotes/pavan2704 [2ms]
2024-05-29 05:43:52.305 [info] > git status -z -uall [10ms]
2024-05-29 05:43:57.381 [info] > git config --get commit.template [17ms]
2024-05-29 05:43:57.383 [info] > git for-each-ref --format=%(refname)%00%(upstream:short)%00%(objectname)%00%(upstream:track)%00%(upstream:remotename)%00%(upstream:remoteref) refs/heads/pavan2704 refs/remotes/pavan2704 [3ms]
2024-05-29 05:43:57.413 [info] > git status -z -uall [15ms]
2024-05-29 05:44:11.773 [info] > git config --get commit.template [18ms]
2024-05-29 05:44:11.774 [info] > git for-each-ref --format=%(refname)%00%(upstream:short)%00%(objectname)%00%(upstream:track)%00%(upstream:remotename)%00%(upstream:remoteref) refs/heads/pavan2704 refs/remotes/pavan2704 [1ms]
2024-05-29 05:44:11.799 [info] > git status -z -uall [10ms]
2024-05-29 05:44:16.869 [info] > git config --get commit.template [16ms]
2024-05-29 05:44:16.871 [info] > git for-each-ref --format=%(refname)%00%(upstream:short)%00%(objectname)%00%(upstream:track)%00%(upstream:remotename)%00%(upstream:remoteref) refs/heads/pavan2704 refs/remotes/pavan2704 [3ms]
2024-05-29 05:44:16.900 [info] > git status -z -uall [15ms]
2024-05-29 05:44:21.959 [info] > git config --get commit.template [16ms]
2024-05-29 05:44:21.960 [info] > git for-each-ref --format=%(refname)%00%(upstream:short)%00%(objectname)%00%(upstream:track)%00%(upstream:remotename)%00%(upstream:remoteref) refs/heads/pavan2704 refs/remotes/pavan2704 [2ms]
2024-05-29 05:44:21.984 [info] > git status -z -uall [9ms]
2024-05-29 05:44:31.944 [info] > git config --get commit.template [17ms]
2024-05-29 05:44:31.945 [info] > git for-each-ref --format=%(refname)%00%(upstream:short)%00%(objectname)%00%(upstream:track)%00%(upstream:remotename)%00%(upstream:remoteref) refs/heads/pavan2704 refs/remotes/pavan2704 [2ms]
2024-05-29 05:44:31.972 [info] > git status -z -uall [8ms]
2024-05-29 05:44:41.021 [info] > git config --get commit.template [17ms]
2024-05-29 05:44:41.021 [info] > git for-each-ref --format=%(refname)%00%(upstream:short)%00%(objectname)%00%(upstream:track)%00%(upstream:remotename)%00%(upstream:remoteref) refs/heads/pavan2704 refs/remotes/pavan2704 [1ms]
2024-05-29 05:44:41.047 [info] > git status -z -uall [10ms]
2024-05-29 05:44:46.104 [info] > git config --get commit.template [18ms]
2024-05-29 05:44:46.105 [info] > git for-each-ref --format=%(refname)%00%(upstream:short)%00%(objectname)%00%(upstream:track)%00%(upstream:remotename)%00%(upstream:remoteref) refs/heads/pavan2704 refs/remotes/pavan2704 [2ms]
2024-05-29 05:44:46.131 [info] > git status -z -uall [10ms]
2024-05-29 05:44:58.227 [info] > git config --get commit.template [17ms]
2024-05-29 05:44:58.228 [info] > git for-each-ref --format=%(refname)%00%(upstream:short)%00%(objectname)%00%(upstream:track)%00%(upstream:remotename)%00%(upstream:remoteref) refs/heads/pavan2704 refs/remotes/pavan2704 [2ms]
2024-05-29 05:44:58.254 [info] > git status -z -uall [9ms]
2024-05-29 05:45:03.350 [info] > git config --get commit.template [49ms]
2024-05-29 05:45:03.351 [info] > git for-each-ref --format=%(refname)%00%(upstream:short)%00%(objectname)%00%(upstream:track)%00%(upstream:remotename)%00%(upstream:remoteref) refs/heads/pavan2704 refs/remotes/pavan2704 [2ms]
2024-05-29 05:45:03.377 [info] > git status -z -uall [10ms]
2024-05-29 05:45:09.746 [info] > git config --get commit.template [18ms]
2024-05-29 05:45:09.747 [info] > git for-each-ref --format=%(refname)%00%(upstream:short)%00%(objectname)%00%(upstream:track)%00%(upstream:remotename)%00%(upstream:remoteref) refs/heads/pavan2704 refs/remotes/pavan2704 [2ms]
2024-05-29 05:45:09.773 [info] > git status -z -uall [10ms]
2024-05-29 05:45:35.323 [info] > git config --get commit.template [18ms]
2024-05-29 05:45:35.324 [info] > git for-each-ref --format=%(refname)%00%(upstream:short)%00%(objectname)%00%(upstream:track)%00%(upstream:remotename)%00%(upstream:remoteref) refs/heads/pavan2704 refs/remotes/pavan2704 [3ms]
2024-05-29 05:45:35.351 [info] > git status -z -uall [10ms]
2024-05-29 05:45:40.409 [info] > git config --get commit.template [19ms]
2024-05-29 05:45:40.410 [info] > git for-each-ref --format=%(refname)%00%(upstream:short)%00%(objectname)%00%(upstream:track)%00%(upstream:remotename)%00%(upstream:remoteref) refs/heads/pavan2704 refs/remotes/pavan2704 [2ms]
2024-05-29 05:45:40.444 [info] > git status -z -uall [12ms]
2024-05-29 05:45:47.007 [info] > git config --get commit.template [19ms]
2024-05-29 05:45:47.008 [info] > git for-each-ref --format=%(refname)%00%(upstream:short)%00%(objectname)%00%(upstream:track)%00%(upstream:remotename)%00%(upstream:remoteref) refs/heads/pavan2704 refs/remotes/pavan2704 [3ms]
2024-05-29 05:45:47.033 [info] > git status -z -uall [9ms]
2024-05-29 05:45:52.092 [info] > git config --get commit.template [17ms]
2024-05-29 05:45:52.093 [info] > git for-each-ref --format=%(refname)%00%(upstream:short)%00%(objectname)%00%(upstream:track)%00%(upstream:remotename)%00%(upstream:remoteref) refs/heads/pavan2704 refs/remotes/pavan2704 [3ms]
2024-05-29 05:45:52.120 [info] > git status -z -uall [10ms]
2024-05-29 05:46:13.000 [info] > git config --get commit.template [2ms]
2024-05-29 05:46:13.018 [info] > git for-each-ref --format=%(refname)%00%(upstream:short)%00%(objectname)%00%(upstream:track)%00%(upstream:remotename)%00%(upstream:remoteref) refs/heads/pavan2704 refs/remotes/pavan2704 [2ms]
2024-05-29 05:46:13.043 [info] > git status -z -uall [10ms]
2024-05-29 05:46:54.214 [info] > git config --get commit.template [17ms]
2024-05-29 05:46:54.215 [info] > git for-each-ref --format=%(refname)%00%(upstream:short)%00%(objectname)%00%(upstream:track)%00%(upstream:remotename)%00%(upstream:remoteref) refs/heads/pavan2704 refs/remotes/pavan2704 [2ms]
2024-05-29 05:46:54.242 [info] > git status -z -uall [10ms]
2024-05-29 05:46:59.296 [info] > git config --get commit.template [16ms]
2024-05-29 05:46:59.298 [info] > git for-each-ref --format=%(refname)%00%(upstream:short)%00%(objectname)%00%(upstream:track)%00%(upstream:remotename)%00%(upstream:remoteref) refs/heads/pavan2704 refs/remotes/pavan2704 [1ms]
2024-05-29 05:46:59.322 [info] > git status -z -uall [10ms]
2024-05-29 05:47:04.385 [info] > git config --get commit.template [16ms]
2024-05-29 05:47:04.386 [info] > git for-each-ref --format=%(refname)%00%(upstream:short)%00%(objectname)%00%(upstream:track)%00%(upstream:remotename)%00%(upstream:remoteref) refs/heads/pavan2704 refs/remotes/pavan2704 [2ms]
2024-05-29 05:47:04.411 [info] > git status -z -uall [9ms]
2024-05-29 05:47:10.954 [info] > git config --get commit.template [17ms]
2024-05-29 05:47:10.956 [info] > git for-each-ref --format=%(refname)%00%(upstream:short)%00%(objectname)%00%(upstream:track)%00%(upstream:remotename)%00%(upstream:remoteref) refs/heads/pavan2704 refs/remotes/pavan2704 [3ms]
2024-05-29 05:47:10.981 [info] > git status -z -uall [9ms]
2024-05-29 05:47:16.043 [info] > git config --get commit.template [17ms]
2024-05-29 05:47:16.044 [info] > git for-each-ref --format=%(refname)%00%(upstream:short)%00%(objectname)%00%(upstream:track)%00%(upstream:remotename)%00%(upstream:remoteref) refs/heads/pavan2704 refs/remotes/pavan2704 [2ms]
2024-05-29 05:47:16.070 [info] > git status -z -uall [9ms]
2024-05-29 05:47:21.126 [info] > git config --get commit.template [17ms]
2024-05-29 05:47:21.127 [info] > git for-each-ref --format=%(refname)%00%(upstream:short)%00%(objectname)%00%(upstream:track)%00%(upstream:remotename)%00%(upstream:remoteref) refs/heads/pavan2704 refs/remotes/pavan2704 [1ms]
2024-05-29 05:47:21.152 [info] > git status -z -uall [10ms]
2024-05-29 05:47:27.044 [info] > git config --get commit.template [2ms]
2024-05-29 05:47:27.063 [info] > git for-each-ref --format=%(refname)%00%(upstream:short)%00%(objectname)%00%(upstream:track)%00%(upstream:remotename)%00%(upstream:remoteref) refs/heads/pavan2704 refs/remotes/pavan2704 [3ms]
2024-05-29 05:47:27.091 [info] > git status -z -uall [11ms]
2024-05-29 05:47:34.152 [info] > git config --get commit.template [17ms]
2024-05-29 05:47:34.153 [info] > git for-each-ref --format=%(refname)%00%(upstream:short)%00%(objectname)%00%(upstream:track)%00%(upstream:remotename)%00%(upstream:remoteref) refs/heads/pavan2704 refs/remotes/pavan2704 [2ms]
2024-05-29 05:47:34.178 [info] > git status -z -uall [10ms]
2024-05-29 05:47:41.049 [info] > git config --get commit.template [1ms]
2024-05-29 05:47:41.067 [info] > git for-each-ref --format=%(refname)%00%(upstream:short)%00%(objectname)%00%(upstream:track)%00%(upstream:remotename)%00%(upstream:remoteref) refs/heads/pavan2704 refs/remotes/pavan2704 [2ms]
2024-05-29 05:47:41.093 [info] > git status -z -uall [10ms]
2024-05-29 05:47:50.140 [info] > git config --get commit.template [17ms]
2024-05-29 05:47:50.141 [info] > git for-each-ref --format=%(refname)%00%(upstream:short)%00%(objectname)%00%(upstream:track)%00%(upstream:remotename)%00%(upstream:remoteref) refs/heads/pavan2704 refs/remotes/pavan2704 [2ms]
2024-05-29 05:47:50.167 [info] > git status -z -uall [10ms]
2024-05-29 05:47:55.220 [info] > git config --get commit.template [2ms]
2024-05-29 05:47:55.238 [info] > git for-each-ref --format=%(refname)%00%(upstream:short)%00%(objectname)%00%(upstream:track)%00%(upstream:remotename)%00%(upstream:remoteref) refs/heads/pavan2704 refs/remotes/pavan2704 [2ms]
2024-05-29 05:47:55.266 [info] > git status -z -uall [12ms]
2024-05-29 05:48:04.862 [info] > git config --get commit.template [17ms]
2024-05-29 05:48:04.863 [info] > git for-each-ref --format=%(refname)%00%(upstream:short)%00%(objectname)%00%(upstream:track)%00%(upstream:remotename)%00%(upstream:remoteref) refs/heads/pavan2704 refs/remotes/pavan2704 [2ms]
2024-05-29 05:48:04.889 [info] > git status -z -uall [10ms]
2024-05-29 05:48:09.933 [info] > git config --get commit.template [2ms]
2024-05-29 05:48:09.951 [info] > git for-each-ref --format=%(refname)%00%(upstream:short)%00%(objectname)%00%(upstream:track)%00%(upstream:remotename)%00%(upstream:remoteref) refs/heads/pavan2704 refs/remotes/pavan2704 [2ms]
2024-05-29 05:48:09.978 [info] > git status -z -uall [10ms]
2024-05-29 05:48:19.178 [info] > git config --get commit.template [18ms]
2024-05-29 05:48:19.179 [info] > git for-each-ref --format=%(refname)%00%(upstream:short)%00%(objectname)%00%(upstream:track)%00%(upstream:remotename)%00%(upstream:remoteref) refs/heads/pavan2704 refs/remotes/pavan2704 [2ms]
2024-05-29 05:48:19.204 [info] > git status -z -uall [10ms]
2024-05-29 05:48:24.264 [info] > git config --get commit.template [17ms]
2024-05-29 05:48:24.265 [info] > git for-each-ref --format=%(refname)%00%(upstream:short)%00%(objectname)%00%(upstream:track)%00%(upstream:remotename)%00%(upstream:remoteref) refs/heads/pavan2704 refs/remotes/pavan2704 [2ms]
2024-05-29 05:48:24.298 [info] > git status -z -uall [13ms]
2024-05-29 05:48:35.210 [info] > git config --get commit.template [17ms]
2024-05-29 05:48:35.211 [info] > git for-each-ref --format=%(refname)%00%(upstream:short)%00%(objectname)%00%(upstream:track)%00%(upstream:remotename)%00%(upstream:remoteref) refs/heads/pavan2704 refs/remotes/pavan2704 [2ms]
2024-05-29 05:48:35.237 [info] > git status -z -uall [10ms]
2024-05-29 05:48:40.298 [info] > git config --get commit.template [19ms]
2024-05-29 05:48:40.298 [info] > git for-each-ref --format=%(refname)%00%(upstream:short)%00%(objectname)%00%(upstream:track)%00%(upstream:remotename)%00%(upstream:remoteref) refs/heads/pavan2704 refs/remotes/pavan2704 [3ms]
2024-05-29 05:48:40.325 [info] > git status -z -uall [12ms]
2024-05-29 05:49:02.111 [info] > git config --get commit.template [2ms]
2024-05-29 05:49:02.128 [info] > git for-each-ref --format=%(refname)%00%(upstream:short)%00%(objectname)%00%(upstream:track)%00%(upstream:remotename)%00%(upstream:remoteref) refs/heads/pavan2704 refs/remotes/pavan2704 [1ms]
2024-05-29 05:49:02.153 [info] > git status -z -uall [10ms]
2024-05-29 05:49:15.198 [info] > git config --get commit.template [16ms]
2024-05-29 05:49:15.199 [info] > git for-each-ref --format=%(refname)%00%(upstream:short)%00%(objectname)%00%(upstream:track)%00%(upstream:remotename)%00%(upstream:remoteref) refs/heads/pavan2704 refs/remotes/pavan2704 [2ms]
2024-05-29 05:49:15.223 [info] > git status -z -uall [9ms]
2024-05-29 05:49:24.141 [info] > git config --get commit.template [19ms]
2024-05-29 05:49:24.141 [info] > git for-each-ref --format=%(refname)%00%(upstream:short)%00%(objectname)%00%(upstream:track)%00%(upstream:remotename)%00%(upstream:remoteref) refs/heads/pavan2704 refs/remotes/pavan2704 [1ms]
2024-05-29 05:49:24.166 [info] > git status -z -uall [10ms]
2024-05-29 05:49:32.128 [info] > git config --get commit.template [2ms]
2024-05-29 05:49:32.145 [info] > git for-each-ref --format=%(refname)%00%(upstream:short)%00%(objectname)%00%(upstream:track)%00%(upstream:remotename)%00%(upstream:remoteref) refs/heads/pavan2704 refs/remotes/pavan2704 [1ms]
2024-05-29 05:49:32.170 [info] > git status -z -uall [10ms]
2024-05-29 05:49:37.234 [info] > git config --get commit.template [16ms]
2024-05-29 05:49:37.235 [info] > git for-each-ref --format=%(refname)%00%(upstream:short)%00%(objectname)%00%(upstream:track)%00%(upstream:remotename)%00%(upstream:remoteref) refs/heads/pavan2704 refs/remotes/pavan2704 [1ms]
2024-05-29 05:49:37.260 [info] > git status -z -uall [10ms]
2024-05-29 05:50:16.749 [info] > git config --get commit.template [17ms]
2024-05-29 05:50:16.750 [info] > git for-each-ref --format=%(refname)%00%(upstream:short)%00%(objectname)%00%(upstream:track)%00%(upstream:remotename)%00%(upstream:remoteref) refs/heads/pavan2704 refs/remotes/pavan2704 [3ms]
2024-05-29 05:50:16.779 [info] > git status -z -uall [13ms]
2024-05-29 05:50:34.022 [info] > git config --get commit.template [17ms]
2024-05-29 05:50:34.023 [info] > git for-each-ref --format=%(refname)%00%(upstream:short)%00%(objectname)%00%(upstream:track)%00%(upstream:remotename)%00%(upstream:remoteref) refs/heads/pavan2704 refs/remotes/pavan2704 [2ms]
2024-05-29 05:50:34.049 [info] > git status -z -uall [11ms]
2024-05-29 05:50:39.103 [info] > git config --get commit.template [2ms]
2024-05-29 05:50:39.120 [info] > git for-each-ref --format=%(refname)%00%(upstream:short)%00%(objectname)%00%(upstream:track)%00%(upstream:remotename)%00%(upstream:remoteref) refs/heads/pavan2704 refs/remotes/pavan2704 [2ms]
2024-05-29 05:50:39.146 [info] > git status -z -uall [10ms]
2024-05-29 05:50:46.325 [info] > git config --get commit.template [18ms]
2024-05-29 05:50:46.326 [info] > git for-each-ref --format=%(refname)%00%(upstream:short)%00%(objectname)%00%(upstream:track)%00%(upstream:remotename)%00%(upstream:remoteref) refs/heads/pavan2704 refs/remotes/pavan2704 [2ms]
2024-05-29 05:50:46.351 [info] > git status -z -uall [10ms]
2024-05-29 05:50:58.330 [info] > git config --get commit.template [17ms]
2024-05-29 05:50:58.331 [info] > git for-each-ref --format=%(refname)%00%(upstream:short)%00%(objectname)%00%(upstream:track)%00%(upstream:remotename)%00%(upstream:remoteref) refs/heads/pavan2704 refs/remotes/pavan2704 [2ms]
2024-05-29 05:50:58.356 [info] > git status -z -uall [10ms]
2024-05-29 05:51:04.334 [info] > git config --get commit.template [16ms]
2024-05-29 05:51:04.334 [info] > git for-each-ref --format=%(refname)%00%(upstream:short)%00%(objectname)%00%(upstream:track)%00%(upstream:remotename)%00%(upstream:remoteref) refs/heads/pavan2704 refs/remotes/pavan2704 [1ms]
2024-05-29 05:51:04.360 [info] > git status -z -uall [10ms]
2024-05-29 05:51:09.421 [info] > git config --get commit.template [17ms]
2024-05-29 05:51:09.421 [info] > git for-each-ref --format=%(refname)%00%(upstream:short)%00%(objectname)%00%(upstream:track)%00%(upstream:remotename)%00%(upstream:remoteref) refs/heads/pavan2704 refs/remotes/pavan2704 [1ms]
2024-05-29 05:51:09.445 [info] > git status -z -uall [9ms]
2024-05-29 05:51:14.512 [info] > git config --get commit.template [19ms]
2024-05-29 05:51:14.512 [info] > git for-each-ref --format=%(refname)%00%(upstream:short)%00%(objectname)%00%(upstream:track)%00%(upstream:remotename)%00%(upstream:remoteref) refs/heads/pavan2704 refs/remotes/pavan2704 [1ms]
2024-05-29 05:51:14.541 [info] > git status -z -uall [12ms]
2024-05-29 05:51:19.598 [info] > git config --get commit.template [18ms]
2024-05-29 05:51:19.599 [info] > git for-each-ref --format=%(refname)%00%(upstream:short)%00%(objectname)%00%(upstream:track)%00%(upstream:remotename)%00%(upstream:remoteref) refs/heads/pavan2704 refs/remotes/pavan2704 [2ms]
2024-05-29 05:51:19.627 [info] > git status -z -uall [10ms]
2024-05-29 05:51:29.727 [info] > git config --get commit.template [16ms]
2024-05-29 05:51:29.728 [info] > git for-each-ref --format=%(refname)%00%(upstream:short)%00%(objectname)%00%(upstream:track)%00%(upstream:remotename)%00%(upstream:remoteref) refs/heads/pavan2704 refs/remotes/pavan2704 [2ms]
2024-05-29 05:51:29.753 [info] > git status -z -uall [10ms]
2024-05-29 05:51:34.810 [info] > git config --get commit.template [17ms]
2024-05-29 05:51:34.811 [info] > git for-each-ref --format=%(refname)%00%(upstream:short)%00%(objectname)%00%(upstream:track)%00%(upstream:remotename)%00%(upstream:remoteref) refs/heads/pavan2704 refs/remotes/pavan2704 [2ms]
2024-05-29 05:51:34.836 [info] > git status -z -uall [9ms]
2024-05-29 05:51:48.295 [info] > git config --get commit.template [17ms]
2024-05-29 05:51:48.297 [info] > git for-each-ref --format=%(refname)%00%(upstream:short)%00%(objectname)%00%(upstream:track)%00%(upstream:remotename)%00%(upstream:remoteref) refs/heads/pavan2704 refs/remotes/pavan2704 [3ms]
2024-05-29 05:51:48.322 [info] > git status -z -uall [10ms]
2024-05-29 05:51:54.356 [info] > git config --get commit.template [17ms]
2024-05-29 05:51:54.357 [info] > git for-each-ref --format=%(refname)%00%(upstream:short)%00%(objectname)%00%(upstream:track)%00%(upstream:remotename)%00%(upstream:remoteref) refs/heads/pavan2704 refs/remotes/pavan2704 [2ms]
2024-05-29 05:51:54.382 [info] > git status -z -uall [9ms]
2024-05-29 05:52:31.126 [info] > git config --get commit.template [3ms]
2024-05-29 05:52:31.143 [info] > git for-each-ref --format=%(refname)%00%(upstream:short)%00%(objectname)%00%(upstream:track)%00%(upstream:remotename)%00%(upstream:remoteref) refs/heads/pavan2704 refs/remotes/pavan2704 [2ms]
2024-05-29 05:52:31.168 [info] > git status -z -uall [10ms]
2024-05-29 05:52:36.246 [info] > git config --get commit.template [15ms]
2024-05-29 05:52:36.247 [info] > git for-each-ref --format=%(refname)%00%(upstream:short)%00%(objectname)%00%(upstream:track)%00%(upstream:remotename)%00%(upstream:remoteref) refs/heads/pavan2704 refs/remotes/pavan2704 [2ms]
2024-05-29 05:52:36.270 [info] > git status -z -uall [10ms]
2024-05-29 06:31:09.716 [info] > git config --get commit.template [15ms]
2024-05-29 06:31:09.717 [info] > git for-each-ref --format=%(refname)%00%(upstream:short)%00%(objectname)%00%(upstream:track)%00%(upstream:remotename)%00%(upstream:remoteref) refs/heads/pavan2704 refs/remotes/pavan2704 [2ms]
2024-05-29 06:31:09.740 [info] > git status -z -uall [10ms]
