Initializing document watcher...
Document watcher initialized
Terraform-modules/provider.tf: {}
Terraform-modules/terraform.tf: {}
Terraform-modules/provider.tf: {}
Terraform-modules/google_compute_disk/disk.tf: {}
Terraform-modules/google_compute_disk/variable.tf: {}
Terraform-modules/google_compute_firewall/firewall.tf: {}
Terraform-modules/google_compute_firewall/variable.tf: {}
Terraform-modules/google_compute_network/network.tf: {}
Terraform-modules/google_compute_network/output.tf: {}
Terraform-modules/google_compute_network/variable.tf: {}
Terraform-modules/google_compute_network/network.tf: {}
Terraform-modules/google_compute_network/output.tf: {}
Terraform-modules/google_compute_network/variable.tf: {}
Terraform-modules/google_compute_network_peering/google_compute_router/router.tf: {}
Terraform-modules/google_compute_network_peering/google_compute_router/variable.tf: {}
Terraform-modules/google_compute_network_peering/peering.tf: {}
Terraform-modules/google_compute_network_peering/variable.tf: {}
Terraform-modules/google_compute_router_nat/nat.tf: {}
Terraform-modules/google_project_iam_custom_role/role.tf: {}
Terraform-modules/google_storage_bucket/bucket.tf: {}
Terraform-modules/google_storage_bucket/bucket.tf: {}
Terraform-modules/google_storage_bucket/bucket.tf: {}
Terraform-modules/google_storage_bucket/variable.tf: {}
Terraform-modules/google_storage_bucket/variable.tf: {}
Terraform-modules/google_storage_bucket/variable.tf: {}
Terraform-modules/google_storage_bucket/variable.tf: {}
Terraform-modules/google_storage_bucket/variable.tf: {}
Terraform-modules/google_storage_bucket/variable.tf: {}
Terraform-modules/google_storage_bucket/bucket.tf: {}
Terraform-modules/google_storage_bucket/bucket.tf: {}
Terraform-modules/google_storage_bucket/bucket.tf: {}
Terraform-modules/google_storage_bucket/bucket.tf: {}
Terraform-modules/google_storage_bucket/bucket.tf: {}
Terraform-modules/google_storage_bucket/variable.tf: {}
Terraform-modules/google_storage_bucket/bucket.tf: {}
Terraform-modules/google_storage_bucket/bucket.tf: Using EditorConfig core...
Terraform-modules/google_storage_bucket/bucket.tf: Using EditorConfig core...
Terraform-modules/google_storage_bucket/bucket.tf: Using EditorConfig core...
Terraform-modules/google_storage_bucket/bucket.tf: Using EditorConfig core...
Terraform-modules/google_storage_bucket/bucket.tf: Using EditorConfig core...
Terraform-modules/google_storage_bucket/bucket.tf: Using EditorConfig core...
Terraform-modules/google_storage_bucket/bucket.tf: Using EditorConfig core...
Terraform-modules/google_storage_bucket/bucket.tf: Using EditorConfig core...
