2024-01-25 08:59:54.336 [info] Log level: Info
2024-01-25 08:59:54.336 [info] Validating found git in: "git"
2024-01-25 08:59:54.336 [info] Using git "2.30.2" from "git"
2024-01-25 08:59:54.336 [info] > git rev-parse --show-toplevel [3ms]
2024-01-25 08:59:54.336 [info] > git rev-parse --git-dir --git-common-dir [2ms]
2024-01-25 08:59:54.336 [info] Open repository: /home/yellaboyinapavanteja/Terraform-modules
2024-01-25 08:59:54.336 [info] > git config --get commit.template [7ms]
2024-01-25 08:59:54.336 [info] > git rev-parse --show-toplevel [3ms]
2024-01-25 08:59:54.336 [info] > git for-each-ref --format=%(refname)%00%(upstream:short)%00%(objectname)%00%(upstream:track)%00%(upstream:remotename)%00%(upstream:remoteref) refs/heads/main refs/remotes/main [8ms]
2024-01-25 08:59:54.336 [info] > git rev-parse --show-toplevel [11ms]
2024-01-25 08:59:54.336 [info] > git status -z -uall [9ms]
2024-01-25 08:59:54.336 [info] > git rev-parse --show-toplevel [20ms]
2024-01-25 08:59:54.336 [info] > git config --get commit.template [17ms]
2024-01-25 08:59:54.336 [info] > git for-each-ref --format=%(refname)%00%(upstream:short)%00%(objectname)%00%(upstream:track)%00%(upstream:remotename)%00%(upstream:remoteref) refs/heads/main refs/remotes/main [4ms]
2024-01-25 08:59:54.336 [info] > git rev-parse --show-toplevel [19ms]
2024-01-25 08:59:54.336 [info] > git status -z -uall [12ms]
2024-01-25 08:59:54.336 [info] > git rev-parse --show-toplevel [8ms]
2024-01-25 08:59:54.338 [info] > git rev-parse --show-toplevel [1ms]
2024-01-25 08:59:54.346 [info] > git rev-parse --show-toplevel [2ms]
2024-01-25 08:59:54.354 [info] > git rev-parse --show-toplevel [2ms]
2024-01-25 08:59:54.363 [info] > git rev-parse --show-toplevel [1ms]
2024-01-25 08:59:54.373 [info] > git rev-parse --show-toplevel [2ms]
2024-01-25 08:59:54.381 [info] > git rev-parse --show-toplevel [2ms]
2024-01-25 08:59:54.390 [info] > git rev-parse --show-toplevel [2ms]
2024-01-25 08:59:54.398 [info] > git rev-parse --show-toplevel [2ms]
2024-01-25 08:59:54.407 [info] > git rev-parse --show-toplevel [2ms]
2024-01-25 08:59:54.571 [info] > git rev-parse --show-toplevel [157ms]
2024-01-25 08:59:54.581 [info] > git rev-parse --show-toplevel [1ms]
2024-01-25 08:59:54.590 [info] > git rev-parse --show-toplevel [2ms]
2024-01-25 08:59:54.600 [info] > git rev-parse --show-toplevel [2ms]
2024-01-25 08:59:54.611 [info] > git rev-parse --show-toplevel [2ms]
2024-01-25 08:59:54.621 [info] > git rev-parse --show-toplevel [1ms]
2024-01-25 08:59:54.630 [info] > git rev-parse --show-toplevel [1ms]
2024-01-25 08:59:54.640 [info] > git rev-parse --show-toplevel [1ms]
2024-01-25 08:59:54.930 [info] > git check-ignore -v -z --stdin [1ms]
2024-01-25 09:00:05.939 [info] > git check-ignore -v -z --stdin [2ms]
2024-01-25 09:00:06.652 [info] > git check-ignore -v -z --stdin [22ms]
2024-01-25 09:00:08.710 [info] > git show --textconv :provider.tf [17ms]
2024-01-25 09:00:08.713 [info] > git ls-files --stage -- /home/yellaboyinapavanteja/Terraform-modules/provider.tf [5ms]
2024-01-25 09:00:08.727 [info] > git cat-file -s ea0b0f45dca87bf31b0bf959eaef5813e4f5fd2b [2ms]
2024-01-25 09:00:14.507 [info] > git show --textconv :terraform.tf [16ms]
2024-01-25 09:00:14.509 [info] > git ls-files --stage -- /home/yellaboyinapavanteja/Terraform-modules/terraform.tf [2ms]
2024-01-25 09:00:14.524 [info] > git cat-file -s a8428a5771fffbd0200818ba80b715c3163138b3 [4ms]
2024-01-25 09:00:15.545 [info] > git show --textconv :provider.tf [18ms]
2024-01-25 09:00:15.546 [info] > git ls-files --stage -- /home/yellaboyinapavanteja/Terraform-modules/provider.tf [5ms]
2024-01-25 09:00:15.567 [info] > git cat-file -s ea0b0f45dca87bf31b0bf959eaef5813e4f5fd2b [4ms]
2024-01-25 09:00:18.804 [info] > git config --get commit.template [14ms]
2024-01-25 09:00:18.805 [info] > git for-each-ref --format=%(refname)%00%(upstream:short)%00%(objectname)%00%(upstream:track)%00%(upstream:remotename)%00%(upstream:remoteref) refs/heads/main refs/remotes/main [3ms]
2024-01-25 09:00:18.820 [info] > git status -z -uall [3ms]
2024-01-25 09:00:23.744 [info] > git check-ignore -v -z --stdin [2ms]
2024-01-25 09:00:24.731 [info] > git show --textconv :google_compute_disk/disk.tf [13ms]
2024-01-25 09:00:24.733 [info] > git ls-files --stage -- /home/yellaboyinapavanteja/Terraform-modules/google_compute_disk/disk.tf [3ms]
2024-01-25 09:00:24.746 [info] > git cat-file -s fc387058d0da3b2c0f5b30ae4b9591e769a69196 [2ms]
2024-01-25 09:00:29.450 [info] > git show --textconv :google_compute_disk/variable.tf [16ms]
2024-01-25 09:00:29.450 [info] > git ls-files --stage -- /home/yellaboyinapavanteja/Terraform-modules/google_compute_disk/variable.tf [3ms]
2024-01-25 09:00:29.468 [info] > git cat-file -s 902588c240a74c4a84750eb70a8a063c09b19ef2 [3ms]
2024-01-25 09:00:40.691 [info] > git check-ignore -v -z --stdin [1ms]
2024-01-25 09:00:42.200 [info] > git show --textconv :google_compute_firewall/firewall.tf [15ms]
2024-01-25 09:00:42.201 [info] > git ls-files --stage -- /home/yellaboyinapavanteja/Terraform-modules/google_compute_firewall/firewall.tf [3ms]
2024-01-25 09:00:42.216 [info] > git cat-file -s 1382bbbbe83e9ffccb9cfcaa0967c472a98ce7fd [3ms]
2024-01-25 09:00:44.822 [info] > git show --textconv :google_compute_firewall/variable.tf [14ms]
2024-01-25 09:00:44.823 [info] > git ls-files --stage -- /home/yellaboyinapavanteja/Terraform-modules/google_compute_firewall/variable.tf [3ms]
2024-01-25 09:00:44.837 [info] > git cat-file -s 91fef5bfbfb12e5da41160b17f98e4e494acd46d [2ms]
2024-01-25 09:01:03.652 [info] > git check-ignore -v -z --stdin [2ms]
2024-01-25 09:01:04.730 [info] > git show --textconv :google_compute_network/network.tf [14ms]
2024-01-25 09:01:04.731 [info] > git ls-files --stage -- /home/yellaboyinapavanteja/Terraform-modules/google_compute_network/network.tf [2ms]
2024-01-25 09:01:04.745 [info] > git cat-file -s 2c19b00fae4e2618a7139295bf46fc4d7ad4ae5c [1ms]
2024-01-25 09:01:07.468 [info] > git show --textconv :google_compute_network/output.tf [14ms]
2024-01-25 09:01:07.469 [info] > git ls-files --stage -- /home/yellaboyinapavanteja/Terraform-modules/google_compute_network/output.tf [2ms]
2024-01-25 09:01:07.483 [info] > git cat-file -s e69de29bb2d1d6434b8b29ae775ad8c2e48c5391 [1ms]
2024-01-25 09:01:08.824 [info] > git show --textconv :google_compute_network/variable.tf [13ms]
2024-01-25 09:01:08.825 [info] > git ls-files --stage -- /home/yellaboyinapavanteja/Terraform-modules/google_compute_network/variable.tf [3ms]
2024-01-25 09:01:08.842 [info] > git cat-file -s 6de6e6992cf725d7d01a7425e54d4547a111b979 [2ms]
2024-01-25 09:01:12.690 [info] > git show --textconv :google_compute_network/network.tf [17ms]
2024-01-25 09:01:12.690 [info] > git ls-files --stage -- /home/yellaboyinapavanteja/Terraform-modules/google_compute_network/network.tf [3ms]
2024-01-25 09:01:12.705 [info] > git cat-file -s 2c19b00fae4e2618a7139295bf46fc4d7ad4ae5c [2ms]
2024-01-25 09:01:27.371 [info] > git show --textconv :google_compute_network/output.tf [15ms]
2024-01-25 09:01:27.373 [info] > git ls-files --stage -- /home/yellaboyinapavanteja/Terraform-modules/google_compute_network/output.tf [4ms]
2024-01-25 09:01:27.387 [info] > git cat-file -s e69de29bb2d1d6434b8b29ae775ad8c2e48c5391 [1ms]
2024-01-25 09:01:28.366 [info] > git show --textconv :google_compute_network/variable.tf [17ms]
2024-01-25 09:01:28.367 [info] > git ls-files --stage -- /home/yellaboyinapavanteja/Terraform-modules/google_compute_network/variable.tf [3ms]
2024-01-25 09:01:28.385 [info] > git cat-file -s 6de6e6992cf725d7d01a7425e54d4547a111b979 [3ms]
2024-01-25 09:01:41.520 [info] > git check-ignore -v -z --stdin [2ms]
2024-01-25 09:01:43.389 [info] > git check-ignore -v -z --stdin [2ms]
2024-01-25 09:01:44.269 [info] > git show --textconv :google_compute_network_peering/google_compute_router/router.tf [14ms]
2024-01-25 09:01:44.270 [info] > git ls-files --stage -- /home/yellaboyinapavanteja/Terraform-modules/google_compute_network_peering/google_compute_router/router.tf [2ms]
2024-01-25 09:01:44.284 [info] > git cat-file -s 2c76a052c43ff1a02fea6269250498f12253d7e1 [2ms]
2024-01-25 09:01:48.431 [info] > git show --textconv :google_compute_network_peering/google_compute_router/variable.tf [17ms]
2024-01-25 09:01:48.432 [info] > git ls-files --stage -- /home/yellaboyinapavanteja/Terraform-modules/google_compute_network_peering/google_compute_router/variable.tf [4ms]
2024-01-25 09:01:48.448 [info] > git cat-file -s d816acd467bc7a402db250a5f15139f9e545e840 [3ms]
2024-01-25 09:01:51.590 [info] > git show --textconv :google_compute_network_peering/peering.tf [14ms]
2024-01-25 09:01:51.591 [info] > git ls-files --stage -- /home/yellaboyinapavanteja/Terraform-modules/google_compute_network_peering/peering.tf [2ms]
2024-01-25 09:01:51.605 [info] > git cat-file -s 75efb26483923aa51c90c2efd046ae2b01261d3e [2ms]
2024-01-25 09:01:55.522 [info] > git show --textconv :google_compute_network_peering/variable.tf [15ms]
2024-01-25 09:01:55.523 [info] > git ls-files --stage -- /home/yellaboyinapavanteja/Terraform-modules/google_compute_network_peering/variable.tf [4ms]
2024-01-25 09:01:55.538 [info] > git cat-file -s bb0fc42269beeb03f6e55f7d012bd31b7ec14186 [3ms]
2024-01-25 09:02:01.624 [info] > git check-ignore -v -z --stdin [2ms]
2024-01-25 09:02:02.481 [info] > git show --textconv :google_compute_router_nat/nat.tf [13ms]
2024-01-25 09:02:02.482 [info] > git ls-files --stage -- /home/yellaboyinapavanteja/Terraform-modules/google_compute_router_nat/nat.tf [3ms]
2024-01-25 09:02:02.497 [info] > git cat-file -s a13fa1751dc27d080bd46ed673a1de7808a5d82c [2ms]
2024-01-25 09:02:14.582 [info] > git check-ignore -v -z --stdin [2ms]
2024-01-25 09:02:15.847 [info] > git show --textconv :google_project_iam_custom_role/role.tf [17ms]
2024-01-25 09:02:15.848 [info] > git ls-files --stage -- /home/yellaboyinapavanteja/Terraform-modules/google_project_iam_custom_role/role.tf [3ms]
2024-01-25 09:02:15.862 [info] > git cat-file -s 3870c56b314df5c3fef1e629c0291092d3bbcdc1 [2ms]
2024-01-25 09:02:27.014 [info] > git check-ignore -v -z --stdin [2ms]
2024-01-25 09:02:28.190 [info] > git show --textconv :google_storage_bucket/bucket.tf [16ms]
2024-01-25 09:02:28.191 [info] > git ls-files --stage -- /home/yellaboyinapavanteja/Terraform-modules/google_storage_bucket/bucket.tf [4ms]
2024-01-25 09:02:28.205 [info] > git cat-file -s 157f235a4d2c9d818c5b42392039c36a0dc7836f [2ms]
2024-01-25 09:07:20.975 [info] > git show --textconv :google_storage_bucket/variable.tf [16ms]
2024-01-25 09:07:20.976 [info] > git ls-files --stage -- /home/yellaboyinapavanteja/Terraform-modules/google_storage_bucket/variable.tf [4ms]
2024-01-25 09:07:20.993 [info] > git cat-file -s eccfa1fa91614c7b109e850246d277197023c2ed [3ms]
2024-01-25 09:13:05.518 [info] > git check-ignore -v -z --stdin [1ms]
2024-01-25 09:13:12.537 [info] > git check-ignore -v -z --stdin [1ms]
2024-01-25 09:15:16.976 [info] > git config --get commit.template [14ms]
2024-01-25 09:15:16.977 [info] > git for-each-ref --format=%(refname)%00%(upstream:short)%00%(objectname)%00%(upstream:track)%00%(upstream:remotename)%00%(upstream:remoteref) refs/heads/main refs/remotes/main [2ms]
2024-01-25 09:15:16.993 [info] > git status -z -uall [4ms]
2024-01-25 09:15:21.982 [info] > git show --textconv :google_storage_bucket/bucket.tf [15ms]
2024-01-25 09:15:21.983 [info] > git ls-files --stage -- /home/yellaboyinapavanteja/Terraform-modules/google_storage_bucket/bucket.tf [3ms]
2024-01-25 09:15:22.035 [info] > git cat-file -s 157f235a4d2c9d818c5b42392039c36a0dc7836f [17ms]
2024-01-25 09:15:22.036 [info] > git config --get commit.template [5ms]
2024-01-25 09:15:22.053 [info] > git for-each-ref --format=%(refname)%00%(upstream:short)%00%(objectname)%00%(upstream:track)%00%(upstream:remotename)%00%(upstream:remoteref) refs/heads/main refs/remotes/main [2ms]
2024-01-25 09:15:22.069 [info] > git status -z -uall [4ms]
2024-01-25 09:19:34.393 [info] > git config --get commit.template [13ms]
2024-01-25 09:19:34.393 [info] > git for-each-ref --format=%(refname)%00%(upstream:short)%00%(objectname)%00%(upstream:track)%00%(upstream:remotename)%00%(upstream:remoteref) refs/heads/main refs/remotes/main [2ms]
2024-01-25 09:19:34.409 [info] > git status -z -uall [4ms]
2024-01-25 09:19:39.139 [info] > git show --textconv :google_storage_bucket/variable.tf [16ms]
2024-01-25 09:19:39.139 [info] > git ls-files --stage -- /home/yellaboyinapavanteja/Terraform-modules/google_storage_bucket/variable.tf [3ms]
2024-01-25 09:19:39.154 [info] > git cat-file -s eccfa1fa91614c7b109e850246d277197023c2ed [3ms]
2024-01-25 09:19:39.441 [info] > git config --get commit.template [13ms]
2024-01-25 09:19:39.442 [info] > git for-each-ref --format=%(refname)%00%(upstream:short)%00%(objectname)%00%(upstream:track)%00%(upstream:remotename)%00%(upstream:remoteref) refs/heads/main refs/remotes/main [2ms]
2024-01-25 09:19:39.458 [info] > git status -z -uall [4ms]
2024-01-25 09:19:53.832 [info] > git show --textconv :google_storage_bucket/bucket.tf [15ms]
2024-01-25 09:19:53.832 [info] > git ls-files --stage -- /home/yellaboyinapavanteja/Terraform-modules/google_storage_bucket/bucket.tf [3ms]
2024-01-25 09:19:53.851 [info] > git cat-file -s 157f235a4d2c9d818c5b42392039c36a0dc7836f [4ms]
2024-01-25 09:20:04.575 [info] > git config --get commit.template [13ms]
2024-01-25 09:20:04.576 [info] > git for-each-ref --format=%(refname)%00%(upstream:short)%00%(objectname)%00%(upstream:track)%00%(upstream:remotename)%00%(upstream:remoteref) refs/heads/main refs/remotes/main [2ms]
2024-01-25 09:20:04.592 [info] > git status -z -uall [3ms]
2024-01-25 09:20:13.103 [info] > git config --get commit.template [13ms]
2024-01-25 09:20:13.105 [info] > git for-each-ref --format=%(refname)%00%(upstream:short)%00%(objectname)%00%(upstream:track)%00%(upstream:remotename)%00%(upstream:remoteref) refs/heads/main refs/remotes/main [3ms]
2024-01-25 09:20:13.120 [info] > git status -z -uall [3ms]
2024-01-25 09:20:18.152 [info] > git config --get commit.template [13ms]
2024-01-25 09:20:18.153 [info] > git for-each-ref --format=%(refname)%00%(upstream:short)%00%(objectname)%00%(upstream:track)%00%(upstream:remotename)%00%(upstream:remoteref) refs/heads/main refs/remotes/main [2ms]
2024-01-25 09:20:18.169 [info] > git status -z -uall [3ms]
2024-01-25 09:20:23.199 [info] > git config --get commit.template [13ms]
2024-01-25 09:20:23.200 [info] > git for-each-ref --format=%(refname)%00%(upstream:short)%00%(objectname)%00%(upstream:track)%00%(upstream:remotename)%00%(upstream:remoteref) refs/heads/main refs/remotes/main [2ms]
2024-01-25 09:20:23.215 [info] > git status -z -uall [3ms]
2024-01-25 09:20:28.233 [info] > git config --get commit.template [1ms]
2024-01-25 09:20:28.248 [info] > git for-each-ref --format=%(refname)%00%(upstream:short)%00%(objectname)%00%(upstream:track)%00%(upstream:remotename)%00%(upstream:remoteref) refs/heads/main refs/remotes/main [3ms]
2024-01-25 09:20:28.265 [info] > git status -z -uall [4ms]
2024-01-25 09:21:49.489 [info] > git config --get commit.template [19ms]
2024-01-25 09:21:49.491 [info] > git for-each-ref --format=%(refname)%00%(upstream:short)%00%(objectname)%00%(upstream:track)%00%(upstream:remotename)%00%(upstream:remoteref) refs/heads/main refs/remotes/main [2ms]
2024-01-25 09:21:49.513 [info] > git status -z -uall [5ms]
