2024-01-25 09:22:23.515 [info] Extension host with pid 1685 started
2024-01-25 09:22:23.520 [error] Error: EEXIST: file already exists, open '/home/yellaboyinapavanteja/.codeoss/data/User/workspaceStorage/aaba6bd/vscode.lock'
2024-01-25 09:22:23.548 [info] Lock '/home/yellaboyinapavanteja/.codeoss/data/User/workspaceStorage/aaba6bd/vscode.lock': Could not acquire lock, checking if the file is stale.
2024-01-25 09:22:23.554 [info] Lock '/home/yellaboyinapavanteja/.codeoss/data/User/workspaceStorage/aaba6bd/vscode.lock': The lock does not look stale, elapsed: 13 ms, giving up.
2024-01-25 09:22:23.570 [info] Lock '/home/yellaboyinapavanteja/.codeoss/data/User/workspaceStorage/aaba6bd-1/vscode.lock': Lock acquired.
2024-01-25 09:22:23.699 [info] ExtensionService#_doActivateExtension hashicorp.terraform, startup: false, activationEvent: 'onLanguage:terraform'
2024-01-25 09:22:23.700 [info] ExtensionService#_doActivateExtension vscode.emmet, startup: false, activationEvent: 'onLanguage'
2024-01-25 09:22:24.190 [info] ExtensionService#_doActivateExtension vscode.git-base, startup: true, activationEvent: '*', root cause: vscode.git
2024-01-25 09:22:24.348 [info] ExtensionService#_doActivateExtension vscode.git, startup: true, activationEvent: '*'
2024-01-25 09:22:24.348 [info] ExtensionService#_doActivateExtension vscode.github, startup: true, activationEvent: '*'
2024-01-25 09:22:24.834 [info] Eager extensions activated
2024-01-25 09:22:24.834 [info] ExtensionService#_doActivateExtension EditorConfig.EditorConfig, startup: false, activationEvent: 'onStartupFinished'
2024-01-25 09:22:24.835 [info] ExtensionService#_doActivateExtension google.cloud-shell, startup: false, activationEvent: 'onStartupFinished'
2024-01-25 09:22:24.836 [info] ExtensionService#_doActivateExtension googlecloudtools.cloudcode, startup: false, activationEvent: 'onStartupFinished'
2024-01-25 09:22:24.837 [info] ExtensionService#_doActivateExtension vscode.debug-auto-launch, startup: false, activationEvent: 'onStartupFinished'
2024-01-25 09:22:24.837 [info] ExtensionService#_doActivateExtension vscode.merge-conflict, startup: false, activationEvent: 'onStartupFinished'
2024-01-25 09:22:26.845 [info] ExtensionService#_doActivateExtension vscode.github-authentication, startup: false, activationEvent: 'onAuthenticationRequest:github'
2024-01-25 09:22:27.240 [info] ExtensionService#_doActivateExtension vscode.json-language-features, startup: false, activationEvent: 'onLanguage:jsonc'
2024-01-25 09:22:27.240 [info] ExtensionService#_doActivateExtension vscode.typescript-language-features, startup: false, activationEvent: 'onLanguage:jsonc'
2024-01-25 09:23:15.020 [error] [hashicorp.terraform] provider FAILED
2024-01-25 09:23:15.022 [error] Error: bucket.tf (12,39): position outside of any attribute name, value or block
	at /google/devshell/editor/code-oss-for-cloud-shell/extensions/hashicorp.terraform-2.26.1@linux/out/extension.js:1:387132
	at re (/google/devshell/editor/code-oss-for-cloud-shell/extensions/hashicorp.terraform-2.26.1@linux/out/extension.js:1:387426)
	at /google/devshell/editor/code-oss-for-cloud-shell/extensions/hashicorp.terraform-2.26.1@linux/out/extension.js:1:382210
	at Immediate.<anonymous> (/google/devshell/editor/code-oss-for-cloud-shell/extensions/hashicorp.terraform-2.26.1@linux/out/extension.js:1:382230)
	at process.processImmediate (node:internal/timers:476:21)
2024-01-25 09:24:49.489 [error] [hashicorp.terraform] provider FAILED
2024-01-25 09:24:49.490 [error] Error: variable.tf: position 1,1 is out of range variable.tf:1,2-2
	at /google/devshell/editor/code-oss-for-cloud-shell/extensions/hashicorp.terraform-2.26.1@linux/out/extension.js:1:387132
	at re (/google/devshell/editor/code-oss-for-cloud-shell/extensions/hashicorp.terraform-2.26.1@linux/out/extension.js:1:387426)
	at /google/devshell/editor/code-oss-for-cloud-shell/extensions/hashicorp.terraform-2.26.1@linux/out/extension.js:1:382210
	at Immediate.<anonymous> (/google/devshell/editor/code-oss-for-cloud-shell/extensions/hashicorp.terraform-2.26.1@linux/out/extension.js:1:382230)
	at process.processImmediate (node:internal/timers:476:21)
2024-01-25 09:24:50.562 [error] [hashicorp.terraform] provider FAILED
2024-01-25 09:24:50.562 [error] Error: variable.tf: position 1,1 is out of range variable.tf:1,2-2
	at /google/devshell/editor/code-oss-for-cloud-shell/extensions/hashicorp.terraform-2.26.1@linux/out/extension.js:1:387132
	at re (/google/devshell/editor/code-oss-for-cloud-shell/extensions/hashicorp.terraform-2.26.1@linux/out/extension.js:1:387426)
	at /google/devshell/editor/code-oss-for-cloud-shell/extensions/hashicorp.terraform-2.26.1@linux/out/extension.js:1:382210
	at Immediate.<anonymous> (/google/devshell/editor/code-oss-for-cloud-shell/extensions/hashicorp.terraform-2.26.1@linux/out/extension.js:1:382230)
	at process.processImmediate (node:internal/timers:476:21)
2024-01-25 09:26:00.532 [error] [hashicorp.terraform] provider FAILED
2024-01-25 09:26:00.532 [error] Error: bucket.tf (5,39): position outside of any attribute name, value or block
	at /google/devshell/editor/code-oss-for-cloud-shell/extensions/hashicorp.terraform-2.26.1@linux/out/extension.js:1:387132
	at re (/google/devshell/editor/code-oss-for-cloud-shell/extensions/hashicorp.terraform-2.26.1@linux/out/extension.js:1:387426)
	at /google/devshell/editor/code-oss-for-cloud-shell/extensions/hashicorp.terraform-2.26.1@linux/out/extension.js:1:382210
	at Immediate.<anonymous> (/google/devshell/editor/code-oss-for-cloud-shell/extensions/hashicorp.terraform-2.26.1@linux/out/extension.js:1:382230)
	at process.processImmediate (node:internal/timers:476:21)
2024-01-25 09:26:01.847 [error] [hashicorp.terraform] provider FAILED
2024-01-25 09:26:01.847 [error] Error: bucket.tf (6,1): position outside of any attribute name, value or block
	at /google/devshell/editor/code-oss-for-cloud-shell/extensions/hashicorp.terraform-2.26.1@linux/out/extension.js:1:387132
	at re (/google/devshell/editor/code-oss-for-cloud-shell/extensions/hashicorp.terraform-2.26.1@linux/out/extension.js:1:387426)
	at /google/devshell/editor/code-oss-for-cloud-shell/extensions/hashicorp.terraform-2.26.1@linux/out/extension.js:1:382210
	at Immediate.<anonymous> (/google/devshell/editor/code-oss-for-cloud-shell/extensions/hashicorp.terraform-2.26.1@linux/out/extension.js:1:382230)
	at process.processImmediate (node:internal/timers:476:21)
2024-01-25 09:27:10.043 [error] [hashicorp.terraform] provider FAILED
2024-01-25 09:27:10.044 [error] Error: no reference origin found
	at /google/devshell/editor/code-oss-for-cloud-shell/extensions/hashicorp.terraform-2.26.1@linux/out/extension.js:1:387132
	at re (/google/devshell/editor/code-oss-for-cloud-shell/extensions/hashicorp.terraform-2.26.1@linux/out/extension.js:1:387426)
	at /google/devshell/editor/code-oss-for-cloud-shell/extensions/hashicorp.terraform-2.26.1@linux/out/extension.js:1:382210
	at Immediate.<anonymous> (/google/devshell/editor/code-oss-for-cloud-shell/extensions/hashicorp.terraform-2.26.1@linux/out/extension.js:1:382230)
	at process.processImmediate (node:internal/timers:476:21)
2024-01-25 09:27:45.881 [error] [hashicorp.terraform] provider FAILED
2024-01-25 09:27:45.881 [error] Error: bucket.tf (1,51): position outside of any attribute name, value or block
	at /google/devshell/editor/code-oss-for-cloud-shell/extensions/hashicorp.terraform-2.26.1@linux/out/extension.js:1:387132
	at re (/google/devshell/editor/code-oss-for-cloud-shell/extensions/hashicorp.terraform-2.26.1@linux/out/extension.js:1:387426)
	at /google/devshell/editor/code-oss-for-cloud-shell/extensions/hashicorp.terraform-2.26.1@linux/out/extension.js:1:382210
	at Immediate.<anonymous> (/google/devshell/editor/code-oss-for-cloud-shell/extensions/hashicorp.terraform-2.26.1@linux/out/extension.js:1:382230)
	at process.processImmediate (node:internal/timers:476:21)
2024-01-25 09:35:25.194 [error] [hashicorp.terraform] provider FAILED
2024-01-25 09:35:25.194 [error] Error: no reference origin found
	at /google/devshell/editor/code-oss-for-cloud-shell/extensions/hashicorp.terraform-2.26.1@linux/out/extension.js:1:387132
	at re (/google/devshell/editor/code-oss-for-cloud-shell/extensions/hashicorp.terraform-2.26.1@linux/out/extension.js:1:387426)
	at /google/devshell/editor/code-oss-for-cloud-shell/extensions/hashicorp.terraform-2.26.1@linux/out/extension.js:1:382210
	at Immediate.<anonymous> (/google/devshell/editor/code-oss-for-cloud-shell/extensions/hashicorp.terraform-2.26.1@linux/out/extension.js:1:382230)
	at process.processImmediate (node:internal/timers:476:21)
2024-01-25 09:36:33.317 [info] ExtensionService#_doActivateExtension vscode.extension-editing, startup: false, activationEvent: 'onLanguage:json'
2024-01-25 09:36:33.317 [info] ExtensionService#_doActivateExtension vscode.npm, startup: false, activationEvent: 'onLanguage:json'
2024-01-25 09:38:45.061 [error] [hashicorp.terraform] provider FAILED
2024-01-25 09:38:45.061 [error] Error: bucket.tf (1,33): position outside of "resource" body
	at /google/devshell/editor/code-oss-for-cloud-shell/extensions/hashicorp.terraform-2.26.1@linux/out/extension.js:1:387132
	at re (/google/devshell/editor/code-oss-for-cloud-shell/extensions/hashicorp.terraform-2.26.1@linux/out/extension.js:1:387426)
	at /google/devshell/editor/code-oss-for-cloud-shell/extensions/hashicorp.terraform-2.26.1@linux/out/extension.js:1:382210
	at Immediate.<anonymous> (/google/devshell/editor/code-oss-for-cloud-shell/extensions/hashicorp.terraform-2.26.1@linux/out/extension.js:1:382230)
	at process.processImmediate (node:internal/timers:476:21)
2024-01-25 10:24:43.834 [error] [hashicorp.terraform] provider FAILED
2024-01-25 10:24:43.835 [error] Error: bucket.tf (19,11): position outside of "action" body
	at /google/devshell/editor/code-oss-for-cloud-shell/extensions/hashicorp.terraform-2.26.1@linux/out/extension.js:1:387132
	at re (/google/devshell/editor/code-oss-for-cloud-shell/extensions/hashicorp.terraform-2.26.1@linux/out/extension.js:1:387426)
	at /google/devshell/editor/code-oss-for-cloud-shell/extensions/hashicorp.terraform-2.26.1@linux/out/extension.js:1:382210
	at Immediate.<anonymous> (/google/devshell/editor/code-oss-for-cloud-shell/extensions/hashicorp.terraform-2.26.1@linux/out/extension.js:1:382230)
	at process.processImmediate (node:internal/timers:476:21)
2024-01-25 10:26:12.392 [error] [hashicorp.terraform] provider FAILED
2024-01-25 10:26:12.392 [error] Error: variable.tf (10,7): position outside of any attribute name, value or block
	at /google/devshell/editor/code-oss-for-cloud-shell/extensions/hashicorp.terraform-2.26.1@linux/out/extension.js:1:387132
	at re (/google/devshell/editor/code-oss-for-cloud-shell/extensions/hashicorp.terraform-2.26.1@linux/out/extension.js:1:387426)
	at /google/devshell/editor/code-oss-for-cloud-shell/extensions/hashicorp.terraform-2.26.1@linux/out/extension.js:1:382210
	at Immediate.<anonymous> (/google/devshell/editor/code-oss-for-cloud-shell/extensions/hashicorp.terraform-2.26.1@linux/out/extension.js:1:382230)
	at process.processImmediate (node:internal/timers:476:21)
