Launching language server: /google/devshell/editor/code-oss-for-cloud-shell/extensions/hashicorp.terraform-2.26.1@linux/bin/terraform-ls serve
Starting client
Client: Stopped --> Starting
2024/01/25 06:41:00 serve_command.go:104: Starting terraform-ls 0.31.2
2024/01/25 06:41:00 service.go:101: Preparing new session ...
2024/01/25 06:41:00 langserver.go:97: Starting server (pid 1564; concurrency: 2) ...
2024/01/25 06:41:00 opts.go:203: Received request batch of size 1 (qlen=0)
2024/01/25 06:41:00 opts.go:203: Dequeued request batch of length 1 (qlen=0)
2024/01/25 06:41:00 rpc_logger.go:32: Incoming request for "initialize" (ID 0): {"processId":1546,"clientInfo":{"name":"Code OSS for Cloud Shell","version":"1.83.1"},"locale":"en","rootPath":null,"rootUri":null,"capabilities":{"workspace":{"applyEdit":true,"workspaceEdit":{"documentChanges":true,"resourceOperations":["create","rename","delete"],"failureHandling":"textOnlyTransactional","normalizesLineEndings":true,"changeAnnotationSupport":{"groupsOnLabel":true}},"configuration":true,"didChangeWatchedFiles":{"dynamicRegistration":true,"relativePatternSupport":true},"symbol":{"dynamicRegistration":true,"symbolKind":{"valueSet":[1,2,3,4,5,6,7,8,9,10,11,12,13,14,15,16,17,18,19,20,21,22,23,24,25,26]},"tagSupport":{"valueSet":[1]},"resolveSupport":{"properties":["location.range"]}},"codeLens":{"refreshSupport":true},"executeCommand":{"dynamicRegistration":true},"didChangeConfiguration":{"dynamicRegistration":true},"workspaceFolders":true,"semanticTokens":{"refreshSupport":true},"fileOperations":{"dynamicRegistration":true,"didCreate":true,"didRename":true,"didDelete":true,"willCreate":true,"willRename":true,"willDelete":true},"inlineValue":{"refreshSupport":true},"inlayHint":{"refreshSupport":true},"diagnostics":{"refreshSupport":true}},"textDocument":{"publishDiagnostics":{"relatedInformation":true,"versionSupport":false,"tagSupport":{"valueSet":[1,2]},"codeDescriptionSupport":true,"dataSupport":true},"synchronization":{"dynamicRegistration":true,"willSave":true,"willSaveWaitUntil":true,"didSave":true},"completion":{"dynamicRegistration":true,"contextSupport":true,"completionItem":{"snippetSupport":true,"commitCharactersSupport":true,"documentationFormat":["markdown","plaintext"],"deprecatedSupport":true,"preselectSupport":true,"tagSupport":{"valueSet":[1]},"insertReplaceSupport":true,"resolveSupport":{"properties":["documentation","detail","additionalTextEdits"]},"insertTextModeSupport":{"valueSet":[1,2]},"labelDetailsSupport":true},"insertTextMode":2,"completionItemKind":{"valueSet":[1,2,3,4,5,6,7,8,9,10,11,12,13,14,15,16,17,18,19,20,21,22,23,24,25]},"completionList":{"itemDefaults":["commitCharacters","editRange","insertTextFormat","insertTextMode"]}},"hover":{"dynamicRegistration":true,"contentFormat":["markdown","plaintext"]},"signatureHelp":{"dynamicRegistration":true,"signatureInformation":{"documentationFormat":["markdown","plaintext"],"parameterInformation":{"labelOffsetSupport":true},"activeParameterSupport":true},"contextSupport":true},"definition":{"dynamicRegistration":true,"linkSupport":true},"references":{"dynamicRegistration":true},"documentHighlight":{"dynamicRegistration":true},"documentSymbol":{"dynamicRegistration":true,"symbolKind":{"valueSet":[1,2,3,4,5,6,7,8,9,10,11,12,13,14,15,16,17,18,19,20,21,22,23,24,25,26]},"hierarchicalDocumentSymbolSupport":true,"tagSupport":{"valueSet":[1]},"labelSupport":true},"codeAction":{"dynamicRegistration":true,"isPreferredSupport":true,"disabledSupport":true,"dataSupport":true,"resolveSupport":{"properties":["edit"]},"codeActionLiteralSupport":{"codeActionKind":{"valueSet":["","quickfix","refactor","refactor.extract","refactor.inline","refactor.rewrite","source","source.organizeImports"]}},"honorsChangeAnnotations":false},"codeLens":{"dynamicRegistration":true},"formatting":{"dynamicRegistration":true},"rangeFormatting":{"dynamicRegistration":true},"onTypeFormatting":{"dynamicRegistration":true},"rename":{"dynamicRegistration":true,"prepareSupport":true,"prepareSupportDefaultBehavior":1,"honorsChangeAnnotations":true},"documentLink":{"dynamicRegistration":true,"tooltipSupport":true},"typeDefinition":{"dynamicRegistration":true,"linkSupport":true},"implementation":{"dynamicRegistration":true,"linkSupport":true},"colorProvider":{"dynamicRegistration":true},"foldingRange":{"dynamicRegistration":true,"rangeLimit":5000,"lineFoldingOnly":true,"foldingRangeKind":{"valueSet":["comment","imports","region"]},"foldingRange":{"collapsedText":false}},"declaration":{"dynamicRegistration":true,"linkSupport":true},"selectionRange":{"dynamicRegistration":true},"callHierarchy":{"dynamicRegistration":true},"semanticTokens":{"dynamicRegistration":true,"tokenTypes":["namespace","type","class","enum","interface","struct","typeParameter","parameter","variable","property","enumMember","event","function","method","macro","keyword","modifier","comment","string","number","regexp","operator","decorator","hcl-attrName","hcl-blockType","hcl-blockLabel","hcl-bool","hcl-string","hcl-number","hcl-objectKey","hcl-mapKey","hcl-keyword","hcl-traversalStep","hcl-typeCapsule","hcl-typePrimitive","hcl-functionName"],"tokenModifiers":["declaration","definition","readonly","static","deprecated","abstract","async","modification","documentation","defaultLibrary","hcl-dependent","terraform-data","terraform-locals","terraform-module","terraform-output","terraform-provider","terraform-resource","terraform-provisioner","terraform-connection","terraform-variable","terraform-terraform","terraform-backend","terraform-name","terraform-type","terraform-requiredProviders"],"formats":["relative"],"requests":{"range":true,"full":{"delta":true}},"multilineTokenSupport":false,"overlappingTokenSupport":false,"serverCancelSupport":true,"augmentsSyntaxTokens":true},"linkedEditingRange":{"dynamicRegistration":true},"typeHierarchy":{"dynamicRegistration":true},"inlineValue":{"dynamicRegistration":true},"inlayHint":{"dynamicRegistration":true,"resolveSupport":{"properties":["tooltip","textEdits","label.tooltip","label.location","label.command"]}},"diagnostic":{"dynamicRegistration":true,"relatedDocumentSupport":false}},"window":{"showMessage":{"messageActionItem":{"additionalPropertiesSupport":true}},"showDocument":{"support":true},"workDoneProgress":true},"general":{"staleRequestSupport":{"cancel":true,"retryOnContentModified":["textDocument/semanticTokens/full","textDocument/semanticTokens/range","textDocument/semanticTokens/full/delta"]},"regularExpressions":{"engine":"ECMAScript","version":"ES2020"},"markdown":{"parser":"marked","version":"1.1.0"},"positionEncodings":["utf-16"]},"notebookDocument":{"synchronization":{"dynamicRegistration":true,"executionSummarySupport":true}},"experimental":{"refreshModuleProvidersCommandId":"client.refreshModuleProviders","refreshModuleCallsCommandId":"client.refreshModuleCalls","telemetryVersion":1,"refreshTerraformVersionCommandId":"client.refreshTerraformVersion"}},"initializationOptions":{"experimentalFeatures":{"validateOnSave":false,"prefillRequiredFields":false},"ignoreSingleFileWarning":false,"terraform":{"path":"","timeout":"","logFilePath":""},"indexing":{"ignorePaths":[],"ignoreDirectoryNames":[]}},"trace":"off","workspaceFolders":null}
2024/01/25 06:41:00 initialize.go:181: enabling telemetry (version: 1)
2024/01/25 06:41:00 initialize.go:186: telemetry enabled (version: 1)
2024/01/25 06:41:00 scheduler.go:50: launching eval loop 0
2024/01/25 06:41:00 service.go:470: started low priority scheduler
2024/01/25 06:41:00 scheduler.go:50: launching eval loop 0
2024/01/25 06:41:00 service.go:475: started high priority scheduler
2024/01/25 06:41:00 opts.go:203: Posting server notification "window/showMessage" {"type":2,"message":"Some capabilities may be reduced when editing a single file. We recommend opening a directory for full functionality. Use 'ignoreSingleFileWarning' to suppress this warning."}
2024/01/25 06:41:00 opts.go:203: Posting server notification "telemetry/event" {"v":1,"name":"initialize","properties":{"experimentalCapabilities.referenceCountCodeLens":false,"experimentalCapabilities.refreshModuleCalls":true,"experimentalCapabilities.refreshModuleProviders":true,"experimentalCapabilities.refreshTerraformVersion":true,"lsVersion":"0.31.2","options.commandPrefix":false,"options.excludeModulePaths":false,"options.experimentalFeatures.prefillRequiredFields":false,"options.experimentalFeatures.validateOnSave":false,"options.ignoreSingleFileWarning":false,"options.indexing.ignoreDirectoryNames":false,"options.indexing.ignorePaths":false,"options.rootModulePaths":false,"options.terraform.logFilePath":false,"options.terraform.path":false,"options.terraform.timeout":"","root_uri":"file"}}
2024/01/25 06:41:00 rpc_logger.go:53: Response to "initialize" (ID 0): {"capabilities":{"textDocumentSync":{"openClose":true,"change":2,"save":{}},"completionProvider":{"triggerCharacters":[".","["],"resolveProvider":true},"hoverProvider":true,"signatureHelpProvider":{"triggerCharacters":["(",","]},"declarationProvider":true,"definitionProvider":true,"referencesProvider":true,"documentSymbolProvider":true,"codeActionProvider":{"codeActionKinds":["source.formatAll.terraform"]},"codeLensProvider":{},"documentLinkProvider":{},"workspaceSymbolProvider":true,"documentFormattingProvider":true,"executeCommandProvider":{"commands":["terraform-ls.module.callers","terraform-ls.module.calls","terraform-ls.module.providers","terraform-ls.module.terraform","terraform-ls.rootmodules","terraform-ls.terraform.init","terraform-ls.terraform.validate"],"workDoneProgress":true},"semanticTokensProvider":{"legend":{"tokenTypes":["enumMember","function","keyword","number","parameter","property","string","type","variable","hcl-attrName","hcl-blockType","hcl-blockLabel","hcl-bool","hcl-string","hcl-number","hcl-objectKey","hcl-mapKey","hcl-keyword","hcl-traversalStep","hcl-typeCapsule","hcl-typePrimitive","hcl-functionName"],"tokenModifiers":["defaultLibrary","hcl-dependent","terraform-backend","terraform-connection","terraform-data","terraform-locals","terraform-module","terraform-name","terraform-output","terraform-provider","terraform-provisioner","terraform-requiredProviders","terraform-resource","terraform-terraform","terraform-type","terraform-variable"]},"full":true},"workspace":{"workspaceFolders":{"supported":true,"changeNotifications":"workspace/didChangeWorkspaceFolders"},"fileOperations":{}},"experimental":{"referenceCountCodeLens":false,"refreshModuleProviders":true,"refreshModuleCalls":true,"refreshTerraformVersion":true}},"serverInfo":{"name":"terraform-ls","version":"0.31.2"}}
2024/01/25 06:41:00 opts.go:203: Completed 1 requests [3.414077ms elapsed]
Client: Starting --> Running
Multi-folder support: true
2024/01/25 06:41:00 opts.go:203: Received request batch of size 1 (qlen=0)
2024/01/25 06:41:00 opts.go:203: Dequeued request batch of length 1 (qlen=0)
2024/01/25 06:41:00 rpc_logger.go:32: Incoming notification for "initialized": {}
2024/01/25 06:41:00 opts.go:203: Posting server call "client/registerCapability" {"registrations":[{"id":"47748d33-a455-1061-333b-c81fac556030","method":"workspace/didChangeWatchedFiles","registerOptions":{"watchers":[{"globPattern":"**/.terraform","kind":3},{"globPattern":"**/.terraform/modules/modules.json"},{"globPattern":"**/.terraform.lock.hcl"},{"globPattern":"**/.terraform/plugins/selections.json"},{"globPattern":"**/.terraform/plugins/linux_amd64/lock.json"}]}}]}
2024/01/25 06:41:00 opts.go:203: Received request batch of size 1 (qlen=0)
2024/01/25 06:41:00 opts.go:203: Dequeued request batch of length 1 (qlen=0)
2024/01/25 06:41:00 opts.go:203: Received response for callback "1"
2024/01/25 06:41:00 rpc_logger.go:32: Incoming notification for "textDocument/didOpen": {"textDocument":{"uri":"file:///home/yellaboyinapavanteja/main.tf","languageId":"terraform","version":1,"text":"resource \"google_project_iam_custom_role\" \"my-custom-role\" {\n  role_id     = \"myCustomRole\"\n  title       = \"My Custom Role\"\n  description = \"A description\"\n  permissions = [\"iam.roles.list\", \"iam.roles.create\", \"iam.roles.delete\"]\n}"}}
2024/01/25 06:41:00 did_open.go:56: opened module: /home/yellaboyinapavanteja
2024/01/25 06:41:00 jobs.go:93: JOBS: Enqueueing new job "1": "OpTypeGetTerraformVersion" for {"file:///home/yellaboyinapavanteja"} (IsDirOpen: true, IgnoreState: false)
2024/01/25 06:41:00 jobs.go:93: JOBS: Enqueueing new job "2": "OpTypeParseModuleConfiguration" for {"file:///home/yellaboyinapavanteja"} (IsDirOpen: true, IgnoreState: true)
2024/01/25 06:41:00 jobs.go:93: JOBS: Enqueueing new job "3": "OpTypeLoadModuleMetadata" for {"file:///home/yellaboyinapavanteja"} (IsDirOpen: true, IgnoreState: true)
2024/01/25 06:41:00 jobs.go:93: JOBS: Enqueueing new job "4": "OpTypePreloadEmbeddedSchema" for {"file:///home/yellaboyinapavanteja"} (IsDirOpen: true, IgnoreState: true)
2024/01/25 06:41:00 jobs.go:249: retrying on obj is nil
2024/01/25 06:41:00 jobs.go:249: retrying on obj is nil
2024/01/25 06:41:00 jobs.go:93: JOBS: Enqueueing new job "5": "OpTypeDecodeReferenceTargets" for {"file:///home/yellaboyinapavanteja"} (IsDirOpen: true, IgnoreState: true)
2024/01/25 06:41:00 jobs.go:249: retrying on obj is nil
2024/01/25 06:41:00 jobs.go:93: JOBS: Enqueueing new job "6": "OpTypeDecodeReferenceOrigins" for {"file:///home/yellaboyinapavanteja"} (IsDirOpen: true, IgnoreState: true)
2024/01/25 06:41:00 jobs.go:249: retrying on obj is nil
2024/01/25 06:41:00 jobs.go:93: JOBS: Enqueueing new job "7": "OpTypeGetModuleDataFromRegistry" for {"file:///home/yellaboyinapavanteja"} (IsDirOpen: true, IgnoreState: false)
2024/01/25 06:41:00 jobs.go:249: retrying on obj is nil
2024/01/25 06:41:00 jobs.go:93: JOBS: Enqueueing new job "8": "OpTypeParseVariables" for {"file:///home/yellaboyinapavanteja"} (IsDirOpen: true, IgnoreState: true)
2024/01/25 06:41:00 jobs.go:93: JOBS: Enqueueing new job "9": "OpTypeDecodeVarsReferences" for {"file:///home/yellaboyinapavanteja"} (IsDirOpen: true, IgnoreState: false)
2024/01/25 06:41:00 opts.go:203: Posting server call "client.refreshModuleProviders" 
2024/01/25 06:41:00 jobs.go:271: JOBS: Dispatching next job "1" (scheduler prio: 1, job prio: 0, isDirOpen: true): "OpTypeGetTerraformVersion" for {"file:///home/yellaboyinapavanteja"}
2024/01/25 06:41:00 jobs.go:271: JOBS: Dispatching next job "7" (scheduler prio: -1, job prio: -1, isDirOpen: true): "OpTypeGetModuleDataFromRegistry" for {"file:///home/yellaboyinapavanteja"}
2024/01/25 06:41:00 jobs.go:386: JOBS: Finishing job "7": "OpTypeGetModuleDataFromRegistry" for {"file:///home/yellaboyinapavanteja"} (err = %!s(<nil>), deferredJobs: [])
2024/01/25 06:41:00 walker_paths.go:243: walking next dir: {"file:///home/yellaboyinapavanteja"}
2024/01/25 06:41:00 walker.go:193: found module {file:///home/yellaboyinapavanteja}
2024/01/25 06:41:00 jobs.go:93: JOBS: Enqueueing new job "10": "OpTypeParseModuleConfiguration" for {"file:///home/yellaboyinapavanteja"} (IsDirOpen: true, IgnoreState: false)
2024/01/25 06:41:00 jobs.go:249: retrying on obj is nil
2024/01/25 06:41:00 jobs.go:93: JOBS: Enqueueing new job "11": "OpTypeLoadModuleMetadata" for {"file:///home/yellaboyinapavanteja"} (IsDirOpen: true, IgnoreState: false)
2024/01/25 06:41:00 jobs.go:249: retrying on obj is nil
2024/01/25 06:41:00 jobs.go:93: JOBS: Enqueueing new job "12": "OpTypeParseVariables" for {"file:///home/yellaboyinapavanteja"} (IsDirOpen: true, IgnoreState: false)
2024/01/25 06:41:00 jobs.go:249: retrying on obj is nil
2024/01/25 06:41:00 jobs.go:93: JOBS: Enqueueing new job "13": "OpTypeDecodeVarsReferences" for {"file:///home/yellaboyinapavanteja"} (IsDirOpen: true, IgnoreState: false)
2024/01/25 06:41:00 opts.go:203: Received response for callback "2"
2024/01/25 06:41:00 walker.go:91: parsed datadir: &datadir.DataDir{ModuleManifestPath:"", PluginLockFilePath:"/home/yellaboyinapavanteja/.terraform.lock.hcl"}
2024/01/25 06:41:00 opts.go:203: Posting server call "client.refreshModuleCalls" 
2024/01/25 06:41:00 jobs.go:249: retrying on obj is nil
2024/01/25 06:41:00 jobs.go:93: JOBS: Enqueueing new job "14": "OpTypeParseProviderVersions" for {"file:///home/yellaboyinapavanteja"} (IsDirOpen: true, IgnoreState: false)
2024/01/25 06:41:00 jobs.go:93: JOBS: Enqueueing new job "15": "OpTypeObtainSchema" for {"file:///home/yellaboyinapavanteja"} (IsDirOpen: true, IgnoreState: false)
2024/01/25 06:41:00 jobs.go:249: retrying on obj is nil
2024/01/25 06:41:00 jobs.go:93: JOBS: Enqueueing new job "16": "OpTypePreloadEmbeddedSchema" for {"file:///home/yellaboyinapavanteja"} (IsDirOpen: true, IgnoreState: false)
2024/01/25 06:41:00 jobs.go:249: retrying on obj is nil
2024/01/25 06:41:00 jobs.go:93: JOBS: Enqueueing new job "17": "OpTypeDecodeReferenceTargets" for {"file:///home/yellaboyinapavanteja"} (IsDirOpen: true, IgnoreState: false)
2024/01/25 06:41:00 opts.go:203: Received response for callback "3"
2024/01/25 06:41:00 opts.go:203: Posting server call "client.refreshTerraformVersion" 
2024/01/25 06:41:00 jobs.go:249: retrying on obj is nil
2024/01/25 06:41:00 jobs.go:93: JOBS: Enqueueing new job "18": "OpTypeDecodeReferenceOrigins" for {"file:///home/yellaboyinapavanteja"} (IsDirOpen: true, IgnoreState: false)
2024/01/25 06:41:00 jobs.go:249: retrying on obj is nil
2024/01/25 06:41:00 walker.go:217: walking of {file:///home/yellaboyinapavanteja/.cache/cloud-code/api-metadata} finished
2024/01/25 06:41:00 walker.go:217: walking of {file:///home/yellaboyinapavanteja/.cache/cloud-code} finished
2024/01/25 06:41:00 walker.go:217: walking of {file:///home/yellaboyinapavanteja/.cache} finished
2024/01/25 06:41:00 walker.go:217: walking of {file:///home/yellaboyinapavanteja/.codeoss/data/CachedProfilesData/__default__profile__} finished
2024/01/25 06:41:00 walker.go:217: walking of {file:///home/yellaboyinapavanteja/.codeoss/data/CachedProfilesData} finished
2024/01/25 06:41:00 walker.go:217: walking of {file:///home/yellaboyinapavanteja/.codeoss/data/Machine} finished
2024/01/25 06:41:00 walker.go:217: walking of {file:///home/yellaboyinapavanteja/.codeoss/data/User/History/-422a496d} finished
2024/01/25 06:41:00 walker.go:193: found module {file:///home/yellaboyinapavanteja/.codeoss/data/User/History/64efd6d6}
2024/01/25 06:41:00 jobs.go:93: JOBS: Enqueueing new job "19": "OpTypeParseModuleConfiguration" for {"file:///home/yellaboyinapavanteja/.codeoss/data/User/History/64efd6d6"} (IsDirOpen: false, IgnoreState: false)
2024/01/25 06:41:00 jobs.go:93: JOBS: Enqueueing new job "20": "OpTypeLoadModuleMetadata" for {"file:///home/yellaboyinapavanteja/.codeoss/data/User/History/64efd6d6"} (IsDirOpen: false, IgnoreState: false)
2024/01/25 06:41:00 jobs.go:249: retrying on obj is nil
2024/01/25 06:41:00 jobs.go:93: JOBS: Enqueueing new job "21": "OpTypeParseVariables" for {"file:///home/yellaboyinapavanteja/.codeoss/data/User/History/64efd6d6"} (IsDirOpen: false, IgnoreState: false)
2024/01/25 06:41:00 jobs.go:93: JOBS: Enqueueing new job "22": "OpTypeDecodeVarsReferences" for {"file:///home/yellaboyinapavanteja/.codeoss/data/User/History/64efd6d6"} (IsDirOpen: false, IgnoreState: false)
2024/01/25 06:41:00 walker.go:91: parsed datadir: &datadir.DataDir{ModuleManifestPath:"", PluginLockFilePath:""}
2024/01/25 06:41:00 opts.go:203: Received request batch of size 1 (qlen=0)
2024/01/25 06:41:00 opts.go:203: Dequeued request batch of length 1 (qlen=0)
2024/01/25 06:41:00 jobs.go:271: JOBS: Dispatching next job "19" (scheduler prio: -1, job prio: 0, isDirOpen: false): "OpTypeParseModuleConfiguration" for {"file:///home/yellaboyinapavanteja/.codeoss/data/User/History/64efd6d6"}
2024/01/25 06:41:00 jobs.go:93: JOBS: Enqueueing new job "23": "OpTypePreloadEmbeddedSchema" for {"file:///home/yellaboyinapavanteja/.codeoss/data/User/History/64efd6d6"} (IsDirOpen: false, IgnoreState: false)
2024/01/25 06:41:00 jobs.go:93: JOBS: Enqueueing new job "24": "OpTypeDecodeReferenceTargets" for {"file:///home/yellaboyinapavanteja/.codeoss/data/User/History/64efd6d6"} (IsDirOpen: false, IgnoreState: false)
2024/01/25 06:41:00 jobs.go:93: JOBS: Enqueueing new job "25": "OpTypeDecodeReferenceOrigins" for {"file:///home/yellaboyinapavanteja/.codeoss/data/User/History/64efd6d6"} (IsDirOpen: false, IgnoreState: false)
2024/01/25 06:41:00 walker.go:217: walking of {file:///home/yellaboyinapavanteja/.codeoss/data/User/History/64efd6d6} finished
2024/01/25 06:41:00 walker.go:217: walking of {file:///home/yellaboyinapavanteja/.codeoss/data/User/History} finished
2024/01/25 06:41:00 walker.go:217: walking of {file:///home/yellaboyinapavanteja/.codeoss/data/User/globalStorage/vscode.json-language-features/json-schema-cache} finished
2024/01/25 06:41:00 walker.go:217: walking of {file:///home/yellaboyinapavanteja/.codeoss/data/User/globalStorage/vscode.json-language-features} finished
2024/01/25 06:41:00 walker.go:217: walking of {file:///home/yellaboyinapavanteja/.codeoss/data/User/globalStorage} finished
2024/01/25 06:41:00 walker.go:217: walking of {file:///home/yellaboyinapavanteja/.codeoss/data/User} finished
2024/01/25 06:41:00 walker.go:217: walking of {file:///home/yellaboyinapavanteja/.codeoss/data/logs/20240125T055050/exthost1/output_logging_20240125T055116} finished
2024/01/25 06:41:00 walker.go:217: walking of {file:///home/yellaboyinapavanteja/.codeoss/data/logs/20240125T055050/exthost1/vscode.git} finished
2024/01/25 06:41:00 walker.go:217: walking of {file:///home/yellaboyinapavanteja/.codeoss/data/logs/20240125T055050/exthost1/vscode.github} finished
2024/01/25 06:41:00 walker.go:217: walking of {file:///home/yellaboyinapavanteja/.codeoss/data/logs/20240125T055050/exthost1} finished
2024/01/25 06:41:00 walker.go:217: walking of {file:///home/yellaboyinapavanteja/.codeoss/data/logs/20240125T055050/exthost2/output_logging_20240125T064059} finished
2024/01/25 06:41:00 walker.go:217: walking of {file:///home/yellaboyinapavanteja/.codeoss/data/logs/20240125T055050/exthost2} finished
2024/01/25 06:41:00 walker.go:217: walking of {file:///home/yellaboyinapavanteja/.codeoss/data/logs/20240125T055050} finished
2024/01/25 06:41:00 walker.go:217: walking of {file:///home/yellaboyinapavanteja/.codeoss/data/logs} finished
2024/01/25 06:41:00 walker.go:217: walking of {file:///home/yellaboyinapavanteja/.codeoss/data} finished
2024/01/25 06:41:00 walker.go:217: walking of {file:///home/yellaboyinapavanteja/.codeoss/extensions} finished
2024/01/25 06:41:00 walker.go:217: walking of {file:///home/yellaboyinapavanteja/.codeoss} finished
2024/01/25 06:41:00 walker.go:217: walking of {file:///home/yellaboyinapavanteja/.config/powershell} finished
2024/01/25 06:41:00 walker.go:217: walking of {file:///home/yellaboyinapavanteja/.config} finished
2024/01/25 06:41:00 walker.go:217: walking of {file:///home/yellaboyinapavanteja/.docker} finished
2024/01/25 06:41:00 walker.go:217: walking of {file:///home/yellaboyinapavanteja/.npm/_logs} finished
2024/01/25 06:41:00 walker.go:217: walking of {file:///home/yellaboyinapavanteja/.npm} finished
2024/01/25 06:41:00 walker.go:217: walking of {file:///home/yellaboyinapavanteja/.terraform/providers/registry.terraform.io/hashicorp/google/5.13.0/linux_amd64} finished
2024/01/25 06:41:00 walker.go:217: walking of {file:///home/yellaboyinapavanteja/.terraform/providers/registry.terraform.io/hashicorp/google/5.13.0} finished
2024/01/25 06:41:00 walker.go:217: walking of {file:///home/yellaboyinapavanteja/.terraform/providers/registry.terraform.io/hashicorp/google} finished
2024/01/25 06:41:00 walker.go:217: walking of {file:///home/yellaboyinapavanteja/.terraform/providers/registry.terraform.io/hashicorp} finished
2024/01/25 06:41:00 walker.go:217: walking of {file:///home/yellaboyinapavanteja/.terraform/providers/registry.terraform.io} finished
2024/01/25 06:41:00 walker.go:217: walking of {file:///home/yellaboyinapavanteja/.terraform/providers} finished
2024/01/25 06:41:00 walker.go:217: walking of {file:///home/yellaboyinapavanteja/.terraform} finished
2024/01/25 06:41:00 walker.go:217: walking of {file:///home/yellaboyinapavanteja/.terraform.d} finished
2024/01/25 06:41:00 walker.go:217: walking of {file:///home/yellaboyinapavanteja} finished
2024/01/25 06:41:00 walker.go:131: walker: walking through {"file:///home/yellaboyinapavanteja"} finished
2024/01/25 06:41:00 jobs.go:386: JOBS: Finishing job "19": "OpTypeParseModuleConfiguration" for {"file:///home/yellaboyinapavanteja/.codeoss/data/User/History/64efd6d6"} (err = %!s(<nil>), deferredJobs: [])
2024/01/25 06:41:00 jobs.go:271: JOBS: Dispatching next job "20" (scheduler prio: -1, job prio: 0, isDirOpen: false): "OpTypeLoadModuleMetadata" for {"file:///home/yellaboyinapavanteja/.codeoss/data/User/History/64efd6d6"}
2024/01/25 06:41:00 jobs.go:386: JOBS: Finishing job "20": "OpTypeLoadModuleMetadata" for {"file:///home/yellaboyinapavanteja/.codeoss/data/User/History/64efd6d6"} (err = %!s(<nil>), deferredJobs: [])
2024/01/25 06:41:00 jobs.go:271: JOBS: Dispatching next job "21" (scheduler prio: -1, job prio: 0, isDirOpen: false): "OpTypeParseVariables" for {"file:///home/yellaboyinapavanteja/.codeoss/data/User/History/64efd6d6"}
2024/01/25 06:41:00 jobs.go:386: JOBS: Finishing job "21": "OpTypeParseVariables" for {"file:///home/yellaboyinapavanteja/.codeoss/data/User/History/64efd6d6"} (err = %!s(<nil>), deferredJobs: [])
2024/01/25 06:41:00 jobs.go:271: JOBS: Dispatching next job "22" (scheduler prio: -1, job prio: 0, isDirOpen: false): "OpTypeDecodeVarsReferences" for {"file:///home/yellaboyinapavanteja/.codeoss/data/User/History/64efd6d6"}
2024/01/25 06:41:00 jobs.go:386: JOBS: Finishing job "22": "OpTypeDecodeVarsReferences" for {"file:///home/yellaboyinapavanteja/.codeoss/data/User/History/64efd6d6"} (err = %!s(<nil>), deferredJobs: [])
2024/01/25 06:41:00 jobs.go:271: JOBS: Dispatching next job "23" (scheduler prio: -1, job prio: 0, isDirOpen: false): "OpTypePreloadEmbeddedSchema" for {"file:///home/yellaboyinapavanteja/.codeoss/data/User/History/64efd6d6"}
2024/01/25 06:41:00 module_ops.go:247: preloading schema for -/google (implying hashicorp/google)
2024/01/25 06:41:00 jobs.go:386: JOBS: Finishing job "1": "OpTypeGetTerraformVersion" for {"file:///home/yellaboyinapavanteja"} (err = %!s(<nil>), deferredJobs: [])
2024/01/25 06:41:00 jobs.go:271: JOBS: Dispatching next job "10" (scheduler prio: 1, job prio: 0, isDirOpen: true): "OpTypeParseModuleConfiguration" for {"file:///home/yellaboyinapavanteja"}
2024/01/25 06:41:00 jobs.go:386: JOBS: Finishing job "10": "OpTypeParseModuleConfiguration" for {"file:///home/yellaboyinapavanteja"} (err = %!s(<nil>), deferredJobs: [])
2024/01/25 06:41:00 jobs.go:271: JOBS: Dispatching next job "11" (scheduler prio: 1, job prio: 0, isDirOpen: true): "OpTypeLoadModuleMetadata" for {"file:///home/yellaboyinapavanteja"}
2024/01/25 06:41:00 jobs.go:386: JOBS: Finishing job "11": "OpTypeLoadModuleMetadata" for {"file:///home/yellaboyinapavanteja"} (err = %!s(<nil>), deferredJobs: [])
2024/01/25 06:41:00 jobs.go:271: JOBS: Dispatching next job "12" (scheduler prio: 1, job prio: 0, isDirOpen: true): "OpTypeParseVariables" for {"file:///home/yellaboyinapavanteja"}
2024/01/25 06:41:00 jobs.go:386: JOBS: Finishing job "12": "OpTypeParseVariables" for {"file:///home/yellaboyinapavanteja"} (err = %!s(<nil>), deferredJobs: [])
2024/01/25 06:41:00 jobs.go:271: JOBS: Dispatching next job "13" (scheduler prio: 1, job prio: 0, isDirOpen: true): "OpTypeDecodeVarsReferences" for {"file:///home/yellaboyinapavanteja"}
2024/01/25 06:41:00 jobs.go:386: JOBS: Finishing job "13": "OpTypeDecodeVarsReferences" for {"file:///home/yellaboyinapavanteja"} (err = %!s(<nil>), deferredJobs: [])
2024/01/25 06:41:00 jobs.go:271: JOBS: Dispatching next job "14" (scheduler prio: 1, job prio: 0, isDirOpen: true): "OpTypeParseProviderVersions" for {"file:///home/yellaboyinapavanteja"}
2024/01/25 06:41:00 jobs.go:386: JOBS: Finishing job "14": "OpTypeParseProviderVersions" for {"file:///home/yellaboyinapavanteja"} (err = %!s(<nil>), deferredJobs: [])
2024/01/25 06:41:00 jobs.go:271: JOBS: Dispatching next job "15" (scheduler prio: 1, job prio: 0, isDirOpen: true): "OpTypeObtainSchema" for {"file:///home/yellaboyinapavanteja"}
2024/01/25 06:41:00 module_ops.go:290: preloaded schema for registry.terraform.io/hashicorp/google 4.64.0 in 244.045053ms
2024/01/25 06:41:00 jobs.go:386: JOBS: Finishing job "23": "OpTypePreloadEmbeddedSchema" for {"file:///home/yellaboyinapavanteja/.codeoss/data/User/History/64efd6d6"} (err = %!s(<nil>), deferredJobs: [])
2024/01/25 06:41:00 jobs.go:271: JOBS: Dispatching next job "24" (scheduler prio: -1, job prio: 0, isDirOpen: false): "OpTypeDecodeReferenceTargets" for {"file:///home/yellaboyinapavanteja/.codeoss/data/User/History/64efd6d6"}
2024/01/25 06:41:00 provider_schema.go:282: PSS: getting provider schema (/home/yellaboyinapavanteja/.codeoss/data/User/History/64efd6d6, registry.terraform.io/-/google, )
2024/01/25 06:41:00 jobs.go:386: JOBS: Finishing job "24": "OpTypeDecodeReferenceTargets" for {"file:///home/yellaboyinapavanteja/.codeoss/data/User/History/64efd6d6"} (err = %!s(<nil>), deferredJobs: [])
2024/01/25 06:41:00 jobs.go:271: JOBS: Dispatching next job "25" (scheduler prio: -1, job prio: 0, isDirOpen: false): "OpTypeDecodeReferenceOrigins" for {"file:///home/yellaboyinapavanteja/.codeoss/data/User/History/64efd6d6"}
2024/01/25 06:41:00 provider_schema.go:282: PSS: getting provider schema (/home/yellaboyinapavanteja/.codeoss/data/User/History/64efd6d6, registry.terraform.io/-/google, )
2024/01/25 06:41:00 jobs.go:386: JOBS: Finishing job "25": "OpTypeDecodeReferenceOrigins" for {"file:///home/yellaboyinapavanteja/.codeoss/data/User/History/64efd6d6"} (err = %!s(<nil>), deferredJobs: [])
2024/01/25 06:41:00 opts.go:203: Received request batch of size 1 (qlen=0)
2024/01/25 06:41:01 provider_schema.go:109: PSS: adding local schema (/home/yellaboyinapavanteja, registry.terraform.io/hashicorp/google): 0xc0029eda40
2024/01/25 06:41:01 jobs.go:386: JOBS: Finishing job "15": "OpTypeObtainSchema" for {"file:///home/yellaboyinapavanteja"} (err = %!s(<nil>), deferredJobs: [])
2024/01/25 06:41:01 jobs.go:271: JOBS: Dispatching next job "16" (scheduler prio: 1, job prio: 0, isDirOpen: true): "OpTypePreloadEmbeddedSchema" for {"file:///home/yellaboyinapavanteja"}
2024/01/25 06:41:01 module_ops.go:247: preloading schema for -/google (implying hashicorp/google)
2024/01/25 06:41:01 jobs.go:249: retrying on obj is nil
2024/01/25 06:41:01 module_ops.go:284: schema for registry.terraform.io/hashicorp/google is already loaded
2024/01/25 06:41:01 jobs.go:386: JOBS: Finishing job "16": "OpTypePreloadEmbeddedSchema" for {"file:///home/yellaboyinapavanteja"} (err = %!s(<nil>), deferredJobs: [])
2024/01/25 06:41:01 jobs.go:249: retrying on obj is nil
2024/01/25 06:41:01 jobs.go:271: JOBS: Dispatching next job "17" (scheduler prio: 1, job prio: 0, isDirOpen: true): "OpTypeDecodeReferenceTargets" for {"file:///home/yellaboyinapavanteja"}
2024/01/25 06:41:01 provider_schema.go:282: PSS: getting provider schema (/home/yellaboyinapavanteja, registry.terraform.io/-/google, )
2024/01/25 06:41:01 jobs.go:386: JOBS: Finishing job "17": "OpTypeDecodeReferenceTargets" for {"file:///home/yellaboyinapavanteja"} (err = %!s(<nil>), deferredJobs: [])
2024/01/25 06:41:01 jobs.go:249: retrying on obj is nil
2024/01/25 06:41:01 jobs.go:271: JOBS: Dispatching next job "18" (scheduler prio: 1, job prio: 0, isDirOpen: true): "OpTypeDecodeReferenceOrigins" for {"file:///home/yellaboyinapavanteja"}
2024/01/25 06:41:01 provider_schema.go:282: PSS: getting provider schema (/home/yellaboyinapavanteja, registry.terraform.io/-/google, )
2024/01/25 06:41:01 jobs.go:386: JOBS: Finishing job "18": "OpTypeDecodeReferenceOrigins" for {"file:///home/yellaboyinapavanteja"} (err = %!s(<nil>), deferredJobs: [])
2024/01/25 06:41:01 jobs.go:271: JOBS: Dispatching next job "2" (scheduler prio: 1, job prio: 0, isDirOpen: true): "OpTypeParseModuleConfiguration" for {"file:///home/yellaboyinapavanteja"}
2024/01/25 06:41:01 jobs.go:249: retrying on obj is nil
2024/01/25 06:41:01 jobs.go:386: JOBS: Finishing job "2": "OpTypeParseModuleConfiguration" for {"file:///home/yellaboyinapavanteja"} (err = %!s(<nil>), deferredJobs: [])
2024/01/25 06:41:01 jobs.go:271: JOBS: Dispatching next job "3" (scheduler prio: 1, job prio: 0, isDirOpen: true): "OpTypeLoadModuleMetadata" for {"file:///home/yellaboyinapavanteja"}
2024/01/25 06:41:01 jobs.go:249: retrying on obj is nil
2024/01/25 06:41:01 jobs.go:386: JOBS: Finishing job "3": "OpTypeLoadModuleMetadata" for {"file:///home/yellaboyinapavanteja"} (err = %!s(<nil>), deferredJobs: [])
2024/01/25 06:41:01 jobs.go:249: retrying on obj is nil
2024/01/25 06:41:01 jobs.go:271: JOBS: Dispatching next job "4" (scheduler prio: 1, job prio: 0, isDirOpen: true): "OpTypePreloadEmbeddedSchema" for {"file:///home/yellaboyinapavanteja"}
2024/01/25 06:41:01 module_ops.go:247: preloading schema for -/google (implying hashicorp/google)
2024/01/25 06:41:01 module_ops.go:284: schema for registry.terraform.io/hashicorp/google is already loaded
2024/01/25 06:41:01 jobs.go:386: JOBS: Finishing job "4": "OpTypePreloadEmbeddedSchema" for {"file:///home/yellaboyinapavanteja"} (err = %!s(<nil>), deferredJobs: [])
2024/01/25 06:41:01 jobs.go:249: retrying on obj is nil
2024/01/25 06:41:01 jobs.go:271: JOBS: Dispatching next job "5" (scheduler prio: 1, job prio: 0, isDirOpen: true): "OpTypeDecodeReferenceTargets" for {"file:///home/yellaboyinapavanteja"}
2024/01/25 06:41:01 jobs.go:249: retrying on obj is nil
2024/01/25 06:41:01 provider_schema.go:282: PSS: getting provider schema (/home/yellaboyinapavanteja, registry.terraform.io/-/google, )
2024/01/25 06:41:01 jobs.go:386: JOBS: Finishing job "5": "OpTypeDecodeReferenceTargets" for {"file:///home/yellaboyinapavanteja"} (err = %!s(<nil>), deferredJobs: [])
2024/01/25 06:41:01 jobs.go:249: retrying on obj is nil
2024/01/25 06:41:01 jobs.go:271: JOBS: Dispatching next job "6" (scheduler prio: 1, job prio: 0, isDirOpen: true): "OpTypeDecodeReferenceOrigins" for {"file:///home/yellaboyinapavanteja"}
2024/01/25 06:41:01 jobs.go:249: retrying on obj is nil
2024/01/25 06:41:01 provider_schema.go:282: PSS: getting provider schema (/home/yellaboyinapavanteja, registry.terraform.io/-/google, )
2024/01/25 06:41:01 jobs.go:386: JOBS: Finishing job "6": "OpTypeDecodeReferenceOrigins" for {"file:///home/yellaboyinapavanteja"} (err = %!s(<nil>), deferredJobs: [])
2024/01/25 06:41:01 jobs.go:249: retrying on obj is nil
2024/01/25 06:41:01 jobs.go:271: JOBS: Dispatching next job "8" (scheduler prio: 1, job prio: 0, isDirOpen: true): "OpTypeParseVariables" for {"file:///home/yellaboyinapavanteja"}
2024/01/25 06:41:01 jobs.go:249: retrying on obj is nil
2024/01/25 06:41:01 jobs.go:386: JOBS: Finishing job "8": "OpTypeParseVariables" for {"file:///home/yellaboyinapavanteja"} (err = %!s(<nil>), deferredJobs: [])
2024/01/25 06:41:01 jobs.go:249: retrying on obj is nil
2024/01/25 06:41:01 jobs.go:271: JOBS: Dispatching next job "9" (scheduler prio: 1, job prio: 0, isDirOpen: true): "OpTypeDecodeVarsReferences" for {"file:///home/yellaboyinapavanteja"}
2024/01/25 06:41:01 jobs.go:386: JOBS: Finishing job "9": "OpTypeDecodeVarsReferences" for {"file:///home/yellaboyinapavanteja"} (err = file:///home/yellaboyinapavanteja: state not changed, deferredJobs: [])
2024/01/25 06:41:01 jobs.go:249: retrying on obj is nil
2024/01/25 06:41:01 jobs.go:249: retrying on obj is nil
2024/01/25 06:41:01 opts.go:203: Dequeued request batch of length 1 (qlen=0)
2024/01/25 06:41:01 rpc_logger.go:32: Incoming request for "textDocument/documentLink" (ID 2): {"textDocument":{"uri":"file:///home/yellaboyinapavanteja/main.tf"}}
2024/01/25 06:41:01 rpc_logger.go:32: Incoming request for "workspace/executeCommand" (ID 1): {"command":"terraform-ls.module.terraform","arguments":["uri=file:///home/yellaboyinapavanteja"]}
2024/01/25 06:41:01 rpc_logger.go:53: Response to "workspace/executeCommand" (ID 1): {"v":0,"discovered_version":"1.6.6"}
2024/01/25 06:41:01 opts.go:203: Completed 1 requests [1.75369513s elapsed]
2024/01/25 06:41:01 provider_schema.go:282: PSS: getting provider schema (/home/yellaboyinapavanteja, registry.terraform.io/-/google, )
2024/01/25 06:41:01 rpc_logger.go:53: Response to "textDocument/documentLink" (ID 2): []
2024/01/25 06:41:01 opts.go:203: Completed 1 requests [4.685076ms elapsed]
2024/01/25 06:41:02 opts.go:203: Received request batch of size 1 (qlen=0)
2024/01/25 06:41:02 opts.go:203: Dequeued request batch of length 1 (qlen=0)
2024/01/25 06:41:02 rpc_logger.go:32: Incoming request for "textDocument/codeLens" (ID 3): {"textDocument":{"uri":"file:///home/yellaboyinapavanteja/main.tf"}}
2024/01/25 06:41:02 opts.go:203: Received request batch of size 1 (qlen=0)
2024/01/25 06:41:02 opts.go:203: Dequeued request batch of length 1 (qlen=0)
2024/01/25 06:41:02 rpc_logger.go:32: Incoming request for "textDocument/semanticTokens/full" (ID 4): {"textDocument":{"uri":"file:///home/yellaboyinapavanteja/main.tf"}}
2024/01/25 06:41:02 provider_schema.go:282: PSS: getting provider schema (/home/yellaboyinapavanteja, registry.terraform.io/-/google, )
2024/01/25 06:41:02 provider_schema.go:282: PSS: getting provider schema (/home/yellaboyinapavanteja, registry.terraform.io/-/google, )
2024/01/25 06:41:02 rpc_logger.go:53: Response to "textDocument/semanticTokens/full" (ID 4): {"data":[0,0,8,10,4096,0,9,32,11,20482,0,33,16,11,4224,1,2,7,9,4096,0,14,14,13,0,1,2,5,9,4096,0,14,16,13,0,1,2,11,9,4096,0,14,15,13,0,1,2,11,9,4096,0,15,16,13,0,0,18,18,13,0,0,20,18,13,0]}
2024/01/25 06:41:02 opts.go:203: Completed 1 requests [5.030194ms elapsed]
2024/01/25 06:41:02 rpc_logger.go:53: Response to "textDocument/codeLens" (ID 3): []
2024/01/25 06:41:02 opts.go:203: Completed 1 requests [7.152361ms elapsed]
2024/01/25 06:41:02 opts.go:203: Received response for callback "4"
2024/01/25 06:41:02 opts.go:203: Posting server notification "telemetry/event" {"v":1,"name":"moduleData","properties":{"installedProviders":{"registry.terraform.io/hashicorp/google":"5.13.0"},"moduleId":"6d23bf4f-5453-648c-0a5f-3c3599157aab","providerRequirements":{"registry.terraform.io/-/google":""},"tfVersion":"1.6.6"}}
2024/01/25 06:41:02 opts.go:203: Posting server call "client.refreshModuleProviders" 
2024/01/25 06:41:02 opts.go:203: Received response for callback "5"
2024/01/25 06:41:02 opts.go:203: Posting server call "client.refreshModuleCalls" 
2024/01/25 06:41:02 opts.go:203: Received response for callback "6"
2024/01/25 06:41:02 opts.go:203: Posting server call "client.refreshTerraformVersion" 
2024/01/25 06:41:02 opts.go:203: Received request batch of size 1 (qlen=0)
2024/01/25 06:41:02 opts.go:203: Dequeued request batch of length 1 (qlen=0)
2024/01/25 06:41:02 rpc_logger.go:32: Incoming request for "workspace/executeCommand" (ID 5): {"command":"terraform-ls.module.terraform","arguments":["uri=file:///home/yellaboyinapavanteja"]}
2024/01/25 06:41:02 rpc_logger.go:53: Response to "workspace/executeCommand" (ID 5): {"v":0,"discovered_version":"1.6.6"}
2024/01/25 06:41:02 opts.go:203: Completed 1 requests [193.98µs elapsed]
2024/01/25 06:41:02 opts.go:203: Received response for callback "7"
2024/01/25 06:41:02 opts.go:203: Posting server call "workspace/semanticTokens/refresh" 
2024/01/25 06:41:02 opts.go:203: Received response for callback "8"
2024/01/25 06:41:02 opts.go:203: Posting server notification "telemetry/event" {"v":1,"name":"moduleData","properties":{"moduleId":"5a052260-00a2-6c88-83aa-c1af0bf3800e","providerRequirements":{"registry.terraform.io/-/google":""}}}
2024/01/25 06:41:02 opts.go:203: Received request batch of size 1 (qlen=0)
2024/01/25 06:41:02 opts.go:203: Dequeued request batch of length 1 (qlen=0)
2024/01/25 06:41:02 rpc_logger.go:32: Incoming request for "textDocument/documentLink" (ID 6): {"textDocument":{"uri":"file:///home/yellaboyinapavanteja/main.tf"}}
2024/01/25 06:41:02 provider_schema.go:282: PSS: getting provider schema (/home/yellaboyinapavanteja, registry.terraform.io/-/google, )
2024/01/25 06:41:02 rpc_logger.go:53: Response to "textDocument/documentLink" (ID 6): []
2024/01/25 06:41:02 opts.go:203: Completed 1 requests [4.729357ms elapsed]
2024/01/25 06:41:02 opts.go:203: Received request batch of size 1 (qlen=0)
2024/01/25 06:41:02 opts.go:203: Dequeued request batch of length 1 (qlen=0)
2024/01/25 06:41:02 rpc_logger.go:32: Incoming request for "textDocument/semanticTokens/full" (ID 7): {"textDocument":{"uri":"file:///home/yellaboyinapavanteja/main.tf"}}
2024/01/25 06:41:02 provider_schema.go:282: PSS: getting provider schema (/home/yellaboyinapavanteja, registry.terraform.io/-/google, )
2024/01/25 06:41:02 rpc_logger.go:53: Response to "textDocument/semanticTokens/full" (ID 7): {"data":[0,0,8,10,4096,0,9,32,11,20482,0,33,16,11,4224,1,2,7,9,4096,0,14,14,13,0,1,2,5,9,4096,0,14,16,13,0,1,2,11,9,4096,0,14,15,13,0,1,2,11,9,4096,0,15,16,13,0,0,18,18,13,0,0,20,18,13,0]}
2024/01/25 06:41:02 opts.go:203: Completed 1 requests [5.67034ms elapsed]
2024/01/25 06:41:03 opts.go:203: Received request batch of size 1 (qlen=0)
2024/01/25 06:41:03 opts.go:203: Dequeued request batch of length 1 (qlen=0)
2024/01/25 06:41:03 rpc_logger.go:32: Incoming request for "textDocument/codeLens" (ID 8): {"textDocument":{"uri":"file:///home/yellaboyinapavanteja/main.tf"}}
2024/01/25 06:41:03 provider_schema.go:282: PSS: getting provider schema (/home/yellaboyinapavanteja, registry.terraform.io/-/google, )
2024/01/25 06:41:03 rpc_logger.go:53: Response to "textDocument/codeLens" (ID 8): []
2024/01/25 06:41:03 opts.go:203: Completed 1 requests [8.362066ms elapsed]
2024/01/25 06:41:03 opts.go:203: Received request batch of size 1 (qlen=0)
2024/01/25 06:41:03 opts.go:203: Dequeued request batch of length 1 (qlen=0)
2024/01/25 06:41:03 rpc_logger.go:32: Incoming request for "textDocument/documentLink" (ID 9): {"textDocument":{"uri":"file:///home/yellaboyinapavanteja/main.tf"}}
2024/01/25 06:41:03 provider_schema.go:282: PSS: getting provider schema (/home/yellaboyinapavanteja, registry.terraform.io/-/google, )
2024/01/25 06:41:03 rpc_logger.go:53: Response to "textDocument/documentLink" (ID 9): []
2024/01/25 06:41:03 opts.go:203: Completed 1 requests [8.308931ms elapsed]
2024/01/25 06:41:03 opts.go:203: Received request batch of size 1 (qlen=0)
2024/01/25 06:41:03 opts.go:203: Dequeued request batch of length 1 (qlen=0)
2024/01/25 06:41:03 rpc_logger.go:32: Incoming request for "textDocument/documentLink" (ID 10): {"textDocument":{"uri":"file:///home/yellaboyinapavanteja/main.tf"}}
2024/01/25 06:41:03 provider_schema.go:282: PSS: getting provider schema (/home/yellaboyinapavanteja, registry.terraform.io/-/google, )
2024/01/25 06:41:03 rpc_logger.go:53: Response to "textDocument/documentLink" (ID 10): []
2024/01/25 06:41:03 opts.go:203: Completed 1 requests [4.84603ms elapsed]
2024/01/25 06:41:06 opts.go:203: Received request batch of size 1 (qlen=0)
2024/01/25 06:41:06 opts.go:203: Dequeued request batch of length 1 (qlen=0)
2024/01/25 06:41:06 rpc_logger.go:32: Incoming request for "textDocument/documentLink" (ID 11): {"textDocument":{"uri":"file:///home/yellaboyinapavanteja/main.tf"}}
2024/01/25 06:41:06 provider_schema.go:282: PSS: getting provider schema (/home/yellaboyinapavanteja, registry.terraform.io/-/google, )
2024/01/25 06:41:06 rpc_logger.go:53: Response to "textDocument/documentLink" (ID 11): []
2024/01/25 06:41:06 opts.go:203: Completed 1 requests [8.731405ms elapsed]
2024/01/25 06:41:07 opts.go:203: Received request batch of size 1 (qlen=0)
2024/01/25 06:41:07 opts.go:203: Dequeued request batch of length 1 (qlen=0)
2024/01/25 06:41:07 rpc_logger.go:32: Incoming request for "textDocument/codeLens" (ID 12): {"textDocument":{"uri":"file:///home/yellaboyinapavanteja/main.tf"}}
2024/01/25 06:41:07 provider_schema.go:282: PSS: getting provider schema (/home/yellaboyinapavanteja, registry.terraform.io/-/google, )
2024/01/25 06:41:07 rpc_logger.go:53: Response to "textDocument/codeLens" (ID 12): []
2024/01/25 06:41:07 opts.go:203: Completed 1 requests [10.861424ms elapsed]
2024/01/25 06:41:37 opts.go:203: Received request batch of size 1 (qlen=0)
2024/01/25 06:41:37 opts.go:203: Dequeued request batch of length 1 (qlen=0)
2024/01/25 06:41:37 opts.go:203: Request check error for "$/setTrace" (params "{\"value\":\"off\"}"): [-32601] method not found
2024/01/25 06:41:40 opts.go:203: Received request batch of size 1 (qlen=0)
2024/01/25 06:41:40 opts.go:203: Received request batch of size 1 (qlen=1)
2024/01/25 06:41:40 opts.go:203: Dequeued request batch of length 1 (qlen=1)
2024/01/25 06:41:40 opts.go:203: Request check error for "$/setTrace" (params "{\"value\":\"off\"}"): [-32601] method not found
2024/01/25 06:41:40 opts.go:203: Dequeued request batch of length 1 (qlen=0)
2024/01/25 06:41:40 opts.go:203: Request check error for "$/setTrace" (params "{\"value\":\"off\"}"): [-32601] method not found
2024/01/25 06:41:41 opts.go:203: Received request batch of size 1 (qlen=0)
2024/01/25 06:41:41 opts.go:203: Dequeued request batch of length 1 (qlen=0)
2024/01/25 06:41:41 opts.go:203: Request check error for "$/setTrace" (params "{\"value\":\"off\"}"): [-32601] method not found
2024/01/25 06:42:03 opts.go:203: Received request batch of size 1 (qlen=0)
2024/01/25 06:42:03 opts.go:203: Dequeued request batch of length 1 (qlen=0)
2024/01/25 06:42:03 rpc_logger.go:32: Incoming request for "textDocument/documentSymbol" (ID 13): {"textDocument":{"uri":"file:///home/yellaboyinapavanteja/main.tf"}}
2024/01/25 06:42:03 provider_schema.go:282: PSS: getting provider schema (/home/yellaboyinapavanteja, registry.terraform.io/-/google, )
2024/01/25 06:42:03 rpc_logger.go:53: Response to "textDocument/documentSymbol" (ID 13): [{"name":"resource \"google_project_iam_custom_role\" \"my-custom-role\"","kind":5,"range":{"start":{"line":0,"character":0},"end":{"line":5,"character":1}},"selectionRange":{"start":{"line":0,"character":0},"end":{"line":5,"character":1}},"children":[{"name":"role_id","kind":15,"range":{"start":{"line":1,"character":2},"end":{"line":1,"character":30}},"selectionRange":{"start":{"line":1,"character":2},"end":{"line":1,"character":30}}},{"name":"title","kind":15,"range":{"start":{"line":2,"character":2},"end":{"line":2,"character":32}},"selectionRange":{"start":{"line":2,"character":2},"end":{"line":2,"character":32}}},{"name":"description","kind":15,"range":{"start":{"line":3,"character":2},"end":{"line":3,"character":31}},"selectionRange":{"start":{"line":3,"character":2},"end":{"line":3,"character":31}}},{"name":"permissions","kind":18,"range":{"start":{"line":4,"character":2},"end":{"line":4,"character":74}},"selectionRange":{"start":{"line":4,"character":2},"end":{"line":4,"character":74}},"children":[{"name":"0","kind":15,"range":{"start":{"line":4,"character":17},"end":{"line":4,"character":33}},"selectionRange":{"start":{"line":4,"character":17},"end":{"line":4,"character":33}}},{"name":"1","kind":15,"range":{"start":{"line":4,"character":35},"end":{"line":4,"character":53}},"selectionRange":{"start":{"line":4,"character":35},"end":{"line":4,"character":53}}},{"name":"2","kind":15,"range":{"start":{"line":4,"character":55},"end":{"line":4,"character":73}},"selectionRange":{"start":{"line":4,"character":55},"end":{"line":4,"character":73}}}]}]}]
2024/01/25 06:42:03 opts.go:203: Completed 1 requests [5.207ms elapsed]
Client: Running --> Stopped
2024/01/25 06:42:06 opts.go:203: Received request batch of size 1 (qlen=0)
2024/01/25 06:42:06 opts.go:203: Dequeued request batch of length 1 (qlen=0)
2024/01/25 06:42:06 rpc_logger.go:32: Incoming request for "shutdown" (ID 14): 
2024/01/25 06:42:06 service.go:556: stopping closedDirWalker for session ...
2024/01/25 06:42:06 service.go:558: closedDirWalker stopped
2024/01/25 06:42:06 service.go:561: stopping openDirWalker for session ...
2024/01/25 06:42:06 service.go:563: openDirWalker stopped
2024/01/25 06:42:06 scheduler.go:57: stopped scheduler
2024/01/25 06:42:06 scheduler.go:57: stopped scheduler
2024/01/25 06:42:06 rpc_logger.go:53: Response to "shutdown" (ID 14): null
2024/01/25 06:42:06 opts.go:203: Completed 1 requests [335.791µs elapsed]
