2024-03-12 08:16:58.294 [info] Log level: Info
2024-03-12 08:16:58.294 [info] Validating found git in: "git"
2024-03-12 08:16:58.294 [info] Using git "2.30.2" from "git"
2024-03-12 08:16:58.294 [info] > git rev-parse --show-toplevel [4ms]
2024-03-12 08:16:58.294 [info] fatal: not a git repository (or any parent up to mount point /)
Stopping at filesystem boundary (GIT_DISCOVERY_ACROSS_FILESYSTEM not set).
2024-03-12 08:16:58.294 [info] > git rev-parse --show-toplevel [2ms]
2024-03-12 08:16:58.294 [info] fatal: not a git repository (or any parent up to mount point /)
Stopping at filesystem boundary (GIT_DISCOVERY_ACROSS_FILESYSTEM not set).
2024-03-12 08:16:58.294 [info] > git rev-parse --show-toplevel [2ms]
2024-03-12 08:16:58.294 [info] fatal: not a git repository (or any parent up to mount point /)
Stopping at filesystem boundary (GIT_DISCOVERY_ACROSS_FILESYSTEM not set).
2024-03-12 08:16:58.294 [info] > git rev-parse --show-toplevel [2ms]
2024-03-12 08:16:58.294 [info] fatal: not a git repository (or any parent up to mount point /)
Stopping at filesystem boundary (GIT_DISCOVERY_ACROSS_FILESYSTEM not set).
2024-03-12 08:16:58.447 [info] > git rev-parse --show-toplevel [11ms]
2024-03-12 08:16:58.447 [info] fatal: not a git repository (or any parent up to mount point /)
Stopping at filesystem boundary (GIT_DISCOVERY_ACROSS_FILESYSTEM not set).
2024-03-12 08:17:01.558 [info] > git rev-parse --show-toplevel [5ms]
2024-03-12 08:17:01.558 [info] fatal: not a git repository (or any parent up to mount point /)
Stopping at filesystem boundary (GIT_DISCOVERY_ACROSS_FILESYSTEM not set).
2024-03-12 08:17:15.510 [info] > git rev-parse --show-toplevel [3ms]
2024-03-12 08:17:15.510 [info] fatal: not a git repository (or any parent up to mount point /)
Stopping at filesystem boundary (GIT_DISCOVERY_ACROSS_FILESYSTEM not set).
2024-03-12 08:17:20.033 [info] > git rev-parse --show-toplevel [2ms]
2024-03-12 08:17:20.033 [info] fatal: not a git repository (or any parent up to mount point /)
Stopping at filesystem boundary (GIT_DISCOVERY_ACROSS_FILESYSTEM not set).
2024-03-12 08:17:20.792 [info] > git rev-parse --show-toplevel [20ms]
2024-03-12 08:17:20.792 [info] fatal: not a git repository (or any parent up to mount point /)
Stopping at filesystem boundary (GIT_DISCOVERY_ACROSS_FILESYSTEM not set).
2024-03-12 08:17:25.420 [info] > git rev-parse --show-toplevel [5ms]
2024-03-12 08:17:25.420 [info] fatal: not a git repository (or any parent up to mount point /)
Stopping at filesystem boundary (GIT_DISCOVERY_ACROSS_FILESYSTEM not set).
2024-03-12 08:17:31.275 [info] > git rev-parse --show-toplevel [2ms]
2024-03-12 08:17:31.275 [info] fatal: not a git repository (or any parent up to mount point /)
Stopping at filesystem boundary (GIT_DISCOVERY_ACROSS_FILESYSTEM not set).
2024-03-12 08:17:31.945 [info] > git rev-parse --show-toplevel [2ms]
2024-03-12 08:17:31.945 [info] fatal: not a git repository (or any parent up to mount point /)
Stopping at filesystem boundary (GIT_DISCOVERY_ACROSS_FILESYSTEM not set).
2024-03-12 08:17:33.664 [info] > git rev-parse --show-toplevel [2ms]
2024-03-12 08:17:33.664 [info] fatal: not a git repository (or any parent up to mount point /)
Stopping at filesystem boundary (GIT_DISCOVERY_ACROSS_FILESYSTEM not set).
2024-03-12 08:17:41.709 [info] > git rev-parse --show-toplevel [3ms]
2024-03-12 08:17:41.709 [info] fatal: not a git repository (or any parent up to mount point /)
Stopping at filesystem boundary (GIT_DISCOVERY_ACROSS_FILESYSTEM not set).
2024-03-12 08:17:43.966 [info] > git rev-parse --show-toplevel [2ms]
2024-03-12 08:17:43.966 [info] fatal: not a git repository (or any parent up to mount point /)
Stopping at filesystem boundary (GIT_DISCOVERY_ACROSS_FILESYSTEM not set).
2024-03-12 08:17:45.696 [info] > git rev-parse --show-toplevel [3ms]
2024-03-12 08:17:45.697 [info] fatal: not a git repository (or any parent up to mount point /)
Stopping at filesystem boundary (GIT_DISCOVERY_ACROSS_FILESYSTEM not set).
2024-03-12 08:17:46.478 [info] > git rev-parse --show-toplevel [3ms]
2024-03-12 08:17:46.478 [info] fatal: not a git repository (or any parent up to mount point /)
Stopping at filesystem boundary (GIT_DISCOVERY_ACROSS_FILESYSTEM not set).
2024-03-12 08:17:58.820 [info] > git rev-parse --show-toplevel [2ms]
2024-03-12 08:17:58.820 [info] fatal: not a git repository (or any parent up to mount point /)
Stopping at filesystem boundary (GIT_DISCOVERY_ACROSS_FILESYSTEM not set).
2024-03-12 08:17:59.683 [info] > git rev-parse --show-toplevel [2ms]
2024-03-12 08:17:59.683 [info] fatal: not a git repository (or any parent up to mount point /)
Stopping at filesystem boundary (GIT_DISCOVERY_ACROSS_FILESYSTEM not set).
2024-03-12 08:43:41.782 [info] > git rev-parse --show-toplevel [2ms]
2024-03-12 08:43:41.782 [info] fatal: not a git repository (or any parent up to mount point /)
Stopping at filesystem boundary (GIT_DISCOVERY_ACROSS_FILESYSTEM not set).
2024-03-12 08:43:42.920 [info] > git rev-parse --show-toplevel [2ms]
2024-03-12 08:43:42.920 [info] fatal: not a git repository (or any parent up to mount point /)
Stopping at filesystem boundary (GIT_DISCOVERY_ACROSS_FILESYSTEM not set).
2024-03-12 08:43:46.041 [info] > git rev-parse --show-toplevel [2ms]
2024-03-12 08:43:46.041 [info] fatal: not a git repository (or any parent up to mount point /)
Stopping at filesystem boundary (GIT_DISCOVERY_ACROSS_FILESYSTEM not set).
2024-03-12 08:43:46.355 [info] > git rev-parse --show-toplevel [2ms]
2024-03-12 08:43:46.355 [info] fatal: not a git repository (or any parent up to mount point /)
Stopping at filesystem boundary (GIT_DISCOVERY_ACROSS_FILESYSTEM not set).
2024-03-12 08:44:22.560 [info] > git rev-parse --show-toplevel [4ms]
2024-03-12 08:44:22.560 [info] fatal: not a git repository (or any parent up to mount point /)
Stopping at filesystem boundary (GIT_DISCOVERY_ACROSS_FILESYSTEM not set).
2024-03-12 08:44:34.357 [info] > git rev-parse --show-toplevel [2ms]
2024-03-12 08:44:34.357 [info] fatal: not a git repository (or any parent up to mount point /)
Stopping at filesystem boundary (GIT_DISCOVERY_ACROSS_FILESYSTEM not set).
2024-03-12 08:44:41.429 [info] > git rev-parse --show-toplevel [5ms]
2024-03-12 08:44:41.429 [info] fatal: not a git repository (or any parent up to mount point /)
Stopping at filesystem boundary (GIT_DISCOVERY_ACROSS_FILESYSTEM not set).
2024-03-12 08:44:43.358 [info] > git rev-parse --show-toplevel [3ms]
2024-03-12 08:44:43.358 [info] fatal: not a git repository (or any parent up to mount point /)
Stopping at filesystem boundary (GIT_DISCOVERY_ACROSS_FILESYSTEM not set).
2024-03-12 08:44:44.665 [info] > git rev-parse --show-toplevel [3ms]
2024-03-12 08:44:44.665 [info] fatal: not a git repository (or any parent up to mount point /)
Stopping at filesystem boundary (GIT_DISCOVERY_ACROSS_FILESYSTEM not set).
2024-03-12 08:44:55.734 [info] > git rev-parse --show-toplevel [2ms]
2024-03-12 08:44:55.734 [info] fatal: not a git repository (or any parent up to mount point /)
Stopping at filesystem boundary (GIT_DISCOVERY_ACROSS_FILESYSTEM not set).
2024-03-12 08:44:59.970 [info] > git rev-parse --show-toplevel [2ms]
2024-03-12 08:44:59.970 [info] fatal: not a git repository (or any parent up to mount point /)
Stopping at filesystem boundary (GIT_DISCOVERY_ACROSS_FILESYSTEM not set).
2024-03-12 08:45:10.802 [info] > git rev-parse --show-toplevel [1ms]
2024-03-12 08:45:10.802 [info] fatal: not a git repository (or any parent up to mount point /)
Stopping at filesystem boundary (GIT_DISCOVERY_ACROSS_FILESYSTEM not set).
2024-03-12 09:06:33.501 [info] > git rev-parse --show-toplevel [2ms]
2024-03-12 09:06:33.501 [info] fatal: not a git repository (or any parent up to mount point /)
Stopping at filesystem boundary (GIT_DISCOVERY_ACROSS_FILESYSTEM not set).
2024-03-12 09:08:49.869 [info] > git rev-parse --show-toplevel [3ms]
2024-03-12 09:08:49.869 [info] fatal: not a git repository (or any parent up to mount point /)
Stopping at filesystem boundary (GIT_DISCOVERY_ACROSS_FILESYSTEM not set).
2024-03-12 09:08:58.086 [info] > git rev-parse --show-toplevel [5ms]
2024-03-12 09:08:58.087 [info] fatal: not a git repository (or any parent up to mount point /)
Stopping at filesystem boundary (GIT_DISCOVERY_ACROSS_FILESYSTEM not set).
2024-03-12 09:09:24.600 [info] > git rev-parse --show-toplevel [3ms]
2024-03-12 09:09:24.600 [info] fatal: not a git repository (or any parent up to mount point /)
Stopping at filesystem boundary (GIT_DISCOVERY_ACROSS_FILESYSTEM not set).
2024-03-12 09:09:31.482 [info] > git rev-parse --show-toplevel [2ms]
2024-03-12 09:09:31.482 [info] fatal: not a git repository (or any parent up to mount point /)
Stopping at filesystem boundary (GIT_DISCOVERY_ACROSS_FILESYSTEM not set).
2024-03-12 09:09:38.663 [info] > git rev-parse --show-toplevel [2ms]
2024-03-12 09:09:38.663 [info] fatal: not a git repository (or any parent up to mount point /)
Stopping at filesystem boundary (GIT_DISCOVERY_ACROSS_FILESYSTEM not set).
2024-03-12 09:10:02.244 [info] > git rev-parse --show-toplevel [3ms]
2024-03-12 09:10:02.244 [info] fatal: not a git repository (or any parent up to mount point /)
Stopping at filesystem boundary (GIT_DISCOVERY_ACROSS_FILESYSTEM not set).
2024-03-12 09:10:25.665 [info] > git rev-parse --show-toplevel [4ms]
2024-03-12 09:10:25.665 [info] fatal: not a git repository (or any parent up to mount point /)
Stopping at filesystem boundary (GIT_DISCOVERY_ACROSS_FILESYSTEM not set).
2024-03-12 09:10:33.251 [info] > git rev-parse --show-toplevel [2ms]
2024-03-12 09:10:33.251 [info] fatal: not a git repository (or any parent up to mount point /)
Stopping at filesystem boundary (GIT_DISCOVERY_ACROSS_FILESYSTEM not set).
2024-03-12 09:10:55.003 [info] > git rev-parse --show-toplevel [2ms]
2024-03-12 09:10:55.003 [info] fatal: not a git repository (or any parent up to mount point /)
Stopping at filesystem boundary (GIT_DISCOVERY_ACROSS_FILESYSTEM not set).
2024-03-12 09:11:12.279 [info] > git rev-parse --show-toplevel [2ms]
2024-03-12 09:11:12.279 [info] fatal: not a git repository (or any parent up to mount point /)
Stopping at filesystem boundary (GIT_DISCOVERY_ACROSS_FILESYSTEM not set).
2024-03-12 09:11:22.595 [info] > git rev-parse --show-toplevel [3ms]
2024-03-12 09:11:22.595 [info] fatal: not a git repository (or any parent up to mount point /)
Stopping at filesystem boundary (GIT_DISCOVERY_ACROSS_FILESYSTEM not set).
2024-03-12 09:11:27.824 [info] > git rev-parse --show-toplevel [2ms]
2024-03-12 09:11:27.824 [info] fatal: not a git repository (or any parent up to mount point /)
Stopping at filesystem boundary (GIT_DISCOVERY_ACROSS_FILESYSTEM not set).
2024-03-12 09:11:30.519 [info] > git rev-parse --show-toplevel [1ms]
2024-03-12 09:11:30.519 [info] fatal: not a git repository (or any parent up to mount point /)
Stopping at filesystem boundary (GIT_DISCOVERY_ACROSS_FILESYSTEM not set).
2024-03-12 09:11:43.004 [info] > git rev-parse --show-toplevel [2ms]
2024-03-12 09:11:43.004 [info] fatal: not a git repository (or any parent up to mount point /)
Stopping at filesystem boundary (GIT_DISCOVERY_ACROSS_FILESYSTEM not set).
2024-03-12 09:14:43.909 [info] > git rev-parse --show-toplevel [2ms]
2024-03-12 09:14:43.909 [info] fatal: not a git repository (or any parent up to mount point /)
Stopping at filesystem boundary (GIT_DISCOVERY_ACROSS_FILESYSTEM not set).
2024-03-12 09:14:51.028 [info] > git rev-parse --show-toplevel [2ms]
2024-03-12 09:14:51.028 [info] fatal: not a git repository (or any parent up to mount point /)
Stopping at filesystem boundary (GIT_DISCOVERY_ACROSS_FILESYSTEM not set).
2024-03-12 09:15:34.438 [info] > git rev-parse --show-toplevel [2ms]
2024-03-12 09:15:34.438 [info] fatal: not a git repository (or any parent up to mount point /)
Stopping at filesystem boundary (GIT_DISCOVERY_ACROSS_FILESYSTEM not set).
2024-03-12 09:15:45.438 [info] > git rev-parse --show-toplevel [2ms]
2024-03-12 09:15:45.438 [info] fatal: not a git repository (or any parent up to mount point /)
Stopping at filesystem boundary (GIT_DISCOVERY_ACROSS_FILESYSTEM not set).
2024-03-12 09:15:55.954 [info] > git rev-parse --show-toplevel [2ms]
2024-03-12 09:15:55.954 [info] fatal: not a git repository (or any parent up to mount point /)
Stopping at filesystem boundary (GIT_DISCOVERY_ACROSS_FILESYSTEM not set).
2024-03-12 09:16:05.727 [info] > git rev-parse --show-toplevel [2ms]
2024-03-12 09:16:05.727 [info] fatal: not a git repository (or any parent up to mount point /)
Stopping at filesystem boundary (GIT_DISCOVERY_ACROSS_FILESYSTEM not set).
2024-03-12 09:16:22.130 [info] > git rev-parse --show-toplevel [2ms]
2024-03-12 09:16:22.130 [info] fatal: not a git repository (or any parent up to mount point /)
Stopping at filesystem boundary (GIT_DISCOVERY_ACROSS_FILESYSTEM not set).
2024-03-12 09:16:45.396 [info] > git rev-parse --show-toplevel [4ms]
2024-03-12 09:16:45.396 [info] fatal: not a git repository (or any parent up to mount point /)
Stopping at filesystem boundary (GIT_DISCOVERY_ACROSS_FILESYSTEM not set).
2024-03-12 09:48:06.877 [info] > git rev-parse --show-toplevel [2ms]
2024-03-12 09:48:20.417 [info] > git rev-parse --show-toplevel [2ms]
2024-03-12 09:48:24.552 [info] > git rev-parse --show-toplevel [2ms]
2024-03-12 09:48:30.868 [info] > git rev-parse --show-toplevel [3ms]
2024-03-12 09:48:36.380 [info] > git rev-parse --show-toplevel [1ms]
2024-03-12 09:51:38.558 [info] > git rev-parse --show-toplevel [2ms]
2024-03-12 09:51:40.351 [info] > git rev-parse --show-toplevel [1ms]
2024-03-12 09:51:41.784 [info] > git rev-parse --show-toplevel [2ms]
2024-03-12 09:51:43.614 [info] > git rev-parse --show-toplevel [2ms]
2024-03-12 09:51:44.528 [info] > git rev-parse --show-toplevel [2ms]
2024-03-12 09:51:45.308 [info] > git rev-parse --show-toplevel [1ms]
2024-03-12 09:54:37.986 [info] > git rev-parse --show-toplevel [1ms]
2024-03-12 10:04:51.869 [info] > git rev-parse --show-toplevel [3ms]
2024-03-12 10:05:08.536 [info] > git rev-parse --show-toplevel [2ms]
2024-03-12 10:05:18.162 [info] > git rev-parse --show-toplevel [2ms]
2024-03-12 10:05:21.519 [info] > git rev-parse --show-toplevel [2ms]
2024-03-12 10:05:30.306 [info] > git rev-parse --show-toplevel [1ms]
2024-03-12 10:05:31.696 [info] > git rev-parse --show-toplevel [1ms]
2024-03-12 10:06:55.634 [info] > git rev-parse --show-toplevel [2ms]
2024-03-12 10:06:56.908 [info] > git rev-parse --show-toplevel [1ms]
2024-03-12 10:07:08.152 [info] > git rev-parse --show-toplevel [1ms]
2024-03-12 10:07:09.524 [info] > git rev-parse --show-toplevel [2ms]
2024-03-12 10:07:13.458 [info] > git rev-parse --show-toplevel [2ms]
2024-03-12 10:07:17.328 [info] > git rev-parse --show-toplevel [3ms]
2024-03-12 10:07:24.574 [info] > git rev-parse --show-toplevel [2ms]
2024-03-12 10:09:54.423 [info] > git rev-parse --show-toplevel [2ms]
2024-03-12 10:15:44.065 [info] > git rev-parse --show-toplevel [2ms]
2024-03-12 10:15:54.092 [info] > git rev-parse --show-toplevel [1ms]
2024-03-12 10:15:55.041 [info] > git rev-parse --show-toplevel [1ms]
2024-03-12 10:15:55.743 [info] > git rev-parse --show-toplevel [2ms]
2024-03-12 10:16:18.839 [info] > git rev-parse --show-toplevel [2ms]
2024-03-12 10:16:19.501 [info] > git rev-parse --show-toplevel [2ms]
2024-03-12 10:16:20.945 [info] > git rev-parse --show-toplevel [3ms]
2024-03-12 10:16:21.961 [info] > git rev-parse --show-toplevel [2ms]
2024-03-12 10:16:22.734 [info] > git rev-parse --show-toplevel [1ms]
2024-03-12 10:16:26.221 [info] > git rev-parse --show-toplevel [2ms]
2024-03-12 10:16:27.787 [info] > git rev-parse --show-toplevel [1ms]
2024-03-12 10:16:31.469 [info] > git rev-parse --show-toplevel [2ms]
2024-03-12 10:16:32.456 [info] > git rev-parse --show-toplevel [2ms]
2024-03-12 10:16:33.539 [info] > git rev-parse --show-toplevel [2ms]
2024-03-12 10:16:34.819 [info] > git rev-parse --show-toplevel [2ms]
2024-03-12 10:16:45.929 [info] > git rev-parse --show-toplevel [2ms]
2024-03-12 10:18:33.673 [info] > git rev-parse --show-toplevel [2ms]
2024-03-12 10:18:41.388 [info] > git rev-parse --show-toplevel [2ms]
2024-03-12 10:18:42.133 [info] > git rev-parse --show-toplevel [1ms]
2024-03-12 10:18:57.790 [info] > git rev-parse --show-toplevel [1ms]
2024-03-12 10:18:58.735 [info] > git rev-parse --show-toplevel [1ms]
2024-03-12 10:19:15.388 [info] > git rev-parse --show-toplevel [1ms]
2024-03-12 10:19:19.722 [info] > git rev-parse --show-toplevel [1ms]
2024-03-12 10:19:26.143 [info] > git rev-parse --show-toplevel [1ms]
2024-03-12 10:19:27.447 [info] > git rev-parse --show-toplevel [1ms]
2024-03-12 10:19:30.769 [info] > git rev-parse --show-toplevel [2ms]
2024-03-12 10:19:31.930 [info] > git rev-parse --show-toplevel [1ms]
2024-03-12 10:19:37.174 [info] > git rev-parse --show-toplevel [1ms]
2024-03-12 10:19:39.773 [info] > git rev-parse --show-toplevel [2ms]
2024-03-12 10:21:19.409 [info] > git rev-parse --show-toplevel [3ms]
2024-03-12 10:21:38.262 [info] > git rev-parse --show-toplevel [1ms]
2024-03-12 10:21:39.787 [info] > git rev-parse --show-toplevel [2ms]
2024-03-12 10:21:43.899 [info] > git rev-parse --show-toplevel [1ms]
2024-03-12 10:21:49.023 [info] > git rev-parse --show-toplevel [1ms]
2024-03-12 10:22:10.381 [info] > git rev-parse --show-toplevel [1ms]
2024-03-12 10:22:21.088 [info] > git rev-parse --show-toplevel [1ms]
2024-03-12 10:22:22.725 [info] > git rev-parse --show-toplevel [2ms]
2024-03-12 10:22:26.372 [info] > git rev-parse --show-toplevel [1ms]
2024-03-12 10:22:29.211 [info] > git rev-parse --show-toplevel [2ms]
2024-03-12 10:22:30.642 [info] > git rev-parse --show-toplevel [2ms]
2024-03-12 10:22:43.207 [info] > git rev-parse --show-toplevel [2ms]
2024-03-12 10:22:44.532 [info] > git rev-parse --show-toplevel [2ms]
2024-03-12 10:22:45.833 [info] > git rev-parse --show-toplevel [2ms]
2024-03-12 10:22:48.243 [info] > git rev-parse --show-toplevel [2ms]
2024-03-12 10:22:49.036 [info] > git rev-parse --show-toplevel [2ms]
2024-03-12 10:23:56.660 [info] > git rev-parse --show-toplevel [2ms]
2024-03-12 10:23:57.848 [info] > git rev-parse --show-toplevel [2ms]
2024-03-12 10:24:52.828 [info] > git rev-parse --show-toplevel [2ms]
2024-03-12 10:26:12.384 [info] > git rev-parse --show-toplevel [2ms]
2024-03-12 10:26:15.658 [info] > git rev-parse --show-toplevel [2ms]
2024-03-12 10:27:10.797 [info] > git rev-parse --show-toplevel [3ms]
2024-03-12 10:28:08.325 [info] > git rev-parse --show-toplevel [2ms]
2024-03-12 10:28:38.314 [info] > git rev-parse --show-toplevel [4ms]
2024-03-12 10:28:46.616 [info] > git rev-parse --show-toplevel [2ms]
2024-03-12 10:28:48.556 [info] > git rev-parse --show-toplevel [2ms]
2024-03-12 10:29:46.378 [info] > git rev-parse --show-toplevel [2ms]
2024-03-12 10:29:51.348 [info] > git rev-parse --show-toplevel [2ms]
2024-03-12 10:33:51.862 [info] > git rev-parse --show-toplevel [1ms]
2024-03-12 10:33:59.576 [info] > git rev-parse --show-toplevel [1ms]
2024-03-12 10:34:06.653 [info] > git rev-parse --show-toplevel [2ms]
2024-03-12 10:34:12.076 [info] > git rev-parse --show-toplevel [2ms]
2024-03-12 10:34:31.024 [info] > git rev-parse --show-toplevel [1ms]
2024-03-12 10:34:32.261 [info] > git rev-parse --show-toplevel [2ms]
2024-03-12 10:34:33.712 [info] > git rev-parse --show-toplevel [2ms]
2024-03-12 10:34:40.237 [info] > git rev-parse --show-toplevel [2ms]
2024-03-12 10:34:48.173 [info] > git rev-parse --show-toplevel [2ms]
2024-03-12 10:34:51.842 [info] > git rev-parse --show-toplevel [1ms]
2024-03-12 10:34:53.559 [info] > git rev-parse --show-toplevel [2ms]
2024-03-12 10:35:06.840 [info] > git rev-parse --show-toplevel [1ms]
2024-03-12 10:35:12.008 [info] > git rev-parse --show-toplevel [1ms]
2024-03-12 10:38:00.630 [info] > git rev-parse --show-toplevel [1ms]
2024-03-12 10:39:23.395 [info] > git rev-parse --show-toplevel [1ms]
2024-03-12 10:40:18.852 [info] > git rev-parse --show-toplevel [2ms]
2024-03-12 10:40:21.176 [info] > git rev-parse --show-toplevel [1ms]
2024-03-12 10:40:22.410 [info] > git rev-parse --show-toplevel [2ms]
2024-03-12 10:43:14.759 [info] > git rev-parse --show-toplevel [4ms]
2024-03-12 10:43:20.732 [info] > git rev-parse --show-toplevel [2ms]
2024-03-12 10:48:48.978 [info] > git rev-parse --show-toplevel [3ms]
2024-03-12 10:49:22.909 [info] > git rev-parse --show-toplevel [1ms]
2024-03-12 10:49:24.690 [info] > git rev-parse --show-toplevel [2ms]
2024-03-12 10:49:27.706 [info] > git rev-parse --show-toplevel [2ms]
2024-03-12 10:49:42.812 [info] > git rev-parse --show-toplevel [2ms]
2024-03-12 10:49:46.480 [info] > git rev-parse --show-toplevel [2ms]
2024-03-12 10:49:50.066 [info] > git rev-parse --show-toplevel [3ms]
2024-03-12 10:49:50.943 [info] > git rev-parse --show-toplevel [2ms]
2024-03-12 10:49:51.812 [info] > git rev-parse --show-toplevel [2ms]
2024-03-12 10:49:53.257 [info] > git rev-parse --show-toplevel [1ms]
2024-03-12 10:49:57.726 [info] > git rev-parse --show-toplevel [2ms]
