2024-01-25 09:22:26.539 [info] Log level: Info
2024-01-25 09:22:26.539 [info] Validating found git in: "git"
2024-01-25 09:22:26.539 [info] Using git "2.30.2" from "git"
2024-01-25 09:22:26.539 [info] > git rev-parse --show-toplevel [5ms]
2024-01-25 09:22:26.539 [info] > git rev-parse --git-dir --git-common-dir [25ms]
2024-01-25 09:22:26.539 [info] Open repository: /home/yellaboyinapavanteja/Terraform-modules
2024-01-25 09:22:26.539 [info] > git rev-parse --show-toplevel [20ms]
2024-01-25 09:22:26.539 [info] > git config --get commit.template [38ms]
2024-01-25 09:22:26.540 [info] > git for-each-ref --format=%(refname)%00%(upstream:short)%00%(objectname)%00%(upstream:track)%00%(upstream:remotename)%00%(upstream:remoteref) refs/heads/main refs/remotes/main [4ms]
2024-01-25 09:22:26.559 [info] > git rev-parse --show-toplevel [36ms]
2024-01-25 09:22:26.574 [info] > git status -z -uall [17ms]
2024-01-25 09:22:26.576 [info] > git rev-parse --show-toplevel [4ms]
2024-01-25 09:22:26.625 [info] > git rev-parse --show-toplevel [19ms]
2024-01-25 09:22:26.655 [info] > git rev-parse --show-toplevel [18ms]
2024-01-25 09:22:26.656 [info] > git config --get commit.template [35ms]
2024-01-25 09:22:26.673 [info] > git rev-parse --show-toplevel [4ms]
2024-01-25 09:22:26.674 [info] > git for-each-ref --format=%(refname)%00%(upstream:short)%00%(objectname)%00%(upstream:track)%00%(upstream:remotename)%00%(upstream:remoteref) refs/heads/main refs/remotes/main [21ms]
2024-01-25 09:22:26.721 [info] > git status -z -uall [35ms]
2024-01-25 09:22:26.834 [info] > git rev-parse --show-toplevel [113ms]
2024-01-25 09:22:26.935 [info] > git rev-parse --show-toplevel [8ms]
2024-01-25 09:22:26.955 [info] > git rev-parse --show-toplevel [6ms]
2024-01-25 09:22:27.033 [info] > git rev-parse --show-toplevel [59ms]
2024-01-25 09:22:27.185 [info] > git rev-parse --show-toplevel [133ms]
2024-01-25 09:22:27.548 [info] > git check-ignore -v -z --stdin [26ms]
2024-01-25 09:22:27.550 [info] > git rev-parse --show-toplevel [321ms]
2024-01-25 09:22:27.581 [info] > git rev-parse --show-toplevel [9ms]
2024-01-25 09:22:27.597 [info] > git rev-parse --show-toplevel [2ms]
2024-01-25 09:22:27.617 [info] > git rev-parse --show-toplevel [2ms]
2024-01-25 09:22:27.632 [info] > git rev-parse --show-toplevel [2ms]
2024-01-25 09:22:27.656 [info] > git rev-parse --show-toplevel [5ms]
2024-01-25 09:22:27.673 [info] > git rev-parse --show-toplevel [2ms]
2024-01-25 09:22:27.689 [info] > git rev-parse --show-toplevel [1ms]
2024-01-25 09:22:27.737 [info] > git rev-parse --show-toplevel [34ms]
2024-01-25 09:22:27.807 [info] > git rev-parse --show-toplevel [50ms]
2024-01-25 09:22:27.832 [info] > git rev-parse --show-toplevel [3ms]
2024-01-25 09:22:27.856 [info] > git rev-parse --show-toplevel [4ms]
2024-01-25 09:22:27.902 [info] > git show --textconv :google_storage_bucket/bucket.tf [26ms]
2024-01-25 09:22:27.907 [info] > git ls-files --stage -- /home/yellaboyinapavanteja/Terraform-modules/google_storage_bucket/bucket.tf [6ms]
2024-01-25 09:22:27.929 [info] > git cat-file -s 157f235a4d2c9d818c5b42392039c36a0dc7836f [4ms]
2024-01-25 09:23:18.066 [info] > git config --get commit.template [16ms]
2024-01-25 09:23:18.067 [info] > git for-each-ref --format=%(refname)%00%(upstream:short)%00%(objectname)%00%(upstream:track)%00%(upstream:remotename)%00%(upstream:remoteref) refs/heads/main refs/remotes/main [2ms]
2024-01-25 09:23:18.084 [info] > git status -z -uall [3ms]
2024-01-25 09:23:23.118 [info] > git config --get commit.template [15ms]
2024-01-25 09:23:23.119 [info] > git for-each-ref --format=%(refname)%00%(upstream:short)%00%(objectname)%00%(upstream:track)%00%(upstream:remotename)%00%(upstream:remoteref) refs/heads/main refs/remotes/main [2ms]
2024-01-25 09:23:23.137 [info] > git status -z -uall [4ms]
2024-01-25 09:24:11.010 [info] > git config --get commit.template [13ms]
2024-01-25 09:24:11.010 [info] > git for-each-ref --format=%(refname)%00%(upstream:short)%00%(objectname)%00%(upstream:track)%00%(upstream:remotename)%00%(upstream:remoteref) refs/heads/main refs/remotes/main [2ms]
2024-01-25 09:24:11.026 [info] > git status -z -uall [3ms]
2024-01-25 09:24:23.236 [info] > git config --get commit.template [1ms]
2024-01-25 09:24:23.252 [info] > git for-each-ref --format=%(refname)%00%(upstream:short)%00%(objectname)%00%(upstream:track)%00%(upstream:remotename)%00%(upstream:remoteref) refs/heads/main refs/remotes/main [2ms]
2024-01-25 09:24:23.272 [info] > git status -z -uall [6ms]
2024-01-25 09:24:28.295 [info] > git config --get commit.template [4ms]
2024-01-25 09:24:28.309 [info] > git for-each-ref --format=%(refname)%00%(upstream:short)%00%(objectname)%00%(upstream:track)%00%(upstream:remotename)%00%(upstream:remoteref) refs/heads/main refs/remotes/main [2ms]
2024-01-25 09:24:28.325 [info] > git status -z -uall [4ms]
2024-01-25 09:24:35.726 [info] > git config --get commit.template [3ms]
2024-01-25 09:24:35.740 [info] > git for-each-ref --format=%(refname)%00%(upstream:short)%00%(objectname)%00%(upstream:track)%00%(upstream:remotename)%00%(upstream:remoteref) refs/heads/main refs/remotes/main [2ms]
2024-01-25 09:24:35.755 [info] > git status -z -uall [3ms]
2024-01-25 09:24:38.000 [info] > git show --textconv :google_storage_bucket/variable.tf [14ms]
2024-01-25 09:24:38.001 [info] > git ls-files --stage -- /home/yellaboyinapavanteja/Terraform-modules/google_storage_bucket/variable.tf [3ms]
2024-01-25 09:24:38.016 [info] > git cat-file -s eccfa1fa91614c7b109e850246d277197023c2ed [3ms]
2024-01-25 09:24:51.647 [info] > git config --get commit.template [15ms]
2024-01-25 09:24:51.647 [info] > git for-each-ref --format=%(refname)%00%(upstream:short)%00%(objectname)%00%(upstream:track)%00%(upstream:remotename)%00%(upstream:remoteref) refs/heads/main refs/remotes/main [2ms]
2024-01-25 09:24:51.663 [info] > git status -z -uall [3ms]
2024-01-25 09:24:55.242 [info] > git show --textconv :google_storage_bucket/bucket.tf [16ms]
2024-01-25 09:24:55.243 [info] > git ls-files --stage -- /home/yellaboyinapavanteja/Terraform-modules/google_storage_bucket/bucket.tf [4ms]
2024-01-25 09:24:55.258 [info] > git cat-file -s 157f235a4d2c9d818c5b42392039c36a0dc7836f [2ms]
2024-01-25 09:25:11.765 [info] > git config --get commit.template [12ms]
2024-01-25 09:25:11.766 [info] > git for-each-ref --format=%(refname)%00%(upstream:short)%00%(objectname)%00%(upstream:track)%00%(upstream:remotename)%00%(upstream:remoteref) refs/heads/main refs/remotes/main [2ms]
2024-01-25 09:25:11.782 [info] > git status -z -uall [5ms]
2024-01-25 09:25:16.814 [info] > git config --get commit.template [14ms]
2024-01-25 09:25:16.815 [info] > git for-each-ref --format=%(refname)%00%(upstream:short)%00%(objectname)%00%(upstream:track)%00%(upstream:remotename)%00%(upstream:remoteref) refs/heads/main refs/remotes/main [3ms]
2024-01-25 09:25:16.832 [info] > git status -z -uall [3ms]
2024-01-25 09:25:21.851 [info] > git config --get commit.template [1ms]
2024-01-25 09:25:21.866 [info] > git for-each-ref --format=%(refname)%00%(upstream:short)%00%(objectname)%00%(upstream:track)%00%(upstream:remotename)%00%(upstream:remoteref) refs/heads/main refs/remotes/main [2ms]
2024-01-25 09:25:21.882 [info] > git status -z -uall [3ms]
2024-01-25 09:26:04.863 [info] > git config --get commit.template [13ms]
2024-01-25 09:26:04.865 [info] > git for-each-ref --format=%(refname)%00%(upstream:short)%00%(objectname)%00%(upstream:track)%00%(upstream:remotename)%00%(upstream:remoteref) refs/heads/main refs/remotes/main [3ms]
2024-01-25 09:26:04.880 [info] > git status -z -uall [3ms]
2024-01-25 09:26:09.915 [info] > git config --get commit.template [16ms]
2024-01-25 09:26:09.916 [info] > git for-each-ref --format=%(refname)%00%(upstream:short)%00%(objectname)%00%(upstream:track)%00%(upstream:remotename)%00%(upstream:remoteref) refs/heads/main refs/remotes/main [1ms]
2024-01-25 09:26:09.931 [info] > git status -z -uall [3ms]
2024-01-25 09:26:14.963 [info] > git config --get commit.template [14ms]
2024-01-25 09:26:14.964 [info] > git for-each-ref --format=%(refname)%00%(upstream:short)%00%(objectname)%00%(upstream:track)%00%(upstream:remotename)%00%(upstream:remoteref) refs/heads/main refs/remotes/main [2ms]
2024-01-25 09:26:14.980 [info] > git status -z -uall [4ms]
2024-01-25 09:26:20.013 [info] > git config --get commit.template [14ms]
2024-01-25 09:26:20.014 [info] > git for-each-ref --format=%(refname)%00%(upstream:short)%00%(objectname)%00%(upstream:track)%00%(upstream:remotename)%00%(upstream:remoteref) refs/heads/main refs/remotes/main [2ms]
2024-01-25 09:26:20.030 [info] > git status -z -uall [4ms]
2024-01-25 09:26:29.106 [info] > git check-ignore -v -z --stdin [1ms]
2024-01-25 09:26:59.188 [info] > git config --get commit.template [13ms]
2024-01-25 09:26:59.190 [info] > git for-each-ref --format=%(refname)%00%(upstream:short)%00%(objectname)%00%(upstream:track)%00%(upstream:remotename)%00%(upstream:remoteref) refs/heads/main refs/remotes/main [2ms]
2024-01-25 09:26:59.207 [info] > git status -z -uall [4ms]
2024-01-25 09:27:04.238 [info] > git config --get commit.template [14ms]
2024-01-25 09:27:04.239 [info] > git for-each-ref --format=%(refname)%00%(upstream:short)%00%(objectname)%00%(upstream:track)%00%(upstream:remotename)%00%(upstream:remoteref) refs/heads/main refs/remotes/main [2ms]
2024-01-25 09:27:04.255 [info] > git status -z -uall [3ms]
2024-01-25 09:27:10.315 [info] > git config --get commit.template [13ms]
2024-01-25 09:27:10.316 [info] > git for-each-ref --format=%(refname)%00%(upstream:short)%00%(objectname)%00%(upstream:track)%00%(upstream:remotename)%00%(upstream:remoteref) refs/heads/main refs/remotes/main [2ms]
2024-01-25 09:27:10.332 [info] > git status -z -uall [3ms]
2024-01-25 09:27:35.056 [info] > git config --get commit.template [13ms]
2024-01-25 09:27:35.056 [info] > git for-each-ref --format=%(refname)%00%(upstream:short)%00%(objectname)%00%(upstream:track)%00%(upstream:remotename)%00%(upstream:remoteref) refs/heads/main refs/remotes/main [2ms]
2024-01-25 09:27:35.072 [info] > git status -z -uall [4ms]
2024-01-25 09:27:40.103 [info] > git config --get commit.template [13ms]
2024-01-25 09:27:40.104 [info] > git for-each-ref --format=%(refname)%00%(upstream:short)%00%(objectname)%00%(upstream:track)%00%(upstream:remotename)%00%(upstream:remoteref) refs/heads/main refs/remotes/main [2ms]
2024-01-25 09:27:40.120 [info] > git status -z -uall [4ms]
2024-01-25 09:27:45.139 [info] > git config --get commit.template [2ms]
2024-01-25 09:27:45.152 [info] > git for-each-ref --format=%(refname)%00%(upstream:short)%00%(objectname)%00%(upstream:track)%00%(upstream:remotename)%00%(upstream:remoteref) refs/heads/main refs/remotes/main [2ms]
2024-01-25 09:27:45.168 [info] > git status -z -uall [4ms]
2024-01-25 09:28:04.357 [info] > git config --get commit.template [13ms]
2024-01-25 09:28:04.358 [info] > git for-each-ref --format=%(refname)%00%(upstream:short)%00%(objectname)%00%(upstream:track)%00%(upstream:remotename)%00%(upstream:remoteref) refs/heads/main refs/remotes/main [3ms]
2024-01-25 09:28:04.373 [info] > git status -z -uall [3ms]
2024-01-25 09:28:09.403 [info] > git config --get commit.template [13ms]
2024-01-25 09:28:09.404 [info] > git for-each-ref --format=%(refname)%00%(upstream:short)%00%(objectname)%00%(upstream:track)%00%(upstream:remotename)%00%(upstream:remoteref) refs/heads/main refs/remotes/main [2ms]
2024-01-25 09:28:09.419 [info] > git status -z -uall [3ms]
2024-01-25 09:28:31.899 [info] > git config --get commit.template [2ms]
2024-01-25 09:28:31.914 [info] > git for-each-ref --format=%(refname)%00%(upstream:short)%00%(objectname)%00%(upstream:track)%00%(upstream:remotename)%00%(upstream:remoteref) refs/heads/main refs/remotes/main [3ms]
2024-01-25 09:28:31.930 [info] > git status -z -uall [4ms]
2024-01-25 09:29:16.477 [info] > git config --get commit.template [13ms]
2024-01-25 09:29:16.478 [info] > git for-each-ref --format=%(refname)%00%(upstream:short)%00%(objectname)%00%(upstream:track)%00%(upstream:remotename)%00%(upstream:remoteref) refs/heads/main refs/remotes/main [2ms]
2024-01-25 09:29:16.494 [info] > git status -z -uall [4ms]
2024-01-25 09:29:21.527 [info] > git for-each-ref --format=%(refname)%00%(upstream:short)%00%(objectname)%00%(upstream:track)%00%(upstream:remotename)%00%(upstream:remoteref) refs/heads/main refs/remotes/main [3ms]
2024-01-25 09:29:21.527 [info] > git config --get commit.template [16ms]
2024-01-25 09:29:21.544 [info] > git status -z -uall [3ms]
2024-01-25 09:29:26.573 [info] > git config --get commit.template [12ms]
2024-01-25 09:29:26.574 [info] > git for-each-ref --format=%(refname)%00%(upstream:short)%00%(objectname)%00%(upstream:track)%00%(upstream:remotename)%00%(upstream:remoteref) refs/heads/main refs/remotes/main [2ms]
2024-01-25 09:29:26.590 [info] > git status -z -uall [4ms]
2024-01-25 09:29:43.266 [info] > git config --get commit.template [20ms]
2024-01-25 09:29:43.267 [info] > git for-each-ref --format=%(refname)%00%(upstream:short)%00%(objectname)%00%(upstream:track)%00%(upstream:remotename)%00%(upstream:remoteref) refs/heads/main refs/remotes/main [2ms]
2024-01-25 09:29:43.288 [info] > git status -z -uall [8ms]
2024-01-25 09:30:06.377 [info] > git config --get commit.template [13ms]
2024-01-25 09:30:06.378 [info] > git for-each-ref --format=%(refname)%00%(upstream:short)%00%(objectname)%00%(upstream:track)%00%(upstream:remotename)%00%(upstream:remoteref) refs/heads/main refs/remotes/main [2ms]
2024-01-25 09:30:06.395 [info] > git status -z -uall [5ms]
2024-01-25 09:30:11.428 [info] > git config --get commit.template [14ms]
2024-01-25 09:30:11.429 [info] > git for-each-ref --format=%(refname)%00%(upstream:short)%00%(objectname)%00%(upstream:track)%00%(upstream:remotename)%00%(upstream:remoteref) refs/heads/main refs/remotes/main [3ms]
2024-01-25 09:30:11.444 [info] > git status -z -uall [4ms]
2024-01-25 09:30:32.117 [info] > git config --get commit.template [13ms]
2024-01-25 09:30:32.118 [info] > git for-each-ref --format=%(refname)%00%(upstream:short)%00%(objectname)%00%(upstream:track)%00%(upstream:remotename)%00%(upstream:remoteref) refs/heads/main refs/remotes/main [2ms]
2024-01-25 09:30:32.134 [info] > git status -z -uall [4ms]
2024-01-25 09:30:37.164 [info] > git config --get commit.template [13ms]
2024-01-25 09:30:37.165 [info] > git for-each-ref --format=%(refname)%00%(upstream:short)%00%(objectname)%00%(upstream:track)%00%(upstream:remotename)%00%(upstream:remoteref) refs/heads/main refs/remotes/main [2ms]
2024-01-25 09:30:37.182 [info] > git status -z -uall [4ms]
2024-01-25 09:32:06.069 [info] > git config --get commit.template [13ms]
2024-01-25 09:32:06.070 [info] > git for-each-ref --format=%(refname)%00%(upstream:short)%00%(objectname)%00%(upstream:track)%00%(upstream:remotename)%00%(upstream:remoteref) refs/heads/main refs/remotes/main [2ms]
2024-01-25 09:32:06.086 [info] > git status -z -uall [4ms]
2024-01-25 09:32:11.117 [info] > git config --get commit.template [14ms]
2024-01-25 09:32:11.119 [info] > git for-each-ref --format=%(refname)%00%(upstream:short)%00%(objectname)%00%(upstream:track)%00%(upstream:remotename)%00%(upstream:remoteref) refs/heads/main refs/remotes/main [3ms]
2024-01-25 09:32:11.135 [info] > git status -z -uall [3ms]
2024-01-25 09:32:16.165 [info] > git config --get commit.template [12ms]
2024-01-25 09:32:16.166 [info] > git for-each-ref --format=%(refname)%00%(upstream:short)%00%(objectname)%00%(upstream:track)%00%(upstream:remotename)%00%(upstream:remoteref) refs/heads/main refs/remotes/main [2ms]
2024-01-25 09:32:16.182 [info] > git status -z -uall [4ms]
2024-01-25 09:32:21.213 [info] > git config --get commit.template [14ms]
2024-01-25 09:32:21.214 [info] > git for-each-ref --format=%(refname)%00%(upstream:short)%00%(objectname)%00%(upstream:track)%00%(upstream:remotename)%00%(upstream:remoteref) refs/heads/main refs/remotes/main [3ms]
2024-01-25 09:32:21.232 [info] > git status -z -uall [4ms]
2024-01-25 09:35:14.426 [info] > git config --get commit.template [3ms]
2024-01-25 09:35:14.440 [info] > git for-each-ref --format=%(refname)%00%(upstream:short)%00%(objectname)%00%(upstream:track)%00%(upstream:remotename)%00%(upstream:remoteref) refs/heads/main refs/remotes/main [2ms]
2024-01-25 09:35:14.456 [info] > git status -z -uall [3ms]
2024-01-25 09:35:19.486 [info] > git config --get commit.template [14ms]
2024-01-25 09:35:19.487 [info] > git for-each-ref --format=%(refname)%00%(upstream:short)%00%(objectname)%00%(upstream:track)%00%(upstream:remotename)%00%(upstream:remoteref) refs/heads/main refs/remotes/main [2ms]
2024-01-25 09:35:19.503 [info] > git status -z -uall [4ms]
2024-01-25 09:35:24.521 [info] > git config --get commit.template [2ms]
2024-01-25 09:35:24.535 [info] > git for-each-ref --format=%(refname)%00%(upstream:short)%00%(objectname)%00%(upstream:track)%00%(upstream:remotename)%00%(upstream:remoteref) refs/heads/main refs/remotes/main [2ms]
2024-01-25 09:35:24.551 [info] > git status -z -uall [4ms]
2024-01-25 09:35:37.969 [info] > git check-ignore -v -z --stdin [2ms]
2024-01-25 09:36:25.292 [info] > git config --get commit.template [13ms]
2024-01-25 09:36:25.293 [info] > git for-each-ref --format=%(refname)%00%(upstream:short)%00%(objectname)%00%(upstream:track)%00%(upstream:remotename)%00%(upstream:remoteref) refs/heads/main refs/remotes/main [2ms]
2024-01-25 09:36:25.308 [info] > git status -z -uall [4ms]
2024-01-25 09:36:27.052 [info] > git check-ignore -v -z --stdin [2ms]
2024-01-25 09:36:30.339 [info] > git config --get commit.template [14ms]
2024-01-25 09:36:30.341 [info] > git for-each-ref --format=%(refname)%00%(upstream:short)%00%(objectname)%00%(upstream:track)%00%(upstream:remotename)%00%(upstream:remoteref) refs/heads/main refs/remotes/main [2ms]
2024-01-25 09:36:30.357 [info] > git status -z -uall [4ms]
2024-01-25 09:36:33.762 [info] > git show --textconv :google_storage_bucket/terraform.tfstate [17ms]
2024-01-25 09:36:33.762 [info] > git ls-files --stage -- /home/yellaboyinapavanteja/Terraform-modules/google_storage_bucket/terraform.tfstate [5ms]
2024-01-25 09:36:34.444 [info] > git show --textconv :google_storage_bucket/terraform.tfstate.backup [14ms]
2024-01-25 09:36:34.445 [info] > git ls-files --stage -- /home/yellaboyinapavanteja/Terraform-modules/google_storage_bucket/terraform.tfstate.backup [2ms]
2024-01-25 09:36:37.006 [info] > git show --textconv :google_storage_bucket/terraform.tfstate [14ms]
2024-01-25 09:36:37.007 [info] > git ls-files --stage -- /home/yellaboyinapavanteja/Terraform-modules/google_storage_bucket/terraform.tfstate [3ms]
2024-01-25 09:36:44.005 [info] > git show --textconv :google_storage_bucket/terraform.tfstate.backup [13ms]
2024-01-25 09:36:44.007 [info] > git ls-files --stage -- /home/yellaboyinapavanteja/Terraform-modules/google_storage_bucket/terraform.tfstate.backup [3ms]
2024-01-25 09:36:45.363 [info] > git show --textconv :google_storage_bucket/terraform.tfstate [14ms]
2024-01-25 09:36:45.364 [info] > git ls-files --stage -- /home/yellaboyinapavanteja/Terraform-modules/google_storage_bucket/terraform.tfstate [3ms]
2024-01-25 09:36:48.410 [info] > git show --textconv :google_storage_bucket/bucket.tf [14ms]
2024-01-25 09:36:48.411 [info] > git ls-files --stage -- /home/yellaboyinapavanteja/Terraform-modules/google_storage_bucket/bucket.tf [3ms]
2024-01-25 09:36:48.427 [info] > git cat-file -s 157f235a4d2c9d818c5b42392039c36a0dc7836f [2ms]
2024-01-25 09:36:49.043 [info] > git config --get commit.template [14ms]
2024-01-25 09:36:49.044 [info] > git for-each-ref --format=%(refname)%00%(upstream:short)%00%(objectname)%00%(upstream:track)%00%(upstream:remotename)%00%(upstream:remoteref) refs/heads/main refs/remotes/main [2ms]
2024-01-25 09:36:49.060 [info] > git status -z -uall [4ms]
2024-01-25 09:36:52.864 [info] > git show --textconv :google_storage_bucket/terraform.tfstate.backup [14ms]
2024-01-25 09:36:52.865 [info] > git ls-files --stage -- /home/yellaboyinapavanteja/Terraform-modules/google_storage_bucket/terraform.tfstate.backup [2ms]
2024-01-25 09:36:56.588 [info] > git show --textconv :google_storage_bucket/bucket.tf [15ms]
2024-01-25 09:36:56.590 [info] > git ls-files --stage -- /home/yellaboyinapavanteja/Terraform-modules/google_storage_bucket/bucket.tf [2ms]
2024-01-25 09:36:56.605 [info] > git cat-file -s 157f235a4d2c9d818c5b42392039c36a0dc7836f [3ms]
2024-01-25 09:36:57.196 [info] > git config --get commit.template [13ms]
2024-01-25 09:36:57.197 [info] > git for-each-ref --format=%(refname)%00%(upstream:short)%00%(objectname)%00%(upstream:track)%00%(upstream:remotename)%00%(upstream:remoteref) refs/heads/main refs/remotes/main [3ms]
2024-01-25 09:36:57.213 [info] > git status -z -uall [4ms]
2024-01-25 09:39:14.118 [info] > git config --get commit.template [2ms]
2024-01-25 09:39:14.133 [info] > git for-each-ref --format=%(refname)%00%(upstream:short)%00%(objectname)%00%(upstream:track)%00%(upstream:remotename)%00%(upstream:remoteref) refs/heads/main refs/remotes/main [3ms]
2024-01-25 09:39:14.149 [info] > git status -z -uall [4ms]
2024-01-25 09:39:16.604 [info] > git show --textconv :google_storage_bucket/terraform.tfstate [13ms]
2024-01-25 09:39:16.605 [info] > git ls-files --stage -- /home/yellaboyinapavanteja/Terraform-modules/google_storage_bucket/terraform.tfstate [3ms]
2024-01-25 09:40:21.117 [info] > git show --textconv :google_storage_bucket/bucket.tf [13ms]
2024-01-25 09:40:21.118 [info] > git ls-files --stage -- /home/yellaboyinapavanteja/Terraform-modules/google_storage_bucket/bucket.tf [3ms]
2024-01-25 09:40:21.132 [info] > git cat-file -s 157f235a4d2c9d818c5b42392039c36a0dc7836f [2ms]
2024-01-25 09:40:23.542 [info] > git show --textconv :google_storage_bucket/terraform.tfstate [14ms]
2024-01-25 09:40:23.544 [info] > git ls-files --stage -- /home/yellaboyinapavanteja/Terraform-modules/google_storage_bucket/terraform.tfstate [3ms]
2024-01-25 09:40:25.963 [info] > git show --textconv :google_storage_bucket/bucket.tf [14ms]
2024-01-25 09:40:25.965 [info] > git ls-files --stage -- /home/yellaboyinapavanteja/Terraform-modules/google_storage_bucket/bucket.tf [3ms]
2024-01-25 09:40:25.979 [info] > git cat-file -s 157f235a4d2c9d818c5b42392039c36a0dc7836f [2ms]
2024-01-25 09:40:26.650 [info] > git config --get commit.template [3ms]
2024-01-25 09:40:26.665 [info] > git for-each-ref --format=%(refname)%00%(upstream:short)%00%(objectname)%00%(upstream:track)%00%(upstream:remotename)%00%(upstream:remoteref) refs/heads/main refs/remotes/main [3ms]
2024-01-25 09:40:26.681 [info] > git status -z -uall [3ms]
2024-01-25 10:24:36.948 [info] > git config --get commit.template [13ms]
2024-01-25 10:24:36.949 [info] > git for-each-ref --format=%(refname)%00%(upstream:short)%00%(objectname)%00%(upstream:track)%00%(upstream:remotename)%00%(upstream:remoteref) refs/heads/main refs/remotes/main [2ms]
2024-01-25 10:24:36.966 [info] > git status -z -uall [4ms]
2024-01-25 10:24:42.000 [info] > git config --get commit.template [13ms]
2024-01-25 10:24:42.001 [info] > git for-each-ref --format=%(refname)%00%(upstream:short)%00%(objectname)%00%(upstream:track)%00%(upstream:remotename)%00%(upstream:remoteref) refs/heads/main refs/remotes/main [3ms]
2024-01-25 10:24:42.017 [info] > git status -z -uall [4ms]
2024-01-25 10:24:49.353 [info] > git check-ignore -v -z --stdin [2ms]
2024-01-25 10:24:54.406 [info] > git show --textconv :google_storage_bucket_object/object.tf [14ms]
2024-01-25 10:24:54.407 [info] > git ls-files --stage -- /home/yellaboyinapavanteja/Terraform-modules/google_storage_bucket_object/object.tf [3ms]
2024-01-25 10:24:54.422 [info] > git cat-file -s f1da7d3dc95a21c46f8831e210c74e6ffceb7876 [3ms]
2024-01-25 10:26:11.777 [info] > git show --textconv :google_storage_bucket_object/variable.tf [15ms]
2024-01-25 10:26:11.778 [info] > git ls-files --stage -- /home/yellaboyinapavanteja/Terraform-modules/google_storage_bucket_object/variable.tf [3ms]
2024-01-25 10:26:11.792 [info] > git cat-file -s 1e1d8271c1d8275e7769597ef5bbbf5f14772450 [2ms]
2024-01-25 10:26:14.208 [info] > git show --textconv :google_storage_bucket_object/object.tf [14ms]
2024-01-25 10:26:14.216 [info] > git ls-files --stage -- /home/yellaboyinapavanteja/Terraform-modules/google_storage_bucket_object/object.tf [10ms]
2024-01-25 10:26:14.230 [info] > git cat-file -s f1da7d3dc95a21c46f8831e210c74e6ffceb7876 [2ms]
2024-01-25 10:26:20.423 [info] > git check-ignore -v -z --stdin [2ms]
2024-01-25 10:26:22.204 [info] > git check-ignore -v -z --stdin [2ms]
2024-01-25 10:26:23.125 [info] > git show --textconv :google_sql_user/user.tf [13ms]
2024-01-25 10:26:23.126 [info] > git ls-files --stage -- /home/yellaboyinapavanteja/Terraform-modules/google_sql_user/user.tf [2ms]
2024-01-25 10:26:23.141 [info] > git cat-file -s b2adf146ff8ea7aa6703d4db135bc94ac999abc7 [2ms]
2024-01-25 10:26:33.664 [info] > git check-ignore -v -z --stdin [2ms]
2024-01-25 10:26:36.496 [info] > git check-ignore -v -z --stdin [2ms]
2024-01-25 10:26:45.249 [info] > git check-ignore -v -z --stdin [2ms]
2024-01-25 10:26:53.121 [info] > git show --textconv :google_compute_firewall/firewall.tf [14ms]
2024-01-25 10:26:53.122 [info] > git ls-files --stage -- /home/yellaboyinapavanteja/Terraform-modules/google_compute_firewall/firewall.tf [3ms]
2024-01-25 10:26:53.136 [info] > git cat-file -s 1382bbbbe83e9ffccb9cfcaa0967c472a98ce7fd [2ms]
