Initializing document watcher...
Document watcher initialized
Terraform-modules/google_storage_bucket/bucket.tf: {}
Terraform-modules/google_storage_bucket/bucket.tf: Using EditorConfig core...
Terraform-modules/google_storage_bucket/bucket.tf: Using EditorConfig core...
Terraform-modules/google_storage_bucket/bucket.tf: Using EditorConfig core...
Terraform-modules/google_storage_bucket/bucket.tf: Using EditorConfig core...
Terraform-modules/google_storage_bucket/bucket.tf: Using EditorConfig core...
Terraform-modules/google_storage_bucket/bucket.tf: {}
Terraform-modules/google_storage_bucket/bucket.tf: {}
Terraform-modules/google_storage_bucket/bucket.tf: Using EditorConfig core...
Terraform-modules/google_storage_bucket/bucket.tf: Using EditorConfig core...
Terraform-modules/google_storage_bucket/bucket.tf: Using EditorConfig core...
Terraform-modules/google_storage_bucket/variable.tf: {}
Terraform-modules/google_storage_bucket/variable.tf: Using EditorConfig core...
Terraform-modules/google_storage_bucket/variable.tf: Using EditorConfig core...
Terraform-modules/google_storage_bucket/bucket.tf: {}
Terraform-modules/google_storage_bucket/bucket.tf: {}
Terraform-modules/google_storage_bucket/bucket.tf: Using EditorConfig core...
Terraform-modules/google_storage_bucket/bucket.tf: {}
Terraform-modules/google_storage_bucket/bucket.tf: Using EditorConfig core...
Terraform-modules/google_storage_bucket/bucket.tf: Using EditorConfig core...
Terraform-modules/google_storage_bucket/bucket.tf: Using EditorConfig core...
Terraform-modules/google_storage_bucket/bucket.tf: Using EditorConfig core...
Terraform-modules/google_storage_bucket/bucket.tf: Using EditorConfig core...
Terraform-modules/google_storage_bucket/bucket.tf: Using EditorConfig core...
Terraform-modules/google_storage_bucket/bucket.tf: Using EditorConfig core...
Terraform-modules/google_storage_bucket/bucket.tf: {}
Terraform-modules/google_storage_bucket/bucket.tf: Using EditorConfig core...
Terraform-modules/google_storage_bucket/bucket.tf: Using EditorConfig core...
Terraform-modules/google_storage_bucket/bucket.tf: {}
Terraform-modules/google_storage_bucket/bucket.tf: Using EditorConfig core...
Terraform-modules/google_storage_bucket/bucket.tf: Using EditorConfig core...
Terraform-modules/google_storage_bucket/bucket.tf: Using EditorConfig core...
Terraform-modules/google_storage_bucket/bucket.tf: {}
Terraform-modules/google_storage_bucket/bucket.tf: Using EditorConfig core...
Terraform-modules/google_storage_bucket/bucket.tf: {}
Terraform-modules/google_storage_bucket/bucket.tf: {}
Terraform-modules/google_storage_bucket/bucket.tf: Using EditorConfig core...
Terraform-modules/google_storage_bucket/bucket.tf: Using EditorConfig core...
Terraform-modules/google_storage_bucket/bucket.tf: {}
Terraform-modules/google_storage_bucket/bucket.tf: Using EditorConfig core...
Terraform-modules/google_storage_bucket/bucket.tf: Using EditorConfig core...
Terraform-modules/google_storage_bucket/bucket.tf: {}
Terraform-modules/google_storage_bucket/bucket.tf: Using EditorConfig core...
Terraform-modules/google_storage_bucket/bucket.tf: Using EditorConfig core...
Terraform-modules/google_storage_bucket/bucket.tf: Using EditorConfig core...
Terraform-modules/google_storage_bucket/bucket.tf: {}
Terraform-modules/google_storage_bucket/bucket.tf: Using EditorConfig core...
Terraform-modules/google_storage_bucket/bucket.tf: Using EditorConfig core...
Terraform-modules/google_storage_bucket/bucket.tf: {}
Terraform-modules/google_storage_bucket/bucket.tf: Using EditorConfig core...
Terraform-modules/google_storage_bucket/bucket.tf: Using EditorConfig core...
Terraform-modules/google_storage_bucket/bucket.tf: {}
Terraform-modules/google_storage_bucket/bucket.tf: {}
Terraform-modules/google_storage_bucket/bucket.tf: Using EditorConfig core...
Terraform-modules/google_storage_bucket/bucket.tf: Using EditorConfig core...
Terraform-modules/google_storage_bucket/bucket.tf: Using EditorConfig core...
Terraform-modules/google_storage_bucket/bucket.tf: {}
Terraform-modules/google_storage_bucket/bucket.tf: {}
Terraform-modules/google_storage_bucket/bucket.tf: Using EditorConfig core...
Terraform-modules/google_storage_bucket/bucket.tf: Using EditorConfig core...
Terraform-modules/google_storage_bucket/bucket.tf: Using EditorConfig core...
Terraform-modules/google_storage_bucket/bucket.tf: Using EditorConfig core...
Terraform-modules/google_storage_bucket/bucket.tf: Using EditorConfig core...
Terraform-modules/google_storage_bucket/bucket.tf: {}
Terraform-modules/google_storage_bucket/bucket.tf: {}
Terraform-modules/google_storage_bucket/terraform.tfstate: {}
Terraform-modules/google_storage_bucket/terraform.tfstate.backup: {}
Terraform-modules/google_storage_bucket/terraform.tfstate: {}
Terraform-modules/google_storage_bucket/terraform.tfstate.backup: {}
Terraform-modules/google_storage_bucket/terraform.tfstate: {}
Terraform-modules/google_storage_bucket/bucket.tf: {}
Terraform-modules/google_storage_bucket/terraform.tfstate.backup: {}
Terraform-modules/google_storage_bucket/bucket.tf: {}
Terraform-modules/google_storage_bucket/bucket.tf: {}
Terraform-modules/google_storage_bucket/bucket.tf: {}
Terraform-modules/google_storage_bucket/bucket.tf: {}
Terraform-modules/google_storage_bucket/bucket.tf: {}
Terraform-modules/google_storage_bucket/bucket.tf: {}
Terraform-modules/google_storage_bucket/bucket.tf: {}
Terraform-modules/google_storage_bucket/bucket.tf: {}
Terraform-modules/google_storage_bucket/terraform.tfstate: {}
Terraform-modules/google_storage_bucket/terraform.tfstate: {}
Terraform-modules/google_storage_bucket/terraform.tfstate: {}
Terraform-modules/google_storage_bucket/bucket.tf: {}
Terraform-modules/google_storage_bucket/terraform.tfstate: {}
Terraform-modules/google_storage_bucket/bucket.tf: {}
Terraform-modules/google_storage_bucket/bucket.tf: {}
Terraform-modules/google_storage_bucket/bucket.tf: {}
Terraform-modules/google_storage_bucket_object/object.tf: {}
Terraform-modules/google_storage_bucket_object/object.tf: {}
Terraform-modules/google_storage_bucket_object/object.tf: {}
Terraform-modules/google_storage_bucket_object/variable.tf: {}
Terraform-modules/google_storage_bucket_object/object.tf: {}
Terraform-modules/google_sql_user/user.tf: {}
Terraform-modules/google_compute_firewall/firewall.tf: {}
Terraform-modules/google_compute_firewall/firewall.tf: {}
Terraform-modules/google_compute_firewall/firewall.tf: {}
