2024-04-17 04:29:54.834 [info] Log level: Info
2024-04-17 04:29:54.834 [info] Validating found git in: "git"
2024-04-17 04:29:54.834 [info] Using git "2.30.2" from "git"
2024-04-17 04:29:54.834 [info] > git rev-parse --show-toplevel [3ms]
2024-04-17 04:29:54.834 [info] > git rev-parse --git-dir --git-common-dir [1ms]
2024-04-17 04:29:54.834 [info] Open repository: /home/yellaboyinapavanteja/rogers
2024-04-17 04:29:54.834 [info] > git config --get commit.template [5ms]
2024-04-17 04:29:54.834 [info] > git rev-parse --show-toplevel [2ms]
2024-04-17 04:29:54.834 [info] > git rev-parse --show-toplevel [2ms]
2024-04-17 04:29:54.834 [info] > git rev-parse --show-toplevel [1ms]
2024-04-17 04:29:54.834 [info] > git rev-parse --show-toplevel [1ms]
2024-04-17 04:29:54.834 [info] > git rev-parse --show-toplevel [1ms]
2024-04-17 04:29:54.834 [info] > git rev-parse --show-toplevel [1ms]
2024-04-17 04:29:54.834 [info] > git for-each-ref --format=%(refname)%00%(upstream:short)%00%(objectname)%00%(upstream:track)%00%(upstream:remotename)%00%(upstream:remoteref) refs/heads/master refs/remotes/master [143ms]
2024-04-17 04:29:54.837 [info] > git status -z -uall [9ms]
2024-04-17 04:29:54.875 [info] > git config --get commit.template [21ms]
2024-04-17 04:29:54.887 [info] > git for-each-ref --format=%(refname)%00%(upstream:short)%00%(objectname)%00%(upstream:track)%00%(upstream:remotename)%00%(upstream:remoteref) refs/heads/master refs/remotes/master [3ms]
2024-04-17 04:29:54.899 [info] > git status -z -uall [5ms]
2024-04-17 04:29:57.096 [info] > git check-ignore -v -z --stdin [12ms]
2024-04-17 04:31:11.940 [info] > git check-ignore -v -z --stdin [2ms]
2024-04-17 04:31:13.214 [info] > git ls-files --stage -- /home/yellaboyinapavanteja/rogers/google_logging_project_sink/main.tf [1ms]
2024-04-17 04:31:13.254 [info] > git cat-file -s c0cfc6919e11522f307427963c67069276c9a0ef [28ms]
2024-04-17 04:31:13.255 [info] > git show --textconv :google_logging_project_sink/main.tf [56ms]
2024-04-17 04:31:14.006 [info] > git ls-files --stage -- /home/yellaboyinapavanteja/rogers/google_logging_project_sink/output.tf [2ms]
2024-04-17 04:31:14.019 [info] > git show --textconv :google_logging_project_sink/output.tf [26ms]
2024-04-17 04:31:14.020 [info] > git cat-file -s f0bb16c1c375407571c62142e83b272baa1c86a9 [2ms]
2024-04-17 04:31:18.160 [info] > git check-ignore -v -z --stdin [3ms]
2024-04-17 04:31:19.038 [info] > git check-ignore -v -z --stdin [2ms]
2024-04-17 04:31:20.290 [info] > git ls-files --stage -- /home/yellaboyinapavanteja/rogers/google_monitoring_alert_policy.1/main.tf [4ms]
2024-04-17 04:31:20.310 [info] > git cat-file -s aeb6f71b0c2d2693b2a72fedf63cd1fe71d64b2f [7ms]
2024-04-17 04:31:20.311 [info] > git show --textconv :google_monitoring_alert_policy.1/main.tf [38ms]
2024-04-17 04:31:28.843 [info] > git check-ignore -v -z --stdin [1ms]
2024-04-17 04:31:30.881 [info] > git check-ignore -v -z --stdin [2ms]
2024-04-17 04:31:32.218 [info] > git check-ignore -v -z --stdin [1ms]
2024-04-17 04:31:32.922 [info] > git ls-files --stage -- /home/yellaboyinapavanteja/rogers/google_monitoring_alert_policy/lz-monitoring_alert_policy/input-json-file/monitoring.tfvars [2ms]
2024-04-17 04:31:32.949 [info] > git cat-file -s 931b1f82e8947b3c8d5b1db3ab318c75b3bef30a [14ms]
2024-04-17 04:31:32.949 [info] > git show --textconv :google_monitoring_alert_policy/lz-monitoring_alert_policy/input-json-file/monitoring.tfvars [42ms]
2024-04-17 04:32:03.383 [info] > git check-ignore -v -z --stdin [1ms]
2024-04-17 04:34:14.529 [info] > git check-ignore -v -z --stdin [1ms]
2024-04-17 04:34:16.443 [info] > git check-ignore -v -z --stdin [1ms]
2024-04-17 04:34:16.990 [info] > git show --textconv :google_logging_project_sink/lz-logging_project_sink/input-json-file/logging_project_sink.tfvars [15ms]
2024-04-17 04:34:16.991 [info] > git ls-files --stage -- /home/yellaboyinapavanteja/rogers/google_logging_project_sink/lz-logging_project_sink/input-json-file/logging_project_sink.tfvars [3ms]
2024-04-17 04:34:17.005 [info] > git cat-file -s f49344f502dbbf88dc0104d979a4575e65d047d9 [2ms]
2024-04-17 04:34:23.157 [info] > git check-ignore -v -z --stdin [2ms]
2024-04-17 04:34:27.374 [info] > git ls-files --stage -- /home/yellaboyinapavanteja/rogers/google_logging_project_sink/lz-logging_project_sink/template/logging_project_sink.tf [2ms]
2024-04-17 04:34:27.387 [info] > git show --textconv :google_logging_project_sink/lz-logging_project_sink/template/logging_project_sink.tf [30ms]
2024-04-17 04:34:27.388 [info] > git cat-file -s 0128d9fcd3cc40b677cb283bc2d11f6c24eb5238 [2ms]
2024-04-17 04:34:35.148 [info] > git show --textconv :google_monitoring_alert_policy/lz-monitoring_alert_policy/input-json-file/monitoring.tfvars [14ms]
2024-04-17 04:34:35.149 [info] > git ls-files --stage -- /home/yellaboyinapavanteja/rogers/google_monitoring_alert_policy/lz-monitoring_alert_policy/input-json-file/monitoring.tfvars [2ms]
2024-04-17 04:34:35.163 [info] > git cat-file -s 931b1f82e8947b3c8d5b1db3ab318c75b3bef30a [1ms]
2024-04-17 04:34:42.997 [info] > git ls-files --stage -- /home/yellaboyinapavanteja/rogers/google_monitoring_alert_policy/lz-monitoring_alert_policy/template/monitoring.tf [2ms]
2024-04-17 04:34:43.024 [info] > git show --textconv :google_monitoring_alert_policy/lz-monitoring_alert_policy/template/monitoring.tf [43ms]
2024-04-17 04:34:43.025 [info] > git cat-file -s 0899377b14826cdce64e72e29e123a2c6c2a2e32 [15ms]
2024-04-17 05:02:46.217 [info] > git ls-files --stage -- /home/yellaboyinapavanteja/rogers/google_monitoring_alert_policy/lz-monitoring_alert_policy/template/variable.tf [2ms]
2024-04-17 05:02:46.247 [info] > git show --textconv :google_monitoring_alert_policy/lz-monitoring_alert_policy/template/variable.tf [52ms]
2024-04-17 05:02:46.247 [info] > git cat-file -s 5ca4495a4f7f67de44b02ace3c3f6e229ce2a82d [2ms]
2024-04-17 05:02:49.117 [info] > git show --textconv :google_monitoring_alert_policy/lz-monitoring_alert_policy/template/provider.tf [17ms]
2024-04-17 05:02:49.119 [info] > git ls-files --stage -- /home/yellaboyinapavanteja/rogers/google_monitoring_alert_policy/lz-monitoring_alert_policy/template/provider.tf [3ms]
2024-04-17 05:02:49.137 [info] > git cat-file -s 29d6348a776c0668221c47d3169d0e6bdf583f49 [2ms]
2024-04-17 05:02:50.578 [info] > git show --textconv :google_monitoring_alert_policy/lz-monitoring_alert_policy/template/monitoring.tf [21ms]
2024-04-17 05:02:50.581 [info] > git ls-files --stage -- /home/yellaboyinapavanteja/rogers/google_monitoring_alert_policy/lz-monitoring_alert_policy/template/monitoring.tf [4ms]
2024-04-17 05:02:50.600 [info] > git cat-file -s 0899377b14826cdce64e72e29e123a2c6c2a2e32 [4ms]
2024-04-17 05:02:57.431 [info] > git show --textconv :google_monitoring_alert_policy/lz-monitoring_alert_policy/template/output.tf [17ms]
2024-04-17 05:02:57.432 [info] > git ls-files --stage -- /home/yellaboyinapavanteja/rogers/google_monitoring_alert_policy/lz-monitoring_alert_policy/template/output.tf [3ms]
2024-04-17 05:02:57.448 [info] > git cat-file -s 3b4b57d37693be9ecee5f403f1b47b8502d372ff [3ms]
2024-04-17 05:02:58.331 [info] > git show --textconv :google_monitoring_alert_policy/lz-monitoring_alert_policy/template/provider.tf [19ms]
2024-04-17 05:02:58.334 [info] > git ls-files --stage -- /home/yellaboyinapavanteja/rogers/google_monitoring_alert_policy/lz-monitoring_alert_policy/template/provider.tf [4ms]
2024-04-17 05:02:58.357 [info] > git cat-file -s 29d6348a776c0668221c47d3169d0e6bdf583f49 [3ms]
2024-04-17 05:02:59.153 [info] > git show --textconv :google_monitoring_alert_policy/lz-monitoring_alert_policy/template/output.tf [22ms]
2024-04-17 05:02:59.156 [info] > git ls-files --stage -- /home/yellaboyinapavanteja/rogers/google_monitoring_alert_policy/lz-monitoring_alert_policy/template/output.tf [3ms]
2024-04-17 05:02:59.172 [info] > git cat-file -s 3b4b57d37693be9ecee5f403f1b47b8502d372ff [3ms]
2024-04-17 05:03:01.297 [info] > git ls-files --stage -- /home/yellaboyinapavanteja/rogers/google_monitoring_alert_policy/lz-monitoring_alert_policy/template/backend.tf [3ms]
2024-04-17 05:03:01.361 [info] > git show --textconv :google_monitoring_alert_policy/lz-monitoring_alert_policy/template/backend.tf [88ms]
2024-04-17 05:03:01.362 [info] > git cat-file -s a0004448936e9852b6388b94d51bef65542a545f [45ms]
2024-04-17 05:03:02.372 [info] > git show --textconv :google_monitoring_alert_policy/lz-monitoring_alert_policy/template/output.tf [22ms]
2024-04-17 05:03:02.377 [info] > git ls-files --stage -- /home/yellaboyinapavanteja/rogers/google_monitoring_alert_policy/lz-monitoring_alert_policy/template/output.tf [5ms]
2024-04-17 05:03:02.401 [info] > git cat-file -s 3b4b57d37693be9ecee5f403f1b47b8502d372ff [7ms]
2024-04-17 05:03:07.365 [info] > git show --textconv :google_monitoring_alert_policy/lz-monitoring_alert_policy/input-json-file/monitoring.tfvars [15ms]
2024-04-17 05:03:07.366 [info] > git ls-files --stage -- /home/yellaboyinapavanteja/rogers/google_monitoring_alert_policy/lz-monitoring_alert_policy/input-json-file/monitoring.tfvars [2ms]
2024-04-17 05:03:07.379 [info] > git cat-file -s 931b1f82e8947b3c8d5b1db3ab318c75b3bef30a [1ms]
2024-04-17 05:03:09.073 [info] > git check-ignore -v -z --stdin [2ms]
2024-04-17 05:03:12.189 [info] > git show --textconv :google_monitoring_alert_policy/lz-monitoring_alert_policy/template/backend.tf [18ms]
2024-04-17 05:03:12.190 [info] > git ls-files --stage -- /home/yellaboyinapavanteja/rogers/google_monitoring_alert_policy/lz-monitoring_alert_policy/template/backend.tf [5ms]
2024-04-17 05:03:12.205 [info] > git cat-file -s a0004448936e9852b6388b94d51bef65542a545f [3ms]
2024-04-17 05:03:13.992 [info] > git show --textconv :google_monitoring_alert_policy/lz-monitoring_alert_policy/template/monitoring.tf [18ms]
2024-04-17 05:03:13.994 [info] > git ls-files --stage -- /home/yellaboyinapavanteja/rogers/google_monitoring_alert_policy/lz-monitoring_alert_policy/template/monitoring.tf [3ms]
2024-04-17 05:03:14.013 [info] > git cat-file -s 0899377b14826cdce64e72e29e123a2c6c2a2e32 [2ms]
2024-04-17 05:03:17.865 [info] > git show --textconv :google_monitoring_alert_policy/lz-monitoring_alert_policy/template/output.tf [18ms]
2024-04-17 05:03:17.866 [info] > git ls-files --stage -- /home/yellaboyinapavanteja/rogers/google_monitoring_alert_policy/lz-monitoring_alert_policy/template/output.tf [3ms]
2024-04-17 05:03:17.887 [info] > git cat-file -s 3b4b57d37693be9ecee5f403f1b47b8502d372ff [6ms]
2024-04-17 05:03:18.610 [info] > git show --textconv :google_monitoring_alert_policy/lz-monitoring_alert_policy/template/provider.tf [28ms]
2024-04-17 05:03:18.625 [info] > git ls-files --stage -- /home/yellaboyinapavanteja/rogers/google_monitoring_alert_policy/lz-monitoring_alert_policy/template/provider.tf [12ms]
2024-04-17 05:03:18.649 [info] > git cat-file -s 29d6348a776c0668221c47d3169d0e6bdf583f49 [4ms]
2024-04-17 05:03:19.946 [info] > git show --textconv :google_monitoring_alert_policy/lz-monitoring_alert_policy/template/variable.tf [24ms]
2024-04-17 05:03:19.948 [info] > git ls-files --stage -- /home/yellaboyinapavanteja/rogers/google_monitoring_alert_policy/lz-monitoring_alert_policy/template/variable.tf [3ms]
2024-04-17 05:03:19.969 [info] > git cat-file -s 5ca4495a4f7f67de44b02ace3c3f6e229ce2a82d [2ms]
2024-04-17 05:07:49.790 [info] > git show --textconv :google_monitoring_alert_policy/lz-monitoring_alert_policy/input-json-file/monitoring.tfvars [15ms]
2024-04-17 05:07:49.791 [info] > git ls-files --stage -- /home/yellaboyinapavanteja/rogers/google_monitoring_alert_policy/lz-monitoring_alert_policy/input-json-file/monitoring.tfvars [2ms]
2024-04-17 05:07:49.806 [info] > git cat-file -s 931b1f82e8947b3c8d5b1db3ab318c75b3bef30a [1ms]
2024-04-17 05:09:15.418 [info] > git show --textconv :google_monitoring_alert_policy/lz-monitoring_alert_policy/template/backend.tf [17ms]
2024-04-17 05:09:15.419 [info] > git ls-files --stage -- /home/yellaboyinapavanteja/rogers/google_monitoring_alert_policy/lz-monitoring_alert_policy/template/backend.tf [3ms]
2024-04-17 05:09:15.433 [info] > git cat-file -s a0004448936e9852b6388b94d51bef65542a545f [2ms]
2024-04-17 05:09:16.813 [info] > git show --textconv :google_monitoring_alert_policy/lz-monitoring_alert_policy/template/monitoring.tf [15ms]
2024-04-17 05:09:16.814 [info] > git ls-files --stage -- /home/yellaboyinapavanteja/rogers/google_monitoring_alert_policy/lz-monitoring_alert_policy/template/monitoring.tf [3ms]
2024-04-17 05:09:16.828 [info] > git cat-file -s 0899377b14826cdce64e72e29e123a2c6c2a2e32 [2ms]
2024-04-17 05:09:50.539 [info] > git show --textconv :google_logging_project_sink/lz-logging_project_sink/input-json-file/logging_project_sink.tfvars [13ms]
2024-04-17 05:09:50.540 [info] > git ls-files --stage -- /home/yellaboyinapavanteja/rogers/google_logging_project_sink/lz-logging_project_sink/input-json-file/logging_project_sink.tfvars [2ms]
2024-04-17 05:09:50.552 [info] > git cat-file -s f49344f502dbbf88dc0104d979a4575e65d047d9 [1ms]
